2024-11-27 03:39:43,621 - root - INFO - AWS (DNS): Tiempo - 0.8776 segundos, Ancho de banda - 477412.04 bytes/segundo, Error - 0
2024-11-27 03:39:44,977 - root - INFO - AWS (DNS): Tiempo - 0.8562 segundos, Ancho de banda - 489328.34 bytes/segundo, Error - 0
2024-11-27 03:39:45,330 - root - INFO - AWS (DNS): Tiempo - 0.3475 segundos, Ancho de banda - 1205751.13 bytes/segundo, Error - 0
2024-11-27 03:39:46,672 - root - INFO - AWS (DNS): Tiempo - 0.8443 segundos, Ancho de banda - 496250.03 bytes/segundo, Error - 0
2024-11-27 03:39:47,025 - root - INFO - AWS (DNS): Tiempo - 0.3486 segundos, Ancho de banda - 1201988.66 bytes/segundo, Error - 0
2024-11-27 03:39:47,371 - root - INFO - AWS (DNS): Tiempo - 0.3421 segundos, Ancho de banda - 1224647.57 bytes/segundo, Error - 0
2024-11-27 03:39:47,721 - root - INFO - AWS (DNS): Tiempo - 0.3456 segundos, Ancho de banda - 1212116.90 bytes/segundo, Error - 0
2024-11-27 03:39:48,078 - root - INFO - AWS (DNS): Tiempo - 0.3531 segundos, Ancho de banda - 1186595.10 bytes/segundo, Error - 0
2024-11-27 03:39:49,427 - root - INFO - AWS (DNS): Tiempo - 0.8503 segundos, Ancho de banda - 492712.93 bytes/segundo, Error - 0
2024-11-27 03:39:50,827 - root - INFO - AWS (DNS): Tiempo - 0.9008 segundos, Ancho de banda - 465106.94 bytes/segundo, Error - 0
2024-11-27 03:39:51,183 - root - INFO - AWS (DNS): Tiempo - 0.3505 segundos, Ancho de banda - 1195277.97 bytes/segundo, Error - 0
2024-11-27 03:39:52,538 - root - INFO - AWS (DNS): Tiempo - 0.8572 segundos, Ancho de banda - 488764.88 bytes/segundo, Error - 0
2024-11-27 03:39:52,893 - root - INFO - AWS (DNS): Tiempo - 0.3490 segundos, Ancho de banda - 1200419.54 bytes/segundo, Error - 0
2024-11-27 03:39:54,247 - root - INFO - AWS (DNS): Tiempo - 0.8561 segundos, Ancho de banda - 489406.57 bytes/segundo, Error - 0
2024-11-27 03:39:54,607 - root - INFO - AWS (DNS): Tiempo - 0.3547 segundos, Ancho de banda - 1181058.02 bytes/segundo, Error - 0
2024-11-27 03:39:54,971 - root - INFO - AWS (DNS): Tiempo - 0.3579 segundos, Ancho de banda - 1170474.14 bytes/segundo, Error - 0
2024-11-27 03:39:55,334 - root - INFO - AWS (DNS): Tiempo - 0.3559 segundos, Ancho de banda - 1177254.58 bytes/segundo, Error - 0
2024-11-27 03:39:55,695 - root - INFO - AWS (DNS): Tiempo - 0.3537 segundos, Ancho de banda - 1184479.59 bytes/segundo, Error - 0
2024-11-27 03:39:57,053 - root - INFO - AWS (DNS): Tiempo - 0.8609 segundos, Ancho de banda - 486640.11 bytes/segundo, Error - 0
2024-11-27 03:39:57,409 - root - INFO - AWS (DNS): Tiempo - 0.3511 segundos, Ancho de banda - 1193457.97 bytes/segundo, Error - 0
2024-11-27 03:39:57,771 - root - INFO - AWS (DNS): Tiempo - 0.3557 segundos, Ancho de banda - 1177945.08 bytes/segundo, Error - 0
2024-11-27 03:39:58,128 - root - INFO - AWS (DNS): Tiempo - 0.3520 segundos, Ancho de banda - 1190261.68 bytes/segundo, Error - 0
2024-11-27 03:39:58,484 - root - INFO - AWS (DNS): Tiempo - 0.3522 segundos, Ancho de banda - 1189683.91 bytes/segundo, Error - 0
2024-11-27 03:39:58,846 - root - INFO - AWS (DNS): Tiempo - 0.3533 segundos, Ancho de banda - 1186007.28 bytes/segundo, Error - 0
2024-11-27 03:39:59,213 - root - INFO - AWS (DNS): Tiempo - 0.3621 segundos, Ancho de banda - 1157205.86 bytes/segundo, Error - 0
2024-11-27 03:39:59,570 - root - INFO - AWS (DNS): Tiempo - 0.3514 segundos, Ancho de banda - 1192203.76 bytes/segundo, Error - 0
2024-11-27 03:39:59,928 - root - INFO - AWS (DNS): Tiempo - 0.3530 segundos, Ancho de banda - 1186764.19 bytes/segundo, Error - 0
2024-11-27 03:40:01,277 - root - INFO - AWS (DNS): Tiempo - 0.8509 segundos, Ancho de banda - 492398.98 bytes/segundo, Error - 0
2024-11-27 03:40:01,639 - root - INFO - AWS (DNS): Tiempo - 0.3535 segundos, Ancho de banda - 1185238.54 bytes/segundo, Error - 0
2024-11-27 03:40:01,999 - root - INFO - AWS (DNS): Tiempo - 0.3542 segundos, Ancho de banda - 1182853.11 bytes/segundo, Error - 0
2024-11-27 03:40:02,353 - root - INFO - AWS (DNS): Tiempo - 0.3487 segundos, Ancho de banda - 1201407.67 bytes/segundo, Error - 0
2024-11-27 03:40:02,710 - root - INFO - AWS (DNS): Tiempo - 0.3497 segundos, Ancho de banda - 1198227.53 bytes/segundo, Error - 0
2024-11-27 03:40:04,059 - root - INFO - AWS (DNS): Tiempo - 0.8511 segundos, Ancho de banda - 492286.01 bytes/segundo, Error - 0
2024-11-27 03:40:04,414 - root - INFO - AWS (DNS): Tiempo - 0.3503 segundos, Ancho de banda - 1196120.85 bytes/segundo, Error - 0
2024-11-27 03:40:05,764 - root - INFO - AWS (DNS): Tiempo - 0.8508 segundos, Ancho de banda - 492431.96 bytes/segundo, Error - 0
2024-11-27 03:40:06,116 - root - INFO - AWS (DNS): Tiempo - 0.3426 segundos, Ancho de banda - 1223066.45 bytes/segundo, Error - 0
2024-11-27 03:40:06,478 - root - INFO - AWS (DNS): Tiempo - 0.3569 segundos, Ancho de banda - 1173767.15 bytes/segundo, Error - 0
2024-11-27 03:40:07,830 - root - INFO - AWS (DNS): Tiempo - 0.8512 segundos, Ancho de banda - 492233.61 bytes/segundo, Error - 0
2024-11-27 03:40:08,238 - root - INFO - AWS (DNS): Tiempo - 0.4032 segundos, Ancho de banda - 1039132.54 bytes/segundo, Error - 0
2024-11-27 03:40:08,590 - root - INFO - AWS (DNS): Tiempo - 0.3479 segundos, Ancho de banda - 1204108.65 bytes/segundo, Error - 0
2024-11-27 03:40:09,461 - root - INFO - AWS (DNS): Tiempo - 0.3714 segundos, Ancho de banda - 1128104.19 bytes/segundo, Error - 0
2024-11-27 03:40:10,805 - root - INFO - AWS (DNS): Tiempo - 0.8449 segundos, Ancho de banda - 495873.06 bytes/segundo, Error - 0
2024-11-27 03:40:11,171 - root - INFO - AWS (DNS): Tiempo - 0.3594 segundos, Ancho de banda - 1165707.53 bytes/segundo, Error - 0
2024-11-27 03:40:12,519 - root - INFO - AWS (DNS): Tiempo - 0.8505 segundos, Ancho de banda - 492629.92 bytes/segundo, Error - 0
2024-11-27 03:40:13,865 - root - INFO - AWS (DNS): Tiempo - 0.8487 segundos, Ancho de banda - 493655.39 bytes/segundo, Error - 0
2024-11-27 03:40:15,214 - root - INFO - AWS (DNS): Tiempo - 0.8498 segundos, Ancho de banda - 493025.49 bytes/segundo, Error - 0
2024-11-27 03:40:15,567 - root - INFO - AWS (DNS): Tiempo - 0.3479 segundos, Ancho de banda - 1204410.70 bytes/segundo, Error - 0
2024-11-27 03:40:16,914 - root - INFO - AWS (DNS): Tiempo - 0.8522 segundos, Ancho de banda - 491622.04 bytes/segundo, Error - 0
2024-11-27 03:40:17,515 - root - INFO - AWS (DNS): Tiempo - 0.3502 segundos, Ancho de banda - 1196278.00 bytes/segundo, Error - 0
2024-11-27 03:40:17,873 - root - INFO - AWS (DNS): Tiempo - 0.3511 segundos, Ancho de banda - 1193180.02 bytes/segundo, Error - 0
2024-11-27 03:40:18,230 - root - INFO - AWS (DNS): Tiempo - 0.3521 segundos, Ancho de banda - 1189975.54 bytes/segundo, Error - 0
2024-11-27 03:40:18,584 - root - INFO - AWS (DNS): Tiempo - 0.3497 segundos, Ancho de banda - 1198122.96 bytes/segundo, Error - 0
2024-11-27 03:40:18,944 - root - INFO - AWS (DNS): Tiempo - 0.3551 segundos, Ancho de banda - 1179816.26 bytes/segundo, Error - 0
2024-11-27 03:40:20,291 - root - INFO - AWS (DNS): Tiempo - 0.8468 segundos, Ancho de banda - 494769.40 bytes/segundo, Error - 0
2024-11-27 03:40:20,660 - root - INFO - AWS (DNS): Tiempo - 0.3627 segundos, Ancho de banda - 1155084.41 bytes/segundo, Error - 0
2024-11-27 03:40:21,025 - root - INFO - AWS (DNS): Tiempo - 0.3598 segundos, Ancho de banda - 1164496.28 bytes/segundo, Error - 0
2024-11-27 03:40:21,383 - root - INFO - AWS (DNS): Tiempo - 0.3522 segundos, Ancho de banda - 1189648.47 bytes/segundo, Error - 0
2024-11-27 03:40:21,984 - root - INFO - AWS (DNS): Tiempo - 0.3517 segundos, Ancho de banda - 1191257.37 bytes/segundo, Error - 0
2024-11-27 03:40:22,345 - root - INFO - AWS (DNS): Tiempo - 0.3554 segundos, Ancho de banda - 1178889.42 bytes/segundo, Error - 0
2024-11-27 03:40:22,702 - root - INFO - AWS (DNS): Tiempo - 0.3515 segundos, Ancho de banda - 1191915.08 bytes/segundo, Error - 0
2024-11-27 03:40:23,057 - root - INFO - AWS (DNS): Tiempo - 0.3494 segundos, Ancho de banda - 1198941.22 bytes/segundo, Error - 0
2024-11-27 03:40:23,431 - root - INFO - AWS (DNS): Tiempo - 0.3663 segundos, Ancho de banda - 1143902.08 bytes/segundo, Error - 0
2024-11-27 03:40:23,792 - root - INFO - AWS (DNS): Tiempo - 0.3561 segundos, Ancho de banda - 1176697.25 bytes/segundo, Error - 0
2024-11-27 03:40:24,146 - root - INFO - AWS (DNS): Tiempo - 0.3487 segundos, Ancho de banda - 1201457.77 bytes/segundo, Error - 0
2024-11-27 03:40:24,505 - root - INFO - AWS (DNS): Tiempo - 0.3544 segundos, Ancho de banda - 1182301.60 bytes/segundo, Error - 0
2024-11-27 03:40:24,862 - root - INFO - AWS (DNS): Tiempo - 0.3518 segundos, Ancho de banda - 1190903.76 bytes/segundo, Error - 0
2024-11-27 03:40:26,205 - root - INFO - AWS (DNS): Tiempo - 0.8445 segundos, Ancho de banda - 496111.47 bytes/segundo, Error - 0
2024-11-27 03:40:27,548 - root - INFO - AWS (DNS): Tiempo - 0.8424 segundos, Ancho de banda - 497352.29 bytes/segundo, Error - 0
2024-11-27 03:40:27,896 - root - INFO - AWS (DNS): Tiempo - 0.3426 segundos, Ancho de banda - 1223055.38 bytes/segundo, Error - 0
2024-11-27 03:40:28,259 - root - INFO - AWS (DNS): Tiempo - 0.3564 segundos, Ancho de banda - 1175491.37 bytes/segundo, Error - 0
2024-11-27 03:40:28,618 - root - INFO - AWS (DNS): Tiempo - 0.3544 segundos, Ancho de banda - 1182292.05 bytes/segundo, Error - 0
2024-11-27 03:40:28,975 - root - INFO - AWS (DNS): Tiempo - 0.3525 segundos, Ancho de banda - 1188393.41 bytes/segundo, Error - 0
2024-11-27 03:40:29,331 - root - INFO - AWS (DNS): Tiempo - 0.3510 segundos, Ancho de banda - 1193757.13 bytes/segundo, Error - 0
2024-11-27 03:40:29,684 - root - INFO - AWS (DNS): Tiempo - 0.3472 segundos, Ancho de banda - 1206560.80 bytes/segundo, Error - 0
2024-11-27 03:40:30,043 - root - INFO - AWS (DNS): Tiempo - 0.3530 segundos, Ancho de banda - 1186852.36 bytes/segundo, Error - 0
2024-11-27 03:40:30,397 - root - INFO - AWS (DNS): Tiempo - 0.3496 segundos, Ancho de banda - 1198441.63 bytes/segundo, Error - 0
2024-11-27 03:40:30,747 - root - INFO - AWS (DNS): Tiempo - 0.3444 segundos, Ancho de banda - 1216363.14 bytes/segundo, Error - 0
2024-11-27 03:40:31,095 - root - INFO - AWS (DNS): Tiempo - 0.3424 segundos, Ancho de banda - 1223571.45 bytes/segundo, Error - 0
2024-11-27 03:40:31,452 - root - INFO - AWS (DNS): Tiempo - 0.3519 segundos, Ancho de banda - 1190497.94 bytes/segundo, Error - 0
2024-11-27 03:40:31,817 - root - INFO - AWS (DNS): Tiempo - 0.3588 segundos, Ancho de banda - 1167664.13 bytes/segundo, Error - 0
2024-11-27 03:40:33,157 - root - INFO - AWS (DNS): Tiempo - 0.8421 segundos, Ancho de banda - 497501.27 bytes/segundo, Error - 0
2024-11-27 03:40:33,515 - root - INFO - AWS (DNS): Tiempo - 0.3517 segundos, Ancho de banda - 1191203.26 bytes/segundo, Error - 0
2024-11-27 03:40:33,874 - root - INFO - AWS (DNS): Tiempo - 0.3526 segundos, Ancho de banda - 1188256.80 bytes/segundo, Error - 0
2024-11-27 03:40:34,226 - root - INFO - AWS (DNS): Tiempo - 0.3471 segundos, Ancho de banda - 1206997.54 bytes/segundo, Error - 0
2024-11-27 03:40:34,585 - root - INFO - AWS (DNS): Tiempo - 0.3540 segundos, Ancho de banda - 1183535.05 bytes/segundo, Error - 0
2024-11-27 03:40:34,943 - root - INFO - AWS (DNS): Tiempo - 0.3507 segundos, Ancho de banda - 1194653.90 bytes/segundo, Error - 0
2024-11-27 03:40:35,293 - root - INFO - AWS (DNS): Tiempo - 0.3449 segundos, Ancho de banda - 1214578.30 bytes/segundo, Error - 0
2024-11-27 03:40:35,645 - root - INFO - AWS (DNS): Tiempo - 0.3468 segundos, Ancho de banda - 1208172.60 bytes/segundo, Error - 0
2024-11-27 03:40:35,995 - root - INFO - AWS (DNS): Tiempo - 0.3441 segundos, Ancho de banda - 1217451.07 bytes/segundo, Error - 0
2024-11-27 03:40:36,350 - root - INFO - AWS (DNS): Tiempo - 0.3489 segundos, Ancho de banda - 1200714.83 bytes/segundo, Error - 0
2024-11-27 03:40:36,708 - root - INFO - AWS (DNS): Tiempo - 0.3527 segundos, Ancho de banda - 1187930.68 bytes/segundo, Error - 0
2024-11-27 03:40:37,061 - root - INFO - AWS (DNS): Tiempo - 0.3479 segundos, Ancho de banda - 1204223.35 bytes/segundo, Error - 0
2024-11-27 03:40:38,397 - root - INFO - AWS (DNS): Tiempo - 0.8379 segundos, Ancho de banda - 499995.86 bytes/segundo, Error - 0
2024-11-27 03:40:38,747 - root - INFO - AWS (DNS): Tiempo - 0.3444 segundos, Ancho de banda - 1216497.87 bytes/segundo, Error - 0
2024-11-27 03:40:39,110 - root - INFO - AWS (DNS): Tiempo - 0.3554 segundos, Ancho de banda - 1178963.76 bytes/segundo, Error - 0
2024-11-27 03:40:39,469 - root - INFO - AWS (DNS): Tiempo - 0.3535 segundos, Ancho de banda - 1185188.18 bytes/segundo, Error - 0
2024-11-27 03:40:39,827 - root - INFO - AWS (DNS): Tiempo - 0.3537 segundos, Ancho de banda - 1184439.67 bytes/segundo, Error - 0
2024-11-27 03:40:40,191 - root - INFO - AWS (DNS): Tiempo - 0.3570 segundos, Ancho de banda - 1173552.36 bytes/segundo, Error - 0
2024-11-27 03:40:40,554 - root - INFO - AWS (DNS): Tiempo - 0.3571 segundos, Ancho de banda - 1173333.75 bytes/segundo, Error - 0
2024-11-27 03:40:41,902 - root - INFO - AWS (DNS): Tiempo - 0.8502 segundos, Ancho de banda - 492809.38 bytes/segundo, Error - 0
2024-11-27 03:40:42,261 - root - INFO - AWS (DNS): Tiempo - 0.3544 segundos, Ancho de banda - 1182064.60 bytes/segundo, Error - 0
2024-11-27 03:40:43,605 - root - INFO - AWS (DNS): Tiempo - 0.8461 segundos, Ancho de banda - 495184.74 bytes/segundo, Error - 0
2024-11-27 03:40:44,329 - root - INFO - AWS (DNS): Tiempo - 0.7189 segundos, Ancho de banda - 582754.61 bytes/segundo, Error - 0
2024-11-27 03:40:44,694 - root - INFO - AWS (DNS): Tiempo - 0.3593 segundos, Ancho de banda - 1165951.94 bytes/segundo, Error - 0
2024-11-27 03:40:45,057 - root - INFO - AWS (DNS): Tiempo - 0.3584 segundos, Ancho de banda - 1168938.74 bytes/segundo, Error - 0
2024-11-27 03:40:45,413 - root - INFO - AWS (DNS): Tiempo - 0.3505 segundos, Ancho de banda - 1195241.39 bytes/segundo, Error - 0
2024-11-27 03:40:45,766 - root - INFO - AWS (DNS): Tiempo - 0.3482 segundos, Ancho de banda - 1203139.97 bytes/segundo, Error - 0
2024-11-27 03:40:46,118 - root - INFO - AWS (DNS): Tiempo - 0.3463 segundos, Ancho de banda - 1209788.71 bytes/segundo, Error - 0
2024-11-27 03:40:46,481 - root - INFO - AWS (DNS): Tiempo - 0.3572 segundos, Ancho de banda - 1172945.29 bytes/segundo, Error - 0
2024-11-27 03:40:46,838 - root - INFO - AWS (DNS): Tiempo - 0.3527 segundos, Ancho de banda - 1187910.60 bytes/segundo, Error - 0
2024-11-27 03:40:47,189 - root - INFO - AWS (DNS): Tiempo - 0.3444 segundos, Ancho de banda - 1216495.34 bytes/segundo, Error - 0
2024-11-27 03:40:47,550 - root - INFO - AWS (DNS): Tiempo - 0.3559 segundos, Ancho de banda - 1177289.28 bytes/segundo, Error - 0
2024-11-27 03:40:47,906 - root - INFO - AWS (DNS): Tiempo - 0.3512 segundos, Ancho de banda - 1193108.73 bytes/segundo, Error - 0
2024-11-27 03:40:49,257 - root - INFO - AWS (DNS): Tiempo - 0.8525 segundos, Ancho de banda - 491460.62 bytes/segundo, Error - 0
2024-11-27 03:40:49,614 - root - INFO - AWS (DNS): Tiempo - 0.3526 segundos, Ancho de banda - 1188168.43 bytes/segundo, Error - 0
2024-11-27 03:40:49,974 - root - INFO - AWS (DNS): Tiempo - 0.3544 segundos, Ancho de banda - 1182111.51 bytes/segundo, Error - 0
2024-11-27 03:40:50,333 - root - INFO - AWS (DNS): Tiempo - 0.3532 segundos, Ancho de banda - 1186168.99 bytes/segundo, Error - 0
2024-11-27 03:40:50,697 - root - INFO - AWS (DNS): Tiempo - 0.3577 segundos, Ancho de banda - 1171426.83 bytes/segundo, Error - 0
2024-11-27 03:40:51,053 - root - INFO - AWS (DNS): Tiempo - 0.3501 segundos, Ancho de banda - 1196675.55 bytes/segundo, Error - 0
2024-11-27 03:40:51,423 - root - INFO - AWS (DNS): Tiempo - 0.3658 segundos, Ancho de banda - 1145231.29 bytes/segundo, Error - 0
2024-11-27 03:40:51,782 - root - INFO - AWS (DNS): Tiempo - 0.3538 segundos, Ancho de banda - 1184062.97 bytes/segundo, Error - 0
2024-11-27 03:40:52,634 - root - INFO - AWS (DNS): Tiempo - 0.3536 segundos, Ancho de banda - 1184783.85 bytes/segundo, Error - 0
2024-11-27 03:40:52,997 - root - INFO - AWS (DNS): Tiempo - 0.3585 segundos, Ancho de banda - 1168590.49 bytes/segundo, Error - 0
2024-11-27 03:40:54,345 - root - INFO - AWS (DNS): Tiempo - 0.8480 segundos, Ancho de banda - 494057.75 bytes/segundo, Error - 0
2024-11-27 03:40:54,703 - root - INFO - AWS (DNS): Tiempo - 0.3531 segundos, Ancho de banda - 1186371.60 bytes/segundo, Error - 0
2024-11-27 03:40:55,056 - root - INFO - AWS (DNS): Tiempo - 0.3474 segundos, Ancho de banda - 1205851.25 bytes/segundo, Error - 0
2024-11-27 03:40:56,399 - root - INFO - AWS (DNS): Tiempo - 0.8446 segundos, Ancho de banda - 496060.78 bytes/segundo, Error - 0
2024-11-27 03:40:56,759 - root - INFO - AWS (DNS): Tiempo - 0.3547 segundos, Ancho de banda - 1181195.36 bytes/segundo, Error - 0
2024-11-27 03:40:57,111 - root - INFO - AWS (DNS): Tiempo - 0.3468 segundos, Ancho de banda - 1208119.44 bytes/segundo, Error - 0
2024-11-27 03:40:58,456 - root - INFO - AWS (DNS): Tiempo - 0.8470 segundos, Ancho de banda - 494634.59 bytes/segundo, Error - 0
2024-11-27 03:40:59,808 - root - INFO - AWS (DNS): Tiempo - 0.8544 segundos, Ancho de banda - 490385.94 bytes/segundo, Error - 0
2024-11-27 03:41:00,173 - root - INFO - AWS (DNS): Tiempo - 0.3587 segundos, Ancho de banda - 1168143.05 bytes/segundo, Error - 0
2024-11-27 03:41:00,521 - root - INFO - AWS (DNS): Tiempo - 0.3426 segundos, Ancho de banda - 1223016.23 bytes/segundo, Error - 0
2024-11-27 03:41:00,871 - root - INFO - AWS (DNS): Tiempo - 0.3457 segundos, Ancho de banda - 1211805.96 bytes/segundo, Error - 0
2024-11-27 03:41:01,227 - root - INFO - AWS (DNS): Tiempo - 0.3514 segundos, Ancho de banda - 1192280.61 bytes/segundo, Error - 0
2024-11-27 03:41:01,841 - root - INFO - AWS (DNS): Tiempo - 0.3639 segundos, Ancho de banda - 1151362.43 bytes/segundo, Error - 0
2024-11-27 03:41:03,202 - root - INFO - AWS (DNS): Tiempo - 0.8596 segundos, Ancho de banda - 487416.24 bytes/segundo, Error - 0
2024-11-27 03:41:03,560 - root - INFO - AWS (DNS): Tiempo - 0.3519 segundos, Ancho de banda - 1190470.52 bytes/segundo, Error - 0
2024-11-27 03:41:03,908 - root - INFO - AWS (DNS): Tiempo - 0.3420 segundos, Ancho de banda - 1224945.50 bytes/segundo, Error - 0
2024-11-27 03:41:05,243 - root - INFO - AWS (DNS): Tiempo - 0.8369 segundos, Ancho de banda - 500594.37 bytes/segundo, Error - 0
2024-11-27 03:41:05,603 - root - INFO - AWS (DNS): Tiempo - 0.3539 segundos, Ancho de banda - 1183822.88 bytes/segundo, Error - 0
2024-11-27 03:41:05,961 - root - INFO - AWS (DNS): Tiempo - 0.3519 segundos, Ancho de banda - 1190753.67 bytes/segundo, Error - 0
2024-11-27 03:41:07,306 - root - INFO - AWS (DNS): Tiempo - 0.8460 segundos, Ancho de banda - 495235.54 bytes/segundo, Error - 0
2024-11-27 03:41:07,661 - root - INFO - AWS (DNS): Tiempo - 0.3478 segundos, Ancho de banda - 1204590.69 bytes/segundo, Error - 0
2024-11-27 03:41:09,005 - root - INFO - AWS (DNS): Tiempo - 0.8440 segundos, Ancho de banda - 496384.32 bytes/segundo, Error - 0
2024-11-27 03:41:10,359 - root - INFO - AWS (DNS): Tiempo - 0.8542 segundos, Ancho de banda - 490488.73 bytes/segundo, Error - 0
2024-11-27 03:41:10,884 - root - INFO - AWS (DNS): Tiempo - 0.5187 segundos, Ancho de banda - 807669.20 bytes/segundo, Error - 0
2024-11-27 03:41:12,227 - root - INFO - AWS (DNS): Tiempo - 0.8441 segundos, Ancho de banda - 496355.44 bytes/segundo, Error - 0
2024-11-27 03:41:12,583 - root - INFO - AWS (DNS): Tiempo - 0.3517 segundos, Ancho de banda - 1191195.99 bytes/segundo, Error - 0
2024-11-27 03:41:12,940 - root - INFO - AWS (DNS): Tiempo - 0.3505 segundos, Ancho de banda - 1195407.26 bytes/segundo, Error - 0
2024-11-27 03:41:13,284 - root - INFO - AWS (DNS): Tiempo - 0.3396 segundos, Ancho de banda - 1233827.39 bytes/segundo, Error - 0
2024-11-27 03:41:13,639 - root - INFO - AWS (DNS): Tiempo - 0.3501 segundos, Ancho de banda - 1196645.40 bytes/segundo, Error - 0
2024-11-27 03:41:13,998 - root - INFO - AWS (DNS): Tiempo - 0.3537 segundos, Ancho de banda - 1184512.32 bytes/segundo, Error - 0
2024-11-27 03:41:14,356 - root - INFO - AWS (DNS): Tiempo - 0.3505 segundos, Ancho de banda - 1195497.53 bytes/segundo, Error - 0
2024-11-27 03:41:14,967 - root - INFO - AWS (DNS): Tiempo - 0.3587 segundos, Ancho de banda - 1168176.44 bytes/segundo, Error - 0
2024-11-27 03:41:16,314 - root - INFO - AWS (DNS): Tiempo - 0.8500 segundos, Ancho de banda - 492907.39 bytes/segundo, Error - 0
2024-11-27 03:41:16,671 - root - INFO - AWS (DNS): Tiempo - 0.3507 segundos, Ancho de banda - 1194818.80 bytes/segundo, Error - 0
2024-11-27 03:41:18,018 - root - INFO - AWS (DNS): Tiempo - 1.0950 segundos, Ancho de banda - 382611.17 bytes/segundo, Error - 0
2024-11-27 03:41:18,375 - root - INFO - AWS (DNS): Tiempo - 0.3519 segundos, Ancho de banda - 1190590.70 bytes/segundo, Error - 0
2024-11-27 03:41:18,723 - root - INFO - AWS (DNS): Tiempo - 0.3412 segundos, Ancho de banda - 1227847.85 bytes/segundo, Error - 0
2024-11-27 03:41:19,081 - root - INFO - AWS (DNS): Tiempo - 0.3513 segundos, Ancho de banda - 1192451.32 bytes/segundo, Error - 0
2024-11-27 03:41:19,438 - root - INFO - AWS (DNS): Tiempo - 0.3516 segundos, Ancho de banda - 1191463.33 bytes/segundo, Error - 0
2024-11-27 03:41:20,779 - root - INFO - AWS (DNS): Tiempo - 0.8418 segundos, Ancho de banda - 497708.26 bytes/segundo, Error - 0
2024-11-27 03:41:22,123 - root - INFO - AWS (DNS): Tiempo - 0.8452 segundos, Ancho de banda - 495711.64 bytes/segundo, Error - 0
2024-11-27 03:41:22,479 - root - INFO - AWS (DNS): Tiempo - 0.3506 segundos, Ancho de banda - 1195003.24 bytes/segundo, Error - 0
2024-11-27 03:41:22,836 - root - INFO - AWS (DNS): Tiempo - 0.3509 segundos, Ancho de banda - 1193992.35 bytes/segundo, Error - 0
2024-11-27 03:41:24,181 - root - INFO - AWS (DNS): Tiempo - 0.8467 segundos, Ancho de banda - 494804.51 bytes/segundo, Error - 0
2024-11-27 03:41:24,543 - root - INFO - AWS (DNS): Tiempo - 0.3565 segundos, Ancho de banda - 1175256.31 bytes/segundo, Error - 0
2024-11-27 03:41:24,902 - root - INFO - AWS (DNS): Tiempo - 0.3526 segundos, Ancho de banda - 1188227.88 bytes/segundo, Error - 0
2024-11-27 03:41:25,259 - root - INFO - AWS (DNS): Tiempo - 0.3512 segundos, Ancho de banda - 1192977.51 bytes/segundo, Error - 0
2024-11-27 03:41:25,612 - root - INFO - AWS (DNS): Tiempo - 0.3468 segundos, Ancho de banda - 1208020.61 bytes/segundo, Error - 0
2024-11-27 03:41:26,950 - root - INFO - AWS (DNS): Tiempo - 0.8389 segundos, Ancho de banda - 499409.43 bytes/segundo, Error - 0
2024-11-27 03:41:27,305 - root - INFO - AWS (DNS): Tiempo - 0.3499 segundos, Ancho de banda - 1197242.18 bytes/segundo, Error - 0
2024-11-27 03:41:27,662 - root - INFO - AWS (DNS): Tiempo - 0.3519 segundos, Ancho de banda - 1190556.01 bytes/segundo, Error - 0
2024-11-27 03:41:29,010 - root - INFO - AWS (DNS): Tiempo - 0.8483 segundos, Ancho de banda - 493878.35 bytes/segundo, Error - 0
2024-11-27 03:41:30,356 - root - INFO - AWS (DNS): Tiempo - 0.8470 segundos, Ancho de banda - 494653.25 bytes/segundo, Error - 0
2024-11-27 03:41:30,712 - root - INFO - AWS (DNS): Tiempo - 0.3494 segundos, Ancho de banda - 1199229.23 bytes/segundo, Error - 0
2024-11-27 03:41:31,068 - root - INFO - AWS (DNS): Tiempo - 0.3514 segundos, Ancho de banda - 1192389.82 bytes/segundo, Error - 0
2024-11-27 03:41:31,423 - root - INFO - AWS (DNS): Tiempo - 0.3501 segundos, Ancho de banda - 1196836.11 bytes/segundo, Error - 0
2024-11-27 03:41:32,768 - root - INFO - AWS (DNS): Tiempo - 0.8454 segundos, Ancho de banda - 495581.91 bytes/segundo, Error - 0
2024-11-27 03:41:33,125 - root - INFO - AWS (DNS): Tiempo - 0.3515 segundos, Ancho de banda - 1191874.66 bytes/segundo, Error - 0
2024-11-27 03:41:33,492 - root - INFO - AWS (DNS): Tiempo - 0.3628 segundos, Ancho de banda - 1154812.66 bytes/segundo, Error - 0
2024-11-27 03:41:33,851 - root - INFO - AWS (DNS): Tiempo - 0.3512 segundos, Ancho de banda - 1192886.00 bytes/segundo, Error - 0
2024-11-27 03:41:34,199 - root - INFO - AWS (DNS): Tiempo - 0.3430 segundos, Ancho de banda - 1221549.69 bytes/segundo, Error - 0
2024-11-27 03:41:34,564 - root - INFO - AWS (DNS): Tiempo - 0.3539 segundos, Ancho de banda - 1183958.47 bytes/segundo, Error - 0
2024-11-27 03:41:34,914 - root - INFO - AWS (DNS): Tiempo - 0.3444 segundos, Ancho de banda - 1216508.82 bytes/segundo, Error - 0
2024-11-27 03:41:35,277 - root - INFO - AWS (DNS): Tiempo - 0.3563 segundos, Ancho de banda - 1176035.76 bytes/segundo, Error - 0
2024-11-27 03:41:35,636 - root - INFO - AWS (DNS): Tiempo - 0.3532 segundos, Ancho de banda - 1186337.96 bytes/segundo, Error - 0
2024-11-27 03:41:35,999 - root - INFO - AWS (DNS): Tiempo - 0.3582 segundos, Ancho de banda - 1169603.17 bytes/segundo, Error - 0
2024-11-27 03:41:37,351 - root - INFO - AWS (DNS): Tiempo - 0.8519 segundos, Ancho de banda - 491796.36 bytes/segundo, Error - 0
2024-11-27 03:41:37,711 - root - INFO - AWS (DNS): Tiempo - 0.3555 segundos, Ancho de banda - 1178642.72 bytes/segundo, Error - 0
2024-11-27 03:41:38,065 - root - INFO - AWS (DNS): Tiempo - 0.3484 segundos, Ancho de banda - 1202526.60 bytes/segundo, Error - 0
2024-11-27 03:41:39,409 - root - INFO - AWS (DNS): Tiempo - 0.8437 segundos, Ancho de banda - 496611.72 bytes/segundo, Error - 0
2024-11-27 03:41:39,761 - root - INFO - AWS (DNS): Tiempo - 0.3472 segundos, Ancho de banda - 1206835.07 bytes/segundo, Error - 0
2024-11-27 03:41:40,118 - root - INFO - AWS (DNS): Tiempo - 0.3514 segundos, Ancho de banda - 1192159.28 bytes/segundo, Error - 0
2024-11-27 03:41:41,458 - root - INFO - AWS (DNS): Tiempo - 0.8420 segundos, Ancho de banda - 497597.91 bytes/segundo, Error - 0
2024-11-27 03:41:41,816 - root - INFO - AWS (DNS): Tiempo - 0.3531 segundos, Ancho de banda - 1186558.25 bytes/segundo, Error - 0
2024-11-27 03:41:42,170 - root - INFO - AWS (DNS): Tiempo - 0.3495 segundos, Ancho de banda - 1198679.52 bytes/segundo, Error - 0
2024-11-27 03:41:42,527 - root - INFO - AWS (DNS): Tiempo - 0.3505 segundos, Ancho de banda - 1195493.46 bytes/segundo, Error - 0
2024-11-27 03:41:42,890 - root - INFO - AWS (DNS): Tiempo - 0.3585 segundos, Ancho de banda - 1168645.67 bytes/segundo, Error - 0
2024-11-27 03:41:42,891 - root - INFO - Resultados para AWS (DNS):
 - Tiempo promedio: 0.4731 segundos
 - Ancho de banda promedio: 1020358.04 bytes/segundo
 - Tasa de error: 0.00%

2024-11-27 03:41:43,036 - root - INFO - Cloudflare (Anycast): Tiempo - 0.1342 segundos, Ancho de banda - 2712486.26 bytes/segundo, Error - 0
2024-11-27 03:41:43,189 - root - INFO - Cloudflare (Anycast): Tiempo - 0.1408 segundos, Ancho de banda - 2585565.87 bytes/segundo, Error - 0
2024-11-27 03:41:43,318 - root - INFO - Cloudflare (Anycast): Tiempo - 0.1177 segundos, Ancho de banda - 3092357.08 bytes/segundo, Error - 0
2024-11-27 03:41:43,496 - root - INFO - Cloudflare (Anycast): Tiempo - 0.1637 segundos, Ancho de banda - 2223207.25 bytes/segundo, Error - 0
2024-11-27 03:41:43,642 - root - INFO - Cloudflare (Anycast): Tiempo - 0.1347 segundos, Ancho de banda - 2701341.16 bytes/segundo, Error - 0
2024-11-27 03:41:43,786 - root - INFO - Cloudflare (Anycast): Tiempo - 0.1327 segundos, Ancho de banda - 2741828.63 bytes/segundo, Error - 0
2024-11-27 03:41:43,911 - root - INFO - Cloudflare (Anycast): Tiempo - 0.1147 segundos, Ancho de banda - 3174136.24 bytes/segundo, Error - 0
2024-11-27 03:41:44,081 - root - INFO - Cloudflare (Anycast): Tiempo - 0.1589 segundos, Ancho de banda - 2290277.99 bytes/segundo, Error - 0
2024-11-27 03:41:44,238 - root - INFO - Cloudflare (Anycast): Tiempo - 0.1455 segundos, Ancho de banda - 2501058.07 bytes/segundo, Error - 0
2024-11-27 03:41:44,375 - root - INFO - Cloudflare (Anycast): Tiempo - 0.1228 segundos, Ancho de banda - 2964538.24 bytes/segundo, Error - 0
2024-11-27 03:41:44,551 - root - INFO - Cloudflare (Anycast): Tiempo - 0.1636 segundos, Ancho de banda - 2224240.55 bytes/segundo, Error - 0
2024-11-27 03:41:44,692 - root - INFO - Cloudflare (Anycast): Tiempo - 0.1303 segundos, Ancho de banda - 2794078.79 bytes/segundo, Error - 0
2024-11-27 03:41:44,861 - root - INFO - Cloudflare (Anycast): Tiempo - 0.1581 segundos, Ancho de banda - 2302225.05 bytes/segundo, Error - 0
2024-11-27 03:41:44,995 - root - INFO - Cloudflare (Anycast): Tiempo - 0.1207 segundos, Ancho de banda - 3016592.29 bytes/segundo, Error - 0
2024-11-27 03:41:45,146 - root - INFO - Cloudflare (Anycast): Tiempo - 0.1390 segundos, Ancho de banda - 2617704.61 bytes/segundo, Error - 0
2024-11-27 03:41:45,289 - root - INFO - Cloudflare (Anycast): Tiempo - 0.1286 segundos, Ancho de banda - 2829931.39 bytes/segundo, Error - 0
2024-11-27 03:41:45,439 - root - INFO - Cloudflare (Anycast): Tiempo - 0.1384 segundos, Ancho de banda - 2629880.34 bytes/segundo, Error - 0
2024-11-27 03:41:45,593 - root - INFO - Cloudflare (Anycast): Tiempo - 0.1432 segundos, Ancho de banda - 2542466.00 bytes/segundo, Error - 0
2024-11-27 03:41:45,772 - root - INFO - Cloudflare (Anycast): Tiempo - 0.1678 segundos, Ancho de banda - 2169656.70 bytes/segundo, Error - 0
2024-11-27 03:41:45,902 - root - INFO - Cloudflare (Anycast): Tiempo - 0.1170 segundos, Ancho de banda - 3111910.97 bytes/segundo, Error - 0
2024-11-27 03:41:46,090 - root - INFO - Cloudflare (Anycast): Tiempo - 0.1739 segundos, Ancho de banda - 2093091.99 bytes/segundo, Error - 0
2024-11-27 03:41:46,240 - root - INFO - Cloudflare (Anycast): Tiempo - 0.1398 segundos, Ancho de banda - 2603215.10 bytes/segundo, Error - 0
2024-11-27 03:41:46,398 - root - INFO - Cloudflare (Anycast): Tiempo - 0.1465 segundos, Ancho de banda - 2485272.22 bytes/segundo, Error - 0
2024-11-27 03:41:46,547 - root - INFO - Cloudflare (Anycast): Tiempo - 0.1392 segundos, Ancho de banda - 2614606.62 bytes/segundo, Error - 0
2024-11-27 03:41:46,700 - root - INFO - Cloudflare (Anycast): Tiempo - 0.1414 segundos, Ancho de banda - 2574590.44 bytes/segundo, Error - 0
2024-11-27 03:41:46,843 - root - INFO - Cloudflare (Anycast): Tiempo - 0.1327 segundos, Ancho de banda - 2743686.39 bytes/segundo, Error - 0
2024-11-27 03:41:46,997 - root - INFO - Cloudflare (Anycast): Tiempo - 0.1354 segundos, Ancho de banda - 2687668.05 bytes/segundo, Error - 0
2024-11-27 03:41:47,214 - root - INFO - Cloudflare (Anycast): Tiempo - 0.2053 segundos, Ancho de banda - 1772485.31 bytes/segundo, Error - 0
2024-11-27 03:41:47,375 - root - INFO - Cloudflare (Anycast): Tiempo - 0.1497 segundos, Ancho de banda - 2431152.41 bytes/segundo, Error - 0
2024-11-27 03:41:47,540 - root - INFO - Cloudflare (Anycast): Tiempo - 0.1526 segundos, Ancho de banda - 2384788.39 bytes/segundo, Error - 0
2024-11-27 03:41:47,675 - root - INFO - Cloudflare (Anycast): Tiempo - 0.1237 segundos, Ancho de banda - 2941467.09 bytes/segundo, Error - 0
2024-11-27 03:41:47,806 - root - INFO - Cloudflare (Anycast): Tiempo - 0.1210 segundos, Ancho de banda - 3009088.42 bytes/segundo, Error - 0
2024-11-27 03:41:47,957 - root - INFO - Cloudflare (Anycast): Tiempo - 0.1403 segundos, Ancho de banda - 2594578.73 bytes/segundo, Error - 0
2024-11-27 03:41:48,087 - root - INFO - Cloudflare (Anycast): Tiempo - 0.1174 segundos, Ancho de banda - 3099520.89 bytes/segundo, Error - 0
2024-11-27 03:41:48,224 - root - INFO - Cloudflare (Anycast): Tiempo - 0.1254 segundos, Ancho de banda - 2902211.21 bytes/segundo, Error - 0
2024-11-27 03:41:48,366 - root - INFO - Cloudflare (Anycast): Tiempo - 0.1325 segundos, Ancho de banda - 2746584.00 bytes/segundo, Error - 0
2024-11-27 03:41:48,510 - root - INFO - Cloudflare (Anycast): Tiempo - 0.1324 segundos, Ancho de banda - 2748185.99 bytes/segundo, Error - 0
2024-11-27 03:41:48,650 - root - INFO - Cloudflare (Anycast): Tiempo - 0.1283 segundos, Ancho de banda - 2837885.60 bytes/segundo, Error - 0
2024-11-27 03:41:48,814 - root - INFO - Cloudflare (Anycast): Tiempo - 0.1526 segundos, Ancho de banda - 2385403.24 bytes/segundo, Error - 0
2024-11-27 03:41:48,995 - root - INFO - Cloudflare (Anycast): Tiempo - 0.1700 segundos, Ancho de banda - 2141527.64 bytes/segundo, Error - 0
2024-11-27 03:41:49,151 - root - INFO - Cloudflare (Anycast): Tiempo - 0.1443 segundos, Ancho de banda - 2522481.61 bytes/segundo, Error - 0
2024-11-27 03:41:49,327 - root - INFO - Cloudflare (Anycast): Tiempo - 0.1643 segundos, Ancho de banda - 2215152.04 bytes/segundo, Error - 0
2024-11-27 03:41:49,478 - root - INFO - Cloudflare (Anycast): Tiempo - 0.1400 segundos, Ancho de banda - 2599071.15 bytes/segundo, Error - 0
2024-11-27 03:41:49,624 - root - INFO - Cloudflare (Anycast): Tiempo - 0.1344 segundos, Ancho de banda - 2708578.39 bytes/segundo, Error - 0
2024-11-27 03:41:49,783 - root - INFO - Cloudflare (Anycast): Tiempo - 0.1480 segundos, Ancho de banda - 2458943.79 bytes/segundo, Error - 0
2024-11-27 03:41:49,937 - root - INFO - Cloudflare (Anycast): Tiempo - 0.1427 segundos, Ancho de banda - 2549855.15 bytes/segundo, Error - 0
2024-11-27 03:41:50,094 - root - INFO - Cloudflare (Anycast): Tiempo - 0.1465 segundos, Ancho de banda - 2484499.68 bytes/segundo, Error - 0
2024-11-27 03:41:50,233 - root - INFO - Cloudflare (Anycast): Tiempo - 0.1276 segundos, Ancho de banda - 2853064.86 bytes/segundo, Error - 0
2024-11-27 03:41:50,378 - root - INFO - Cloudflare (Anycast): Tiempo - 0.1340 segundos, Ancho de banda - 2716966.22 bytes/segundo, Error - 0
2024-11-27 03:41:50,546 - root - INFO - Cloudflare (Anycast): Tiempo - 0.1565 segundos, Ancho de banda - 2325823.59 bytes/segundo, Error - 0
2024-11-27 03:41:50,698 - root - INFO - Cloudflare (Anycast): Tiempo - 0.1428 segundos, Ancho de banda - 2548705.74 bytes/segundo, Error - 0
2024-11-27 03:41:50,855 - root - INFO - Cloudflare (Anycast): Tiempo - 0.1411 segundos, Ancho de banda - 2580138.43 bytes/segundo, Error - 0
2024-11-27 03:41:50,991 - root - INFO - Cloudflare (Anycast): Tiempo - 0.1202 segundos, Ancho de banda - 3027558.24 bytes/segundo, Error - 0
2024-11-27 03:41:51,131 - root - INFO - Cloudflare (Anycast): Tiempo - 0.1282 segundos, Ancho de banda - 2839057.24 bytes/segundo, Error - 0
2024-11-27 03:41:51,285 - root - INFO - Cloudflare (Anycast): Tiempo - 0.1363 segundos, Ancho de banda - 2670152.29 bytes/segundo, Error - 0
2024-11-27 03:41:51,437 - root - INFO - Cloudflare (Anycast): Tiempo - 0.1410 segundos, Ancho de banda - 2580740.36 bytes/segundo, Error - 0
2024-11-27 03:41:51,590 - root - INFO - Cloudflare (Anycast): Tiempo - 0.1417 segundos, Ancho de banda - 2569442.45 bytes/segundo, Error - 0
2024-11-27 03:41:51,739 - root - INFO - Cloudflare (Anycast): Tiempo - 0.1385 segundos, Ancho de banda - 2628693.88 bytes/segundo, Error - 0
2024-11-27 03:41:51,891 - root - INFO - Cloudflare (Anycast): Tiempo - 0.1398 segundos, Ancho de banda - 2603792.31 bytes/segundo, Error - 0
2024-11-27 03:41:52,048 - root - INFO - Cloudflare (Anycast): Tiempo - 0.1470 segundos, Ancho de banda - 2476712.21 bytes/segundo, Error - 0
2024-11-27 03:41:52,200 - root - INFO - Cloudflare (Anycast): Tiempo - 0.1406 segundos, Ancho de banda - 2589302.26 bytes/segundo, Error - 0
2024-11-27 03:41:52,359 - root - INFO - Cloudflare (Anycast): Tiempo - 0.1478 segundos, Ancho de banda - 2462179.97 bytes/segundo, Error - 0
2024-11-27 03:41:52,512 - root - INFO - Cloudflare (Anycast): Tiempo - 0.1416 segundos, Ancho de banda - 2570922.33 bytes/segundo, Error - 0
2024-11-27 03:41:52,653 - root - INFO - Cloudflare (Anycast): Tiempo - 0.1294 segundos, Ancho de banda - 2812346.66 bytes/segundo, Error - 0
2024-11-27 03:41:52,783 - root - INFO - Cloudflare (Anycast): Tiempo - 0.1186 segundos, Ancho de banda - 3068908.33 bytes/segundo, Error - 0
2024-11-27 03:41:52,936 - root - INFO - Cloudflare (Anycast): Tiempo - 0.1379 segundos, Ancho de banda - 2639045.66 bytes/segundo, Error - 0
2024-11-27 03:41:53,069 - root - INFO - Cloudflare (Anycast): Tiempo - 0.1221 segundos, Ancho de banda - 2981514.13 bytes/segundo, Error - 0
2024-11-27 03:41:53,203 - root - INFO - Cloudflare (Anycast): Tiempo - 0.1229 segundos, Ancho de banda - 2962099.33 bytes/segundo, Error - 0
2024-11-27 03:41:53,346 - root - INFO - Cloudflare (Anycast): Tiempo - 0.1329 segundos, Ancho de banda - 2739339.13 bytes/segundo, Error - 0
2024-11-27 03:41:53,474 - root - INFO - Cloudflare (Anycast): Tiempo - 0.1152 segundos, Ancho de banda - 3160677.33 bytes/segundo, Error - 0
2024-11-27 03:41:53,638 - root - INFO - Cloudflare (Anycast): Tiempo - 0.1525 segundos, Ancho de banda - 2386607.78 bytes/segundo, Error - 0
2024-11-27 03:41:53,809 - root - INFO - Cloudflare (Anycast): Tiempo - 0.1498 segundos, Ancho de banda - 2429596.99 bytes/segundo, Error - 0
2024-11-27 03:41:53,934 - root - INFO - Cloudflare (Anycast): Tiempo - 0.1125 segundos, Ancho de banda - 3234412.87 bytes/segundo, Error - 0
2024-11-27 03:41:54,052 - root - INFO - Cloudflare (Anycast): Tiempo - 0.1076 segundos, Ancho de banda - 3383761.29 bytes/segundo, Error - 0
2024-11-27 03:41:54,174 - root - INFO - Cloudflare (Anycast): Tiempo - 0.1106 segundos, Ancho de banda - 3292308.88 bytes/segundo, Error - 0
2024-11-27 03:41:54,320 - root - INFO - Cloudflare (Anycast): Tiempo - 0.1362 segundos, Ancho de banda - 2671993.66 bytes/segundo, Error - 0
2024-11-27 03:41:54,465 - root - INFO - Cloudflare (Anycast): Tiempo - 0.1338 segundos, Ancho de banda - 2720951.69 bytes/segundo, Error - 0
2024-11-27 03:41:54,625 - root - INFO - Cloudflare (Anycast): Tiempo - 0.1481 segundos, Ancho de banda - 2457265.60 bytes/segundo, Error - 0
2024-11-27 03:41:54,769 - root - INFO - Cloudflare (Anycast): Tiempo - 0.1319 segundos, Ancho de banda - 2758998.60 bytes/segundo, Error - 0
2024-11-27 03:41:54,924 - root - INFO - Cloudflare (Anycast): Tiempo - 0.1411 segundos, Ancho de banda - 2580260.54 bytes/segundo, Error - 0
2024-11-27 03:41:55,131 - root - INFO - Cloudflare (Anycast): Tiempo - 0.1956 segundos, Ancho de banda - 1860925.38 bytes/segundo, Error - 0
2024-11-27 03:41:55,289 - root - INFO - Cloudflare (Anycast): Tiempo - 0.1473 segundos, Ancho de banda - 2471507.62 bytes/segundo, Error - 0
2024-11-27 03:41:55,426 - root - INFO - Cloudflare (Anycast): Tiempo - 0.1230 segundos, Ancho de banda - 2960163.71 bytes/segundo, Error - 0
2024-11-27 03:41:55,560 - root - INFO - Cloudflare (Anycast): Tiempo - 0.1227 segundos, Ancho de banda - 2967067.68 bytes/segundo, Error - 0
2024-11-27 03:41:55,713 - root - INFO - Cloudflare (Anycast): Tiempo - 0.1429 segundos, Ancho de banda - 2546881.59 bytes/segundo, Error - 0
2024-11-27 03:41:55,870 - root - INFO - Cloudflare (Anycast): Tiempo - 0.1317 segundos, Ancho de banda - 2762953.40 bytes/segundo, Error - 0
2024-11-27 03:41:56,031 - root - INFO - Cloudflare (Anycast): Tiempo - 0.1505 segundos, Ancho de banda - 2418477.16 bytes/segundo, Error - 0
2024-11-27 03:41:56,158 - root - INFO - Cloudflare (Anycast): Tiempo - 0.1083 segundos, Ancho de banda - 3361623.93 bytes/segundo, Error - 0
2024-11-27 03:41:56,298 - root - INFO - Cloudflare (Anycast): Tiempo - 0.1267 segundos, Ancho de banda - 2872098.60 bytes/segundo, Error - 0
2024-11-27 03:41:56,447 - root - INFO - Cloudflare (Anycast): Tiempo - 0.1373 segundos, Ancho de banda - 2650749.03 bytes/segundo, Error - 0
2024-11-27 03:41:56,581 - root - INFO - Cloudflare (Anycast): Tiempo - 0.1230 segundos, Ancho de banda - 2959302.97 bytes/segundo, Error - 0
2024-11-27 03:41:56,739 - root - INFO - Cloudflare (Anycast): Tiempo - 0.1469 segundos, Ancho de banda - 2477946.40 bytes/segundo, Error - 0
2024-11-27 03:41:56,906 - root - INFO - Cloudflare (Anycast): Tiempo - 0.1564 segundos, Ancho de banda - 2327610.86 bytes/segundo, Error - 0
2024-11-27 03:41:57,042 - root - INFO - Cloudflare (Anycast): Tiempo - 0.1220 segundos, Ancho de banda - 2982970.59 bytes/segundo, Error - 0
2024-11-27 03:41:57,196 - root - INFO - Cloudflare (Anycast): Tiempo - 0.1420 segundos, Ancho de banda - 2563397.85 bytes/segundo, Error - 0
2024-11-27 03:41:57,349 - root - INFO - Cloudflare (Anycast): Tiempo - 0.1423 segundos, Ancho de banda - 2558663.23 bytes/segundo, Error - 0
2024-11-27 03:41:57,502 - root - INFO - Cloudflare (Anycast): Tiempo - 0.1420 segundos, Ancho de banda - 2564060.89 bytes/segundo, Error - 0
2024-11-27 03:41:57,653 - root - INFO - Cloudflare (Anycast): Tiempo - 0.1407 segundos, Ancho de banda - 2586420.08 bytes/segundo, Error - 0
2024-11-27 03:41:57,781 - root - INFO - Cloudflare (Anycast): Tiempo - 0.1175 segundos, Ancho de banda - 3097646.69 bytes/segundo, Error - 0
2024-11-27 03:41:57,906 - root - INFO - Cloudflare (Anycast): Tiempo - 0.1138 segundos, Ancho de banda - 3197538.54 bytes/segundo, Error - 0
2024-11-27 03:41:58,041 - root - INFO - Cloudflare (Anycast): Tiempo - 0.1202 segundos, Ancho de banda - 3028507.21 bytes/segundo, Error - 0
2024-11-27 03:41:58,208 - root - INFO - Cloudflare (Anycast): Tiempo - 0.1556 segundos, Ancho de banda - 2338972.89 bytes/segundo, Error - 0
2024-11-27 03:41:58,351 - root - INFO - Cloudflare (Anycast): Tiempo - 0.1319 segundos, Ancho de banda - 2759786.66 bytes/segundo, Error - 0
2024-11-27 03:41:58,479 - root - INFO - Cloudflare (Anycast): Tiempo - 0.1160 segundos, Ancho de banda - 3136771.52 bytes/segundo, Error - 0
2024-11-27 03:41:58,612 - root - INFO - Cloudflare (Anycast): Tiempo - 0.1193 segundos, Ancho de banda - 3051480.62 bytes/segundo, Error - 0
2024-11-27 03:41:58,738 - root - INFO - Cloudflare (Anycast): Tiempo - 0.1151 segundos, Ancho de banda - 3162648.26 bytes/segundo, Error - 0
2024-11-27 03:41:58,894 - root - INFO - Cloudflare (Anycast): Tiempo - 0.1464 segundos, Ancho de banda - 2485778.07 bytes/segundo, Error - 0
2024-11-27 03:41:59,066 - root - INFO - Cloudflare (Anycast): Tiempo - 0.1607 segundos, Ancho de banda - 2265450.24 bytes/segundo, Error - 0
2024-11-27 03:41:59,248 - root - INFO - Cloudflare (Anycast): Tiempo - 0.1672 segundos, Ancho de banda - 2176856.02 bytes/segundo, Error - 0
2024-11-27 03:41:59,376 - root - INFO - Cloudflare (Anycast): Tiempo - 0.1174 segundos, Ancho de banda - 3101076.07 bytes/segundo, Error - 0
2024-11-27 03:41:59,502 - root - INFO - Cloudflare (Anycast): Tiempo - 0.1131 segundos, Ancho de banda - 3219522.17 bytes/segundo, Error - 0
2024-11-27 03:41:59,664 - root - INFO - Cloudflare (Anycast): Tiempo - 0.1468 segundos, Ancho de banda - 2479628.80 bytes/segundo, Error - 0
2024-11-27 03:41:59,796 - root - INFO - Cloudflare (Anycast): Tiempo - 0.1172 segundos, Ancho de banda - 3104626.69 bytes/segundo, Error - 0
2024-11-27 03:41:59,956 - root - INFO - Cloudflare (Anycast): Tiempo - 0.1502 segundos, Ancho de banda - 2423318.24 bytes/segundo, Error - 0
2024-11-27 03:42:00,084 - root - INFO - Cloudflare (Anycast): Tiempo - 0.1173 segundos, Ancho de banda - 3103288.73 bytes/segundo, Error - 0
2024-11-27 03:42:00,216 - root - INFO - Cloudflare (Anycast): Tiempo - 0.1219 segundos, Ancho de banda - 2985887.80 bytes/segundo, Error - 0
2024-11-27 03:42:00,373 - root - INFO - Cloudflare (Anycast): Tiempo - 0.1468 segundos, Ancho de banda - 2479761.72 bytes/segundo, Error - 0
2024-11-27 03:42:00,510 - root - INFO - Cloudflare (Anycast): Tiempo - 0.1255 segundos, Ancho de banda - 2900545.92 bytes/segundo, Error - 0
2024-11-27 03:42:00,637 - root - INFO - Cloudflare (Anycast): Tiempo - 0.1158 segundos, Ancho de banda - 3143055.32 bytes/segundo, Error - 0
2024-11-27 03:42:00,801 - root - INFO - Cloudflare (Anycast): Tiempo - 0.1532 segundos, Ancho de banda - 2376328.30 bytes/segundo, Error - 0
2024-11-27 03:42:00,955 - root - INFO - Cloudflare (Anycast): Tiempo - 0.1417 segundos, Ancho de banda - 2568076.58 bytes/segundo, Error - 0
2024-11-27 03:42:01,088 - root - INFO - Cloudflare (Anycast): Tiempo - 0.1195 segundos, Ancho de banda - 3046104.23 bytes/segundo, Error - 0
2024-11-27 03:42:01,260 - root - INFO - Cloudflare (Anycast): Tiempo - 0.1593 segundos, Ancho de banda - 2284403.82 bytes/segundo, Error - 0
2024-11-27 03:42:01,449 - root - INFO - Cloudflare (Anycast): Tiempo - 0.1738 segundos, Ancho de banda - 2093982.00 bytes/segundo, Error - 0
2024-11-27 03:42:01,589 - root - INFO - Cloudflare (Anycast): Tiempo - 0.1298 segundos, Ancho de banda - 2804436.88 bytes/segundo, Error - 0
2024-11-27 03:42:01,747 - root - INFO - Cloudflare (Anycast): Tiempo - 0.1470 segundos, Ancho de banda - 2476310.46 bytes/segundo, Error - 0
2024-11-27 03:42:01,923 - root - INFO - Cloudflare (Anycast): Tiempo - 0.1506 segundos, Ancho de banda - 2416949.39 bytes/segundo, Error - 0
2024-11-27 03:42:02,064 - root - INFO - Cloudflare (Anycast): Tiempo - 0.1297 segundos, Ancho de banda - 2805859.52 bytes/segundo, Error - 0
2024-11-27 03:42:02,235 - root - INFO - Cloudflare (Anycast): Tiempo - 0.1594 segundos, Ancho de banda - 2283044.12 bytes/segundo, Error - 0
2024-11-27 03:42:02,382 - root - INFO - Cloudflare (Anycast): Tiempo - 0.1374 segundos, Ancho de banda - 2649019.55 bytes/segundo, Error - 0
2024-11-27 03:42:02,505 - root - INFO - Cloudflare (Anycast): Tiempo - 0.1119 segundos, Ancho de banda - 3251732.96 bytes/segundo, Error - 0
2024-11-27 03:42:02,658 - root - INFO - Cloudflare (Anycast): Tiempo - 0.1421 segundos, Ancho de banda - 2561655.77 bytes/segundo, Error - 0
2024-11-27 03:42:02,808 - root - INFO - Cloudflare (Anycast): Tiempo - 0.1395 segundos, Ancho de banda - 2608695.58 bytes/segundo, Error - 0
2024-11-27 03:42:02,962 - root - INFO - Cloudflare (Anycast): Tiempo - 0.1386 segundos, Ancho de banda - 2625931.15 bytes/segundo, Error - 0
2024-11-27 03:42:03,105 - root - INFO - Cloudflare (Anycast): Tiempo - 0.1332 segundos, Ancho de banda - 2731501.76 bytes/segundo, Error - 0
2024-11-27 03:42:03,266 - root - INFO - Cloudflare (Anycast): Tiempo - 0.1503 segundos, Ancho de banda - 2421722.88 bytes/segundo, Error - 0
2024-11-27 03:42:03,462 - root - INFO - Cloudflare (Anycast): Tiempo - 0.1840 segundos, Ancho de banda - 1978146.36 bytes/segundo, Error - 0
2024-11-27 03:42:03,601 - root - INFO - Cloudflare (Anycast): Tiempo - 0.1285 segundos, Ancho de banda - 2832141.67 bytes/segundo, Error - 0
2024-11-27 03:42:03,731 - root - INFO - Cloudflare (Anycast): Tiempo - 0.1184 segundos, Ancho de banda - 3072855.64 bytes/segundo, Error - 0
2024-11-27 03:42:03,864 - root - INFO - Cloudflare (Anycast): Tiempo - 0.1212 segundos, Ancho de banda - 3002607.71 bytes/segundo, Error - 0
2024-11-27 03:42:04,024 - root - INFO - Cloudflare (Anycast): Tiempo - 0.1484 segundos, Ancho de banda - 2453044.65 bytes/segundo, Error - 0
2024-11-27 03:42:04,184 - root - INFO - Cloudflare (Anycast): Tiempo - 0.1488 segundos, Ancho de banda - 2445907.32 bytes/segundo, Error - 0
2024-11-27 03:42:04,322 - root - INFO - Cloudflare (Anycast): Tiempo - 0.1262 segundos, Ancho de banda - 2883006.26 bytes/segundo, Error - 0
2024-11-27 03:42:04,468 - root - INFO - Cloudflare (Anycast): Tiempo - 0.1341 segundos, Ancho de banda - 2714763.01 bytes/segundo, Error - 0
2024-11-27 03:42:04,643 - root - INFO - Cloudflare (Anycast): Tiempo - 0.1651 segundos, Ancho de banda - 2204977.63 bytes/segundo, Error - 0
2024-11-27 03:42:04,777 - root - INFO - Cloudflare (Anycast): Tiempo - 0.1230 segundos, Ancho de banda - 2959125.15 bytes/segundo, Error - 0
2024-11-27 03:42:04,918 - root - INFO - Cloudflare (Anycast): Tiempo - 0.1289 segundos, Ancho de banda - 2823900.90 bytes/segundo, Error - 0
2024-11-27 03:42:05,077 - root - INFO - Cloudflare (Anycast): Tiempo - 0.1491 segundos, Ancho de banda - 2441326.99 bytes/segundo, Error - 0
2024-11-27 03:42:05,233 - root - INFO - Cloudflare (Anycast): Tiempo - 0.1442 segundos, Ancho de banda - 2523953.78 bytes/segundo, Error - 0
2024-11-27 03:42:05,398 - root - INFO - Cloudflare (Anycast): Tiempo - 0.1528 segundos, Ancho de banda - 2382302.41 bytes/segundo, Error - 0
2024-11-27 03:42:05,544 - root - INFO - Cloudflare (Anycast): Tiempo - 0.1315 segundos, Ancho de banda - 2767446.23 bytes/segundo, Error - 0
2024-11-27 03:42:05,672 - root - INFO - Cloudflare (Anycast): Tiempo - 0.1173 segundos, Ancho de banda - 3103528.47 bytes/segundo, Error - 0
2024-11-27 03:42:05,806 - root - INFO - Cloudflare (Anycast): Tiempo - 0.1214 segundos, Ancho de banda - 2998597.20 bytes/segundo, Error - 0
2024-11-27 03:42:05,973 - root - INFO - Cloudflare (Anycast): Tiempo - 0.1559 segundos, Ancho de banda - 2335087.52 bytes/segundo, Error - 0
2024-11-27 03:42:06,110 - root - INFO - Cloudflare (Anycast): Tiempo - 0.1236 segundos, Ancho de banda - 2944860.25 bytes/segundo, Error - 0
2024-11-27 03:42:06,250 - root - INFO - Cloudflare (Anycast): Tiempo - 0.1299 segundos, Ancho de banda - 2801390.28 bytes/segundo, Error - 0
2024-11-27 03:42:06,393 - root - INFO - Cloudflare (Anycast): Tiempo - 0.1315 segundos, Ancho de banda - 2767882.76 bytes/segundo, Error - 0
2024-11-27 03:42:06,541 - root - INFO - Cloudflare (Anycast): Tiempo - 0.1360 segundos, Ancho de banda - 2675566.80 bytes/segundo, Error - 0
2024-11-27 03:42:06,704 - root - INFO - Cloudflare (Anycast): Tiempo - 0.1526 segundos, Ancho de banda - 2384464.33 bytes/segundo, Error - 0
2024-11-27 03:42:06,839 - root - INFO - Cloudflare (Anycast): Tiempo - 0.1239 segundos, Ancho de banda - 2938172.21 bytes/segundo, Error - 0
2024-11-27 03:42:06,992 - root - INFO - Cloudflare (Anycast): Tiempo - 0.1420 segundos, Ancho de banda - 2562601.79 bytes/segundo, Error - 0
2024-11-27 03:42:07,138 - root - INFO - Cloudflare (Anycast): Tiempo - 0.1350 segundos, Ancho de banda - 2695602.96 bytes/segundo, Error - 0
2024-11-27 03:42:07,288 - root - INFO - Cloudflare (Anycast): Tiempo - 0.1372 segundos, Ancho de banda - 2652955.56 bytes/segundo, Error - 0
2024-11-27 03:42:07,444 - root - INFO - Cloudflare (Anycast): Tiempo - 0.1422 segundos, Ancho de banda - 2559456.84 bytes/segundo, Error - 0
2024-11-27 03:42:07,580 - root - INFO - Cloudflare (Anycast): Tiempo - 0.1252 segundos, Ancho de banda - 2907672.64 bytes/segundo, Error - 0
2024-11-27 03:42:07,705 - root - INFO - Cloudflare (Anycast): Tiempo - 0.1126 segundos, Ancho de banda - 3233796.24 bytes/segundo, Error - 0
2024-11-27 03:42:07,853 - root - INFO - Cloudflare (Anycast): Tiempo - 0.1372 segundos, Ancho de banda - 2653771.84 bytes/segundo, Error - 0
2024-11-27 03:42:08,003 - root - INFO - Cloudflare (Anycast): Tiempo - 0.1367 segundos, Ancho de banda - 2662394.14 bytes/segundo, Error - 0
2024-11-27 03:42:08,192 - root - INFO - Cloudflare (Anycast): Tiempo - 0.1777 segundos, Ancho de banda - 2048303.81 bytes/segundo, Error - 0
2024-11-27 03:42:08,333 - root - INFO - Cloudflare (Anycast): Tiempo - 0.1290 segundos, Ancho de banda - 2821432.28 bytes/segundo, Error - 0
2024-11-27 03:42:08,469 - root - INFO - Cloudflare (Anycast): Tiempo - 0.1231 segundos, Ancho de banda - 2957898.17 bytes/segundo, Error - 0
2024-11-27 03:42:08,600 - root - INFO - Cloudflare (Anycast): Tiempo - 0.1196 segundos, Ancho de banda - 3042649.74 bytes/segundo, Error - 0
2024-11-27 03:42:08,758 - root - INFO - Cloudflare (Anycast): Tiempo - 0.1479 segundos, Ancho de banda - 2461362.19 bytes/segundo, Error - 0
2024-11-27 03:42:08,889 - root - INFO - Cloudflare (Anycast): Tiempo - 0.1197 segundos, Ancho de banda - 3040377.34 bytes/segundo, Error - 0
2024-11-27 03:42:09,023 - root - INFO - Cloudflare (Anycast): Tiempo - 0.1215 segundos, Ancho de banda - 2996625.37 bytes/segundo, Error - 0
2024-11-27 03:42:09,156 - root - INFO - Cloudflare (Anycast): Tiempo - 0.1190 segundos, Ancho de banda - 3058970.87 bytes/segundo, Error - 0
2024-11-27 03:42:09,301 - root - INFO - Cloudflare (Anycast): Tiempo - 0.1344 segundos, Ancho de banda - 2709111.93 bytes/segundo, Error - 0
2024-11-27 03:42:09,429 - root - INFO - Cloudflare (Anycast): Tiempo - 0.1161 segundos, Ancho de banda - 3133976.77 bytes/segundo, Error - 0
2024-11-27 03:42:09,548 - root - INFO - Cloudflare (Anycast): Tiempo - 0.1079 segundos, Ancho de banda - 3372592.95 bytes/segundo, Error - 0
2024-11-27 03:42:09,676 - root - INFO - Cloudflare (Anycast): Tiempo - 0.1156 segundos, Ancho de banda - 3149669.74 bytes/segundo, Error - 0
2024-11-27 03:42:09,808 - root - INFO - Cloudflare (Anycast): Tiempo - 0.1203 segundos, Ancho de banda - 3026057.91 bytes/segundo, Error - 0
2024-11-27 03:42:09,937 - root - INFO - Cloudflare (Anycast): Tiempo - 0.1168 segundos, Ancho de banda - 3115003.32 bytes/segundo, Error - 0
2024-11-27 03:42:10,065 - root - INFO - Cloudflare (Anycast): Tiempo - 0.1155 segundos, Ancho de banda - 3152492.56 bytes/segundo, Error - 0
2024-11-27 03:42:10,217 - root - INFO - Cloudflare (Anycast): Tiempo - 0.1402 segundos, Ancho de banda - 2595650.73 bytes/segundo, Error - 0
2024-11-27 03:42:10,366 - root - INFO - Cloudflare (Anycast): Tiempo - 0.1369 segundos, Ancho de banda - 2658309.74 bytes/segundo, Error - 0
2024-11-27 03:42:10,508 - root - INFO - Cloudflare (Anycast): Tiempo - 0.1306 segundos, Ancho de banda - 2786327.23 bytes/segundo, Error - 0
2024-11-27 03:42:10,635 - root - INFO - Cloudflare (Anycast): Tiempo - 0.1158 segundos, Ancho de banda - 3141768.10 bytes/segundo, Error - 0
2024-11-27 03:42:10,781 - root - INFO - Cloudflare (Anycast): Tiempo - 0.1358 segundos, Ancho de banda - 2679709.15 bytes/segundo, Error - 0
2024-11-27 03:42:10,910 - root - INFO - Cloudflare (Anycast): Tiempo - 0.1176 segundos, Ancho de banda - 3094620.05 bytes/segundo, Error - 0
2024-11-27 03:42:11,056 - root - INFO - Cloudflare (Anycast): Tiempo - 0.1329 segundos, Ancho de banda - 2738749.40 bytes/segundo, Error - 0
2024-11-27 03:42:11,185 - root - INFO - Cloudflare (Anycast): Tiempo - 0.1153 segundos, Ancho de banda - 3157722.26 bytes/segundo, Error - 0
2024-11-27 03:42:11,366 - root - INFO - Cloudflare (Anycast): Tiempo - 0.1697 segundos, Ancho de banda - 2145180.90 bytes/segundo, Error - 0
2024-11-27 03:42:11,515 - root - INFO - Cloudflare (Anycast): Tiempo - 0.1351 segundos, Ancho de banda - 2694251.87 bytes/segundo, Error - 0
2024-11-27 03:42:11,659 - root - INFO - Cloudflare (Anycast): Tiempo - 0.1298 segundos, Ancho de banda - 2803896.04 bytes/segundo, Error - 0
2024-11-27 03:42:11,803 - root - INFO - Cloudflare (Anycast): Tiempo - 0.1263 segundos, Ancho de banda - 2880743.09 bytes/segundo, Error - 0
2024-11-27 03:42:11,946 - root - INFO - Cloudflare (Anycast): Tiempo - 0.1309 segundos, Ancho de banda - 2779640.55 bytes/segundo, Error - 0
2024-11-27 03:42:12,085 - root - INFO - Cloudflare (Anycast): Tiempo - 0.1256 segundos, Ancho de banda - 2898921.07 bytes/segundo, Error - 0
2024-11-27 03:42:12,223 - root - INFO - Cloudflare (Anycast): Tiempo - 0.1263 segundos, Ancho de banda - 2882701.40 bytes/segundo, Error - 0
2024-11-27 03:42:12,373 - root - INFO - Cloudflare (Anycast): Tiempo - 0.1392 segundos, Ancho de banda - 2614118.61 bytes/segundo, Error - 0
2024-11-27 03:42:12,519 - root - INFO - Cloudflare (Anycast): Tiempo - 0.1333 segundos, Ancho de banda - 2730383.01 bytes/segundo, Error - 0
2024-11-27 03:42:12,519 - root - INFO - Resultados para Cloudflare (Anycast):
 - Tiempo promedio: 0.1361 segundos
 - Ancho de banda promedio: 2710788.33 bytes/segundo
 - Tasa de error: 0.00%

2024-11-27 03:42:12,918 - root - INFO - Bing (FastRoute): Tiempo - 0.3894 segundos, Ancho de banda - 129321.74 bytes/segundo, Error - 0
2024-11-27 03:42:13,205 - root - INFO - Bing (FastRoute): Tiempo - 0.2729 segundos, Ancho de banda - 190303.75 bytes/segundo, Error - 0
2024-11-27 03:42:13,500 - root - INFO - Bing (FastRoute): Tiempo - 0.2706 segundos, Ancho de banda - 186095.64 bytes/segundo, Error - 0
2024-11-27 03:42:13,796 - root - INFO - Bing (FastRoute): Tiempo - 0.2659 segundos, Ancho de banda - 191363.65 bytes/segundo, Error - 0
2024-11-27 03:42:14,094 - root - INFO - Bing (FastRoute): Tiempo - 0.2947 segundos, Ancho de banda - 171817.68 bytes/segundo, Error - 0
2024-11-27 03:42:14,389 - root - INFO - Bing (FastRoute): Tiempo - 0.2734 segundos, Ancho de banda - 184378.15 bytes/segundo, Error - 0
2024-11-27 03:42:14,684 - root - INFO - Bing (FastRoute): Tiempo - 0.2779 segundos, Ancho de banda - 181597.00 bytes/segundo, Error - 0
2024-11-27 03:42:14,972 - root - INFO - Bing (FastRoute): Tiempo - 0.2692 segundos, Ancho de banda - 187351.34 bytes/segundo, Error - 0
2024-11-27 03:42:15,268 - root - INFO - Bing (FastRoute): Tiempo - 0.2917 segundos, Ancho de banda - 175034.90 bytes/segundo, Error - 0
2024-11-27 03:42:15,557 - root - INFO - Bing (FastRoute): Tiempo - 0.2814 segundos, Ancho de banda - 180738.67 bytes/segundo, Error - 0
2024-11-27 03:42:15,847 - root - INFO - Bing (FastRoute): Tiempo - 0.2856 segundos, Ancho de banda - 177371.29 bytes/segundo, Error - 0
2024-11-27 03:42:16,137 - root - INFO - Bing (FastRoute): Tiempo - 0.2752 segundos, Ancho de banda - 184054.32 bytes/segundo, Error - 0
2024-11-27 03:42:16,413 - root - INFO - Bing (FastRoute): Tiempo - 0.2628 segundos, Ancho de banda - 192612.43 bytes/segundo, Error - 0
2024-11-27 03:42:16,733 - root - INFO - Bing (FastRoute): Tiempo - 0.3036 segundos, Ancho de banda - 166447.20 bytes/segundo, Error - 0
2024-11-27 03:42:17,025 - root - INFO - Bing (FastRoute): Tiempo - 0.2773 segundos, Ancho de banda - 181617.83 bytes/segundo, Error - 0
2024-11-27 03:42:17,318 - root - INFO - Bing (FastRoute): Tiempo - 0.2696 segundos, Ancho de banda - 188876.43 bytes/segundo, Error - 0
2024-11-27 03:42:17,621 - root - INFO - Bing (FastRoute): Tiempo - 0.2842 segundos, Ancho de banda - 178206.48 bytes/segundo, Error - 0
2024-11-27 03:42:17,928 - root - INFO - Bing (FastRoute): Tiempo - 0.2765 segundos, Ancho de banda - 187251.33 bytes/segundo, Error - 0
2024-11-27 03:42:18,226 - root - INFO - Bing (FastRoute): Tiempo - 0.2833 segundos, Ancho de banda - 179052.77 bytes/segundo, Error - 0
2024-11-27 03:42:18,524 - root - INFO - Bing (FastRoute): Tiempo - 0.2751 segundos, Ancho de banda - 186062.27 bytes/segundo, Error - 0
2024-11-27 03:42:18,810 - root - INFO - Bing (FastRoute): Tiempo - 0.2830 segundos, Ancho de banda - 178129.14 bytes/segundo, Error - 0
2024-11-27 03:42:19,104 - root - INFO - Bing (FastRoute): Tiempo - 0.2748 segundos, Ancho de banda - 189372.43 bytes/segundo, Error - 0
2024-11-27 03:42:19,394 - root - INFO - Bing (FastRoute): Tiempo - 0.2741 segundos, Ancho de banda - 185770.00 bytes/segundo, Error - 0
2024-11-27 03:42:19,680 - root - INFO - Bing (FastRoute): Tiempo - 0.2792 segundos, Ancho de banda - 184467.09 bytes/segundo, Error - 0
2024-11-27 03:42:19,991 - root - INFO - Bing (FastRoute): Tiempo - 0.2789 segundos, Ancho de banda - 181847.09 bytes/segundo, Error - 0
2024-11-27 03:42:20,281 - root - INFO - Bing (FastRoute): Tiempo - 0.2747 segundos, Ancho de banda - 187714.73 bytes/segundo, Error - 0
2024-11-27 03:42:20,558 - root - INFO - Bing (FastRoute): Tiempo - 0.2680 segundos, Ancho de banda - 192179.60 bytes/segundo, Error - 0
2024-11-27 03:42:20,831 - root - INFO - Bing (FastRoute): Tiempo - 0.2699 segundos, Ancho de banda - 186621.11 bytes/segundo, Error - 0
2024-11-27 03:42:21,124 - root - INFO - Bing (FastRoute): Tiempo - 0.2767 segundos, Ancho de banda - 187817.76 bytes/segundo, Error - 0
2024-11-27 03:42:21,415 - root - INFO - Bing (FastRoute): Tiempo - 0.2730 segundos, Ancho de banda - 184928.45 bytes/segundo, Error - 0
2024-11-27 03:42:21,693 - root - INFO - Bing (FastRoute): Tiempo - 0.2716 segundos, Ancho de banda - 186964.81 bytes/segundo, Error - 0
2024-11-27 03:42:21,973 - root - INFO - Bing (FastRoute): Tiempo - 0.2716 segundos, Ancho de banda - 186289.97 bytes/segundo, Error - 0
2024-11-27 03:42:22,260 - root - INFO - Bing (FastRoute): Tiempo - 0.2786 segundos, Ancho de banda - 185071.12 bytes/segundo, Error - 0
2024-11-27 03:42:22,562 - root - INFO - Bing (FastRoute): Tiempo - 0.2793 segundos, Ancho de banda - 186520.20 bytes/segundo, Error - 0
2024-11-27 03:42:22,854 - root - INFO - Bing (FastRoute): Tiempo - 0.2714 segundos, Ancho de banda - 187470.33 bytes/segundo, Error - 0
2024-11-27 03:42:23,149 - root - INFO - Bing (FastRoute): Tiempo - 0.2775 segundos, Ancho de banda - 187318.79 bytes/segundo, Error - 0
2024-11-27 03:42:23,445 - root - INFO - Bing (FastRoute): Tiempo - 0.2728 segundos, Ancho de banda - 189039.23 bytes/segundo, Error - 0
2024-11-27 03:42:23,738 - root - INFO - Bing (FastRoute): Tiempo - 0.2767 segundos, Ancho de banda - 187397.24 bytes/segundo, Error - 0
2024-11-27 03:42:24,032 - root - INFO - Bing (FastRoute): Tiempo - 0.2867 segundos, Ancho de banda - 177466.40 bytes/segundo, Error - 0
2024-11-27 03:42:24,312 - root - INFO - Bing (FastRoute): Tiempo - 0.2727 segundos, Ancho de banda - 188729.97 bytes/segundo, Error - 0
2024-11-27 03:42:24,629 - root - INFO - Bing (FastRoute): Tiempo - 0.2930 segundos, Ancho de banda - 171902.94 bytes/segundo, Error - 0
2024-11-27 03:42:24,943 - root - INFO - Bing (FastRoute): Tiempo - 0.3087 segundos, Ancho de banda - 164444.01 bytes/segundo, Error - 0
2024-11-27 03:42:25,245 - root - INFO - Bing (FastRoute): Tiempo - 0.2946 segundos, Ancho de banda - 172748.59 bytes/segundo, Error - 0
2024-11-27 03:42:25,530 - root - INFO - Bing (FastRoute): Tiempo - 0.2731 segundos, Ancho de banda - 190331.24 bytes/segundo, Error - 0
2024-11-27 03:42:25,835 - root - INFO - Bing (FastRoute): Tiempo - 0.2839 segundos, Ancho de banda - 177610.56 bytes/segundo, Error - 0
2024-11-27 03:42:26,128 - root - INFO - Bing (FastRoute): Tiempo - 0.2871 segundos, Ancho de banda - 176577.05 bytes/segundo, Error - 0
2024-11-27 03:42:26,421 - root - INFO - Bing (FastRoute): Tiempo - 0.2830 segundos, Ancho de banda - 178304.82 bytes/segundo, Error - 0
2024-11-27 03:42:26,707 - root - INFO - Bing (FastRoute): Tiempo - 0.2779 segundos, Ancho de banda - 181937.73 bytes/segundo, Error - 0
2024-11-27 03:42:26,972 - root - INFO - Bing (FastRoute): Tiempo - 0.2584 segundos, Ancho de banda - 195820.19 bytes/segundo, Error - 0
2024-11-27 03:42:27,263 - root - INFO - Bing (FastRoute): Tiempo - 0.2862 segundos, Ancho de banda - 177177.80 bytes/segundo, Error - 0
2024-11-27 03:42:27,579 - root - INFO - Bing (FastRoute): Tiempo - 0.2898 segundos, Ancho de banda - 177774.90 bytes/segundo, Error - 0
2024-11-27 03:42:27,878 - root - INFO - Bing (FastRoute): Tiempo - 0.2887 segundos, Ancho de banda - 179603.52 bytes/segundo, Error - 0
2024-11-27 03:42:28,161 - root - INFO - Bing (FastRoute): Tiempo - 0.2719 segundos, Ancho de banda - 186323.36 bytes/segundo, Error - 0
2024-11-27 03:42:28,448 - root - INFO - Bing (FastRoute): Tiempo - 0.2698 segundos, Ancho de banda - 191434.73 bytes/segundo, Error - 0
2024-11-27 03:42:28,737 - root - INFO - Bing (FastRoute): Tiempo - 0.2685 segundos, Ancho de banda - 189087.48 bytes/segundo, Error - 0
2024-11-27 03:42:29,014 - root - INFO - Bing (FastRoute): Tiempo - 0.2698 segundos, Ancho de banda - 186632.32 bytes/segundo, Error - 0
2024-11-27 03:42:29,300 - root - INFO - Bing (FastRoute): Tiempo - 0.2650 segundos, Ancho de banda - 191415.52 bytes/segundo, Error - 0
2024-11-27 03:42:29,595 - root - INFO - Bing (FastRoute): Tiempo - 0.2713 segundos, Ancho de banda - 185659.08 bytes/segundo, Error - 0
2024-11-27 03:42:29,881 - root - INFO - Bing (FastRoute): Tiempo - 0.2669 segundos, Ancho de banda - 189126.72 bytes/segundo, Error - 0
2024-11-27 03:42:30,179 - root - INFO - Bing (FastRoute): Tiempo - 0.2769 segundos, Ancho de banda - 182822.49 bytes/segundo, Error - 0
2024-11-27 03:42:30,473 - root - INFO - Bing (FastRoute): Tiempo - 0.2781 segundos, Ancho de banda - 181098.07 bytes/segundo, Error - 0
2024-11-27 03:42:30,762 - root - INFO - Bing (FastRoute): Tiempo - 0.2789 segundos, Ancho de banda - 181508.37 bytes/segundo, Error - 0
2024-11-27 03:42:31,069 - root - INFO - Bing (FastRoute): Tiempo - 0.2843 segundos, Ancho de banda - 177362.18 bytes/segundo, Error - 0
2024-11-27 03:42:31,376 - root - INFO - Bing (FastRoute): Tiempo - 0.2931 segundos, Ancho de banda - 173635.66 bytes/segundo, Error - 0
2024-11-27 03:42:31,673 - root - INFO - Bing (FastRoute): Tiempo - 0.2891 segundos, Ancho de banda - 178464.39 bytes/segundo, Error - 0
2024-11-27 03:42:31,979 - root - INFO - Bing (FastRoute): Tiempo - 0.2917 segundos, Ancho de banda - 172665.96 bytes/segundo, Error - 0
2024-11-27 03:42:32,259 - root - INFO - Bing (FastRoute): Tiempo - 0.2778 segundos, Ancho de banda - 181694.38 bytes/segundo, Error - 0
2024-11-27 03:42:32,547 - root - INFO - Bing (FastRoute): Tiempo - 0.2740 segundos, Ancho de banda - 185752.09 bytes/segundo, Error - 0
2024-11-27 03:42:32,826 - root - INFO - Bing (FastRoute): Tiempo - 0.2711 segundos, Ancho de banda - 187968.09 bytes/segundo, Error - 0
2024-11-27 03:42:33,231 - root - INFO - Bing (FastRoute): Tiempo - 0.3925 segundos, Ancho de banda - 129880.48 bytes/segundo, Error - 0
2024-11-27 03:42:33,530 - root - INFO - Bing (FastRoute): Tiempo - 0.2801 segundos, Ancho de banda - 184065.66 bytes/segundo, Error - 0
2024-11-27 03:42:33,807 - root - INFO - Bing (FastRoute): Tiempo - 0.2709 segundos, Ancho de banda - 185889.87 bytes/segundo, Error - 0
2024-11-27 03:42:34,100 - root - INFO - Bing (FastRoute): Tiempo - 0.2729 segundos, Ancho de banda - 190235.77 bytes/segundo, Error - 0
2024-11-27 03:42:34,391 - root - INFO - Bing (FastRoute): Tiempo - 0.2724 segundos, Ancho de banda - 187577.25 bytes/segundo, Error - 0
2024-11-27 03:42:34,684 - root - INFO - Bing (FastRoute): Tiempo - 0.2835 segundos, Ancho de banda - 178017.99 bytes/segundo, Error - 0
2024-11-27 03:42:35,004 - root - INFO - Bing (FastRoute): Tiempo - 0.2966 segundos, Ancho de banda - 170711.36 bytes/segundo, Error - 0
2024-11-27 03:42:35,309 - root - INFO - Bing (FastRoute): Tiempo - 0.2815 segundos, Ancho de banda - 181209.24 bytes/segundo, Error - 0
2024-11-27 03:42:35,616 - root - INFO - Bing (FastRoute): Tiempo - 0.2717 segundos, Ancho de banda - 190447.62 bytes/segundo, Error - 0
2024-11-27 03:42:35,900 - root - INFO - Bing (FastRoute): Tiempo - 0.2771 segundos, Ancho de banda - 181974.06 bytes/segundo, Error - 0
2024-11-27 03:42:36,218 - root - INFO - Bing (FastRoute): Tiempo - 0.2801 segundos, Ancho de banda - 180725.44 bytes/segundo, Error - 0
2024-11-27 03:42:36,606 - root - INFO - Bing (FastRoute): Tiempo - 0.3869 segundos, Ancho de banda - 130784.11 bytes/segundo, Error - 0
2024-11-27 03:42:36,892 - root - INFO - Bing (FastRoute): Tiempo - 0.2807 segundos, Ancho de banda - 184151.73 bytes/segundo, Error - 0
2024-11-27 03:42:37,182 - root - INFO - Bing (FastRoute): Tiempo - 0.2731 segundos, Ancho de banda - 186253.36 bytes/segundo, Error - 0
2024-11-27 03:42:37,465 - root - INFO - Bing (FastRoute): Tiempo - 0.2749 segundos, Ancho de banda - 184529.08 bytes/segundo, Error - 0
2024-11-27 03:42:37,748 - root - INFO - Bing (FastRoute): Tiempo - 0.2766 segundos, Ancho de banda - 182063.19 bytes/segundo, Error - 0
2024-11-27 03:42:38,053 - root - INFO - Bing (FastRoute): Tiempo - 0.2885 segundos, Ancho de banda - 174553.70 bytes/segundo, Error - 0
2024-11-27 03:42:38,347 - root - INFO - Bing (FastRoute): Tiempo - 0.2855 segundos, Ancho de banda - 182589.16 bytes/segundo, Error - 0
2024-11-27 03:42:38,641 - root - INFO - Bing (FastRoute): Tiempo - 0.2782 segundos, Ancho de banda - 181480.73 bytes/segundo, Error - 0
2024-11-27 03:42:38,946 - root - INFO - Bing (FastRoute): Tiempo - 0.2810 segundos, Ancho de banda - 179219.13 bytes/segundo, Error - 0
2024-11-27 03:42:39,245 - root - INFO - Bing (FastRoute): Tiempo - 0.2881 segundos, Ancho de banda - 178497.41 bytes/segundo, Error - 0
2024-11-27 03:42:39,525 - root - INFO - Bing (FastRoute): Tiempo - 0.2734 segundos, Ancho de banda - 188294.77 bytes/segundo, Error - 0
2024-11-27 03:42:39,810 - root - INFO - Bing (FastRoute): Tiempo - 0.2737 segundos, Ancho de banda - 189234.52 bytes/segundo, Error - 0
2024-11-27 03:42:40,102 - root - INFO - Bing (FastRoute): Tiempo - 0.2765 segundos, Ancho de banda - 183127.12 bytes/segundo, Error - 0
2024-11-27 03:42:40,382 - root - INFO - Bing (FastRoute): Tiempo - 0.2725 segundos, Ancho de banda - 184825.86 bytes/segundo, Error - 0
2024-11-27 03:42:40,682 - root - INFO - Bing (FastRoute): Tiempo - 0.2862 segundos, Ancho de banda - 182125.99 bytes/segundo, Error - 0
2024-11-27 03:42:40,977 - root - INFO - Bing (FastRoute): Tiempo - 0.2915 segundos, Ancho de banda - 173033.40 bytes/segundo, Error - 0
2024-11-27 03:42:41,280 - root - INFO - Bing (FastRoute): Tiempo - 0.2874 segundos, Ancho de banda - 179155.80 bytes/segundo, Error - 0
2024-11-27 03:42:41,569 - root - INFO - Bing (FastRoute): Tiempo - 0.2810 segundos, Ancho de banda - 185056.80 bytes/segundo, Error - 0
2024-11-27 03:42:41,877 - root - INFO - Bing (FastRoute): Tiempo - 0.2811 segundos, Ancho de banda - 179526.27 bytes/segundo, Error - 0
2024-11-27 03:42:42,178 - root - INFO - Bing (FastRoute): Tiempo - 0.2863 segundos, Ancho de banda - 175892.95 bytes/segundo, Error - 0
2024-11-27 03:42:42,466 - root - INFO - Bing (FastRoute): Tiempo - 0.2743 segundos, Ancho de banda - 184487.92 bytes/segundo, Error - 0
2024-11-27 03:42:42,742 - root - INFO - Bing (FastRoute): Tiempo - 0.2679 segundos, Ancho de banda - 187999.72 bytes/segundo, Error - 0
2024-11-27 03:42:43,030 - root - INFO - Bing (FastRoute): Tiempo - 0.2728 segundos, Ancho de banda - 186780.58 bytes/segundo, Error - 0
2024-11-27 03:42:43,434 - root - INFO - Bing (FastRoute): Tiempo - 0.3966 segundos, Ancho de banda - 128169.42 bytes/segundo, Error - 0
2024-11-27 03:42:43,721 - root - INFO - Bing (FastRoute): Tiempo - 0.2797 segundos, Ancho de banda - 182339.59 bytes/segundo, Error - 0
2024-11-27 03:42:44,106 - root - INFO - Bing (FastRoute): Tiempo - 0.3824 segundos, Ancho de banda - 132497.20 bytes/segundo, Error - 0
2024-11-27 03:42:44,409 - root - INFO - Bing (FastRoute): Tiempo - 0.2770 segundos, Ancho de banda - 183671.70 bytes/segundo, Error - 0
2024-11-27 03:42:44,712 - root - INFO - Bing (FastRoute): Tiempo - 0.2785 segundos, Ancho de banda - 182079.52 bytes/segundo, Error - 0
2024-11-27 03:42:44,989 - root - INFO - Bing (FastRoute): Tiempo - 0.2695 segundos, Ancho de banda - 191029.03 bytes/segundo, Error - 0
2024-11-27 03:42:45,274 - root - INFO - Bing (FastRoute): Tiempo - 0.2771 segundos, Ancho de banda - 182746.27 bytes/segundo, Error - 0
2024-11-27 03:42:45,554 - root - INFO - Bing (FastRoute): Tiempo - 0.2733 segundos, Ancho de banda - 185336.62 bytes/segundo, Error - 0
2024-11-27 03:42:45,855 - root - INFO - Bing (FastRoute): Tiempo - 0.2854 segundos, Ancho de banda - 176781.99 bytes/segundo, Error - 0
2024-11-27 03:42:46,129 - root - INFO - Bing (FastRoute): Tiempo - 0.2656 segundos, Ancho de banda - 190512.26 bytes/segundo, Error - 0
2024-11-27 03:42:46,414 - root - INFO - Bing (FastRoute): Tiempo - 0.2781 segundos, Ancho de banda - 186157.70 bytes/segundo, Error - 0
2024-11-27 03:42:46,694 - root - INFO - Bing (FastRoute): Tiempo - 0.2654 segundos, Ancho de banda - 189786.85 bytes/segundo, Error - 0
2024-11-27 03:42:47,010 - root - INFO - Bing (FastRoute): Tiempo - 0.2781 segundos, Ancho de banda - 181919.20 bytes/segundo, Error - 0
2024-11-27 03:42:47,308 - root - INFO - Bing (FastRoute): Tiempo - 0.2798 segundos, Ancho de banda - 180932.13 bytes/segundo, Error - 0
2024-11-27 03:42:47,587 - root - INFO - Bing (FastRoute): Tiempo - 0.2623 segundos, Ancho de banda - 197595.33 bytes/segundo, Error - 0
2024-11-27 03:42:47,889 - root - INFO - Bing (FastRoute): Tiempo - 0.2802 segundos, Ancho de banda - 185380.35 bytes/segundo, Error - 0
2024-11-27 03:42:48,195 - root - INFO - Bing (FastRoute): Tiempo - 0.2876 segundos, Ancho de banda - 177021.50 bytes/segundo, Error - 0
2024-11-27 03:42:48,491 - root - INFO - Bing (FastRoute): Tiempo - 0.2865 segundos, Ancho de banda - 176653.83 bytes/segundo, Error - 0
2024-11-27 03:42:48,779 - root - INFO - Bing (FastRoute): Tiempo - 0.2669 segundos, Ancho de banda - 188666.19 bytes/segundo, Error - 0
2024-11-27 03:42:49,066 - root - INFO - Bing (FastRoute): Tiempo - 0.2682 segundos, Ancho de banda - 189635.17 bytes/segundo, Error - 0
2024-11-27 03:42:49,350 - root - INFO - Bing (FastRoute): Tiempo - 0.2773 segundos, Ancho de banda - 183668.19 bytes/segundo, Error - 0
2024-11-27 03:42:49,630 - root - INFO - Bing (FastRoute): Tiempo - 0.2701 segundos, Ancho de banda - 186820.04 bytes/segundo, Error - 0
2024-11-27 03:42:49,915 - root - INFO - Bing (FastRoute): Tiempo - 0.2792 segundos, Ancho de banda - 180347.23 bytes/segundo, Error - 0
2024-11-27 03:42:50,211 - root - INFO - Bing (FastRoute): Tiempo - 0.2744 segundos, Ancho de banda - 183512.53 bytes/segundo, Error - 0
2024-11-27 03:42:50,610 - root - INFO - Bing (FastRoute): Tiempo - 0.3905 segundos, Ancho de banda - 129802.37 bytes/segundo, Error - 0
2024-11-27 03:42:50,901 - root - INFO - Bing (FastRoute): Tiempo - 0.2740 segundos, Ancho de banda - 184159.19 bytes/segundo, Error - 0
2024-11-27 03:42:51,198 - root - INFO - Bing (FastRoute): Tiempo - 0.2810 segundos, Ancho de banda - 184207.43 bytes/segundo, Error - 0
2024-11-27 03:42:51,472 - root - INFO - Bing (FastRoute): Tiempo - 0.2666 segundos, Ancho de banda - 189905.49 bytes/segundo, Error - 0
2024-11-27 03:42:51,766 - root - INFO - Bing (FastRoute): Tiempo - 0.2759 segundos, Ancho de banda - 184491.35 bytes/segundo, Error - 0
2024-11-27 03:42:52,063 - root - INFO - Bing (FastRoute): Tiempo - 0.2805 segundos, Ancho de banda - 181485.49 bytes/segundo, Error - 0
2024-11-27 03:42:52,343 - root - INFO - Bing (FastRoute): Tiempo - 0.2721 segundos, Ancho de banda - 186974.88 bytes/segundo, Error - 0
2024-11-27 03:42:52,644 - root - INFO - Bing (FastRoute): Tiempo - 0.2740 segundos, Ancho de banda - 185174.67 bytes/segundo, Error - 0
2024-11-27 03:42:52,916 - root - INFO - Bing (FastRoute): Tiempo - 0.2651 segundos, Ancho de banda - 195959.03 bytes/segundo, Error - 0
2024-11-27 03:42:53,229 - root - INFO - Bing (FastRoute): Tiempo - 0.2921 segundos, Ancho de banda - 177446.02 bytes/segundo, Error - 0
2024-11-27 03:42:53,547 - root - INFO - Bing (FastRoute): Tiempo - 0.2934 segundos, Ancho de banda - 176558.97 bytes/segundo, Error - 0
2024-11-27 03:42:53,840 - root - INFO - Bing (FastRoute): Tiempo - 0.2899 segundos, Ancho de banda - 175045.27 bytes/segundo, Error - 0
2024-11-27 03:42:54,122 - root - INFO - Bing (FastRoute): Tiempo - 0.2687 segundos, Ancho de banda - 187767.56 bytes/segundo, Error - 0
2024-11-27 03:42:54,402 - root - INFO - Bing (FastRoute): Tiempo - 0.2741 segundos, Ancho de banda - 185389.67 bytes/segundo, Error - 0
2024-11-27 03:42:54,726 - root - INFO - Bing (FastRoute): Tiempo - 0.2748 segundos, Ancho de banda - 184145.38 bytes/segundo, Error - 0
2024-11-27 03:42:55,027 - root - INFO - Bing (FastRoute): Tiempo - 0.2852 segundos, Ancho de banda - 181531.63 bytes/segundo, Error - 0
2024-11-27 03:42:55,308 - root - INFO - Bing (FastRoute): Tiempo - 0.2730 segundos, Ancho de banda - 190785.54 bytes/segundo, Error - 0
2024-11-27 03:42:55,593 - root - INFO - Bing (FastRoute): Tiempo - 0.2750 segundos, Ancho de banda - 188447.86 bytes/segundo, Error - 0
2024-11-27 03:42:55,896 - root - INFO - Bing (FastRoute): Tiempo - 0.2842 segundos, Ancho de banda - 178027.47 bytes/segundo, Error - 0
2024-11-27 03:42:56,172 - root - INFO - Bing (FastRoute): Tiempo - 0.2703 segundos, Ancho de banda - 186667.87 bytes/segundo, Error - 0
2024-11-27 03:42:56,469 - root - INFO - Bing (FastRoute): Tiempo - 0.2796 segundos, Ancho de banda - 184328.93 bytes/segundo, Error - 0
2024-11-27 03:42:56,762 - root - INFO - Bing (FastRoute): Tiempo - 0.2877 segundos, Ancho de banda - 175843.72 bytes/segundo, Error - 0
2024-11-27 03:42:57,051 - root - INFO - Bing (FastRoute): Tiempo - 0.2738 segundos, Ancho de banda - 184342.70 bytes/segundo, Error - 0
2024-11-27 03:42:57,328 - root - INFO - Bing (FastRoute): Tiempo - 0.2715 segundos, Ancho de banda - 186522.11 bytes/segundo, Error - 0
2024-11-27 03:42:57,627 - root - INFO - Bing (FastRoute): Tiempo - 0.2775 segundos, Ancho de banda - 182770.71 bytes/segundo, Error - 0
2024-11-27 03:42:57,919 - root - INFO - Bing (FastRoute): Tiempo - 0.2763 segundos, Ancho de banda - 182260.18 bytes/segundo, Error - 0
2024-11-27 03:42:58,216 - root - INFO - Bing (FastRoute): Tiempo - 0.2938 segundos, Ancho de banda - 176817.93 bytes/segundo, Error - 0
2024-11-27 03:42:58,505 - root - INFO - Bing (FastRoute): Tiempo - 0.2839 segundos, Ancho de banda - 179198.87 bytes/segundo, Error - 0
2024-11-27 03:42:58,807 - root - INFO - Bing (FastRoute): Tiempo - 0.2868 segundos, Ancho de banda - 180357.51 bytes/segundo, Error - 0
2024-11-27 03:42:59,107 - root - INFO - Bing (FastRoute): Tiempo - 0.2833 segundos, Ancho de banda - 184093.86 bytes/segundo, Error - 0
2024-11-27 03:42:59,380 - root - INFO - Bing (FastRoute): Tiempo - 0.2646 segundos, Ancho de banda - 190714.09 bytes/segundo, Error - 0
2024-11-27 03:42:59,661 - root - INFO - Bing (FastRoute): Tiempo - 0.2742 segundos, Ancho de banda - 185541.78 bytes/segundo, Error - 0
2024-11-27 03:42:59,991 - root - INFO - Bing (FastRoute): Tiempo - 0.3028 segundos, Ancho de banda - 167519.97 bytes/segundo, Error - 0
2024-11-27 03:43:00,299 - root - INFO - Bing (FastRoute): Tiempo - 0.2718 segundos, Ancho de banda - 187882.15 bytes/segundo, Error - 0
2024-11-27 03:43:00,586 - root - INFO - Bing (FastRoute): Tiempo - 0.2672 segundos, Ancho de banda - 193637.95 bytes/segundo, Error - 0
2024-11-27 03:43:00,881 - root - INFO - Bing (FastRoute): Tiempo - 0.2771 segundos, Ancho de banda - 182658.50 bytes/segundo, Error - 0
2024-11-27 03:43:01,192 - root - INFO - Bing (FastRoute): Tiempo - 0.2839 segundos, Ancho de banda - 178747.63 bytes/segundo, Error - 0
2024-11-27 03:43:01,462 - root - INFO - Bing (FastRoute): Tiempo - 0.2642 segundos, Ancho de banda - 190642.61 bytes/segundo, Error - 0
2024-11-27 03:43:01,741 - root - INFO - Bing (FastRoute): Tiempo - 0.2717 segundos, Ancho de banda - 185515.98 bytes/segundo, Error - 0
2024-11-27 03:43:02,029 - root - INFO - Bing (FastRoute): Tiempo - 0.2716 segundos, Ancho de banda - 186363.27 bytes/segundo, Error - 0
2024-11-27 03:43:02,311 - root - INFO - Bing (FastRoute): Tiempo - 0.2707 segundos, Ancho de banda - 186040.57 bytes/segundo, Error - 0
2024-11-27 03:43:02,587 - root - INFO - Bing (FastRoute): Tiempo - 0.2729 segundos, Ancho de banda - 189362.36 bytes/segundo, Error - 0
2024-11-27 03:43:02,901 - root - INFO - Bing (FastRoute): Tiempo - 0.2978 segundos, Ancho de banda - 173783.42 bytes/segundo, Error - 0
2024-11-27 03:43:03,188 - root - INFO - Bing (FastRoute): Tiempo - 0.2757 segundos, Ancho de banda - 184921.41 bytes/segundo, Error - 0
2024-11-27 03:43:03,477 - root - INFO - Bing (FastRoute): Tiempo - 0.2705 segundos, Ancho de banda - 187839.14 bytes/segundo, Error - 0
2024-11-27 03:43:03,770 - root - INFO - Bing (FastRoute): Tiempo - 0.2740 segundos, Ancho de banda - 184413.91 bytes/segundo, Error - 0
2024-11-27 03:43:04,053 - root - INFO - Bing (FastRoute): Tiempo - 0.2753 segundos, Ancho de banda - 186867.58 bytes/segundo, Error - 0
2024-11-27 03:43:04,365 - root - INFO - Bing (FastRoute): Tiempo - 0.2952 segundos, Ancho de banda - 172127.14 bytes/segundo, Error - 0
2024-11-27 03:43:04,652 - root - INFO - Bing (FastRoute): Tiempo - 0.2779 segundos, Ancho de banda - 182020.30 bytes/segundo, Error - 0
2024-11-27 03:43:04,951 - root - INFO - Bing (FastRoute): Tiempo - 0.2806 segundos, Ancho de banda - 185098.05 bytes/segundo, Error - 0
2024-11-27 03:43:05,235 - root - INFO - Bing (FastRoute): Tiempo - 0.2754 segundos, Ancho de banda - 185704.67 bytes/segundo, Error - 0
2024-11-27 03:43:05,540 - root - INFO - Bing (FastRoute): Tiempo - 0.2759 segundos, Ancho de banda - 182810.09 bytes/segundo, Error - 0
2024-11-27 03:43:05,825 - root - INFO - Bing (FastRoute): Tiempo - 0.2789 segundos, Ancho de banda - 180823.67 bytes/segundo, Error - 0
2024-11-27 03:43:06,143 - root - INFO - Bing (FastRoute): Tiempo - 0.2858 segundos, Ancho de banda - 176539.69 bytes/segundo, Error - 0
2024-11-27 03:43:06,435 - root - INFO - Bing (FastRoute): Tiempo - 0.2732 segundos, Ancho de banda - 184662.79 bytes/segundo, Error - 0
2024-11-27 03:43:06,737 - root - INFO - Bing (FastRoute): Tiempo - 0.3003 segundos, Ancho de banda - 168783.83 bytes/segundo, Error - 0
2024-11-27 03:43:07,038 - root - INFO - Bing (FastRoute): Tiempo - 0.2706 segundos, Ancho de banda - 186121.38 bytes/segundo, Error - 0
2024-11-27 03:43:07,318 - root - INFO - Bing (FastRoute): Tiempo - 0.2714 segundos, Ancho de banda - 185892.10 bytes/segundo, Error - 0
2024-11-27 03:43:07,604 - root - INFO - Bing (FastRoute): Tiempo - 0.2769 segundos, Ancho de banda - 183153.47 bytes/segundo, Error - 0
2024-11-27 03:43:07,895 - root - INFO - Bing (FastRoute): Tiempo - 0.2799 segundos, Ancho de banda - 184189.46 bytes/segundo, Error - 0
2024-11-27 03:43:08,169 - root - INFO - Bing (FastRoute): Tiempo - 0.2697 segundos, Ancho de banda - 187775.49 bytes/segundo, Error - 0
2024-11-27 03:43:08,467 - root - INFO - Bing (FastRoute): Tiempo - 0.2882 segundos, Ancho de banda - 179383.83 bytes/segundo, Error - 0
2024-11-27 03:43:08,740 - root - INFO - Bing (FastRoute): Tiempo - 0.2625 segundos, Ancho de banda - 192895.65 bytes/segundo, Error - 0
2024-11-27 03:43:09,044 - root - INFO - Bing (FastRoute): Tiempo - 0.2800 segundos, Ancho de banda - 184121.75 bytes/segundo, Error - 0
2024-11-27 03:43:09,350 - root - INFO - Bing (FastRoute): Tiempo - 0.2860 segundos, Ancho de banda - 176743.48 bytes/segundo, Error - 0
2024-11-27 03:43:09,653 - root - INFO - Bing (FastRoute): Tiempo - 0.2887 segundos, Ancho de banda - 175651.85 bytes/segundo, Error - 0
2024-11-27 03:43:09,935 - root - INFO - Bing (FastRoute): Tiempo - 0.2743 segundos, Ancho de banda - 183960.03 bytes/segundo, Error - 0
2024-11-27 03:43:10,244 - root - INFO - Bing (FastRoute): Tiempo - 0.2978 segundos, Ancho de banda - 170623.95 bytes/segundo, Error - 0
2024-11-27 03:43:10,524 - root - INFO - Bing (FastRoute): Tiempo - 0.2691 segundos, Ancho de banda - 187138.62 bytes/segundo, Error - 0
2024-11-27 03:43:10,929 - root - INFO - Bing (FastRoute): Tiempo - 0.3986 segundos, Ancho de banda - 127221.47 bytes/segundo, Error - 0
2024-11-27 03:43:11,215 - root - INFO - Bing (FastRoute): Tiempo - 0.2676 segundos, Ancho de banda - 190323.54 bytes/segundo, Error - 0
2024-11-27 03:43:11,862 - root - INFO - Bing (FastRoute): Tiempo - 0.6445 segundos, Ancho de banda - 78285.02 bytes/segundo, Error - 0
2024-11-27 03:43:12,150 - root - INFO - Bing (FastRoute): Tiempo - 0.2792 segundos, Ancho de banda - 181562.73 bytes/segundo, Error - 0
2024-11-27 03:43:12,151 - root - INFO - Resultados para Bing (FastRoute):
 - Tiempo promedio: 0.2839 segundos
 - Ancho de banda promedio: 180908.94 bytes/segundo
 - Tasa de error: 0.00%

