2024-11-27 03:39:33,383 - root - INFO - AWS (DNS): Tiempo - 0.2450 segundos, Ancho de banda - 1710053.55 bytes/segundo, Error - 0
2024-11-27 03:39:34,183 - root - INFO - AWS (DNS): Tiempo - 0.5209 segundos, Ancho de banda - 804343.49 bytes/segundo, Error - 0
2024-11-27 03:39:34,429 - root - INFO - AWS (DNS): Tiempo - 0.2400 segundos, Ancho de banda - 1745900.42 bytes/segundo, Error - 0
2024-11-27 03:39:34,688 - root - INFO - AWS (DNS): Tiempo - 0.2535 segundos, Ancho de banda - 1652706.57 bytes/segundo, Error - 0
2024-11-27 03:39:35,481 - root - INFO - AWS (DNS): Tiempo - 0.5152 segundos, Ancho de banda - 813233.95 bytes/segundo, Error - 0
2024-11-27 03:39:36,283 - root - INFO - AWS (DNS): Tiempo - 0.5234 segundos, Ancho de banda - 800467.07 bytes/segundo, Error - 0
2024-11-27 03:39:37,082 - root - INFO - AWS (DNS): Tiempo - 0.5199 segundos, Ancho de banda - 805933.79 bytes/segundo, Error - 0
2024-11-27 03:39:37,873 - root - INFO - AWS (DNS): Tiempo - 0.5087 segundos, Ancho de banda - 823557.54 bytes/segundo, Error - 0
2024-11-27 03:39:38,394 - root - INFO - AWS (DNS): Tiempo - 0.2413 segundos, Ancho de banda - 1736243.84 bytes/segundo, Error - 0
2024-11-27 03:39:39,215 - root - INFO - AWS (DNS): Tiempo - 0.5419 segundos, Ancho de banda - 773132.36 bytes/segundo, Error - 0
2024-11-27 03:39:39,466 - root - INFO - AWS (DNS): Tiempo - 0.2451 segundos, Ancho de banda - 1709175.35 bytes/segundo, Error - 0
2024-11-27 03:39:39,722 - root - INFO - AWS (DNS): Tiempo - 0.2513 segundos, Ancho de banda - 1667216.91 bytes/segundo, Error - 0
2024-11-27 03:39:39,978 - root - INFO - AWS (DNS): Tiempo - 0.2506 segundos, Ancho de banda - 1672041.00 bytes/segundo, Error - 0
2024-11-27 03:39:40,230 - root - INFO - AWS (DNS): Tiempo - 0.2478 segundos, Ancho de banda - 1690747.43 bytes/segundo, Error - 0
2024-11-27 03:39:41,046 - root - INFO - AWS (DNS): Tiempo - 0.5359 segundos, Ancho de banda - 781826.63 bytes/segundo, Error - 0
2024-11-27 03:39:41,299 - root - INFO - AWS (DNS): Tiempo - 0.2481 segundos, Ancho de banda - 1688997.25 bytes/segundo, Error - 0
2024-11-27 03:39:41,539 - root - INFO - AWS (DNS): Tiempo - 0.2360 segundos, Ancho de banda - 1775240.40 bytes/segundo, Error - 0
2024-11-27 03:39:41,772 - root - INFO - AWS (DNS): Tiempo - 0.2283 segundos, Ancho de banda - 1835335.45 bytes/segundo, Error - 0
2024-11-27 03:39:42,009 - root - INFO - AWS (DNS): Tiempo - 0.2325 segundos, Ancho de banda - 1802091.17 bytes/segundo, Error - 0
2024-11-27 03:39:42,258 - root - INFO - AWS (DNS): Tiempo - 0.2414 segundos, Ancho de banda - 1735527.07 bytes/segundo, Error - 0
2024-11-27 03:39:43,061 - root - INFO - AWS (DNS): Tiempo - 0.5230 segundos, Ancho de banda - 801011.83 bytes/segundo, Error - 0
2024-11-27 03:39:43,856 - root - INFO - AWS (DNS): Tiempo - 0.5164 segundos, Ancho de banda - 811350.56 bytes/segundo, Error - 0
2024-11-27 03:39:44,654 - root - INFO - AWS (DNS): Tiempo - 0.5188 segundos, Ancho de banda - 807592.00 bytes/segundo, Error - 0
2024-11-27 03:39:45,457 - root - INFO - AWS (DNS): Tiempo - 0.5237 segundos, Ancho de banda - 800030.85 bytes/segundo, Error - 0
2024-11-27 03:39:46,257 - root - INFO - AWS (DNS): Tiempo - 0.5213 segundos, Ancho de banda - 803717.73 bytes/segundo, Error - 0
2024-11-27 03:39:47,060 - root - INFO - AWS (DNS): Tiempo - 0.5222 segundos, Ancho de banda - 802248.21 bytes/segundo, Error - 0
2024-11-27 03:39:47,851 - root - INFO - AWS (DNS): Tiempo - 0.5110 segundos, Ancho de banda - 819958.77 bytes/segundo, Error - 0
2024-11-27 03:39:48,098 - root - INFO - AWS (DNS): Tiempo - 0.2417 segundos, Ancho de banda - 1733108.50 bytes/segundo, Error - 0
2024-11-27 03:39:48,888 - root - INFO - AWS (DNS): Tiempo - 0.5109 segundos, Ancho de banda - 820110.31 bytes/segundo, Error - 0
2024-11-27 03:39:49,131 - root - INFO - AWS (DNS): Tiempo - 0.2376 segundos, Ancho de banda - 1763608.08 bytes/segundo, Error - 0
2024-11-27 03:39:49,387 - root - INFO - AWS (DNS): Tiempo - 0.2485 segundos, Ancho de banda - 1685811.72 bytes/segundo, Error - 0
2024-11-27 03:39:49,639 - root - INFO - AWS (DNS): Tiempo - 0.2461 segundos, Ancho de banda - 1702724.77 bytes/segundo, Error - 0
2024-11-27 03:39:49,884 - root - INFO - AWS (DNS): Tiempo - 0.2397 segundos, Ancho de banda - 1747854.03 bytes/segundo, Error - 0
2024-11-27 03:39:50,275 - root - INFO - AWS (DNS): Tiempo - 0.2501 segundos, Ancho de banda - 1674992.63 bytes/segundo, Error - 0
2024-11-27 03:39:50,792 - root - INFO - AWS (DNS): Tiempo - 0.2386 segundos, Ancho de banda - 1755993.09 bytes/segundo, Error - 0
2024-11-27 03:39:51,035 - root - INFO - AWS (DNS): Tiempo - 0.2379 segundos, Ancho de banda - 1761197.15 bytes/segundo, Error - 0
2024-11-27 03:39:51,277 - root - INFO - AWS (DNS): Tiempo - 0.2381 segundos, Ancho de banda - 1759780.89 bytes/segundo, Error - 0
2024-11-27 03:39:51,535 - root - INFO - AWS (DNS): Tiempo - 0.2513 segundos, Ancho de banda - 1666954.38 bytes/segundo, Error - 0
2024-11-27 03:39:51,783 - root - INFO - AWS (DNS): Tiempo - 0.2417 segundos, Ancho de banda - 1733072.61 bytes/segundo, Error - 0
2024-11-27 03:39:52,023 - root - INFO - AWS (DNS): Tiempo - 0.2355 segundos, Ancho de banda - 1779373.00 bytes/segundo, Error - 0
2024-11-27 03:39:52,277 - root - INFO - AWS (DNS): Tiempo - 0.2490 segundos, Ancho de banda - 1682493.19 bytes/segundo, Error - 0
2024-11-27 03:39:53,090 - root - INFO - AWS (DNS): Tiempo - 0.5324 segundos, Ancho de banda - 786935.50 bytes/segundo, Error - 0
2024-11-27 03:39:53,887 - root - INFO - AWS (DNS): Tiempo - 0.5173 segundos, Ancho de banda - 809909.38 bytes/segundo, Error - 0
2024-11-27 03:39:54,688 - root - INFO - AWS (DNS): Tiempo - 0.5210 segundos, Ancho de banda - 804146.20 bytes/segundo, Error - 0
2024-11-27 03:39:54,960 - root - INFO - AWS (DNS): Tiempo - 0.2674 segundos, Ancho de banda - 1566842.49 bytes/segundo, Error - 0
2024-11-27 03:39:55,206 - root - INFO - AWS (DNS): Tiempo - 0.2388 segundos, Ancho de banda - 1754367.98 bytes/segundo, Error - 0
2024-11-27 03:39:55,449 - root - INFO - AWS (DNS): Tiempo - 0.2382 segundos, Ancho de banda - 1758754.08 bytes/segundo, Error - 0
2024-11-27 03:39:55,719 - root - INFO - AWS (DNS): Tiempo - 0.2621 segundos, Ancho de banda - 1598284.06 bytes/segundo, Error - 0
2024-11-27 03:39:56,516 - root - INFO - AWS (DNS): Tiempo - 0.6572 segundos, Ancho de banda - 637516.82 bytes/segundo, Error - 0
2024-11-27 03:39:57,317 - root - INFO - AWS (DNS): Tiempo - 0.5212 segundos, Ancho de banda - 803887.59 bytes/segundo, Error - 0
2024-11-27 03:39:57,560 - root - INFO - AWS (DNS): Tiempo - 0.2372 segundos, Ancho de banda - 1766096.62 bytes/segundo, Error - 0
2024-11-27 03:39:57,794 - root - INFO - AWS (DNS): Tiempo - 0.2296 segundos, Ancho de banda - 1825019.70 bytes/segundo, Error - 0
2024-11-27 03:39:58,050 - root - INFO - AWS (DNS): Tiempo - 0.2511 segundos, Ancho de banda - 1668307.46 bytes/segundo, Error - 0
2024-11-27 03:39:58,286 - root - INFO - AWS (DNS): Tiempo - 0.2313 segundos, Ancho de banda - 1811046.75 bytes/segundo, Error - 0
2024-11-27 03:39:58,793 - root - INFO - AWS (DNS): Tiempo - 0.2280 segundos, Ancho de banda - 1837187.09 bytes/segundo, Error - 0
2024-11-27 03:39:59,594 - root - INFO - AWS (DNS): Tiempo - 0.5211 segundos, Ancho de banda - 804047.59 bytes/segundo, Error - 0
2024-11-27 03:39:59,858 - root - INFO - AWS (DNS): Tiempo - 0.2587 segundos, Ancho de banda - 1619659.02 bytes/segundo, Error - 0
2024-11-27 03:40:00,106 - root - INFO - AWS (DNS): Tiempo - 0.2429 segundos, Ancho de banda - 1724688.70 bytes/segundo, Error - 0
2024-11-27 03:40:00,890 - root - INFO - AWS (DNS): Tiempo - 0.5053 segundos, Ancho de banda - 829083.96 bytes/segundo, Error - 0
2024-11-27 03:40:01,410 - root - INFO - AWS (DNS): Tiempo - 0.2432 segundos, Ancho de banda - 1722610.87 bytes/segundo, Error - 0
2024-11-27 03:40:01,658 - root - INFO - AWS (DNS): Tiempo - 0.2433 segundos, Ancho de banda - 1722225.94 bytes/segundo, Error - 0
2024-11-27 03:40:01,910 - root - INFO - AWS (DNS): Tiempo - 0.2477 segundos, Ancho de banda - 1691139.57 bytes/segundo, Error - 0
2024-11-27 03:40:02,172 - root - INFO - AWS (DNS): Tiempo - 0.2570 segundos, Ancho de banda - 1630082.86 bytes/segundo, Error - 0
2024-11-27 03:40:03,029 - root - INFO - AWS (DNS): Tiempo - 0.5794 segundos, Ancho de banda - 723047.73 bytes/segundo, Error - 0
2024-11-27 03:40:03,558 - root - INFO - AWS (DNS): Tiempo - 0.2471 segundos, Ancho de banda - 1695852.87 bytes/segundo, Error - 0
2024-11-27 03:40:03,809 - root - INFO - AWS (DNS): Tiempo - 0.2466 segundos, Ancho de banda - 1698867.89 bytes/segundo, Error - 0
2024-11-27 03:40:04,062 - root - INFO - AWS (DNS): Tiempo - 0.2479 segundos, Ancho de banda - 1690106.74 bytes/segundo, Error - 0
2024-11-27 03:40:04,604 - root - INFO - AWS (DNS): Tiempo - 0.2626 segundos, Ancho de banda - 1595442.82 bytes/segundo, Error - 0
2024-11-27 03:40:04,851 - root - INFO - AWS (DNS): Tiempo - 0.2409 segundos, Ancho de banda - 1739309.63 bytes/segundo, Error - 0
2024-11-27 03:40:05,391 - root - INFO - AWS (DNS): Tiempo - 0.2608 segundos, Ancho de banda - 1606563.26 bytes/segundo, Error - 0
2024-11-27 03:40:05,778 - root - INFO - AWS (DNS): Tiempo - 0.2447 segundos, Ancho de banda - 1712453.21 bytes/segundo, Error - 0
2024-11-27 03:40:06,018 - root - INFO - AWS (DNS): Tiempo - 0.2346 segundos, Ancho de banda - 1785902.99 bytes/segundo, Error - 0
2024-11-27 03:40:06,810 - root - INFO - AWS (DNS): Tiempo - 0.5128 segundos, Ancho de banda - 817016.47 bytes/segundo, Error - 0
2024-11-27 03:40:07,063 - root - INFO - AWS (DNS): Tiempo - 0.2479 segundos, Ancho de banda - 1689752.46 bytes/segundo, Error - 0
2024-11-27 03:40:07,304 - root - INFO - AWS (DNS): Tiempo - 0.2353 segundos, Ancho de banda - 1780885.95 bytes/segundo, Error - 0
2024-11-27 03:40:07,548 - root - INFO - AWS (DNS): Tiempo - 0.2405 segundos, Ancho de banda - 1741831.88 bytes/segundo, Error - 0
2024-11-27 03:40:07,786 - root - INFO - AWS (DNS): Tiempo - 0.2333 segundos, Ancho de banda - 1795715.85 bytes/segundo, Error - 0
2024-11-27 03:40:08,035 - root - INFO - AWS (DNS): Tiempo - 0.2429 segundos, Ancho de banda - 1724576.98 bytes/segundo, Error - 0
2024-11-27 03:40:08,842 - root - INFO - AWS (DNS): Tiempo - 0.5277 segundos, Ancho de banda - 793909.12 bytes/segundo, Error - 0
2024-11-27 03:40:09,087 - root - INFO - AWS (DNS): Tiempo - 0.2392 segundos, Ancho de banda - 1751201.80 bytes/segundo, Error - 0
2024-11-27 03:40:09,335 - root - INFO - AWS (DNS): Tiempo - 0.2430 segundos, Ancho de banda - 1724213.18 bytes/segundo, Error - 0
2024-11-27 03:40:09,711 - root - INFO - AWS (DNS): Tiempo - 0.2357 segundos, Ancho de banda - 1777427.44 bytes/segundo, Error - 0
2024-11-27 03:40:09,952 - root - INFO - AWS (DNS): Tiempo - 0.2366 segundos, Ancho de banda - 1770680.79 bytes/segundo, Error - 0
2024-11-27 03:40:10,476 - root - INFO - AWS (DNS): Tiempo - 0.2448 segundos, Ancho de banda - 1711310.87 bytes/segundo, Error - 0
2024-11-27 03:40:11,265 - root - INFO - AWS (DNS): Tiempo - 0.5118 segundos, Ancho de banda - 818668.39 bytes/segundo, Error - 0
2024-11-27 03:40:11,511 - root - INFO - AWS (DNS): Tiempo - 0.2413 segundos, Ancho de banda - 1736643.64 bytes/segundo, Error - 0
2024-11-27 03:40:12,311 - root - INFO - AWS (DNS): Tiempo - 0.5215 segundos, Ancho de banda - 803452.78 bytes/segundo, Error - 0
2024-11-27 03:40:12,555 - root - INFO - AWS (DNS): Tiempo - 0.2395 segundos, Ancho de banda - 1749339.96 bytes/segundo, Error - 0
2024-11-27 03:40:13,074 - root - INFO - AWS (DNS): Tiempo - 0.2401 segundos, Ancho de banda - 1745267.52 bytes/segundo, Error - 0
2024-11-27 03:40:13,312 - root - INFO - AWS (DNS): Tiempo - 0.2332 segundos, Ancho de banda - 1796505.25 bytes/segundo, Error - 0
2024-11-27 03:40:13,556 - root - INFO - AWS (DNS): Tiempo - 0.2394 segundos, Ancho de banda - 1749953.16 bytes/segundo, Error - 0
2024-11-27 03:40:13,800 - root - INFO - AWS (DNS): Tiempo - 0.2396 segundos, Ancho de banda - 1748808.98 bytes/segundo, Error - 0
2024-11-27 03:40:14,593 - root - INFO - AWS (DNS): Tiempo - 0.5131 segundos, Ancho de banda - 816511.57 bytes/segundo, Error - 0
2024-11-27 03:40:15,388 - root - INFO - AWS (DNS): Tiempo - 0.5138 segundos, Ancho de banda - 815414.33 bytes/segundo, Error - 0
2024-11-27 03:40:15,772 - root - INFO - AWS (DNS): Tiempo - 0.2435 segundos, Ancho de banda - 1720650.91 bytes/segundo, Error - 0
2024-11-27 03:40:16,024 - root - INFO - AWS (DNS): Tiempo - 0.2467 segundos, Ancho de banda - 1698271.90 bytes/segundo, Error - 0
2024-11-27 03:40:16,265 - root - INFO - AWS (DNS): Tiempo - 0.2352 segundos, Ancho de banda - 1781209.07 bytes/segundo, Error - 0
2024-11-27 03:40:16,503 - root - INFO - AWS (DNS): Tiempo - 0.2337 segundos, Ancho de banda - 1793088.32 bytes/segundo, Error - 0
2024-11-27 03:40:16,737 - root - INFO - AWS (DNS): Tiempo - 0.2297 segundos, Ancho de banda - 1823674.97 bytes/segundo, Error - 0
2024-11-27 03:40:17,531 - root - INFO - AWS (DNS): Tiempo - 0.5145 segundos, Ancho de banda - 814259.67 bytes/segundo, Error - 0
2024-11-27 03:40:17,768 - root - INFO - AWS (DNS): Tiempo - 0.2321 segundos, Ancho de banda - 1804767.42 bytes/segundo, Error - 0
2024-11-27 03:40:18,006 - root - INFO - AWS (DNS): Tiempo - 0.2333 segundos, Ancho de banda - 1795939.75 bytes/segundo, Error - 0
2024-11-27 03:40:18,261 - root - INFO - AWS (DNS): Tiempo - 0.2477 segundos, Ancho de banda - 1691634.47 bytes/segundo, Error - 0
2024-11-27 03:40:18,514 - root - INFO - AWS (DNS): Tiempo - 0.2461 segundos, Ancho de banda - 1702525.16 bytes/segundo, Error - 0
2024-11-27 03:40:18,763 - root - INFO - AWS (DNS): Tiempo - 0.2438 segundos, Ancho de banda - 1718611.36 bytes/segundo, Error - 0
2024-11-27 03:40:19,007 - root - INFO - AWS (DNS): Tiempo - 0.2386 segundos, Ancho de banda - 1755640.46 bytes/segundo, Error - 0
2024-11-27 03:40:19,263 - root - INFO - AWS (DNS): Tiempo - 0.2510 segundos, Ancho de banda - 1669080.74 bytes/segundo, Error - 0
2024-11-27 03:40:19,640 - root - INFO - AWS (DNS): Tiempo - 0.2362 segundos, Ancho de banda - 1773595.59 bytes/segundo, Error - 0
2024-11-27 03:40:19,876 - root - INFO - AWS (DNS): Tiempo - 0.2302 segundos, Ancho de banda - 1820287.87 bytes/segundo, Error - 0
2024-11-27 03:40:20,127 - root - INFO - AWS (DNS): Tiempo - 0.2443 segundos, Ancho de banda - 1714692.30 bytes/segundo, Error - 0
2024-11-27 03:40:20,511 - root - INFO - AWS (DNS): Tiempo - 0.2421 segundos, Ancho de banda - 1730904.63 bytes/segundo, Error - 0
2024-11-27 03:40:20,898 - root - INFO - AWS (DNS): Tiempo - 0.2470 segundos, Ancho de banda - 1696419.31 bytes/segundo, Error - 0
2024-11-27 03:40:21,139 - root - INFO - AWS (DNS): Tiempo - 0.2354 segundos, Ancho de banda - 1779904.67 bytes/segundo, Error - 0
2024-11-27 03:40:21,937 - root - INFO - AWS (DNS): Tiempo - 0.5178 segundos, Ancho de banda - 809153.08 bytes/segundo, Error - 0
2024-11-27 03:40:22,183 - root - INFO - AWS (DNS): Tiempo - 0.2419 segundos, Ancho de banda - 1731989.65 bytes/segundo, Error - 0
2024-11-27 03:40:22,437 - root - INFO - AWS (DNS): Tiempo - 0.2478 segundos, Ancho de banda - 1690880.84 bytes/segundo, Error - 0
2024-11-27 03:40:22,675 - root - INFO - AWS (DNS): Tiempo - 0.2339 segundos, Ancho de banda - 1791563.70 bytes/segundo, Error - 0
2024-11-27 03:40:22,922 - root - INFO - AWS (DNS): Tiempo - 0.2419 segundos, Ancho de banda - 1731982.82 bytes/segundo, Error - 0
2024-11-27 03:40:23,166 - root - INFO - AWS (DNS): Tiempo - 0.2390 segundos, Ancho de banda - 1752700.42 bytes/segundo, Error - 0
2024-11-27 03:40:23,419 - root - INFO - AWS (DNS): Tiempo - 0.2477 segundos, Ancho de banda - 1691527.00 bytes/segundo, Error - 0
2024-11-27 03:40:23,676 - root - INFO - AWS (DNS): Tiempo - 0.2508 segundos, Ancho de banda - 1670719.97 bytes/segundo, Error - 0
2024-11-27 03:40:24,474 - root - INFO - AWS (DNS): Tiempo - 0.5194 segundos, Ancho de banda - 806629.28 bytes/segundo, Error - 0
2024-11-27 03:40:25,278 - root - INFO - AWS (DNS): Tiempo - 0.5248 segundos, Ancho de banda - 798280.56 bytes/segundo, Error - 0
2024-11-27 03:40:26,070 - root - INFO - AWS (DNS): Tiempo - 0.6513 segundos, Ancho de banda - 643238.55 bytes/segundo, Error - 0
2024-11-27 03:40:26,884 - root - INFO - AWS (DNS): Tiempo - 0.5330 segundos, Ancho de banda - 785990.08 bytes/segundo, Error - 0
2024-11-27 03:40:27,680 - root - INFO - AWS (DNS): Tiempo - 0.5180 segundos, Ancho de banda - 808860.71 bytes/segundo, Error - 0
2024-11-27 03:40:27,913 - root - INFO - AWS (DNS): Tiempo - 0.2267 segundos, Ancho de banda - 1848317.54 bytes/segundo, Error - 0
2024-11-27 03:40:28,711 - root - INFO - AWS (DNS): Tiempo - 0.5182 segundos, Ancho de banda - 808538.41 bytes/segundo, Error - 0
2024-11-27 03:40:28,958 - root - INFO - AWS (DNS): Tiempo - 0.2423 segundos, Ancho de banda - 1729153.74 bytes/segundo, Error - 0
2024-11-27 03:40:29,217 - root - INFO - AWS (DNS): Tiempo - 0.2532 segundos, Ancho de banda - 1654505.36 bytes/segundo, Error - 0
2024-11-27 03:40:29,470 - root - INFO - AWS (DNS): Tiempo - 0.2467 segundos, Ancho de banda - 1698449.18 bytes/segundo, Error - 0
2024-11-27 03:40:29,718 - root - INFO - AWS (DNS): Tiempo - 0.2417 segundos, Ancho de banda - 1733583.81 bytes/segundo, Error - 0
2024-11-27 03:40:29,974 - root - INFO - AWS (DNS): Tiempo - 0.2505 segundos, Ancho de banda - 1672769.97 bytes/segundo, Error - 0
2024-11-27 03:40:30,225 - root - INFO - AWS (DNS): Tiempo - 0.2463 segundos, Ancho de banda - 1700822.95 bytes/segundo, Error - 0
2024-11-27 03:40:31,019 - root - INFO - AWS (DNS): Tiempo - 0.6531 segundos, Ancho de banda - 641464.60 bytes/segundo, Error - 0
2024-11-27 03:40:31,273 - root - INFO - AWS (DNS): Tiempo - 0.2485 segundos, Ancho de banda - 1686164.35 bytes/segundo, Error - 0
2024-11-27 03:40:31,534 - root - INFO - AWS (DNS): Tiempo - 0.2563 segundos, Ancho de banda - 1634560.35 bytes/segundo, Error - 0
2024-11-27 03:40:31,784 - root - INFO - AWS (DNS): Tiempo - 0.2439 segundos, Ancho de banda - 1718051.84 bytes/segundo, Error - 0
2024-11-27 03:40:32,568 - root - INFO - AWS (DNS): Tiempo - 0.6436 segundos, Ancho de banda - 650954.45 bytes/segundo, Error - 0
2024-11-27 03:40:32,840 - root - INFO - AWS (DNS): Tiempo - 0.2655 segundos, Ancho de banda - 1578249.40 bytes/segundo, Error - 0
2024-11-27 03:40:33,089 - root - INFO - AWS (DNS): Tiempo - 0.2439 segundos, Ancho de banda - 1718011.53 bytes/segundo, Error - 0
2024-11-27 03:40:33,686 - root - INFO - AWS (DNS): Tiempo - 0.3166 segundos, Ancho de banda - 1323146.60 bytes/segundo, Error - 0
2024-11-27 03:40:33,939 - root - INFO - AWS (DNS): Tiempo - 0.2493 segundos, Ancho de banda - 1680684.49 bytes/segundo, Error - 0
2024-11-27 03:40:34,736 - root - INFO - AWS (DNS): Tiempo - 0.5163 segundos, Ancho de banda - 811518.42 bytes/segundo, Error - 0
2024-11-27 03:40:34,986 - root - INFO - AWS (DNS): Tiempo - 0.2438 segundos, Ancho de banda - 1718545.82 bytes/segundo, Error - 0
2024-11-27 03:40:35,224 - root - INFO - AWS (DNS): Tiempo - 0.2331 segundos, Ancho de banda - 1797163.00 bytes/segundo, Error - 0
2024-11-27 03:40:35,477 - root - INFO - AWS (DNS): Tiempo - 0.2471 segundos, Ancho de banda - 1695612.33 bytes/segundo, Error - 0
2024-11-27 03:40:35,738 - root - INFO - AWS (DNS): Tiempo - 0.2560 segundos, Ancho de banda - 1636802.99 bytes/segundo, Error - 0
2024-11-27 03:40:36,118 - root - INFO - AWS (DNS): Tiempo - 0.2389 segundos, Ancho de banda - 1753835.69 bytes/segundo, Error - 0
2024-11-27 03:40:36,360 - root - INFO - AWS (DNS): Tiempo - 0.2370 segundos, Ancho de banda - 1767846.69 bytes/segundo, Error - 0
2024-11-27 03:40:36,800 - root - INFO - AWS (DNS): Tiempo - 0.4351 segundos, Ancho de banda - 962924.69 bytes/segundo, Error - 0
2024-11-27 03:40:37,598 - root - INFO - AWS (DNS): Tiempo - 0.5196 segundos, Ancho de banda - 806364.26 bytes/segundo, Error - 0
2024-11-27 03:40:37,845 - root - INFO - AWS (DNS): Tiempo - 0.2408 segundos, Ancho de banda - 1739755.62 bytes/segundo, Error - 0
2024-11-27 03:40:38,642 - root - INFO - AWS (DNS): Tiempo - 0.5183 segundos, Ancho de banda - 808404.88 bytes/segundo, Error - 0
2024-11-27 03:40:38,882 - root - INFO - AWS (DNS): Tiempo - 0.2342 segundos, Ancho de banda - 1789037.54 bytes/segundo, Error - 0
2024-11-27 03:40:39,690 - root - INFO - AWS (DNS): Tiempo - 0.5269 segundos, Ancho de banda - 795147.76 bytes/segundo, Error - 0
2024-11-27 03:40:39,941 - root - INFO - AWS (DNS): Tiempo - 0.2454 segundos, Ancho de banda - 1707206.03 bytes/segundo, Error - 0
2024-11-27 03:40:40,457 - root - INFO - AWS (DNS): Tiempo - 0.2378 segundos, Ancho de banda - 1761527.29 bytes/segundo, Error - 0
2024-11-27 03:40:40,976 - root - INFO - AWS (DNS): Tiempo - 0.2396 segundos, Ancho de banda - 1748499.25 bytes/segundo, Error - 0
2024-11-27 03:40:41,790 - root - INFO - AWS (DNS): Tiempo - 0.5357 segundos, Ancho de banda - 782040.26 bytes/segundo, Error - 0
2024-11-27 03:40:42,582 - root - INFO - AWS (DNS): Tiempo - 0.5136 segundos, Ancho de banda - 815797.42 bytes/segundo, Error - 0
2024-11-27 03:40:42,855 - root - INFO - AWS (DNS): Tiempo - 0.2668 segundos, Ancho de banda - 1570390.63 bytes/segundo, Error - 0
2024-11-27 03:40:43,098 - root - INFO - AWS (DNS): Tiempo - 0.2390 segundos, Ancho de banda - 1752877.00 bytes/segundo, Error - 0
2024-11-27 03:40:43,342 - root - INFO - AWS (DNS): Tiempo - 0.2367 segundos, Ancho de banda - 1770347.21 bytes/segundo, Error - 0
2024-11-27 03:40:43,575 - root - INFO - AWS (DNS): Tiempo - 0.2292 segundos, Ancho de banda - 1828055.44 bytes/segundo, Error - 0
2024-11-27 03:40:43,815 - root - INFO - AWS (DNS): Tiempo - 0.2349 segundos, Ancho de banda - 1783682.38 bytes/segundo, Error - 0
2024-11-27 03:40:44,632 - root - INFO - AWS (DNS): Tiempo - 0.5375 segundos, Ancho de banda - 779478.47 bytes/segundo, Error - 0
2024-11-27 03:40:44,879 - root - INFO - AWS (DNS): Tiempo - 0.2415 segundos, Ancho de banda - 1734930.79 bytes/segundo, Error - 0
2024-11-27 03:40:45,136 - root - INFO - AWS (DNS): Tiempo - 0.2517 segundos, Ancho de banda - 1664622.10 bytes/segundo, Error - 0
2024-11-27 03:40:45,391 - root - INFO - AWS (DNS): Tiempo - 0.2498 segundos, Ancho de banda - 1676979.51 bytes/segundo, Error - 0
2024-11-27 03:40:45,648 - root - INFO - AWS (DNS): Tiempo - 0.2510 segundos, Ancho de banda - 1669080.74 bytes/segundo, Error - 0
2024-11-27 03:40:45,908 - root - INFO - AWS (DNS): Tiempo - 0.2529 segundos, Ancho de banda - 1656331.50 bytes/segundo, Error - 0
2024-11-27 03:40:46,156 - root - INFO - AWS (DNS): Tiempo - 0.2433 segundos, Ancho de banda - 1722350.86 bytes/segundo, Error - 0
2024-11-27 03:40:46,959 - root - INFO - AWS (DNS): Tiempo - 0.5224 segundos, Ancho de banda - 801997.04 bytes/segundo, Error - 0
2024-11-27 03:40:47,198 - root - INFO - AWS (DNS): Tiempo - 0.2343 segundos, Ancho de banda - 1788143.69 bytes/segundo, Error - 0
2024-11-27 03:40:47,435 - root - INFO - AWS (DNS): Tiempo - 0.2328 segundos, Ancho de banda - 1799363.88 bytes/segundo, Error - 0
2024-11-27 03:40:48,235 - root - INFO - AWS (DNS): Tiempo - 0.5217 segundos, Ancho de banda - 803056.97 bytes/segundo, Error - 0
2024-11-27 03:40:48,474 - root - INFO - AWS (DNS): Tiempo - 0.2338 segundos, Ancho de banda - 1792033.24 bytes/segundo, Error - 0
2024-11-27 03:40:48,712 - root - INFO - AWS (DNS): Tiempo - 0.2338 segundos, Ancho de banda - 1792135.59 bytes/segundo, Error - 0
2024-11-27 03:40:48,959 - root - INFO - AWS (DNS): Tiempo - 0.2434 segundos, Ancho de banda - 1721486.97 bytes/segundo, Error - 0
2024-11-27 03:40:49,199 - root - INFO - AWS (DNS): Tiempo - 0.2362 segundos, Ancho de banda - 1774027.10 bytes/segundo, Error - 0
2024-11-27 03:40:49,440 - root - INFO - AWS (DNS): Tiempo - 0.2341 segundos, Ancho de banda - 1789671.60 bytes/segundo, Error - 0
2024-11-27 03:40:49,680 - root - INFO - AWS (DNS): Tiempo - 0.2342 segundos, Ancho de banda - 1788804.43 bytes/segundo, Error - 0
2024-11-27 03:40:49,932 - root - INFO - AWS (DNS): Tiempo - 0.2463 segundos, Ancho de banda - 1701371.31 bytes/segundo, Error - 0
2024-11-27 03:40:50,188 - root - INFO - AWS (DNS): Tiempo - 0.2501 segundos, Ancho de banda - 1675502.08 bytes/segundo, Error - 0
2024-11-27 03:40:50,450 - root - INFO - AWS (DNS): Tiempo - 0.2563 segundos, Ancho de banda - 1634847.75 bytes/segundo, Error - 0
2024-11-27 03:40:50,702 - root - INFO - AWS (DNS): Tiempo - 0.2440 segundos, Ancho de banda - 1717370.15 bytes/segundo, Error - 0
2024-11-27 03:40:50,950 - root - INFO - AWS (DNS): Tiempo - 0.2434 segundos, Ancho de banda - 1721230.67 bytes/segundo, Error - 0
2024-11-27 03:40:51,741 - root - INFO - AWS (DNS): Tiempo - 0.5126 segundos, Ancho de banda - 817404.87 bytes/segundo, Error - 0
2024-11-27 03:40:51,993 - root - INFO - AWS (DNS): Tiempo - 0.2471 segundos, Ancho de banda - 1695370.22 bytes/segundo, Error - 0
2024-11-27 03:40:52,228 - root - INFO - AWS (DNS): Tiempo - 0.2298 segundos, Ancho de banda - 1823341.94 bytes/segundo, Error - 0
2024-11-27 03:40:53,023 - root - INFO - AWS (DNS): Tiempo - 0.5168 segundos, Ancho de banda - 810703.75 bytes/segundo, Error - 0
2024-11-27 03:40:53,279 - root - INFO - AWS (DNS): Tiempo - 0.2505 segundos, Ancho de banda - 1672820.93 bytes/segundo, Error - 0
2024-11-27 03:40:53,640 - root - INFO - AWS (DNS): Tiempo - 0.3534 segundos, Ancho de banda - 1185573.59 bytes/segundo, Error - 0
2024-11-27 03:40:53,885 - root - INFO - AWS (DNS): Tiempo - 0.2399 segundos, Ancho de banda - 1746207.50 bytes/segundo, Error - 0
2024-11-27 03:40:54,133 - root - INFO - AWS (DNS): Tiempo - 0.2433 segundos, Ancho de banda - 1722075.74 bytes/segundo, Error - 0
2024-11-27 03:40:54,368 - root - INFO - AWS (DNS): Tiempo - 0.2294 segundos, Ancho de banda - 1826265.81 bytes/segundo, Error - 0
2024-11-27 03:40:54,624 - root - INFO - AWS (DNS): Tiempo - 0.2519 segundos, Ancho de banda - 1663552.10 bytes/segundo, Error - 0
2024-11-27 03:40:55,420 - root - INFO - AWS (DNS): Tiempo - 0.5177 segundos, Ancho de banda - 809225.74 bytes/segundo, Error - 0
2024-11-27 03:40:56,215 - root - INFO - AWS (DNS): Tiempo - 0.5140 segundos, Ancho de banda - 815090.58 bytes/segundo, Error - 0
2024-11-27 03:40:56,216 - root - INFO - Resultados para AWS (DNS):
 - Tiempo promedio: 0.3198 segundos
 - Ancho de banda promedio: 1475435.83 bytes/segundo
 - Tasa de error: 0.00%

2024-11-27 03:40:56,382 - root - INFO - Cloudflare (Anycast): Tiempo - 0.1529 segundos, Ancho de banda - 2380763.42 bytes/segundo, Error - 0
2024-11-27 03:40:56,583 - root - INFO - Cloudflare (Anycast): Tiempo - 0.1847 segundos, Ancho de banda - 1970313.77 bytes/segundo, Error - 0
2024-11-27 03:40:56,744 - root - INFO - Cloudflare (Anycast): Tiempo - 0.1490 segundos, Ancho de banda - 2442099.15 bytes/segundo, Error - 0
2024-11-27 03:40:56,894 - root - INFO - Cloudflare (Anycast): Tiempo - 0.1383 segundos, Ancho de banda - 2632399.86 bytes/segundo, Error - 0
2024-11-27 03:40:57,047 - root - INFO - Cloudflare (Anycast): Tiempo - 0.1435 segundos, Ancho de banda - 2536166.79 bytes/segundo, Error - 0
2024-11-27 03:40:57,208 - root - INFO - Cloudflare (Anycast): Tiempo - 0.1481 segundos, Ancho de banda - 2456837.35 bytes/segundo, Error - 0
2024-11-27 03:40:57,372 - root - INFO - Cloudflare (Anycast): Tiempo - 0.1515 segundos, Ancho de banda - 2401840.50 bytes/segundo, Error - 0
2024-11-27 03:40:57,510 - root - INFO - Cloudflare (Anycast): Tiempo - 0.1274 segundos, Ancho de banda - 2857195.03 bytes/segundo, Error - 0
2024-11-27 03:40:57,687 - root - INFO - Cloudflare (Anycast): Tiempo - 0.1604 segundos, Ancho de banda - 2269167.34 bytes/segundo, Error - 0
2024-11-27 03:40:57,837 - root - INFO - Cloudflare (Anycast): Tiempo - 0.1364 segundos, Ancho de banda - 2668526.01 bytes/segundo, Error - 0
2024-11-27 03:40:57,983 - root - INFO - Cloudflare (Anycast): Tiempo - 0.1330 segundos, Ancho de banda - 2737028.51 bytes/segundo, Error - 0
2024-11-27 03:40:58,129 - root - INFO - Cloudflare (Anycast): Tiempo - 0.1340 segundos, Ancho de banda - 2716190.55 bytes/segundo, Error - 0
2024-11-27 03:40:58,255 - root - INFO - Cloudflare (Anycast): Tiempo - 0.1167 segundos, Ancho de banda - 3119773.53 bytes/segundo, Error - 0
2024-11-27 03:40:58,415 - root - INFO - Cloudflare (Anycast): Tiempo - 0.1383 segundos, Ancho de banda - 2631605.75 bytes/segundo, Error - 0
2024-11-27 03:40:58,576 - root - INFO - Cloudflare (Anycast): Tiempo - 0.1488 segundos, Ancho de banda - 2446047.29 bytes/segundo, Error - 0
2024-11-27 03:40:58,716 - root - INFO - Cloudflare (Anycast): Tiempo - 0.1275 segundos, Ancho de banda - 2855207.14 bytes/segundo, Error - 0
2024-11-27 03:40:58,851 - root - INFO - Cloudflare (Anycast): Tiempo - 0.1239 segundos, Ancho de banda - 2938587.50 bytes/segundo, Error - 0
2024-11-27 03:40:59,016 - root - INFO - Cloudflare (Anycast): Tiempo - 0.1516 segundos, Ancho de banda - 2401118.96 bytes/segundo, Error - 0
2024-11-27 03:40:59,151 - root - INFO - Cloudflare (Anycast): Tiempo - 0.1250 segundos, Ancho de banda - 2910912.97 bytes/segundo, Error - 0
2024-11-27 03:40:59,520 - root - INFO - Cloudflare (Anycast): Tiempo - 0.3590 segundos, Ancho de banda - 1013971.47 bytes/segundo, Error - 0
2024-11-27 03:40:59,699 - root - INFO - Cloudflare (Anycast): Tiempo - 0.1662 segundos, Ancho de banda - 2190141.13 bytes/segundo, Error - 0
2024-11-27 03:40:59,873 - root - INFO - Cloudflare (Anycast): Tiempo - 0.1571 segundos, Ancho de banda - 2316604.08 bytes/segundo, Error - 0
2024-11-27 03:41:00,003 - root - INFO - Cloudflare (Anycast): Tiempo - 0.1190 segundos, Ancho de banda - 3058182.65 bytes/segundo, Error - 0
2024-11-27 03:41:00,199 - root - INFO - Cloudflare (Anycast): Tiempo - 0.1765 segundos, Ancho de banda - 2062433.49 bytes/segundo, Error - 0
2024-11-27 03:41:00,335 - root - INFO - Cloudflare (Anycast): Tiempo - 0.1243 segundos, Ancho de banda - 2928895.98 bytes/segundo, Error - 0
2024-11-27 03:41:00,464 - root - INFO - Cloudflare (Anycast): Tiempo - 0.1195 segundos, Ancho de banda - 3046489.49 bytes/segundo, Error - 0
2024-11-27 03:41:00,630 - root - INFO - Cloudflare (Anycast): Tiempo - 0.1531 segundos, Ancho de banda - 2377422.84 bytes/segundo, Error - 0
2024-11-27 03:41:00,787 - root - INFO - Cloudflare (Anycast): Tiempo - 0.1452 segundos, Ancho de banda - 2506152.12 bytes/segundo, Error - 0
2024-11-27 03:41:00,955 - root - INFO - Cloudflare (Anycast): Tiempo - 0.1497 segundos, Ancho de banda - 2432123.52 bytes/segundo, Error - 0
2024-11-27 03:41:01,091 - root - INFO - Cloudflare (Anycast): Tiempo - 0.1256 segundos, Ancho de banda - 2897723.97 bytes/segundo, Error - 0
2024-11-27 03:41:01,224 - root - INFO - Cloudflare (Anycast): Tiempo - 0.1236 segundos, Ancho de banda - 2945214.90 bytes/segundo, Error - 0
2024-11-27 03:41:01,390 - root - INFO - Cloudflare (Anycast): Tiempo - 0.1546 segundos, Ancho de banda - 2354520.28 bytes/segundo, Error - 0
2024-11-27 03:41:01,536 - root - INFO - Cloudflare (Anycast): Tiempo - 0.1365 segundos, Ancho de banda - 2666270.24 bytes/segundo, Error - 0
2024-11-27 03:41:01,714 - root - INFO - Cloudflare (Anycast): Tiempo - 0.1638 segundos, Ancho de banda - 2221411.42 bytes/segundo, Error - 0
2024-11-27 03:41:01,923 - root - INFO - Cloudflare (Anycast): Tiempo - 0.1964 segundos, Ancho de banda - 1853535.28 bytes/segundo, Error - 0
2024-11-27 03:41:02,075 - root - INFO - Cloudflare (Anycast): Tiempo - 0.1342 segundos, Ancho de banda - 2712729.89 bytes/segundo, Error - 0
2024-11-27 03:41:02,242 - root - INFO - Cloudflare (Anycast): Tiempo - 0.1547 segundos, Ancho de banda - 2352760.35 bytes/segundo, Error - 0
2024-11-27 03:41:02,377 - root - INFO - Cloudflare (Anycast): Tiempo - 0.1254 segundos, Ancho de banda - 2901893.70 bytes/segundo, Error - 0
2024-11-27 03:41:02,514 - root - INFO - Cloudflare (Anycast): Tiempo - 0.1280 segundos, Ancho de banda - 2842469.36 bytes/segundo, Error - 0
2024-11-27 03:41:02,681 - root - INFO - Cloudflare (Anycast): Tiempo - 0.1531 segundos, Ancho de banda - 2376578.99 bytes/segundo, Error - 0
2024-11-27 03:41:02,864 - root - INFO - Cloudflare (Anycast): Tiempo - 0.1611 segundos, Ancho de banda - 2259648.58 bytes/segundo, Error - 0
2024-11-27 03:41:03,003 - root - INFO - Cloudflare (Anycast): Tiempo - 0.1237 segundos, Ancho de banda - 2942955.17 bytes/segundo, Error - 0
2024-11-27 03:41:03,216 - root - INFO - Cloudflare (Anycast): Tiempo - 0.1973 segundos, Ancho de banda - 1844866.66 bytes/segundo, Error - 0
2024-11-27 03:41:03,374 - root - INFO - Cloudflare (Anycast): Tiempo - 0.1470 segundos, Ancho de banda - 2476473.93 bytes/segundo, Error - 0
2024-11-27 03:41:03,527 - root - INFO - Cloudflare (Anycast): Tiempo - 0.1406 segundos, Ancho de banda - 2589586.09 bytes/segundo, Error - 0
2024-11-27 03:41:03,670 - root - INFO - Cloudflare (Anycast): Tiempo - 0.1298 segundos, Ancho de banda - 2804686.75 bytes/segundo, Error - 0
2024-11-27 03:41:03,976 - root - INFO - Cloudflare (Anycast): Tiempo - 0.2928 segundos, Ancho de banda - 1242930.90 bytes/segundo, Error - 0
2024-11-27 03:41:04,138 - root - INFO - Cloudflare (Anycast): Tiempo - 0.1487 segundos, Ancho de banda - 2447333.48 bytes/segundo, Error - 0
2024-11-27 03:41:04,279 - root - INFO - Cloudflare (Anycast): Tiempo - 0.1290 segundos, Ancho de banda - 2821231.46 bytes/segundo, Error - 0
2024-11-27 03:41:04,494 - root - INFO - Cloudflare (Anycast): Tiempo - 0.1897 segundos, Ancho de banda - 1918913.44 bytes/segundo, Error - 0
2024-11-27 03:41:04,657 - root - INFO - Cloudflare (Anycast): Tiempo - 0.1519 segundos, Ancho de banda - 2396682.12 bytes/segundo, Error - 0
2024-11-27 03:41:04,879 - root - INFO - Cloudflare (Anycast): Tiempo - 0.2073 segundos, Ancho de banda - 1755396.36 bytes/segundo, Error - 0
2024-11-27 03:41:05,023 - root - INFO - Cloudflare (Anycast): Tiempo - 0.1321 segundos, Ancho de banda - 2754540.70 bytes/segundo, Error - 0
2024-11-27 03:41:05,186 - root - INFO - Cloudflare (Anycast): Tiempo - 0.1494 segundos, Ancho de banda - 2436494.34 bytes/segundo, Error - 0
2024-11-27 03:41:05,330 - root - INFO - Cloudflare (Anycast): Tiempo - 0.1349 segundos, Ancho de banda - 2699022.69 bytes/segundo, Error - 0
2024-11-27 03:41:05,455 - root - INFO - Cloudflare (Anycast): Tiempo - 0.1145 segundos, Ancho de banda - 3177633.46 bytes/segundo, Error - 0
2024-11-27 03:41:05,619 - root - INFO - Cloudflare (Anycast): Tiempo - 0.1504 segundos, Ancho de banda - 2419399.86 bytes/segundo, Error - 0
2024-11-27 03:41:05,768 - root - INFO - Cloudflare (Anycast): Tiempo - 0.1300 segundos, Ancho de banda - 2800560.30 bytes/segundo, Error - 0
2024-11-27 03:41:05,964 - root - INFO - Cloudflare (Anycast): Tiempo - 0.1799 segundos, Ancho de banda - 2022633.68 bytes/segundo, Error - 0
2024-11-27 03:41:06,113 - root - INFO - Cloudflare (Anycast): Tiempo - 0.1348 segundos, Ancho de banda - 2700579.21 bytes/segundo, Error - 0
2024-11-27 03:41:06,278 - root - INFO - Cloudflare (Anycast): Tiempo - 0.1437 segundos, Ancho de banda - 2532846.80 bytes/segundo, Error - 0
2024-11-27 03:41:06,455 - root - INFO - Cloudflare (Anycast): Tiempo - 0.1543 segundos, Ancho de banda - 2359345.43 bytes/segundo, Error - 0
2024-11-27 03:41:06,594 - root - INFO - Cloudflare (Anycast): Tiempo - 0.1266 segundos, Ancho de banda - 2875525.57 bytes/segundo, Error - 0
2024-11-27 03:41:06,739 - root - INFO - Cloudflare (Anycast): Tiempo - 0.1339 segundos, Ancho de banda - 2718158.90 bytes/segundo, Error - 0
2024-11-27 03:41:06,865 - root - INFO - Cloudflare (Anycast): Tiempo - 0.1171 segundos, Ancho de banda - 3107814.34 bytes/segundo, Error - 0
2024-11-27 03:41:07,008 - root - INFO - Cloudflare (Anycast): Tiempo - 0.1331 segundos, Ancho de banda - 2734498.74 bytes/segundo, Error - 0
2024-11-27 03:41:07,155 - root - INFO - Cloudflare (Anycast): Tiempo - 0.1334 segundos, Ancho de banda - 2728672.63 bytes/segundo, Error - 0
2024-11-27 03:41:07,309 - root - INFO - Cloudflare (Anycast): Tiempo - 0.1399 segundos, Ancho de banda - 2601261.64 bytes/segundo, Error - 0
2024-11-27 03:41:07,450 - root - INFO - Cloudflare (Anycast): Tiempo - 0.1316 segundos, Ancho de banda - 2766495.94 bytes/segundo, Error - 0
2024-11-27 03:41:07,566 - root - INFO - Cloudflare (Anycast): Tiempo - 0.1056 segundos, Ancho de banda - 3445392.14 bytes/segundo, Error - 0
2024-11-27 03:41:07,696 - root - INFO - Cloudflare (Anycast): Tiempo - 0.1207 segundos, Ancho de banda - 3014337.15 bytes/segundo, Error - 0
2024-11-27 03:41:07,842 - root - INFO - Cloudflare (Anycast): Tiempo - 0.1343 segundos, Ancho de banda - 2711010.08 bytes/segundo, Error - 0
2024-11-27 03:41:07,986 - root - INFO - Cloudflare (Anycast): Tiempo - 0.1299 segundos, Ancho de banda - 2802251.60 bytes/segundo, Error - 0
2024-11-27 03:41:08,135 - root - INFO - Cloudflare (Anycast): Tiempo - 0.1339 segundos, Ancho de banda - 2718793.06 bytes/segundo, Error - 0
2024-11-27 03:41:08,285 - root - INFO - Cloudflare (Anycast): Tiempo - 0.1346 segundos, Ancho de banda - 2703668.91 bytes/segundo, Error - 0
2024-11-27 03:41:08,433 - root - INFO - Cloudflare (Anycast): Tiempo - 0.1324 segundos, Ancho de banda - 2747995.66 bytes/segundo, Error - 0
2024-11-27 03:41:08,595 - root - INFO - Cloudflare (Anycast): Tiempo - 0.1376 segundos, Ancho de banda - 2644896.25 bytes/segundo, Error - 0
2024-11-27 03:41:08,766 - root - INFO - Cloudflare (Anycast): Tiempo - 0.1582 segundos, Ancho de banda - 2301148.64 bytes/segundo, Error - 0
2024-11-27 03:41:08,935 - root - INFO - Cloudflare (Anycast): Tiempo - 0.1532 segundos, Ancho de banda - 2375207.16 bytes/segundo, Error - 0
2024-11-27 03:41:09,060 - root - INFO - Cloudflare (Anycast): Tiempo - 0.1152 segundos, Ancho de banda - 3159547.78 bytes/segundo, Error - 0
2024-11-27 03:41:09,245 - root - INFO - Cloudflare (Anycast): Tiempo - 0.1678 segundos, Ancho de banda - 2169480.74 bytes/segundo, Error - 0
2024-11-27 03:41:09,404 - root - INFO - Cloudflare (Anycast): Tiempo - 0.1459 segundos, Ancho de banda - 2494057.35 bytes/segundo, Error - 0
2024-11-27 03:41:09,602 - root - INFO - Cloudflare (Anycast): Tiempo - 0.1859 segundos, Ancho de banda - 1957512.18 bytes/segundo, Error - 0
2024-11-27 03:41:09,761 - root - INFO - Cloudflare (Anycast): Tiempo - 0.1464 segundos, Ancho de banda - 2485991.34 bytes/segundo, Error - 0
2024-11-27 03:41:09,957 - root - INFO - Cloudflare (Anycast): Tiempo - 0.1784 segundos, Ancho de banda - 2040678.45 bytes/segundo, Error - 0
2024-11-27 03:41:10,191 - root - INFO - Cloudflare (Anycast): Tiempo - 0.2209 segundos, Ancho de banda - 1647882.59 bytes/segundo, Error - 0
2024-11-27 03:41:10,356 - root - INFO - Cloudflare (Anycast): Tiempo - 0.1521 segundos, Ancho de banda - 2393161.69 bytes/segundo, Error - 0
2024-11-27 03:41:10,534 - root - INFO - Cloudflare (Anycast): Tiempo - 0.1642 segundos, Ancho de banda - 2216904.85 bytes/segundo, Error - 0
2024-11-27 03:41:10,677 - root - INFO - Cloudflare (Anycast): Tiempo - 0.1334 segundos, Ancho de banda - 2728175.24 bytes/segundo, Error - 0
2024-11-27 03:41:10,813 - root - INFO - Cloudflare (Anycast): Tiempo - 0.1266 segundos, Ancho de banda - 2875233.11 bytes/segundo, Error - 0
2024-11-27 03:41:10,989 - root - INFO - Cloudflare (Anycast): Tiempo - 0.1602 segundos, Ancho de banda - 2271328.07 bytes/segundo, Error - 0
2024-11-27 03:41:11,122 - root - INFO - Cloudflare (Anycast): Tiempo - 0.1173 segundos, Ancho de banda - 3101607.53 bytes/segundo, Error - 0
2024-11-27 03:41:11,277 - root - INFO - Cloudflare (Anycast): Tiempo - 0.1372 segundos, Ancho de banda - 2652041.09 bytes/segundo, Error - 0
2024-11-27 03:41:11,460 - root - INFO - Cloudflare (Anycast): Tiempo - 0.1705 segundos, Ancho de banda - 2134690.95 bytes/segundo, Error - 0
2024-11-27 03:41:11,642 - root - INFO - Cloudflare (Anycast): Tiempo - 0.1696 segundos, Ancho de banda - 2146079.43 bytes/segundo, Error - 0
2024-11-27 03:41:11,805 - root - INFO - Cloudflare (Anycast): Tiempo - 0.1503 segundos, Ancho de banda - 2421195.66 bytes/segundo, Error - 0
2024-11-27 03:41:11,934 - root - INFO - Cloudflare (Anycast): Tiempo - 0.1145 segundos, Ancho de banda - 3177692.99 bytes/segundo, Error - 0
2024-11-27 03:41:12,064 - root - INFO - Cloudflare (Anycast): Tiempo - 0.1186 segundos, Ancho de banda - 3068602.15 bytes/segundo, Error - 0
2024-11-27 03:41:12,280 - root - INFO - Cloudflare (Anycast): Tiempo - 0.1934 segundos, Ancho de banda - 1882004.66 bytes/segundo, Error - 0
2024-11-27 03:41:12,428 - root - INFO - Cloudflare (Anycast): Tiempo - 0.1360 segundos, Ancho de banda - 2675728.91 bytes/segundo, Error - 0
2024-11-27 03:41:12,631 - root - INFO - Cloudflare (Anycast): Tiempo - 0.1901 segundos, Ancho de banda - 1914401.51 bytes/segundo, Error - 0
2024-11-27 03:41:12,784 - root - INFO - Cloudflare (Anycast): Tiempo - 0.1424 segundos, Ancho de banda - 2556112.60 bytes/segundo, Error - 0
2024-11-27 03:41:12,904 - root - INFO - Cloudflare (Anycast): Tiempo - 0.1074 segundos, Ancho de banda - 3388051.14 bytes/segundo, Error - 0
2024-11-27 03:41:13,059 - root - INFO - Cloudflare (Anycast): Tiempo - 0.1412 segundos, Ancho de banda - 2578332.72 bytes/segundo, Error - 0
2024-11-27 03:41:13,229 - root - INFO - Cloudflare (Anycast): Tiempo - 0.1592 segundos, Ancho de banda - 2286692.44 bytes/segundo, Error - 0
2024-11-27 03:41:13,359 - root - INFO - Cloudflare (Anycast): Tiempo - 0.1209 segundos, Ancho de banda - 3011239.39 bytes/segundo, Error - 0
2024-11-27 03:41:13,573 - root - INFO - Cloudflare (Anycast): Tiempo - 0.1723 segundos, Ancho de banda - 2112512.47 bytes/segundo, Error - 0
2024-11-27 03:41:13,712 - root - INFO - Cloudflare (Anycast): Tiempo - 0.1300 segundos, Ancho de banda - 2800601.40 bytes/segundo, Error - 0
2024-11-27 03:41:13,870 - root - INFO - Cloudflare (Anycast): Tiempo - 0.1453 segundos, Ancho de banda - 2504359.60 bytes/segundo, Error - 0
2024-11-27 03:41:14,016 - root - INFO - Cloudflare (Anycast): Tiempo - 0.1320 segundos, Ancho de banda - 2757964.43 bytes/segundo, Error - 0
2024-11-27 03:41:14,208 - root - INFO - Cloudflare (Anycast): Tiempo - 0.1579 segundos, Ancho de banda - 2304347.73 bytes/segundo, Error - 0
2024-11-27 03:41:14,350 - root - INFO - Cloudflare (Anycast): Tiempo - 0.1316 segundos, Ancho de banda - 2765694.02 bytes/segundo, Error - 0
2024-11-27 03:41:14,507 - root - INFO - Cloudflare (Anycast): Tiempo - 0.1444 segundos, Ancho de banda - 2520701.72 bytes/segundo, Error - 0
2024-11-27 03:41:14,652 - root - INFO - Cloudflare (Anycast): Tiempo - 0.1331 segundos, Ancho de banda - 2735076.84 bytes/segundo, Error - 0
2024-11-27 03:41:14,797 - root - INFO - Cloudflare (Anycast): Tiempo - 0.1302 segundos, Ancho de banda - 2795851.88 bytes/segundo, Error - 0
2024-11-27 03:41:14,937 - root - INFO - Cloudflare (Anycast): Tiempo - 0.1277 segundos, Ancho de banda - 2849169.61 bytes/segundo, Error - 0
2024-11-27 03:41:15,101 - root - INFO - Cloudflare (Anycast): Tiempo - 0.1503 segundos, Ancho de banda - 2421303.18 bytes/segundo, Error - 0
2024-11-27 03:41:15,245 - root - INFO - Cloudflare (Anycast): Tiempo - 0.1308 segundos, Ancho de banda - 2782941.86 bytes/segundo, Error - 0
2024-11-27 03:41:15,409 - root - INFO - Cloudflare (Anycast): Tiempo - 0.1479 segundos, Ancho de banda - 2460706.39 bytes/segundo, Error - 0
2024-11-27 03:41:15,560 - root - INFO - Cloudflare (Anycast): Tiempo - 0.1388 segundos, Ancho de banda - 2622392.85 bytes/segundo, Error - 0
2024-11-27 03:41:15,728 - root - INFO - Cloudflare (Anycast): Tiempo - 0.1531 segundos, Ancho de banda - 2376830.60 bytes/segundo, Error - 0
2024-11-27 03:41:15,876 - root - INFO - Cloudflare (Anycast): Tiempo - 0.1388 segundos, Ancho de banda - 2622834.39 bytes/segundo, Error - 0
2024-11-27 03:41:16,090 - root - INFO - Cloudflare (Anycast): Tiempo - 0.1970 segundos, Ancho de banda - 1848017.83 bytes/segundo, Error - 0
2024-11-27 03:41:16,250 - root - INFO - Cloudflare (Anycast): Tiempo - 0.1452 segundos, Ancho de banda - 2506304.36 bytes/segundo, Error - 0
2024-11-27 03:41:16,401 - root - INFO - Cloudflare (Anycast): Tiempo - 0.1416 segundos, Ancho de banda - 2570933.73 bytes/segundo, Error - 0
2024-11-27 03:41:16,558 - root - INFO - Cloudflare (Anycast): Tiempo - 0.1428 segundos, Ancho de banda - 2549704.58 bytes/segundo, Error - 0
2024-11-27 03:41:16,707 - root - INFO - Cloudflare (Anycast): Tiempo - 0.1360 segundos, Ancho de banda - 2676132.30 bytes/segundo, Error - 0
2024-11-27 03:41:16,852 - root - INFO - Cloudflare (Anycast): Tiempo - 0.1319 segundos, Ancho de banda - 2759210.63 bytes/segundo, Error - 0
2024-11-27 03:41:16,995 - root - INFO - Cloudflare (Anycast): Tiempo - 0.1288 segundos, Ancho de banda - 2825429.56 bytes/segundo, Error - 0
2024-11-27 03:41:17,137 - root - INFO - Cloudflare (Anycast): Tiempo - 0.1299 segundos, Ancho de banda - 2801989.29 bytes/segundo, Error - 0
2024-11-27 03:41:17,281 - root - INFO - Cloudflare (Anycast): Tiempo - 0.1234 segundos, Ancho de banda - 2950565.76 bytes/segundo, Error - 0
2024-11-27 03:41:17,476 - root - INFO - Cloudflare (Anycast): Tiempo - 0.1815 segundos, Ancho de banda - 2005460.97 bytes/segundo, Error - 0
2024-11-27 03:41:17,619 - root - INFO - Cloudflare (Anycast): Tiempo - 0.1286 segundos, Ancho de banda - 2831324.78 bytes/segundo, Error - 0
2024-11-27 03:41:17,815 - root - INFO - Cloudflare (Anycast): Tiempo - 0.1845 segundos, Ancho de banda - 1972903.39 bytes/segundo, Error - 0
2024-11-27 03:41:17,992 - root - INFO - Cloudflare (Anycast): Tiempo - 0.1624 segundos, Ancho de banda - 2240684.18 bytes/segundo, Error - 0
2024-11-27 03:41:18,194 - root - INFO - Cloudflare (Anycast): Tiempo - 0.1841 segundos, Ancho de banda - 1976883.80 bytes/segundo, Error - 0
2024-11-27 03:41:18,351 - root - INFO - Cloudflare (Anycast): Tiempo - 0.1371 segundos, Ancho de banda - 2655288.51 bytes/segundo, Error - 0
2024-11-27 03:41:18,496 - root - INFO - Cloudflare (Anycast): Tiempo - 0.1300 segundos, Ancho de banda - 2799959.32 bytes/segundo, Error - 0
2024-11-27 03:41:18,684 - root - INFO - Cloudflare (Anycast): Tiempo - 0.1736 segundos, Ancho de banda - 2097163.52 bytes/segundo, Error - 0
2024-11-27 03:41:18,816 - root - INFO - Cloudflare (Anycast): Tiempo - 0.1214 segundos, Ancho de banda - 2998776.26 bytes/segundo, Error - 0
2024-11-27 03:41:18,985 - root - INFO - Cloudflare (Anycast): Tiempo - 0.1579 segundos, Ancho de banda - 2305635.42 bytes/segundo, Error - 0
2024-11-27 03:41:19,130 - root - INFO - Cloudflare (Anycast): Tiempo - 0.1325 segundos, Ancho de banda - 2746507.54 bytes/segundo, Error - 0
2024-11-27 03:41:19,341 - root - INFO - Cloudflare (Anycast): Tiempo - 0.1972 segundos, Ancho de banda - 1845624.99 bytes/segundo, Error - 0
2024-11-27 03:41:19,580 - root - INFO - Cloudflare (Anycast): Tiempo - 0.2258 segundos, Ancho de banda - 1611782.91 bytes/segundo, Error - 0
2024-11-27 03:41:19,762 - root - INFO - Cloudflare (Anycast): Tiempo - 0.1553 segundos, Ancho de banda - 2344018.02 bytes/segundo, Error - 0
2024-11-27 03:41:19,919 - root - INFO - Cloudflare (Anycast): Tiempo - 0.1431 segundos, Ancho de banda - 2543036.28 bytes/segundo, Error - 0
2024-11-27 03:41:20,070 - root - INFO - Cloudflare (Anycast): Tiempo - 0.1371 segundos, Ancho de banda - 2655002.19 bytes/segundo, Error - 0
2024-11-27 03:41:20,229 - root - INFO - Cloudflare (Anycast): Tiempo - 0.1452 segundos, Ancho de banda - 2505958.77 bytes/segundo, Error - 0
2024-11-27 03:41:20,389 - root - INFO - Cloudflare (Anycast): Tiempo - 0.1482 segundos, Ancho de banda - 2455304.19 bytes/segundo, Error - 0
2024-11-27 03:41:20,521 - root - INFO - Cloudflare (Anycast): Tiempo - 0.1233 segundos, Ancho de banda - 2952997.13 bytes/segundo, Error - 0
2024-11-27 03:41:20,695 - root - INFO - Cloudflare (Anycast): Tiempo - 0.1587 segundos, Ancho de banda - 2293739.22 bytes/segundo, Error - 0
2024-11-27 03:41:20,870 - root - INFO - Cloudflare (Anycast): Tiempo - 0.1619 segundos, Ancho de banda - 2247909.83 bytes/segundo, Error - 0
2024-11-27 03:41:21,032 - root - INFO - Cloudflare (Anycast): Tiempo - 0.1498 segundos, Ancho de banda - 2430361.78 bytes/segundo, Error - 0
2024-11-27 03:41:21,206 - root - INFO - Cloudflare (Anycast): Tiempo - 0.1609 segundos, Ancho de banda - 2262371.08 bytes/segundo, Error - 0
2024-11-27 03:41:21,358 - root - INFO - Cloudflare (Anycast): Tiempo - 0.1406 segundos, Ancho de banda - 2589344.51 bytes/segundo, Error - 0
2024-11-27 03:41:21,476 - root - INFO - Cloudflare (Anycast): Tiempo - 0.1087 segundos, Ancho de banda - 3349514.82 bytes/segundo, Error - 0
2024-11-27 03:41:21,657 - root - INFO - Cloudflare (Anycast): Tiempo - 0.1668 segundos, Ancho de banda - 2181596.71 bytes/segundo, Error - 0
2024-11-27 03:41:21,816 - root - INFO - Cloudflare (Anycast): Tiempo - 0.1467 segundos, Ancho de banda - 2480904.96 bytes/segundo, Error - 0
2024-11-27 03:41:21,991 - root - INFO - Cloudflare (Anycast): Tiempo - 0.1550 segundos, Ancho de banda - 2348128.20 bytes/segundo, Error - 0
2024-11-27 03:41:22,138 - root - INFO - Cloudflare (Anycast): Tiempo - 0.1350 segundos, Ancho de banda - 2696800.84 bytes/segundo, Error - 0
2024-11-27 03:41:22,287 - root - INFO - Cloudflare (Anycast): Tiempo - 0.1359 segundos, Ancho de banda - 2678512.88 bytes/segundo, Error - 0
2024-11-27 03:41:22,419 - root - INFO - Cloudflare (Anycast): Tiempo - 0.1210 segundos, Ancho de banda - 3007774.60 bytes/segundo, Error - 0
2024-11-27 03:41:22,576 - root - INFO - Cloudflare (Anycast): Tiempo - 0.1431 segundos, Ancho de banda - 2543519.30 bytes/segundo, Error - 0
2024-11-27 03:41:22,745 - root - INFO - Cloudflare (Anycast): Tiempo - 0.1568 segundos, Ancho de banda - 2321680.90 bytes/segundo, Error - 0
2024-11-27 03:41:22,938 - root - INFO - Cloudflare (Anycast): Tiempo - 0.1702 segundos, Ancho de banda - 2138671.38 bytes/segundo, Error - 0
2024-11-27 03:41:23,108 - root - INFO - Cloudflare (Anycast): Tiempo - 0.1584 segundos, Ancho de banda - 2298013.78 bytes/segundo, Error - 0
2024-11-27 03:41:23,257 - root - INFO - Cloudflare (Anycast): Tiempo - 0.1374 segundos, Ancho de banda - 2648433.99 bytes/segundo, Error - 0
2024-11-27 03:41:23,424 - root - INFO - Cloudflare (Anycast): Tiempo - 0.1523 segundos, Ancho de banda - 2390235.27 bytes/segundo, Error - 0
2024-11-27 03:41:23,561 - root - INFO - Cloudflare (Anycast): Tiempo - 0.1214 segundos, Ancho de banda - 2998187.31 bytes/segundo, Error - 0
2024-11-27 03:41:23,730 - root - INFO - Cloudflare (Anycast): Tiempo - 0.1539 segundos, Ancho de banda - 2365399.25 bytes/segundo, Error - 0
2024-11-27 03:41:23,892 - root - INFO - Cloudflare (Anycast): Tiempo - 0.1416 segundos, Ancho de banda - 2569946.94 bytes/segundo, Error - 0
2024-11-27 03:41:24,052 - root - INFO - Cloudflare (Anycast): Tiempo - 0.1442 segundos, Ancho de banda - 2524603.51 bytes/segundo, Error - 0
2024-11-27 03:41:24,219 - root - INFO - Cloudflare (Anycast): Tiempo - 0.1469 segundos, Ancho de banda - 2477933.10 bytes/segundo, Error - 0
2024-11-27 03:41:24,378 - root - INFO - Cloudflare (Anycast): Tiempo - 0.1469 segundos, Ancho de banda - 2477181.19 bytes/segundo, Error - 0
2024-11-27 03:41:24,677 - root - INFO - Cloudflare (Anycast): Tiempo - 0.2846 segundos, Ancho de banda - 1279007.14 bytes/segundo, Error - 0
2024-11-27 03:41:24,850 - root - INFO - Cloudflare (Anycast): Tiempo - 0.1539 segundos, Ancho de banda - 2365256.32 bytes/segundo, Error - 0
2024-11-27 03:41:24,995 - root - INFO - Cloudflare (Anycast): Tiempo - 0.1322 segundos, Ancho de banda - 2753755.64 bytes/segundo, Error - 0
2024-11-27 03:41:25,152 - root - INFO - Cloudflare (Anycast): Tiempo - 0.1370 segundos, Ancho de banda - 2657641.38 bytes/segundo, Error - 0
2024-11-27 03:41:25,329 - root - INFO - Cloudflare (Anycast): Tiempo - 0.1610 segundos, Ancho de banda - 2260418.12 bytes/segundo, Error - 0
2024-11-27 03:41:25,505 - root - INFO - Cloudflare (Anycast): Tiempo - 0.1602 segundos, Ancho de banda - 2271767.47 bytes/segundo, Error - 0
2024-11-27 03:41:25,678 - root - INFO - Cloudflare (Anycast): Tiempo - 0.1551 segundos, Ancho de banda - 2346583.39 bytes/segundo, Error - 0
2024-11-27 03:41:25,798 - root - INFO - Cloudflare (Anycast): Tiempo - 0.1094 segundos, Ancho de banda - 3327618.80 bytes/segundo, Error - 0
2024-11-27 03:41:25,946 - root - INFO - Cloudflare (Anycast): Tiempo - 0.1316 segundos, Ancho de banda - 2764737.35 bytes/segundo, Error - 0
2024-11-27 03:41:26,129 - root - INFO - Cloudflare (Anycast): Tiempo - 0.1690 segundos, Ancho de banda - 2154134.58 bytes/segundo, Error - 0
2024-11-27 03:41:26,319 - root - INFO - Cloudflare (Anycast): Tiempo - 0.1698 segundos, Ancho de banda - 2143680.64 bytes/segundo, Error - 0
2024-11-27 03:41:26,484 - root - INFO - Cloudflare (Anycast): Tiempo - 0.1465 segundos, Ancho de banda - 2483766.77 bytes/segundo, Error - 0
2024-11-27 03:41:26,667 - root - INFO - Cloudflare (Anycast): Tiempo - 0.1704 segundos, Ancho de banda - 2136214.38 bytes/segundo, Error - 0
2024-11-27 03:41:26,814 - root - INFO - Cloudflare (Anycast): Tiempo - 0.1345 segundos, Ancho de banda - 2706386.60 bytes/segundo, Error - 0
2024-11-27 03:41:26,944 - root - INFO - Cloudflare (Anycast): Tiempo - 0.1207 segundos, Ancho de banda - 3015319.54 bytes/segundo, Error - 0
2024-11-27 03:41:27,172 - root - INFO - Cloudflare (Anycast): Tiempo - 0.1478 segundos, Ancho de banda - 2462405.17 bytes/segundo, Error - 0
2024-11-27 03:41:27,316 - root - INFO - Cloudflare (Anycast): Tiempo - 0.1345 segundos, Ancho de banda - 2705106.16 bytes/segundo, Error - 0
2024-11-27 03:41:27,485 - root - INFO - Cloudflare (Anycast): Tiempo - 0.1552 segundos, Ancho de banda - 2344741.66 bytes/segundo, Error - 0
2024-11-27 03:41:27,631 - root - INFO - Cloudflare (Anycast): Tiempo - 0.1272 segundos, Ancho de banda - 2861087.98 bytes/segundo, Error - 0
2024-11-27 03:41:27,780 - root - INFO - Cloudflare (Anycast): Tiempo - 0.1364 segundos, Ancho de banda - 2668535.34 bytes/segundo, Error - 0
2024-11-27 03:41:27,964 - root - INFO - Cloudflare (Anycast): Tiempo - 0.1721 segundos, Ancho de banda - 2114516.82 bytes/segundo, Error - 0
2024-11-27 03:41:28,131 - root - INFO - Cloudflare (Anycast): Tiempo - 0.1555 segundos, Ancho de banda - 2340467.48 bytes/segundo, Error - 0
2024-11-27 03:41:28,271 - root - INFO - Cloudflare (Anycast): Tiempo - 0.1295 segundos, Ancho de banda - 2810635.35 bytes/segundo, Error - 0
2024-11-27 03:41:28,490 - root - INFO - Cloudflare (Anycast): Tiempo - 0.2079 segundos, Ancho de banda - 1750284.36 bytes/segundo, Error - 0
2024-11-27 03:41:28,642 - root - INFO - Cloudflare (Anycast): Tiempo - 0.1301 segundos, Ancho de banda - 2798655.53 bytes/segundo, Error - 0
2024-11-27 03:41:28,812 - root - INFO - Cloudflare (Anycast): Tiempo - 0.1559 segundos, Ancho de banda - 2334319.12 bytes/segundo, Error - 0
2024-11-27 03:41:28,812 - root - INFO - Resultados para Cloudflare (Anycast):
 - Tiempo promedio: 0.1487 segundos
 - Ancho de banda promedio: 2519541.60 bytes/segundo
 - Tasa de error: 0.00%

2024-11-27 03:41:29,190 - root - INFO - Bing (FastRoute): Tiempo - 0.3686 segundos, Ancho de banda - 140823.38 bytes/segundo, Error - 0
2024-11-27 03:41:29,521 - root - INFO - Bing (FastRoute): Tiempo - 0.3104 segundos, Ancho de banda - 162872.49 bytes/segundo, Error - 0
2024-11-27 03:41:29,816 - root - INFO - Bing (FastRoute): Tiempo - 0.2933 segundos, Ancho de banda - 171572.46 bytes/segundo, Error - 0
2024-11-27 03:41:30,076 - root - INFO - Bing (FastRoute): Tiempo - 0.2303 segundos, Ancho de banda - 223451.07 bytes/segundo, Error - 0
2024-11-27 03:41:30,300 - root - INFO - Bing (FastRoute): Tiempo - 0.2198 segundos, Ancho de banda - 230656.52 bytes/segundo, Error - 0
2024-11-27 03:41:30,532 - root - INFO - Bing (FastRoute): Tiempo - 0.2262 segundos, Ancho de banda - 228370.32 bytes/segundo, Error - 0
2024-11-27 03:41:30,772 - root - INFO - Bing (FastRoute): Tiempo - 0.2379 segundos, Ancho de banda - 211373.37 bytes/segundo, Error - 0
2024-11-27 03:41:30,997 - root - INFO - Bing (FastRoute): Tiempo - 0.2190 segundos, Ancho de banda - 231932.30 bytes/segundo, Error - 0
2024-11-27 03:41:31,234 - root - INFO - Bing (FastRoute): Tiempo - 0.2239 segundos, Ancho de banda - 225567.83 bytes/segundo, Error - 0
2024-11-27 03:41:31,460 - root - INFO - Bing (FastRoute): Tiempo - 0.2198 segundos, Ancho de banda - 229575.40 bytes/segundo, Error - 0
2024-11-27 03:41:31,677 - root - INFO - Bing (FastRoute): Tiempo - 0.2132 segundos, Ancho de banda - 237370.07 bytes/segundo, Error - 0
2024-11-27 03:41:31,917 - root - INFO - Bing (FastRoute): Tiempo - 0.2340 segundos, Ancho de banda - 214851.69 bytes/segundo, Error - 0
2024-11-27 03:41:32,215 - root - INFO - Bing (FastRoute): Tiempo - 0.2952 segundos, Ancho de banda - 171301.37 bytes/segundo, Error - 0
2024-11-27 03:41:32,469 - root - INFO - Bing (FastRoute): Tiempo - 0.2525 segundos, Ancho de banda - 201222.08 bytes/segundo, Error - 0
2024-11-27 03:41:32,695 - root - INFO - Bing (FastRoute): Tiempo - 0.2183 segundos, Ancho de banda - 233065.76 bytes/segundo, Error - 0
2024-11-27 03:41:33,040 - root - INFO - Bing (FastRoute): Tiempo - 0.2261 segundos, Ancho de banda - 223462.34 bytes/segundo, Error - 0
2024-11-27 03:41:33,277 - root - INFO - Bing (FastRoute): Tiempo - 0.2308 segundos, Ancho de banda - 217932.51 bytes/segundo, Error - 0
2024-11-27 03:41:33,561 - root - INFO - Bing (FastRoute): Tiempo - 0.2817 segundos, Ancho de banda - 183253.53 bytes/segundo, Error - 0
2024-11-27 03:41:33,866 - root - INFO - Bing (FastRoute): Tiempo - 0.2906 segundos, Ancho de banda - 175751.12 bytes/segundo, Error - 0
2024-11-27 03:41:34,113 - root - INFO - Bing (FastRoute): Tiempo - 0.2333 segundos, Ancho de banda - 215507.92 bytes/segundo, Error - 0
2024-11-27 03:41:34,332 - root - INFO - Bing (FastRoute): Tiempo - 0.2145 segundos, Ancho de banda - 236860.88 bytes/segundo, Error - 0
2024-11-27 03:41:34,673 - root - INFO - Bing (FastRoute): Tiempo - 0.2210 segundos, Ancho de banda - 227470.35 bytes/segundo, Error - 0
2024-11-27 03:41:34,894 - root - INFO - Bing (FastRoute): Tiempo - 0.2156 segundos, Ancho de banda - 240097.62 bytes/segundo, Error - 0
2024-11-27 03:41:35,235 - root - INFO - Bing (FastRoute): Tiempo - 0.3341 segundos, Ancho de banda - 155474.29 bytes/segundo, Error - 0
2024-11-27 03:41:35,462 - root - INFO - Bing (FastRoute): Tiempo - 0.2223 segundos, Ancho de banda - 227299.78 bytes/segundo, Error - 0
2024-11-27 03:41:35,696 - root - INFO - Bing (FastRoute): Tiempo - 0.2276 segundos, Ancho de banda - 222185.60 bytes/segundo, Error - 0
2024-11-27 03:41:36,022 - root - INFO - Bing (FastRoute): Tiempo - 0.3236 segundos, Ancho de banda - 159656.23 bytes/segundo, Error - 0
2024-11-27 03:41:36,253 - root - INFO - Bing (FastRoute): Tiempo - 0.2248 segundos, Ancho de banda - 227610.20 bytes/segundo, Error - 0
2024-11-27 03:41:36,488 - root - INFO - Bing (FastRoute): Tiempo - 0.2306 segundos, Ancho de banda - 218419.91 bytes/segundo, Error - 0
2024-11-27 03:41:36,715 - root - INFO - Bing (FastRoute): Tiempo - 0.2231 segundos, Ancho de banda - 226510.81 bytes/segundo, Error - 0
2024-11-27 03:41:37,012 - root - INFO - Bing (FastRoute): Tiempo - 0.2785 segundos, Ancho de banda - 181770.67 bytes/segundo, Error - 0
2024-11-27 03:41:37,317 - root - INFO - Bing (FastRoute): Tiempo - 0.2836 segundos, Ancho de banda - 178622.80 bytes/segundo, Error - 0
2024-11-27 03:41:37,544 - root - INFO - Bing (FastRoute): Tiempo - 0.2196 segundos, Ancho de banda - 234926.41 bytes/segundo, Error - 0
2024-11-27 03:41:37,909 - root - INFO - Bing (FastRoute): Tiempo - 0.2300 segundos, Ancho de banda - 220198.35 bytes/segundo, Error - 0
2024-11-27 03:41:38,162 - root - INFO - Bing (FastRoute): Tiempo - 0.2415 segundos, Ancho de banda - 209289.92 bytes/segundo, Error - 0
2024-11-27 03:41:38,401 - root - INFO - Bing (FastRoute): Tiempo - 0.2266 segundos, Ancho de banda - 223305.17 bytes/segundo, Error - 0
2024-11-27 03:41:38,757 - root - INFO - Bing (FastRoute): Tiempo - 0.2340 segundos, Ancho de banda - 214897.45 bytes/segundo, Error - 0
2024-11-27 03:41:38,989 - root - INFO - Bing (FastRoute): Tiempo - 0.2207 segundos, Ancho de banda - 228308.51 bytes/segundo, Error - 0
2024-11-27 03:41:39,223 - root - INFO - Bing (FastRoute): Tiempo - 0.2251 segundos, Ancho de banda - 228571.21 bytes/segundo, Error - 0
2024-11-27 03:41:39,471 - root - INFO - Bing (FastRoute): Tiempo - 0.2438 segundos, Ancho de banda - 207745.16 bytes/segundo, Error - 0
2024-11-27 03:41:39,695 - root - INFO - Bing (FastRoute): Tiempo - 0.2220 segundos, Ancho de banda - 226538.92 bytes/segundo, Error - 0
2024-11-27 03:41:39,919 - root - INFO - Bing (FastRoute): Tiempo - 0.2175 segundos, Ancho de banda - 238685.39 bytes/segundo, Error - 0
2024-11-27 03:41:40,165 - root - INFO - Bing (FastRoute): Tiempo - 0.2422 segundos, Ancho de banda - 208030.70 bytes/segundo, Error - 0
2024-11-27 03:41:41,031 - root - INFO - Bing (FastRoute): Tiempo - 0.8640 segundos, Ancho de banda - 58194.51 bytes/segundo, Error - 0
2024-11-27 03:41:41,287 - root - INFO - Bing (FastRoute): Tiempo - 0.2514 segundos, Ancho de banda - 200949.13 bytes/segundo, Error - 0
2024-11-27 03:41:41,507 - root - INFO - Bing (FastRoute): Tiempo - 0.2157 segundos, Ancho de banda - 234664.54 bytes/segundo, Error - 0
2024-11-27 03:41:41,730 - root - INFO - Bing (FastRoute): Tiempo - 0.2129 segundos, Ancho de banda - 238022.14 bytes/segundo, Error - 0
2024-11-27 03:41:41,967 - root - INFO - Bing (FastRoute): Tiempo - 0.2328 segundos, Ancho de banda - 216664.25 bytes/segundo, Error - 0
2024-11-27 03:41:42,219 - root - INFO - Bing (FastRoute): Tiempo - 0.2339 segundos, Ancho de banda - 217190.74 bytes/segundo, Error - 0
2024-11-27 03:41:43,134 - root - INFO - Bing (FastRoute): Tiempo - 0.9130 segundos, Ancho de banda - 55470.10 bytes/segundo, Error - 0
2024-11-27 03:41:44,041 - root - INFO - Bing (FastRoute): Tiempo - 0.9044 segundos, Ancho de banda - 57364.94 bytes/segundo, Error - 0
2024-11-27 03:41:44,270 - root - INFO - Bing (FastRoute): Tiempo - 0.2190 segundos, Ancho de banda - 236965.40 bytes/segundo, Error - 0
2024-11-27 03:41:44,499 - root - INFO - Bing (FastRoute): Tiempo - 0.2225 segundos, Ancho de banda - 228268.08 bytes/segundo, Error - 0
2024-11-27 03:41:45,200 - root - INFO - Bing (FastRoute): Tiempo - 0.3360 segundos, Ancho de banda - 153125.13 bytes/segundo, Error - 0
2024-11-27 03:41:45,545 - root - INFO - Bing (FastRoute): Tiempo - 0.3395 segundos, Ancho de banda - 149033.27 bytes/segundo, Error - 0
2024-11-27 03:41:45,769 - root - INFO - Bing (FastRoute): Tiempo - 0.2180 segundos, Ancho de banda - 234453.23 bytes/segundo, Error - 0
2024-11-27 03:41:46,129 - root - INFO - Bing (FastRoute): Tiempo - 0.2321 segundos, Ancho de banda - 222962.83 bytes/segundo, Error - 0
2024-11-27 03:41:46,435 - root - INFO - Bing (FastRoute): Tiempo - 0.3032 segundos, Ancho de banda - 166605.54 bytes/segundo, Error - 0
2024-11-27 03:41:46,666 - root - INFO - Bing (FastRoute): Tiempo - 0.2236 segundos, Ancho de banda - 226369.04 bytes/segundo, Error - 0
2024-11-27 03:41:46,985 - root - INFO - Bing (FastRoute): Tiempo - 0.2998 segundos, Ancho de banda - 171604.01 bytes/segundo, Error - 0
2024-11-27 03:41:47,600 - root - INFO - Bing (FastRoute): Tiempo - 0.6110 segundos, Ancho de banda - 83489.97 bytes/segundo, Error - 0
2024-11-27 03:41:47,831 - root - INFO - Bing (FastRoute): Tiempo - 0.2251 segundos, Ancho de banda - 224804.08 bytes/segundo, Error - 0
2024-11-27 03:41:48,053 - root - INFO - Bing (FastRoute): Tiempo - 0.2194 segundos, Ancho de banda - 231958.92 bytes/segundo, Error - 0
2024-11-27 03:41:48,302 - root - INFO - Bing (FastRoute): Tiempo - 0.2320 segundos, Ancho de banda - 218236.34 bytes/segundo, Error - 0
2024-11-27 03:41:49,595 - root - INFO - Bing (FastRoute): Tiempo - 1.2897 segundos, Ancho de banda - 39279.99 bytes/segundo, Error - 0
2024-11-27 03:41:49,822 - root - INFO - Bing (FastRoute): Tiempo - 0.2207 segundos, Ancho de banda - 229639.77 bytes/segundo, Error - 0
2024-11-27 03:41:50,100 - root - INFO - Bing (FastRoute): Tiempo - 0.2696 segundos, Ancho de banda - 190727.73 bytes/segundo, Error - 0
2024-11-27 03:41:50,329 - root - INFO - Bing (FastRoute): Tiempo - 0.2215 segundos, Ancho de banda - 232441.92 bytes/segundo, Error - 0
2024-11-27 03:41:50,945 - root - INFO - Bing (FastRoute): Tiempo - 0.6121 segundos, Ancho de banda - 84027.17 bytes/segundo, Error - 0
2024-11-27 03:41:51,182 - root - INFO - Bing (FastRoute): Tiempo - 0.2349 segundos, Ancho de banda - 220214.24 bytes/segundo, Error - 0
2024-11-27 03:41:51,405 - root - INFO - Bing (FastRoute): Tiempo - 0.2181 segundos, Ancho de banda - 235721.16 bytes/segundo, Error - 0
2024-11-27 03:41:52,032 - root - INFO - Bing (FastRoute): Tiempo - 0.6216 segundos, Ancho de banda - 82768.90 bytes/segundo, Error - 0
2024-11-27 03:41:52,255 - root - INFO - Bing (FastRoute): Tiempo - 0.2181 segundos, Ancho de banda - 231448.49 bytes/segundo, Error - 0
2024-11-27 03:41:52,562 - root - INFO - Bing (FastRoute): Tiempo - 0.2890 segundos, Ancho de banda - 175108.28 bytes/segundo, Error - 0
2024-11-27 03:41:52,792 - root - INFO - Bing (FastRoute): Tiempo - 0.2238 segundos, Ancho de banda - 225038.75 bytes/segundo, Error - 0
2024-11-27 03:41:53,019 - root - INFO - Bing (FastRoute): Tiempo - 0.2187 segundos, Ancho de banda - 231601.76 bytes/segundo, Error - 0
2024-11-27 03:41:53,240 - root - INFO - Bing (FastRoute): Tiempo - 0.2162 segundos, Ancho de banda - 233655.35 bytes/segundo, Error - 0
2024-11-27 03:41:53,469 - root - INFO - Bing (FastRoute): Tiempo - 0.2256 segundos, Ancho de banda - 225603.46 bytes/segundo, Error - 0
2024-11-27 03:41:53,820 - root - INFO - Bing (FastRoute): Tiempo - 0.2299 segundos, Ancho de banda - 218669.73 bytes/segundo, Error - 0
2024-11-27 03:41:54,160 - root - INFO - Bing (FastRoute): Tiempo - 0.3152 segundos, Ancho de banda - 161239.45 bytes/segundo, Error - 0
2024-11-27 03:41:54,403 - root - INFO - Bing (FastRoute): Tiempo - 0.2302 segundos, Ancho de banda - 218739.21 bytes/segundo, Error - 0
2024-11-27 03:41:54,622 - root - INFO - Bing (FastRoute): Tiempo - 0.2135 segundos, Ancho de banda - 235959.16 bytes/segundo, Error - 0
2024-11-27 03:41:54,910 - root - INFO - Bing (FastRoute): Tiempo - 0.2716 segundos, Ancho de banda - 186518.42 bytes/segundo, Error - 0
2024-11-27 03:41:55,150 - root - INFO - Bing (FastRoute): Tiempo - 0.2279 segundos, Ancho de banda - 222568.07 bytes/segundo, Error - 0
2024-11-27 03:41:55,396 - root - INFO - Bing (FastRoute): Tiempo - 0.2444 segundos, Ancho de banda - 206797.10 bytes/segundo, Error - 0
2024-11-27 03:41:55,626 - root - INFO - Bing (FastRoute): Tiempo - 0.2256 segundos, Ancho de banda - 228802.71 bytes/segundo, Error - 0
2024-11-27 03:41:55,891 - root - INFO - Bing (FastRoute): Tiempo - 0.2613 segundos, Ancho de banda - 192785.75 bytes/segundo, Error - 0
2024-11-27 03:41:56,172 - root - INFO - Bing (FastRoute): Tiempo - 0.2407 segundos, Ancho de banda - 209342.80 bytes/segundo, Error - 0
2024-11-27 03:41:56,433 - root - INFO - Bing (FastRoute): Tiempo - 0.2587 segundos, Ancho de banda - 194566.35 bytes/segundo, Error - 0
2024-11-27 03:41:56,705 - root - INFO - Bing (FastRoute): Tiempo - 0.2378 segundos, Ancho de banda - 213009.10 bytes/segundo, Error - 0
2024-11-27 03:41:56,931 - root - INFO - Bing (FastRoute): Tiempo - 0.2181 segundos, Ancho de banda - 233005.68 bytes/segundo, Error - 0
2024-11-27 03:41:57,159 - root - INFO - Bing (FastRoute): Tiempo - 0.2218 segundos, Ancho de banda - 232826.80 bytes/segundo, Error - 0
2024-11-27 03:41:57,826 - root - INFO - Bing (FastRoute): Tiempo - 0.6651 segundos, Ancho de banda - 78076.40 bytes/segundo, Error - 0
2024-11-27 03:41:58,079 - root - INFO - Bing (FastRoute): Tiempo - 0.2507 segundos, Ancho de banda - 200539.14 bytes/segundo, Error - 0
2024-11-27 03:41:58,312 - root - INFO - Bing (FastRoute): Tiempo - 0.2259 segundos, Ancho de banda - 222927.93 bytes/segundo, Error - 0
2024-11-27 03:41:58,551 - root - INFO - Bing (FastRoute): Tiempo - 0.2313 segundos, Ancho de banda - 218459.59 bytes/segundo, Error - 0
2024-11-27 03:41:58,783 - root - INFO - Bing (FastRoute): Tiempo - 0.2261 segundos, Ancho de banda - 223699.87 bytes/segundo, Error - 0
2024-11-27 03:41:59,098 - root - INFO - Bing (FastRoute): Tiempo - 0.2929 segundos, Ancho de banda - 176298.78 bytes/segundo, Error - 0
2024-11-27 03:41:59,325 - root - INFO - Bing (FastRoute): Tiempo - 0.2221 segundos, Ancho de banda - 231670.23 bytes/segundo, Error - 0
2024-11-27 03:41:59,544 - root - INFO - Bing (FastRoute): Tiempo - 0.2141 segundos, Ancho de banda - 241418.49 bytes/segundo, Error - 0
2024-11-27 03:41:59,866 - root - INFO - Bing (FastRoute): Tiempo - 0.2970 segundos, Ancho de banda - 173921.70 bytes/segundo, Error - 0
2024-11-27 03:42:00,095 - root - INFO - Bing (FastRoute): Tiempo - 0.2263 segundos, Ancho de banda - 222162.05 bytes/segundo, Error - 0
2024-11-27 03:42:00,389 - root - INFO - Bing (FastRoute): Tiempo - 0.2924 segundos, Ancho de banda - 172586.57 bytes/segundo, Error - 0
2024-11-27 03:42:00,611 - root - INFO - Bing (FastRoute): Tiempo - 0.2170 segundos, Ancho de banda - 233036.35 bytes/segundo, Error - 0
2024-11-27 03:42:00,833 - root - INFO - Bing (FastRoute): Tiempo - 0.2158 segundos, Ancho de banda - 233560.97 bytes/segundo, Error - 0
2024-11-27 03:42:01,173 - root - INFO - Bing (FastRoute): Tiempo - 0.2178 segundos, Ancho de banda - 231439.38 bytes/segundo, Error - 0
2024-11-27 03:42:01,441 - root - INFO - Bing (FastRoute): Tiempo - 0.2656 segundos, Ancho de banda - 189677.99 bytes/segundo, Error - 0
2024-11-27 03:42:01,720 - root - INFO - Bing (FastRoute): Tiempo - 0.2749 segundos, Ancho de banda - 184200.69 bytes/segundo, Error - 0
2024-11-27 03:42:01,950 - root - INFO - Bing (FastRoute): Tiempo - 0.2244 segundos, Ancho de banda - 224939.12 bytes/segundo, Error - 0
2024-11-27 03:42:02,183 - root - INFO - Bing (FastRoute): Tiempo - 0.2275 segundos, Ancho de banda - 221351.92 bytes/segundo, Error - 0
2024-11-27 03:42:02,530 - root - INFO - Bing (FastRoute): Tiempo - 0.3440 segundos, Ancho de banda - 147221.91 bytes/segundo, Error - 0
2024-11-27 03:42:02,763 - root - INFO - Bing (FastRoute): Tiempo - 0.2197 segundos, Ancho de banda - 235379.52 bytes/segundo, Error - 0
2024-11-27 03:42:03,067 - root - INFO - Bing (FastRoute): Tiempo - 0.3012 segundos, Ancho de banda - 167821.30 bytes/segundo, Error - 0
2024-11-27 03:42:03,292 - root - INFO - Bing (FastRoute): Tiempo - 0.2197 segundos, Ancho de banda - 229346.05 bytes/segundo, Error - 0
2024-11-27 03:42:03,518 - root - INFO - Bing (FastRoute): Tiempo - 0.2217 segundos, Ancho de banda - 235399.22 bytes/segundo, Error - 0
2024-11-27 03:42:03,772 - root - INFO - Bing (FastRoute): Tiempo - 0.2517 segundos, Ancho de banda - 204583.33 bytes/segundo, Error - 0
2024-11-27 03:42:04,018 - root - INFO - Bing (FastRoute): Tiempo - 0.2435 segundos, Ancho de banda - 212349.03 bytes/segundo, Error - 0
2024-11-27 03:42:04,235 - root - INFO - Bing (FastRoute): Tiempo - 0.2125 segundos, Ancho de banda - 236649.21 bytes/segundo, Error - 0
2024-11-27 03:42:04,464 - root - INFO - Bing (FastRoute): Tiempo - 0.2241 segundos, Ancho de banda - 225459.58 bytes/segundo, Error - 0
2024-11-27 03:42:04,721 - root - INFO - Bing (FastRoute): Tiempo - 0.2505 segundos, Ancho de banda - 203468.52 bytes/segundo, Error - 0
2024-11-27 03:42:05,413 - root - INFO - Bing (FastRoute): Tiempo - 0.6882 segundos, Ancho de banda - 73573.24 bytes/segundo, Error - 0
2024-11-27 03:42:05,641 - root - INFO - Bing (FastRoute): Tiempo - 0.2252 segundos, Ancho de banda - 224860.25 bytes/segundo, Error - 0
2024-11-27 03:42:05,877 - root - INFO - Bing (FastRoute): Tiempo - 0.2286 segundos, Ancho de banda - 221608.07 bytes/segundo, Error - 0
2024-11-27 03:42:06,109 - root - INFO - Bing (FastRoute): Tiempo - 0.2257 segundos, Ancho de banda - 228726.65 bytes/segundo, Error - 0
2024-11-27 03:42:06,339 - root - INFO - Bing (FastRoute): Tiempo - 0.2234 segundos, Ancho de banda - 226309.29 bytes/segundo, Error - 0
2024-11-27 03:42:06,569 - root - INFO - Bing (FastRoute): Tiempo - 0.2239 segundos, Ancho de banda - 229878.66 bytes/segundo, Error - 0
2024-11-27 03:42:06,799 - root - INFO - Bing (FastRoute): Tiempo - 0.2232 segundos, Ancho de banda - 230468.42 bytes/segundo, Error - 0
2024-11-27 03:42:07,031 - root - INFO - Bing (FastRoute): Tiempo - 0.2236 segundos, Ancho de banda - 231013.44 bytes/segundo, Error - 0
2024-11-27 03:42:07,256 - root - INFO - Bing (FastRoute): Tiempo - 0.2174 segundos, Ancho de banda - 239763.09 bytes/segundo, Error - 0
2024-11-27 03:42:07,476 - root - INFO - Bing (FastRoute): Tiempo - 0.2144 segundos, Ancho de banda - 236941.75 bytes/segundo, Error - 0
2024-11-27 03:42:07,702 - root - INFO - Bing (FastRoute): Tiempo - 0.2231 segundos, Ancho de banda - 225841.72 bytes/segundo, Error - 0
2024-11-27 03:42:07,972 - root - INFO - Bing (FastRoute): Tiempo - 0.2614 segundos, Ancho de banda - 193406.56 bytes/segundo, Error - 0
2024-11-27 03:42:08,226 - root - INFO - Bing (FastRoute): Tiempo - 0.2518 segundos, Ancho de banda - 200238.30 bytes/segundo, Error - 0
2024-11-27 03:42:08,455 - root - INFO - Bing (FastRoute): Tiempo - 0.2257 segundos, Ancho de banda - 222980.54 bytes/segundo, Error - 0
2024-11-27 03:42:08,740 - root - INFO - Bing (FastRoute): Tiempo - 0.2762 segundos, Ancho de banda - 188667.16 bytes/segundo, Error - 0
2024-11-27 03:42:08,984 - root - INFO - Bing (FastRoute): Tiempo - 0.2390 segundos, Ancho de banda - 211392.58 bytes/segundo, Error - 0
2024-11-27 03:42:09,219 - root - INFO - Bing (FastRoute): Tiempo - 0.2259 segundos, Ancho de banda - 228172.84 bytes/segundo, Error - 0
2024-11-27 03:42:09,446 - root - INFO - Bing (FastRoute): Tiempo - 0.2220 segundos, Ancho de banda - 228979.85 bytes/segundo, Error - 0
2024-11-27 03:42:09,784 - root - INFO - Bing (FastRoute): Tiempo - 0.3244 segundos, Ancho de banda - 155567.10 bytes/segundo, Error - 0
2024-11-27 03:42:10,008 - root - INFO - Bing (FastRoute): Tiempo - 0.2184 segundos, Ancho de banda - 230823.79 bytes/segundo, Error - 0
2024-11-27 03:42:10,588 - root - INFO - Bing (FastRoute): Tiempo - 0.3355 segundos, Ancho de banda - 151874.46 bytes/segundo, Error - 0
2024-11-27 03:42:10,933 - root - INFO - Bing (FastRoute): Tiempo - 0.2208 segundos, Ancho de banda - 234180.86 bytes/segundo, Error - 0
2024-11-27 03:42:11,158 - root - INFO - Bing (FastRoute): Tiempo - 0.2145 segundos, Ancho de banda - 242032.68 bytes/segundo, Error - 0
2024-11-27 03:42:11,429 - root - INFO - Bing (FastRoute): Tiempo - 0.2687 segundos, Ancho de banda - 191755.03 bytes/segundo, Error - 0
2024-11-27 03:42:11,658 - root - INFO - Bing (FastRoute): Tiempo - 0.2213 segundos, Ancho de banda - 227212.54 bytes/segundo, Error - 0
2024-11-27 03:42:11,889 - root - INFO - Bing (FastRoute): Tiempo - 0.2261 segundos, Ancho de banda - 223443.07 bytes/segundo, Error - 0
2024-11-27 03:42:12,182 - root - INFO - Bing (FastRoute): Tiempo - 0.2913 segundos, Ancho de banda - 173865.52 bytes/segundo, Error - 0
2024-11-27 03:42:12,406 - root - INFO - Bing (FastRoute): Tiempo - 0.2190 segundos, Ancho de banda - 229630.82 bytes/segundo, Error - 0
2024-11-27 03:42:12,638 - root - INFO - Bing (FastRoute): Tiempo - 0.2262 segundos, Ancho de banda - 227569.03 bytes/segundo, Error - 0
2024-11-27 03:42:12,861 - root - INFO - Bing (FastRoute): Tiempo - 0.2163 segundos, Ancho de banda - 233784.32 bytes/segundo, Error - 0
2024-11-27 03:42:13,098 - root - INFO - Bing (FastRoute): Tiempo - 0.2283 segundos, Ancho de banda - 225527.34 bytes/segundo, Error - 0
2024-11-27 03:42:13,323 - root - INFO - Bing (FastRoute): Tiempo - 0.2197 segundos, Ancho de banda - 228859.08 bytes/segundo, Error - 0
2024-11-27 03:42:13,590 - root - INFO - Bing (FastRoute): Tiempo - 0.2649 segundos, Ancho de banda - 195372.32 bytes/segundo, Error - 0
2024-11-27 03:42:13,906 - root - INFO - Bing (FastRoute): Tiempo - 0.2965 segundos, Ancho de banda - 170386.32 bytes/segundo, Error - 0
2024-11-27 03:42:14,127 - root - INFO - Bing (FastRoute): Tiempo - 0.2150 segundos, Ancho de banda - 240993.95 bytes/segundo, Error - 0
2024-11-27 03:42:14,365 - root - INFO - Bing (FastRoute): Tiempo - 0.2308 segundos, Ancho de banda - 220004.25 bytes/segundo, Error - 0
2024-11-27 03:42:14,595 - root - INFO - Bing (FastRoute): Tiempo - 0.2224 segundos, Ancho de banda - 228418.12 bytes/segundo, Error - 0
2024-11-27 03:42:14,831 - root - INFO - Bing (FastRoute): Tiempo - 0.2275 segundos, Ancho de banda - 222698.47 bytes/segundo, Error - 0
2024-11-27 03:42:15,098 - root - INFO - Bing (FastRoute): Tiempo - 0.2308 segundos, Ancho de banda - 219026.05 bytes/segundo, Error - 0
2024-11-27 03:42:15,358 - root - INFO - Bing (FastRoute): Tiempo - 0.2529 segundos, Ancho de banda - 198808.11 bytes/segundo, Error - 0
2024-11-27 03:42:15,590 - root - INFO - Bing (FastRoute): Tiempo - 0.2299 segundos, Ancho de banda - 220092.47 bytes/segundo, Error - 0
2024-11-27 03:42:15,820 - root - INFO - Bing (FastRoute): Tiempo - 0.2241 segundos, Ancho de banda - 231537.47 bytes/segundo, Error - 0
2024-11-27 03:42:16,109 - root - INFO - Bing (FastRoute): Tiempo - 0.2873 segundos, Ancho de banda - 179072.09 bytes/segundo, Error - 0
2024-11-27 03:42:16,356 - root - INFO - Bing (FastRoute): Tiempo - 0.2442 segundos, Ancho de banda - 210754.11 bytes/segundo, Error - 0
2024-11-27 03:42:16,580 - root - INFO - Bing (FastRoute): Tiempo - 0.2172 segundos, Ancho de banda - 231784.83 bytes/segundo, Error - 0
2024-11-27 03:42:16,804 - root - INFO - Bing (FastRoute): Tiempo - 0.2190 segundos, Ancho de banda - 231974.12 bytes/segundo, Error - 0
2024-11-27 03:42:17,023 - root - INFO - Bing (FastRoute): Tiempo - 0.2145 segundos, Ancho de banda - 235478.94 bytes/segundo, Error - 0
2024-11-27 03:42:17,270 - root - INFO - Bing (FastRoute): Tiempo - 0.2439 segundos, Ancho de banda - 206509.83 bytes/segundo, Error - 0
2024-11-27 03:42:17,489 - root - INFO - Bing (FastRoute): Tiempo - 0.2136 segundos, Ancho de banda - 237700.48 bytes/segundo, Error - 0
2024-11-27 03:42:17,709 - root - INFO - Bing (FastRoute): Tiempo - 0.2152 segundos, Ancho de banda - 236691.32 bytes/segundo, Error - 0
2024-11-27 03:42:17,934 - root - INFO - Bing (FastRoute): Tiempo - 0.2176 segundos, Ancho de banda - 237585.18 bytes/segundo, Error - 0
2024-11-27 03:42:18,430 - root - INFO - Bing (FastRoute): Tiempo - 0.2292 segundos, Ancho de banda - 220788.20 bytes/segundo, Error - 0
2024-11-27 03:42:18,662 - root - INFO - Bing (FastRoute): Tiempo - 0.2288 segundos, Ancho de banda - 219902.92 bytes/segundo, Error - 0
2024-11-27 03:42:18,921 - root - INFO - Bing (FastRoute): Tiempo - 0.2571 segundos, Ancho de banda - 195603.74 bytes/segundo, Error - 0
2024-11-27 03:42:19,155 - root - INFO - Bing (FastRoute): Tiempo - 0.2279 segundos, Ancho de banda - 222182.61 bytes/segundo, Error - 0
2024-11-27 03:42:19,418 - root - INFO - Bing (FastRoute): Tiempo - 0.2541 segundos, Ancho de banda - 200098.70 bytes/segundo, Error - 0
2024-11-27 03:42:19,677 - root - INFO - Bing (FastRoute): Tiempo - 0.2575 segundos, Ancho de banda - 201786.43 bytes/segundo, Error - 0
2024-11-27 03:42:20,298 - root - INFO - Bing (FastRoute): Tiempo - 0.6135 segundos, Ancho de banda - 84788.93 bytes/segundo, Error - 0
2024-11-27 03:42:20,644 - root - INFO - Bing (FastRoute): Tiempo - 0.3439 segundos, Ancho de banda - 150256.56 bytes/segundo, Error - 0
2024-11-27 03:42:20,870 - root - INFO - Bing (FastRoute): Tiempo - 0.2205 segundos, Ancho de banda - 229237.63 bytes/segundo, Error - 0
2024-11-27 03:42:21,502 - root - INFO - Bing (FastRoute): Tiempo - 0.6287 segundos, Ancho de banda - 80069.99 bytes/segundo, Error - 0
2024-11-27 03:42:21,752 - root - INFO - Bing (FastRoute): Tiempo - 0.2346 segundos, Ancho de banda - 219437.82 bytes/segundo, Error - 0
2024-11-27 03:42:21,971 - root - INFO - Bing (FastRoute): Tiempo - 0.2136 segundos, Ancho de banda - 237008.78 bytes/segundo, Error - 0
2024-11-27 03:42:22,205 - root - INFO - Bing (FastRoute): Tiempo - 0.2201 segundos, Ancho de banda - 233300.03 bytes/segundo, Error - 0
2024-11-27 03:42:22,434 - root - INFO - Bing (FastRoute): Tiempo - 0.2174 segundos, Ancho de banda - 237244.89 bytes/segundo, Error - 0
2024-11-27 03:42:22,667 - root - INFO - Bing (FastRoute): Tiempo - 0.2300 segundos, Ancho de banda - 219081.49 bytes/segundo, Error - 0
2024-11-27 03:42:22,938 - root - INFO - Bing (FastRoute): Tiempo - 0.2689 segundos, Ancho de banda - 192907.60 bytes/segundo, Error - 0
2024-11-27 03:42:23,163 - root - INFO - Bing (FastRoute): Tiempo - 0.2189 segundos, Ancho de banda - 231300.81 bytes/segundo, Error - 0
2024-11-27 03:42:23,400 - root - INFO - Bing (FastRoute): Tiempo - 0.2310 segundos, Ancho de banda - 219616.11 bytes/segundo, Error - 0
2024-11-27 03:42:23,626 - root - INFO - Bing (FastRoute): Tiempo - 0.2206 segundos, Ancho de banda - 229138.95 bytes/segundo, Error - 0
2024-11-27 03:42:23,849 - root - INFO - Bing (FastRoute): Tiempo - 0.2201 segundos, Ancho de banda - 228429.75 bytes/segundo, Error - 0
2024-11-27 03:42:24,090 - root - INFO - Bing (FastRoute): Tiempo - 0.2231 segundos, Ancho de banda - 231910.30 bytes/segundo, Error - 0
2024-11-27 03:42:24,325 - root - INFO - Bing (FastRoute): Tiempo - 0.2329 segundos, Ancho de banda - 217133.78 bytes/segundo, Error - 0
2024-11-27 03:42:24,548 - root - INFO - Bing (FastRoute): Tiempo - 0.2168 segundos, Ancho de banda - 233034.06 bytes/segundo, Error - 0
2024-11-27 03:42:25,070 - root - INFO - Bing (FastRoute): Tiempo - 0.5161 segundos, Ancho de banda - 97642.44 bytes/segundo, Error - 0
2024-11-27 03:42:25,356 - root - INFO - Bing (FastRoute): Tiempo - 0.2844 segundos, Ancho de banda - 177136.66 bytes/segundo, Error - 0
2024-11-27 03:42:25,590 - root - INFO - Bing (FastRoute): Tiempo - 0.2316 segundos, Ancho de banda - 219764.76 bytes/segundo, Error - 0
2024-11-27 03:42:25,815 - root - INFO - Bing (FastRoute): Tiempo - 0.2192 segundos, Ancho de banda - 230677.44 bytes/segundo, Error - 0
2024-11-27 03:42:26,169 - root - INFO - Bing (FastRoute): Tiempo - 0.2292 segundos, Ancho de banda - 219893.41 bytes/segundo, Error - 0
2024-11-27 03:42:26,444 - root - INFO - Bing (FastRoute): Tiempo - 0.2677 segundos, Ancho de banda - 188220.10 bytes/segundo, Error - 0
2024-11-27 03:42:26,444 - root - INFO - Resultados para Bing (FastRoute):
 - Tiempo promedio: 0.2714 segundos
 - Ancho de banda promedio: 205549.85 bytes/segundo
 - Tasa de error: 0.00%

