2024-11-27 03:39:26,837 - root - INFO - AWS (DNS): Tiempo - 0.2631 segundos, Ancho de banda - 1592639.08 bytes/segundo, Error - 0
2024-11-27 03:39:27,088 - root - INFO - AWS (DNS): Tiempo - 0.2457 segundos, Ancho de banda - 1705342.18 bytes/segundo, Error - 0
2024-11-27 03:39:27,333 - root - INFO - AWS (DNS): Tiempo - 0.2395 segundos, Ancho de banda - 1749472.32 bytes/segundo, Error - 0
2024-11-27 03:39:27,582 - root - INFO - AWS (DNS): Tiempo - 0.2440 segundos, Ancho de banda - 1716959.05 bytes/segundo, Error - 0
2024-11-27 03:39:27,969 - root - INFO - AWS (DNS): Tiempo - 0.2458 segundos, Ancho de banda - 1704377.89 bytes/segundo, Error - 0
2024-11-27 03:39:28,773 - root - INFO - AWS (DNS): Tiempo - 0.5264 segundos, Ancho de banda - 795936.50 bytes/segundo, Error - 0
2024-11-27 03:39:29,565 - root - INFO - AWS (DNS): Tiempo - 0.5097 segundos, Ancho de banda - 821992.35 bytes/segundo, Error - 0
2024-11-27 03:39:30,360 - root - INFO - AWS (DNS): Tiempo - 0.6555 segundos, Ancho de banda - 639126.21 bytes/segundo, Error - 0
2024-11-27 03:39:30,882 - root - INFO - AWS (DNS): Tiempo - 0.2430 segundos, Ancho de banda - 1724299.46 bytes/segundo, Error - 0
2024-11-27 03:39:31,682 - root - INFO - AWS (DNS): Tiempo - 0.5208 segundos, Ancho de banda - 804540.14 bytes/segundo, Error - 0
2024-11-27 03:39:32,473 - root - INFO - AWS (DNS): Tiempo - 0.5118 segundos, Ancho de banda - 818585.25 bytes/segundo, Error - 0
2024-11-27 03:39:32,724 - root - INFO - AWS (DNS): Tiempo - 0.2466 segundos, Ancho de banda - 1698961.51 bytes/segundo, Error - 0
2024-11-27 03:39:32,963 - root - INFO - AWS (DNS): Tiempo - 0.2328 segundos, Ancho de banda - 1799697.43 bytes/segundo, Error - 0
2024-11-27 03:39:33,486 - root - INFO - AWS (DNS): Tiempo - 0.2432 segundos, Ancho de banda - 1722945.28 bytes/segundo, Error - 0
2024-11-27 03:39:34,291 - root - INFO - AWS (DNS): Tiempo - 0.5258 segundos, Ancho de banda - 796818.20 bytes/segundo, Error - 0
2024-11-27 03:39:34,816 - root - INFO - AWS (DNS): Tiempo - 0.2446 segundos, Ancho de banda - 1712922.27 bytes/segundo, Error - 0
2024-11-27 03:39:35,612 - root - INFO - AWS (DNS): Tiempo - 0.6548 segundos, Ancho de banda - 639813.61 bytes/segundo, Error - 0
2024-11-27 03:39:36,134 - root - INFO - AWS (DNS): Tiempo - 0.2439 segundos, Ancho de banda - 1717702.53 bytes/segundo, Error - 0
2024-11-27 03:39:36,934 - root - INFO - AWS (DNS): Tiempo - 0.5196 segundos, Ancho de banda - 806249.57 bytes/segundo, Error - 0
2024-11-27 03:39:37,190 - root - INFO - AWS (DNS): Tiempo - 0.2469 segundos, Ancho de banda - 1696851.77 bytes/segundo, Error - 0
2024-11-27 03:39:37,581 - root - INFO - AWS (DNS): Tiempo - 0.2497 segundos, Ancho de banda - 1678214.29 bytes/segundo, Error - 0
2024-11-27 03:39:38,377 - root - INFO - AWS (DNS): Tiempo - 0.5150 segundos, Ancho de banda - 813513.68 bytes/segundo, Error - 0
2024-11-27 03:39:38,619 - root - INFO - AWS (DNS): Tiempo - 0.2367 segundos, Ancho de banda - 1769933.53 bytes/segundo, Error - 0
2024-11-27 03:39:38,870 - root - INFO - AWS (DNS): Tiempo - 0.2450 segundos, Ancho de banda - 1709952.04 bytes/segundo, Error - 0
2024-11-27 03:39:39,114 - root - INFO - AWS (DNS): Tiempo - 0.2401 segundos, Ancho de banda - 1744969.44 bytes/segundo, Error - 0
2024-11-27 03:39:39,349 - root - INFO - AWS (DNS): Tiempo - 0.2312 segundos, Ancho de banda - 1811907.60 bytes/segundo, Error - 0
2024-11-27 03:39:39,589 - root - INFO - AWS (DNS): Tiempo - 0.2342 segundos, Ancho de banda - 1788582.31 bytes/segundo, Error - 0
2024-11-27 03:39:40,111 - root - INFO - AWS (DNS): Tiempo - 0.2424 segundos, Ancho de banda - 1728665.55 bytes/segundo, Error - 0
2024-11-27 03:39:40,912 - root - INFO - AWS (DNS): Tiempo - 0.5237 segundos, Ancho de banda - 800061.45 bytes/segundo, Error - 0
2024-11-27 03:39:41,699 - root - INFO - AWS (DNS): Tiempo - 0.5075 segundos, Ancho de banda - 825565.59 bytes/segundo, Error - 0
2024-11-27 03:39:42,217 - root - INFO - AWS (DNS): Tiempo - 0.2394 segundos, Ancho de banda - 1750123.96 bytes/segundo, Error - 0
2024-11-27 03:39:43,024 - root - INFO - AWS (DNS): Tiempo - 0.5262 segundos, Ancho de banda - 796280.93 bytes/segundo, Error - 0
2024-11-27 03:39:43,266 - root - INFO - AWS (DNS): Tiempo - 0.2348 segundos, Ancho de banda - 1784408.68 bytes/segundo, Error - 0
2024-11-27 03:39:44,077 - root - INFO - AWS (DNS): Tiempo - 0.5304 segundos, Ancho de banda - 789902.23 bytes/segundo, Error - 0
2024-11-27 03:39:44,333 - root - INFO - AWS (DNS): Tiempo - 0.2513 segundos, Ancho de banda - 1667512.75 bytes/segundo, Error - 0
2024-11-27 03:39:44,574 - root - INFO - AWS (DNS): Tiempo - 0.2307 segundos, Ancho de banda - 1815783.13 bytes/segundo, Error - 0
2024-11-27 03:39:44,959 - root - INFO - AWS (DNS): Tiempo - 0.2451 segundos, Ancho de banda - 1709436.39 bytes/segundo, Error - 0
2024-11-27 03:39:45,212 - root - INFO - AWS (DNS): Tiempo - 0.2476 segundos, Ancho de banda - 1691890.18 bytes/segundo, Error - 0
2024-11-27 03:39:45,467 - root - INFO - AWS (DNS): Tiempo - 0.2475 segundos, Ancho de banda - 1693111.13 bytes/segundo, Error - 0
2024-11-27 03:39:45,751 - root - INFO - AWS (DNS): Tiempo - 0.2793 segundos, Ancho de banda - 1500272.32 bytes/segundo, Error - 0
2024-11-27 03:39:45,999 - root - INFO - AWS (DNS): Tiempo - 0.2439 segundos, Ancho de banda - 1717935.95 bytes/segundo, Error - 0
2024-11-27 03:39:46,530 - root - INFO - AWS (DNS): Tiempo - 0.2521 segundos, Ancho de banda - 1661816.88 bytes/segundo, Error - 0
2024-11-27 03:39:47,333 - root - INFO - AWS (DNS): Tiempo - 0.5242 segundos, Ancho de banda - 799281.61 bytes/segundo, Error - 0
2024-11-27 03:39:48,142 - root - INFO - AWS (DNS): Tiempo - 0.5300 segundos, Ancho de banda - 790494.57 bytes/segundo, Error - 0
2024-11-27 03:39:48,398 - root - INFO - AWS (DNS): Tiempo - 0.2511 segundos, Ancho de banda - 1668309.05 bytes/segundo, Error - 0
2024-11-27 03:39:48,789 - root - INFO - AWS (DNS): Tiempo - 0.2496 segundos, Ancho de banda - 1678291.22 bytes/segundo, Error - 0
2024-11-27 03:39:49,595 - root - INFO - AWS (DNS): Tiempo - 0.5264 segundos, Ancho de banda - 795965.34 bytes/segundo, Error - 0
2024-11-27 03:39:50,396 - root - INFO - AWS (DNS): Tiempo - 0.5244 segundos, Ancho de banda - 798948.37 bytes/segundo, Error - 0
2024-11-27 03:39:50,644 - root - INFO - AWS (DNS): Tiempo - 0.2428 segundos, Ancho de banda - 1725711.70 bytes/segundo, Error - 0
2024-11-27 03:39:50,889 - root - INFO - AWS (DNS): Tiempo - 0.2397 segundos, Ancho de banda - 1747633.27 bytes/segundo, Error - 0
2024-11-27 03:39:51,141 - root - INFO - AWS (DNS): Tiempo - 0.2438 segundos, Ancho de banda - 1718713.90 bytes/segundo, Error - 0
2024-11-27 03:39:51,940 - root - INFO - AWS (DNS): Tiempo - 0.5192 segundos, Ancho de banda - 806882.99 bytes/segundo, Error - 0
2024-11-27 03:39:52,464 - root - INFO - AWS (DNS): Tiempo - 0.2462 segundos, Ancho de banda - 1701995.84 bytes/segundo, Error - 0
2024-11-27 03:39:52,713 - root - INFO - AWS (DNS): Tiempo - 0.2441 segundos, Ancho de banda - 1716699.06 bytes/segundo, Error - 0
2024-11-27 03:39:52,961 - root - INFO - AWS (DNS): Tiempo - 0.2422 segundos, Ancho de banda - 1729551.98 bytes/segundo, Error - 0
2024-11-27 03:39:53,215 - root - INFO - AWS (DNS): Tiempo - 0.2484 segundos, Ancho de banda - 1686954.28 bytes/segundo, Error - 0
2024-11-27 03:39:53,453 - root - INFO - AWS (DNS): Tiempo - 0.2337 segundos, Ancho de banda - 1792647.48 bytes/segundo, Error - 0
2024-11-27 03:39:53,691 - root - INFO - AWS (DNS): Tiempo - 0.2328 segundos, Ancho de banda - 1799467.07 bytes/segundo, Error - 0
2024-11-27 03:39:53,943 - root - INFO - AWS (DNS): Tiempo - 0.2479 segundos, Ancho de banda - 1690388.00 bytes/segundo, Error - 0
2024-11-27 03:39:54,748 - root - INFO - AWS (DNS): Tiempo - 0.5251 segundos, Ancho de banda - 797851.43 bytes/segundo, Error - 0
2024-11-27 03:39:54,991 - root - INFO - AWS (DNS): Tiempo - 0.2392 segundos, Ancho de banda - 1751666.13 bytes/segundo, Error - 0
2024-11-27 03:39:55,253 - root - INFO - AWS (DNS): Tiempo - 0.2558 segundos, Ancho de banda - 1637553.43 bytes/segundo, Error - 0
2024-11-27 03:39:55,506 - root - INFO - AWS (DNS): Tiempo - 0.2487 segundos, Ancho de banda - 1684908.16 bytes/segundo, Error - 0
2024-11-27 03:39:55,753 - root - INFO - AWS (DNS): Tiempo - 0.2406 segundos, Ancho de banda - 1741264.04 bytes/segundo, Error - 0
2024-11-27 03:39:55,989 - root - INFO - AWS (DNS): Tiempo - 0.2319 segundos, Ancho de banda - 1806845.78 bytes/segundo, Error - 0
2024-11-27 03:39:56,241 - root - INFO - AWS (DNS): Tiempo - 0.2449 segundos, Ancho de banda - 1710436.37 bytes/segundo, Error - 0
2024-11-27 03:39:56,755 - root - INFO - AWS (DNS): Tiempo - 0.2351 segundos, Ancho de banda - 1782289.40 bytes/segundo, Error - 0
2024-11-27 03:39:56,998 - root - INFO - AWS (DNS): Tiempo - 0.2371 segundos, Ancho de banda - 1767176.45 bytes/segundo, Error - 0
2024-11-27 03:39:57,245 - root - INFO - AWS (DNS): Tiempo - 0.2417 segundos, Ancho de banda - 1733515.40 bytes/segundo, Error - 0
2024-11-27 03:39:57,489 - root - INFO - AWS (DNS): Tiempo - 0.2382 segundos, Ancho de banda - 1758544.63 bytes/segundo, Error - 0
2024-11-27 03:39:58,284 - root - INFO - AWS (DNS): Tiempo - 0.5148 segundos, Ancho de banda - 813905.54 bytes/segundo, Error - 0
2024-11-27 03:39:58,548 - root - INFO - AWS (DNS): Tiempo - 0.2576 segundos, Ancho de banda - 1626492.00 bytes/segundo, Error - 0
2024-11-27 03:39:59,351 - root - INFO - AWS (DNS): Tiempo - 0.5241 segundos, Ancho de banda - 799455.42 bytes/segundo, Error - 0
2024-11-27 03:39:59,734 - root - INFO - AWS (DNS): Tiempo - 0.2432 segundos, Ancho de banda - 1722845.62 bytes/segundo, Error - 0
2024-11-27 03:39:59,971 - root - INFO - AWS (DNS): Tiempo - 0.2320 segundos, Ancho de banda - 1806104.81 bytes/segundo, Error - 0
2024-11-27 03:40:00,218 - root - INFO - AWS (DNS): Tiempo - 0.2428 segundos, Ancho de banda - 1725735.42 bytes/segundo, Error - 0
2024-11-27 03:40:00,478 - root - INFO - AWS (DNS): Tiempo - 0.2559 segundos, Ancho de banda - 1637539.70 bytes/segundo, Error - 0
2024-11-27 03:40:00,733 - root - INFO - AWS (DNS): Tiempo - 0.2487 segundos, Ancho de banda - 1684606.11 bytes/segundo, Error - 0
2024-11-27 03:40:01,263 - root - INFO - AWS (DNS): Tiempo - 0.2515 segundos, Ancho de banda - 1665668.21 bytes/segundo, Error - 0
2024-11-27 03:40:02,068 - root - INFO - AWS (DNS): Tiempo - 0.5293 segundos, Ancho de banda - 791562.09 bytes/segundo, Error - 0
2024-11-27 03:40:02,324 - root - INFO - AWS (DNS): Tiempo - 0.2512 segundos, Ancho de banda - 1667957.51 bytes/segundo, Error - 0
2024-11-27 03:40:03,118 - root - INFO - AWS (DNS): Tiempo - 0.5150 segundos, Ancho de banda - 813496.73 bytes/segundo, Error - 0
2024-11-27 03:40:03,924 - root - INFO - AWS (DNS): Tiempo - 0.5263 segundos, Ancho de banda - 796094.07 bytes/segundo, Error - 0
2024-11-27 03:40:04,726 - root - INFO - AWS (DNS): Tiempo - 0.6615 segundos, Ancho de banda - 633316.14 bytes/segundo, Error - 0
2024-11-27 03:40:05,524 - root - INFO - AWS (DNS): Tiempo - 0.6579 segundos, Ancho de banda - 636807.11 bytes/segundo, Error - 0
2024-11-27 03:40:05,776 - root - INFO - AWS (DNS): Tiempo - 0.2472 segundos, Ancho de banda - 1695020.26 bytes/segundo, Error - 0
2024-11-27 03:40:06,578 - root - INFO - AWS (DNS): Tiempo - 0.5245 segundos, Ancho de banda - 798833.97 bytes/segundo, Error - 0
2024-11-27 03:40:06,825 - root - INFO - AWS (DNS): Tiempo - 0.2416 segundos, Ancho de banda - 1734206.55 bytes/segundo, Error - 0
2024-11-27 03:40:07,622 - root - INFO - AWS (DNS): Tiempo - 0.5189 segundos, Ancho de banda - 807484.01 bytes/segundo, Error - 0
2024-11-27 03:40:08,418 - root - INFO - AWS (DNS): Tiempo - 0.5165 segundos, Ancho de banda - 811212.35 bytes/segundo, Error - 0
2024-11-27 03:40:08,676 - root - INFO - AWS (DNS): Tiempo - 0.2534 segundos, Ancho de banda - 1653330.10 bytes/segundo, Error - 0
2024-11-27 03:40:09,466 - root - INFO - AWS (DNS): Tiempo - 0.5110 segundos, Ancho de banda - 819925.87 bytes/segundo, Error - 0
2024-11-27 03:40:09,717 - root - INFO - AWS (DNS): Tiempo - 0.2460 segundos, Ancho de banda - 1703206.67 bytes/segundo, Error - 0
2024-11-27 03:40:10,241 - root - INFO - AWS (DNS): Tiempo - 0.2456 segundos, Ancho de banda - 1705550.73 bytes/segundo, Error - 0
2024-11-27 03:40:10,497 - root - INFO - AWS (DNS): Tiempo - 0.2503 segundos, Ancho de banda - 1673866.21 bytes/segundo, Error - 0
2024-11-27 03:40:10,755 - root - INFO - AWS (DNS): Tiempo - 0.2487 segundos, Ancho de banda - 1684935.62 bytes/segundo, Error - 0
2024-11-27 03:40:11,561 - root - INFO - AWS (DNS): Tiempo - 0.5257 segundos, Ancho de banda - 797037.57 bytes/segundo, Error - 0
2024-11-27 03:40:11,809 - root - INFO - AWS (DNS): Tiempo - 0.2438 segundos, Ancho de banda - 1718154.31 bytes/segundo, Error - 0
2024-11-27 03:40:12,060 - root - INFO - AWS (DNS): Tiempo - 0.2451 segundos, Ancho de banda - 1709063.98 bytes/segundo, Error - 0
2024-11-27 03:40:12,310 - root - INFO - AWS (DNS): Tiempo - 0.2452 segundos, Ancho de banda - 1708821.34 bytes/segundo, Error - 0
2024-11-27 03:40:12,547 - root - INFO - AWS (DNS): Tiempo - 0.2325 segundos, Ancho de banda - 1802135.52 bytes/segundo, Error - 0
2024-11-27 03:40:12,785 - root - INFO - AWS (DNS): Tiempo - 0.2333 segundos, Ancho de banda - 1796204.10 bytes/segundo, Error - 0
2024-11-27 03:40:13,062 - root - INFO - AWS (DNS): Tiempo - 0.2711 segundos, Ancho de banda - 1545578.61 bytes/segundo, Error - 0
2024-11-27 03:40:13,310 - root - INFO - AWS (DNS): Tiempo - 0.2443 segundos, Ancho de banda - 1715268.05 bytes/segundo, Error - 0
2024-11-27 03:40:13,561 - root - INFO - AWS (DNS): Tiempo - 0.2452 segundos, Ancho de banda - 1708949.30 bytes/segundo, Error - 0
2024-11-27 03:40:14,352 - root - INFO - AWS (DNS): Tiempo - 0.5130 segundos, Ancho de banda - 816752.93 bytes/segundo, Error - 0
2024-11-27 03:40:14,603 - root - INFO - AWS (DNS): Tiempo - 0.2459 segundos, Ancho de banda - 1704035.77 bytes/segundo, Error - 0
2024-11-27 03:40:14,843 - root - INFO - AWS (DNS): Tiempo - 0.2354 segundos, Ancho de banda - 1779508.14 bytes/segundo, Error - 0
2024-11-27 03:40:15,089 - root - INFO - AWS (DNS): Tiempo - 0.2411 segundos, Ancho de banda - 1737782.26 bytes/segundo, Error - 0
2024-11-27 03:40:15,336 - root - INFO - AWS (DNS): Tiempo - 0.2418 segundos, Ancho de banda - 1732343.08 bytes/segundo, Error - 0
2024-11-27 03:40:15,581 - root - INFO - AWS (DNS): Tiempo - 0.2405 segundos, Ancho de banda - 1741821.52 bytes/segundo, Error - 0
2024-11-27 03:40:15,830 - root - INFO - AWS (DNS): Tiempo - 0.2439 segundos, Ancho de banda - 1717808.32 bytes/segundo, Error - 0
2024-11-27 03:40:16,638 - root - INFO - AWS (DNS): Tiempo - 0.5285 segundos, Ancho de banda - 792707.23 bytes/segundo, Error - 0
2024-11-27 03:40:17,432 - root - INFO - AWS (DNS): Tiempo - 0.5137 segundos, Ancho de banda - 815523.32 bytes/segundo, Error - 0
2024-11-27 03:40:17,672 - root - INFO - AWS (DNS): Tiempo - 0.2350 segundos, Ancho de banda - 1782853.56 bytes/segundo, Error - 0
2024-11-27 03:40:18,047 - root - INFO - AWS (DNS): Tiempo - 0.2347 segundos, Ancho de banda - 1785492.89 bytes/segundo, Error - 0
2024-11-27 03:40:18,294 - root - INFO - AWS (DNS): Tiempo - 0.2411 segundos, Ancho de banda - 1737835.54 bytes/segundo, Error - 0
2024-11-27 03:40:18,531 - root - INFO - AWS (DNS): Tiempo - 0.2321 segundos, Ancho de banda - 1805355.18 bytes/segundo, Error - 0
2024-11-27 03:40:19,364 - root - INFO - AWS (DNS): Tiempo - 0.5530 segundos, Ancho de banda - 757561.37 bytes/segundo, Error - 0
2024-11-27 03:40:19,602 - root - INFO - AWS (DNS): Tiempo - 0.2343 segundos, Ancho de banda - 1788145.51 bytes/segundo, Error - 0
2024-11-27 03:40:19,857 - root - INFO - AWS (DNS): Tiempo - 0.2505 segundos, Ancho de banda - 1672246.26 bytes/segundo, Error - 0
2024-11-27 03:40:20,101 - root - INFO - AWS (DNS): Tiempo - 0.2370 segundos, Ancho de banda - 1768140.19 bytes/segundo, Error - 0
2024-11-27 03:40:20,346 - root - INFO - AWS (DNS): Tiempo - 0.2402 segundos, Ancho de banda - 1744100.03 bytes/segundo, Error - 0
2024-11-27 03:40:21,143 - root - INFO - AWS (DNS): Tiempo - 0.5168 segundos, Ancho de banda - 810757.61 bytes/segundo, Error - 0
2024-11-27 03:40:21,537 - root - INFO - AWS (DNS): Tiempo - 0.2537 segundos, Ancho de banda - 1651398.83 bytes/segundo, Error - 0
2024-11-27 03:40:22,068 - root - INFO - AWS (DNS): Tiempo - 0.2523 segundos, Ancho de banda - 1660417.81 bytes/segundo, Error - 0
2024-11-27 03:40:22,317 - root - INFO - AWS (DNS): Tiempo - 0.2421 segundos, Ancho de banda - 1730408.64 bytes/segundo, Error - 0
2024-11-27 03:40:23,121 - root - INFO - AWS (DNS): Tiempo - 0.5249 segundos, Ancho de banda - 798126.11 bytes/segundo, Error - 0
2024-11-27 03:40:23,356 - root - INFO - AWS (DNS): Tiempo - 0.2301 segundos, Ancho de banda - 1820642.42 bytes/segundo, Error - 0
2024-11-27 03:40:24,149 - root - INFO - AWS (DNS): Tiempo - 0.5144 segundos, Ancho de banda - 814537.08 bytes/segundo, Error - 0
2024-11-27 03:40:24,954 - root - INFO - AWS (DNS): Tiempo - 0.5257 segundos, Ancho de banda - 796949.01 bytes/segundo, Error - 0
2024-11-27 03:40:25,208 - root - INFO - AWS (DNS): Tiempo - 0.2453 segundos, Ancho de banda - 1707904.57 bytes/segundo, Error - 0
2024-11-27 03:40:25,461 - root - INFO - AWS (DNS): Tiempo - 0.2474 segundos, Ancho de banda - 1693155.18 bytes/segundo, Error - 0
2024-11-27 03:40:25,699 - root - INFO - AWS (DNS): Tiempo - 0.2328 segundos, Ancho de banda - 1799443.11 bytes/segundo, Error - 0
2024-11-27 03:40:25,951 - root - INFO - AWS (DNS): Tiempo - 0.2464 segundos, Ancho de banda - 1700363.79 bytes/segundo, Error - 0
2024-11-27 03:40:26,753 - root - INFO - AWS (DNS): Tiempo - 0.5238 segundos, Ancho de banda - 799809.46 bytes/segundo, Error - 0
2024-11-27 03:40:26,999 - root - INFO - AWS (DNS): Tiempo - 0.2407 segundos, Ancho de banda - 1740600.02 bytes/segundo, Error - 0
2024-11-27 03:40:27,796 - root - INFO - AWS (DNS): Tiempo - 0.5179 segundos, Ancho de banda - 808966.46 bytes/segundo, Error - 0
2024-11-27 03:40:28,057 - root - INFO - AWS (DNS): Tiempo - 0.2562 segundos, Ancho de banda - 1635322.43 bytes/segundo, Error - 0
2024-11-27 03:40:28,857 - root - INFO - AWS (DNS): Tiempo - 0.5209 segundos, Ancho de banda - 804385.10 bytes/segundo, Error - 0
2024-11-27 03:40:29,107 - root - INFO - AWS (DNS): Tiempo - 0.2447 segundos, Ancho de banda - 1712067.81 bytes/segundo, Error - 0
2024-11-27 03:40:29,361 - root - INFO - AWS (DNS): Tiempo - 0.2463 segundos, Ancho de banda - 1701239.54 bytes/segundo, Error - 0
2024-11-27 03:40:30,169 - root - INFO - AWS (DNS): Tiempo - 0.5283 segundos, Ancho de banda - 793120.46 bytes/segundo, Error - 0
2024-11-27 03:40:30,421 - root - INFO - AWS (DNS): Tiempo - 0.2455 segundos, Ancho de banda - 1706786.51 bytes/segundo, Error - 0
2024-11-27 03:40:31,220 - root - INFO - AWS (DNS): Tiempo - 0.5212 segundos, Ancho de banda - 803866.26 bytes/segundo, Error - 0
2024-11-27 03:40:32,013 - root - INFO - AWS (DNS): Tiempo - 0.5116 segundos, Ancho de banda - 818943.08 bytes/segundo, Error - 0
2024-11-27 03:40:32,806 - root - INFO - AWS (DNS): Tiempo - 0.5139 segundos, Ancho de banda - 815221.03 bytes/segundo, Error - 0
2024-11-27 03:40:33,618 - root - INFO - AWS (DNS): Tiempo - 0.5315 segundos, Ancho de banda - 788268.42 bytes/segundo, Error - 0
2024-11-27 03:40:34,419 - root - INFO - AWS (DNS): Tiempo - 0.5212 segundos, Ancho de banda - 803813.31 bytes/segundo, Error - 0
2024-11-27 03:40:35,215 - root - INFO - AWS (DNS): Tiempo - 0.5158 segundos, Ancho de banda - 812294.17 bytes/segundo, Error - 0
2024-11-27 03:40:35,466 - root - INFO - AWS (DNS): Tiempo - 0.2451 segundos, Ancho de banda - 1709054.01 bytes/segundo, Error - 0
2024-11-27 03:40:36,269 - root - INFO - AWS (DNS): Tiempo - 0.5235 segundos, Ancho de banda - 800327.08 bytes/segundo, Error - 0
2024-11-27 03:40:36,653 - root - INFO - AWS (DNS): Tiempo - 0.2430 segundos, Ancho de banda - 1723986.51 bytes/segundo, Error - 0
2024-11-27 03:40:37,462 - root - INFO - AWS (DNS): Tiempo - 0.5292 segundos, Ancho de banda - 791657.30 bytes/segundo, Error - 0
2024-11-27 03:40:37,836 - root - INFO - AWS (DNS): Tiempo - 0.2319 segundos, Ancho de banda - 1806613.58 bytes/segundo, Error - 0
2024-11-27 03:40:38,072 - root - INFO - AWS (DNS): Tiempo - 0.2304 segundos, Ancho de banda - 1818155.91 bytes/segundo, Error - 0
2024-11-27 03:40:38,866 - root - INFO - AWS (DNS): Tiempo - 0.5135 segundos, Ancho de banda - 815852.34 bytes/segundo, Error - 0
2024-11-27 03:40:39,667 - root - INFO - AWS (DNS): Tiempo - 0.5238 segundos, Ancho de banda - 799920.87 bytes/segundo, Error - 0
2024-11-27 03:40:39,923 - root - INFO - AWS (DNS): Tiempo - 0.2500 segundos, Ancho de banda - 1676115.76 bytes/segundo, Error - 0
2024-11-27 03:40:40,453 - root - INFO - AWS (DNS): Tiempo - 0.2516 segundos, Ancho de banda - 1664929.64 bytes/segundo, Error - 0
2024-11-27 03:40:41,257 - root - INFO - AWS (DNS): Tiempo - 0.5234 segundos, Ancho de banda - 800506.45 bytes/segundo, Error - 0
2024-11-27 03:40:41,504 - root - INFO - AWS (DNS): Tiempo - 0.2413 segundos, Ancho de banda - 1736552.68 bytes/segundo, Error - 0
2024-11-27 03:40:41,758 - root - INFO - AWS (DNS): Tiempo - 0.2495 segundos, Ancho de banda - 1679250.28 bytes/segundo, Error - 0
2024-11-27 03:40:42,003 - root - INFO - AWS (DNS): Tiempo - 0.2399 segundos, Ancho de banda - 1746202.30 bytes/segundo, Error - 0
2024-11-27 03:40:42,804 - root - INFO - AWS (DNS): Tiempo - 0.5222 segundos, Ancho de banda - 802317.07 bytes/segundo, Error - 0
2024-11-27 03:40:43,041 - root - INFO - AWS (DNS): Tiempo - 0.2321 segundos, Ancho de banda - 1805275.43 bytes/segundo, Error - 0
2024-11-27 03:40:43,424 - root - INFO - AWS (DNS): Tiempo - 0.2413 segundos, Ancho de banda - 1736096.32 bytes/segundo, Error - 0
2024-11-27 03:40:43,676 - root - INFO - AWS (DNS): Tiempo - 0.2465 segundos, Ancho de banda - 1699868.70 bytes/segundo, Error - 0
2024-11-27 03:40:44,465 - root - INFO - AWS (DNS): Tiempo - 0.5099 segundos, Ancho de banda - 821664.11 bytes/segundo, Error - 0
2024-11-27 03:40:45,256 - root - INFO - AWS (DNS): Tiempo - 0.5106 segundos, Ancho de banda - 820568.71 bytes/segundo, Error - 0
2024-11-27 03:40:46,052 - root - INFO - AWS (DNS): Tiempo - 0.5174 segundos, Ancho de banda - 809735.84 bytes/segundo, Error - 0
2024-11-27 03:40:46,288 - root - INFO - AWS (DNS): Tiempo - 0.2311 segundos, Ancho de banda - 1812771.14 bytes/segundo, Error - 0
2024-11-27 03:40:47,204 - root - INFO - AWS (DNS): Tiempo - 0.6389 segundos, Ancho de banda - 655752.22 bytes/segundo, Error - 0
2024-11-27 03:40:47,998 - root - INFO - AWS (DNS): Tiempo - 0.5153 segundos, Ancho de banda - 813046.20 bytes/segundo, Error - 0
2024-11-27 03:40:48,794 - root - INFO - AWS (DNS): Tiempo - 0.5170 segundos, Ancho de banda - 810348.97 bytes/segundo, Error - 0
2024-11-27 03:40:49,037 - root - INFO - AWS (DNS): Tiempo - 0.2379 segundos, Ancho de banda - 1760840.67 bytes/segundo, Error - 0
2024-11-27 03:40:49,429 - root - INFO - AWS (DNS): Tiempo - 0.2483 segundos, Ancho de banda - 1687310.63 bytes/segundo, Error - 0
2024-11-27 03:40:49,678 - root - INFO - AWS (DNS): Tiempo - 0.2446 segundos, Ancho de banda - 1713000.75 bytes/segundo, Error - 0
2024-11-27 03:40:50,057 - root - INFO - AWS (DNS): Tiempo - 0.2383 segundos, Ancho de banda - 1757782.96 bytes/segundo, Error - 0
2024-11-27 03:40:50,314 - root - INFO - AWS (DNS): Tiempo - 0.2508 segundos, Ancho de banda - 1670442.05 bytes/segundo, Error - 0
2024-11-27 03:40:50,574 - root - INFO - AWS (DNS): Tiempo - 0.2532 segundos, Ancho de banda - 1654382.31 bytes/segundo, Error - 0
2024-11-27 03:40:50,818 - root - INFO - AWS (DNS): Tiempo - 0.2384 segundos, Ancho de banda - 1757638.80 bytes/segundo, Error - 0
2024-11-27 03:40:51,061 - root - INFO - AWS (DNS): Tiempo - 0.2378 segundos, Ancho de banda - 1762191.48 bytes/segundo, Error - 0
2024-11-27 03:40:51,858 - root - INFO - AWS (DNS): Tiempo - 0.5167 segundos, Ancho de banda - 810801.01 bytes/segundo, Error - 0
2024-11-27 03:40:52,114 - root - INFO - AWS (DNS): Tiempo - 0.2511 segundos, Ancho de banda - 1668535.57 bytes/segundo, Error - 0
2024-11-27 03:40:52,636 - root - INFO - AWS (DNS): Tiempo - 0.2419 segundos, Ancho de banda - 1731781.41 bytes/segundo, Error - 0
2024-11-27 03:40:52,881 - root - INFO - AWS (DNS): Tiempo - 0.2388 segundos, Ancho de banda - 1754196.35 bytes/segundo, Error - 0
2024-11-27 03:40:53,159 - root - INFO - AWS (DNS): Tiempo - 0.2737 segundos, Ancho de banda - 1530627.32 bytes/segundo, Error - 0
2024-11-27 03:40:53,410 - root - INFO - AWS (DNS): Tiempo - 0.2460 segundos, Ancho de banda - 1703226.48 bytes/segundo, Error - 0
2024-11-27 03:40:53,662 - root - INFO - AWS (DNS): Tiempo - 0.2465 segundos, Ancho de banda - 1699965.72 bytes/segundo, Error - 0
2024-11-27 03:40:54,467 - root - INFO - AWS (DNS): Tiempo - 0.5261 segundos, Ancho de banda - 796411.93 bytes/segundo, Error - 0
2024-11-27 03:40:54,712 - root - INFO - AWS (DNS): Tiempo - 0.2393 segundos, Ancho de banda - 1750493.55 bytes/segundo, Error - 0
2024-11-27 03:40:54,962 - root - INFO - AWS (DNS): Tiempo - 0.2455 segundos, Ancho de banda - 1706721.86 bytes/segundo, Error - 0
2024-11-27 03:40:55,344 - root - INFO - AWS (DNS): Tiempo - 0.2408 segundos, Ancho de banda - 1739795.24 bytes/segundo, Error - 0
2024-11-27 03:40:56,140 - root - INFO - AWS (DNS): Tiempo - 0.5165 segundos, Ancho de banda - 811110.50 bytes/segundo, Error - 0
2024-11-27 03:40:56,395 - root - INFO - AWS (DNS): Tiempo - 0.2485 segundos, Ancho de banda - 1685928.17 bytes/segundo, Error - 0
2024-11-27 03:40:56,650 - root - INFO - AWS (DNS): Tiempo - 0.2504 segundos, Ancho de banda - 1673150.62 bytes/segundo, Error - 0
2024-11-27 03:40:56,884 - root - INFO - AWS (DNS): Tiempo - 0.2290 segundos, Ancho de banda - 1829303.80 bytes/segundo, Error - 0
2024-11-27 03:40:57,126 - root - INFO - AWS (DNS): Tiempo - 0.2374 segundos, Ancho de banda - 1765081.92 bytes/segundo, Error - 0
2024-11-27 03:40:57,374 - root - INFO - AWS (DNS): Tiempo - 0.2422 segundos, Ancho de banda - 1729504.31 bytes/segundo, Error - 0
2024-11-27 03:40:57,375 - root - INFO - Resultados para AWS (DNS):
 - Tiempo promedio: 0.3358 segundos
 - Ancho de banda promedio: 1423305.24 bytes/segundo
 - Tasa de error: 0.00%

2024-11-27 03:40:57,548 - root - INFO - Cloudflare (Anycast): Tiempo - 0.1603 segundos, Ancho de banda - 2270017.64 bytes/segundo, Error - 0
2024-11-27 03:40:57,741 - root - INFO - Cloudflare (Anycast): Tiempo - 0.1778 segundos, Ancho de banda - 2047496.26 bytes/segundo, Error - 0
2024-11-27 03:40:57,910 - root - INFO - Cloudflare (Anycast): Tiempo - 0.1535 segundos, Ancho de banda - 2370615.12 bytes/segundo, Error - 0
2024-11-27 03:40:58,077 - root - INFO - Cloudflare (Anycast): Tiempo - 0.1571 segundos, Ancho de banda - 2316438.86 bytes/segundo, Error - 0
2024-11-27 03:40:58,210 - root - INFO - Cloudflare (Anycast): Tiempo - 0.1197 segundos, Ancho de banda - 3040076.91 bytes/segundo, Error - 0
2024-11-27 03:40:58,353 - root - INFO - Cloudflare (Anycast): Tiempo - 0.1297 segundos, Ancho de banda - 2806641.02 bytes/segundo, Error - 0
2024-11-27 03:40:58,528 - root - INFO - Cloudflare (Anycast): Tiempo - 0.1594 segundos, Ancho de banda - 2283702.71 bytes/segundo, Error - 0
2024-11-27 03:40:58,702 - root - INFO - Cloudflare (Anycast): Tiempo - 0.1613 segundos, Ancho de banda - 2255868.73 bytes/segundo, Error - 0
2024-11-27 03:40:58,871 - root - INFO - Cloudflare (Anycast): Tiempo - 0.1472 segundos, Ancho de banda - 2472755.43 bytes/segundo, Error - 0
2024-11-27 03:40:59,117 - root - INFO - Cloudflare (Anycast): Tiempo - 0.2266 segundos, Ancho de banda - 1606036.37 bytes/segundo, Error - 0
2024-11-27 03:40:59,278 - root - INFO - Cloudflare (Anycast): Tiempo - 0.1513 segundos, Ancho de banda - 2405401.69 bytes/segundo, Error - 0
2024-11-27 03:40:59,448 - root - INFO - Cloudflare (Anycast): Tiempo - 0.1566 segundos, Ancho de banda - 2324781.58 bytes/segundo, Error - 0
2024-11-27 03:40:59,604 - root - INFO - Cloudflare (Anycast): Tiempo - 0.1459 segundos, Ancho de banda - 2494823.61 bytes/segundo, Error - 0
2024-11-27 03:40:59,736 - root - INFO - Cloudflare (Anycast): Tiempo - 0.1197 segundos, Ancho de banda - 3040833.85 bytes/segundo, Error - 0
2024-11-27 03:40:59,879 - root - INFO - Cloudflare (Anycast): Tiempo - 0.1304 segundos, Ancho de banda - 2791092.92 bytes/segundo, Error - 0
2024-11-27 03:41:00,060 - root - INFO - Cloudflare (Anycast): Tiempo - 0.1686 segundos, Ancho de banda - 2159296.03 bytes/segundo, Error - 0
2024-11-27 03:41:00,237 - root - INFO - Cloudflare (Anycast): Tiempo - 0.1648 segundos, Ancho de banda - 2208543.68 bytes/segundo, Error - 0
2024-11-27 03:41:00,398 - root - INFO - Cloudflare (Anycast): Tiempo - 0.1325 segundos, Ancho de banda - 2747728.57 bytes/segundo, Error - 0
2024-11-27 03:41:00,518 - root - INFO - Cloudflare (Anycast): Tiempo - 0.1094 segundos, Ancho de banda - 3327850.92 bytes/segundo, Error - 0
2024-11-27 03:41:00,653 - root - INFO - Cloudflare (Anycast): Tiempo - 0.1248 segundos, Ancho de banda - 2917031.35 bytes/segundo, Error - 0
2024-11-27 03:41:00,864 - root - INFO - Cloudflare (Anycast): Tiempo - 0.1852 segundos, Ancho de banda - 1965015.76 bytes/segundo, Error - 0
2024-11-27 03:41:01,015 - root - INFO - Cloudflare (Anycast): Tiempo - 0.1401 segundos, Ancho de banda - 2598666.83 bytes/segundo, Error - 0
2024-11-27 03:41:01,166 - root - INFO - Cloudflare (Anycast): Tiempo - 0.1379 segundos, Ancho de banda - 2638902.37 bytes/segundo, Error - 0
2024-11-27 03:41:01,355 - root - INFO - Cloudflare (Anycast): Tiempo - 0.1751 segundos, Ancho de banda - 2079033.27 bytes/segundo, Error - 0
2024-11-27 03:41:01,499 - root - INFO - Cloudflare (Anycast): Tiempo - 0.1342 segundos, Ancho de banda - 2712527.45 bytes/segundo, Error - 0
2024-11-27 03:41:01,673 - root - INFO - Cloudflare (Anycast): Tiempo - 0.1610 segundos, Ancho de banda - 2261332.21 bytes/segundo, Error - 0
2024-11-27 03:41:01,826 - root - INFO - Cloudflare (Anycast): Tiempo - 0.1414 segundos, Ancho de banda - 2574840.69 bytes/segundo, Error - 0
2024-11-27 03:41:02,005 - root - INFO - Cloudflare (Anycast): Tiempo - 0.1666 segundos, Ancho de banda - 2184643.75 bytes/segundo, Error - 0
2024-11-27 03:41:02,168 - root - INFO - Cloudflare (Anycast): Tiempo - 0.1491 segundos, Ancho de banda - 2440994.08 bytes/segundo, Error - 0
2024-11-27 03:41:02,309 - root - INFO - Cloudflare (Anycast): Tiempo - 0.1334 segundos, Ancho de banda - 2728404.41 bytes/segundo, Error - 0
2024-11-27 03:41:02,446 - root - INFO - Cloudflare (Anycast): Tiempo - 0.1190 segundos, Ancho de banda - 3059531.03 bytes/segundo, Error - 0
2024-11-27 03:41:02,571 - root - INFO - Cloudflare (Anycast): Tiempo - 0.1143 segundos, Ancho de banda - 3185264.75 bytes/segundo, Error - 0
2024-11-27 03:41:02,734 - root - INFO - Cloudflare (Anycast): Tiempo - 0.1500 segundos, Ancho de banda - 2426892.25 bytes/segundo, Error - 0
2024-11-27 03:41:02,876 - root - INFO - Cloudflare (Anycast): Tiempo - 0.1258 segundos, Ancho de banda - 2893977.61 bytes/segundo, Error - 0
2024-11-27 03:41:03,039 - root - INFO - Cloudflare (Anycast): Tiempo - 0.1477 segundos, Ancho de banda - 2464977.64 bytes/segundo, Error - 0
2024-11-27 03:41:03,175 - root - INFO - Cloudflare (Anycast): Tiempo - 0.1230 segundos, Ancho de banda - 2958852.24 bytes/segundo, Error - 0
2024-11-27 03:41:03,347 - root - INFO - Cloudflare (Anycast): Tiempo - 0.1549 segundos, Ancho de banda - 2350394.95 bytes/segundo, Error - 0
2024-11-27 03:41:03,491 - root - INFO - Cloudflare (Anycast): Tiempo - 0.1332 segundos, Ancho de banda - 2732105.66 bytes/segundo, Error - 0
2024-11-27 03:41:03,671 - root - INFO - Cloudflare (Anycast): Tiempo - 0.1662 segundos, Ancho de banda - 2189889.79 bytes/segundo, Error - 0
2024-11-27 03:41:03,870 - root - INFO - Cloudflare (Anycast): Tiempo - 0.1777 segundos, Ancho de banda - 2048004.42 bytes/segundo, Error - 0
2024-11-27 03:41:04,039 - root - INFO - Cloudflare (Anycast): Tiempo - 0.1550 segundos, Ancho de banda - 2348670.08 bytes/segundo, Error - 0
2024-11-27 03:41:04,204 - root - INFO - Cloudflare (Anycast): Tiempo - 0.1514 segundos, Ancho de banda - 2404420.46 bytes/segundo, Error - 0
2024-11-27 03:41:04,359 - root - INFO - Cloudflare (Anycast): Tiempo - 0.1452 segundos, Ancho de banda - 2506320.82 bytes/segundo, Error - 0
2024-11-27 03:41:04,520 - root - INFO - Cloudflare (Anycast): Tiempo - 0.1459 segundos, Ancho de banda - 2495113.12 bytes/segundo, Error - 0
2024-11-27 03:41:04,738 - root - INFO - Cloudflare (Anycast): Tiempo - 0.2016 segundos, Ancho de banda - 1805759.13 bytes/segundo, Error - 0
2024-11-27 03:41:04,914 - root - INFO - Cloudflare (Anycast): Tiempo - 0.1642 segundos, Ancho de banda - 2217017.54 bytes/segundo, Error - 0
2024-11-27 03:41:05,086 - root - INFO - Cloudflare (Anycast): Tiempo - 0.1587 segundos, Ancho de banda - 2293584.15 bytes/segundo, Error - 0
2024-11-27 03:41:05,234 - root - INFO - Cloudflare (Anycast): Tiempo - 0.1351 segundos, Ancho de banda - 2694425.70 bytes/segundo, Error - 0
2024-11-27 03:41:05,406 - root - INFO - Cloudflare (Anycast): Tiempo - 0.1573 segundos, Ancho de banda - 2314124.85 bytes/segundo, Error - 0
2024-11-27 03:41:05,539 - root - INFO - Cloudflare (Anycast): Tiempo - 0.1166 segundos, Ancho de banda - 3121668.23 bytes/segundo, Error - 0
2024-11-27 03:41:05,680 - root - INFO - Cloudflare (Anycast): Tiempo - 0.1310 segundos, Ancho de banda - 2778181.21 bytes/segundo, Error - 0
2024-11-27 03:41:05,907 - root - INFO - Cloudflare (Anycast): Tiempo - 0.2135 segundos, Ancho de banda - 1705042.87 bytes/segundo, Error - 0
2024-11-27 03:41:06,066 - root - INFO - Cloudflare (Anycast): Tiempo - 0.1456 segundos, Ancho de banda - 2500540.57 bytes/segundo, Error - 0
2024-11-27 03:41:06,221 - root - INFO - Cloudflare (Anycast): Tiempo - 0.1368 segundos, Ancho de banda - 2660995.30 bytes/segundo, Error - 0
2024-11-27 03:41:06,382 - root - INFO - Cloudflare (Anycast): Tiempo - 0.1468 segundos, Ancho de banda - 2478641.19 bytes/segundo, Error - 0
2024-11-27 03:41:06,549 - root - INFO - Cloudflare (Anycast): Tiempo - 0.1490 segundos, Ancho de banda - 2442384.37 bytes/segundo, Error - 0
2024-11-27 03:41:06,743 - root - INFO - Cloudflare (Anycast): Tiempo - 0.1812 segundos, Ancho de banda - 2008466.19 bytes/segundo, Error - 0
2024-11-27 03:41:06,904 - root - INFO - Cloudflare (Anycast): Tiempo - 0.1483 segundos, Ancho de banda - 2454869.88 bytes/segundo, Error - 0
2024-11-27 03:41:07,036 - root - INFO - Cloudflare (Anycast): Tiempo - 0.1225 segundos, Ancho de banda - 2970828.96 bytes/segundo, Error - 0
2024-11-27 03:41:07,160 - root - INFO - Cloudflare (Anycast): Tiempo - 0.1106 segundos, Ancho de banda - 3291295.80 bytes/segundo, Error - 0
2024-11-27 03:41:07,300 - root - INFO - Cloudflare (Anycast): Tiempo - 0.1297 segundos, Ancho de banda - 2807043.55 bytes/segundo, Error - 0
2024-11-27 03:41:07,472 - root - INFO - Cloudflare (Anycast): Tiempo - 0.1601 segundos, Ancho de banda - 2273689.31 bytes/segundo, Error - 0
2024-11-27 03:41:07,654 - root - INFO - Cloudflare (Anycast): Tiempo - 0.1671 segundos, Ancho de banda - 2178598.57 bytes/segundo, Error - 0
2024-11-27 03:41:07,826 - root - INFO - Cloudflare (Anycast): Tiempo - 0.1545 segundos, Ancho de banda - 2356519.26 bytes/segundo, Error - 0
2024-11-27 03:41:07,962 - root - INFO - Cloudflare (Anycast): Tiempo - 0.1219 segundos, Ancho de banda - 2986071.22 bytes/segundo, Error - 0
2024-11-27 03:41:08,094 - root - INFO - Cloudflare (Anycast): Tiempo - 0.1242 segundos, Ancho de banda - 2930188.99 bytes/segundo, Error - 0
2024-11-27 03:41:08,287 - root - INFO - Cloudflare (Anycast): Tiempo - 0.1795 segundos, Ancho de banda - 2027673.58 bytes/segundo, Error - 0
2024-11-27 03:41:08,426 - root - INFO - Cloudflare (Anycast): Tiempo - 0.1242 segundos, Ancho de banda - 2929429.91 bytes/segundo, Error - 0
2024-11-27 03:41:08,631 - root - INFO - Cloudflare (Anycast): Tiempo - 0.1913 segundos, Ancho de banda - 1903063.29 bytes/segundo, Error - 0
2024-11-27 03:41:08,777 - root - INFO - Cloudflare (Anycast): Tiempo - 0.1339 segundos, Ancho de banda - 2718894.74 bytes/segundo, Error - 0
2024-11-27 03:41:08,904 - root - INFO - Cloudflare (Anycast): Tiempo - 0.1171 segundos, Ancho de banda - 3109479.18 bytes/segundo, Error - 0
2024-11-27 03:41:09,052 - root - INFO - Cloudflare (Anycast): Tiempo - 0.1360 segundos, Ancho de banda - 2675686.70 bytes/segundo, Error - 0
2024-11-27 03:41:09,209 - root - INFO - Cloudflare (Anycast): Tiempo - 0.1454 segundos, Ancho de banda - 2502778.89 bytes/segundo, Error - 0
2024-11-27 03:41:09,442 - root - INFO - Cloudflare (Anycast): Tiempo - 0.2190 segundos, Ancho de banda - 1661782.74 bytes/segundo, Error - 0
2024-11-27 03:41:09,582 - root - INFO - Cloudflare (Anycast): Tiempo - 0.1317 segundos, Ancho de banda - 2763136.02 bytes/segundo, Error - 0
2024-11-27 03:41:09,727 - root - INFO - Cloudflare (Anycast): Tiempo - 0.1335 segundos, Ancho de banda - 2725768.88 bytes/segundo, Error - 0
2024-11-27 03:41:09,904 - root - INFO - Cloudflare (Anycast): Tiempo - 0.1646 segundos, Ancho de banda - 2211179.59 bytes/segundo, Error - 0
2024-11-27 03:41:10,074 - root - INFO - Cloudflare (Anycast): Tiempo - 0.1567 segundos, Ancho de banda - 2322235.37 bytes/segundo, Error - 0
2024-11-27 03:41:10,221 - root - INFO - Cloudflare (Anycast): Tiempo - 0.1317 segundos, Ancho de banda - 2764251.75 bytes/segundo, Error - 0
2024-11-27 03:41:10,360 - root - INFO - Cloudflare (Anycast): Tiempo - 0.1247 segundos, Ancho de banda - 2918068.46 bytes/segundo, Error - 0
2024-11-27 03:41:10,506 - root - INFO - Cloudflare (Anycast): Tiempo - 0.1322 segundos, Ancho de banda - 2752742.67 bytes/segundo, Error - 0
2024-11-27 03:41:10,669 - root - INFO - Cloudflare (Anycast): Tiempo - 0.1470 segundos, Ancho de banda - 2475638.60 bytes/segundo, Error - 0
2024-11-27 03:41:10,848 - root - INFO - Cloudflare (Anycast): Tiempo - 0.1579 segundos, Ancho de banda - 2305506.59 bytes/segundo, Error - 0
2024-11-27 03:41:11,008 - root - INFO - Cloudflare (Anycast): Tiempo - 0.1471 segundos, Ancho de banda - 2473733.11 bytes/segundo, Error - 0
2024-11-27 03:41:11,177 - root - INFO - Cloudflare (Anycast): Tiempo - 0.1537 segundos, Ancho de banda - 2367721.52 bytes/segundo, Error - 0
2024-11-27 03:41:11,361 - root - INFO - Cloudflare (Anycast): Tiempo - 0.1710 segundos, Ancho de banda - 2128986.99 bytes/segundo, Error - 0
2024-11-27 03:41:11,598 - root - INFO - Cloudflare (Anycast): Tiempo - 0.2224 segundos, Ancho de banda - 1636390.46 bytes/segundo, Error - 0
2024-11-27 03:41:11,778 - root - INFO - Cloudflare (Anycast): Tiempo - 0.1668 segundos, Ancho de banda - 2182198.57 bytes/segundo, Error - 0
2024-11-27 03:41:11,906 - root - INFO - Cloudflare (Anycast): Tiempo - 0.1142 segundos, Ancho de banda - 3186042.53 bytes/segundo, Error - 0
2024-11-27 03:41:12,140 - root - INFO - Cloudflare (Anycast): Tiempo - 0.2108 segundos, Ancho de banda - 1726616.25 bytes/segundo, Error - 0
2024-11-27 03:41:12,306 - root - INFO - Cloudflare (Anycast): Tiempo - 0.1536 segundos, Ancho de banda - 2370217.62 bytes/segundo, Error - 0
2024-11-27 03:41:12,452 - root - INFO - Cloudflare (Anycast): Tiempo - 0.1310 segundos, Ancho de banda - 2777903.17 bytes/segundo, Error - 0
2024-11-27 03:41:12,587 - root - INFO - Cloudflare (Anycast): Tiempo - 0.1214 segundos, Ancho de banda - 2998063.66 bytes/segundo, Error - 0
2024-11-27 03:41:12,720 - root - INFO - Cloudflare (Anycast): Tiempo - 0.1237 segundos, Ancho de banda - 2941843.61 bytes/segundo, Error - 0
2024-11-27 03:41:12,851 - root - INFO - Cloudflare (Anycast): Tiempo - 0.1184 segundos, Ancho de banda - 3074881.81 bytes/segundo, Error - 0
2024-11-27 03:41:12,981 - root - INFO - Cloudflare (Anycast): Tiempo - 0.1197 segundos, Ancho de banda - 3040191.94 bytes/segundo, Error - 0
2024-11-27 03:41:13,225 - root - INFO - Cloudflare (Anycast): Tiempo - 0.2300 segundos, Ancho de banda - 1582387.34 bytes/segundo, Error - 0
2024-11-27 03:41:13,416 - root - INFO - Cloudflare (Anycast): Tiempo - 0.1769 segundos, Ancho de banda - 2057893.42 bytes/segundo, Error - 0
2024-11-27 03:41:13,568 - root - INFO - Cloudflare (Anycast): Tiempo - 0.1398 segundos, Ancho de banda - 2602787.29 bytes/segundo, Error - 0
2024-11-27 03:41:13,716 - root - INFO - Cloudflare (Anycast): Tiempo - 0.1353 segundos, Ancho de banda - 2690858.97 bytes/segundo, Error - 0
2024-11-27 03:41:13,859 - root - INFO - Cloudflare (Anycast): Tiempo - 0.1322 segundos, Ancho de banda - 2754222.65 bytes/segundo, Error - 0
2024-11-27 03:41:14,054 - root - INFO - Cloudflare (Anycast): Tiempo - 0.1299 segundos, Ancho de banda - 2801711.60 bytes/segundo, Error - 0
2024-11-27 03:41:14,205 - root - INFO - Cloudflare (Anycast): Tiempo - 0.1412 segundos, Ancho de banda - 2578097.59 bytes/segundo, Error - 0
2024-11-27 03:41:14,354 - root - INFO - Cloudflare (Anycast): Tiempo - 0.1370 segundos, Ancho de banda - 2657521.10 bytes/segundo, Error - 0
2024-11-27 03:41:14,494 - root - INFO - Cloudflare (Anycast): Tiempo - 0.1282 segundos, Ancho de banda - 2839450.53 bytes/segundo, Error - 0
2024-11-27 03:41:14,679 - root - INFO - Cloudflare (Anycast): Tiempo - 0.1717 segundos, Ancho de banda - 2119195.72 bytes/segundo, Error - 0
2024-11-27 03:41:14,841 - root - INFO - Cloudflare (Anycast): Tiempo - 0.1498 segundos, Ancho de banda - 2430079.37 bytes/segundo, Error - 0
2024-11-27 03:41:14,985 - root - INFO - Cloudflare (Anycast): Tiempo - 0.1251 segundos, Ancho de banda - 2910413.51 bytes/segundo, Error - 0
2024-11-27 03:41:15,124 - root - INFO - Cloudflare (Anycast): Tiempo - 0.1281 segundos, Ancho de banda - 2841850.27 bytes/segundo, Error - 0
2024-11-27 03:41:15,260 - root - INFO - Cloudflare (Anycast): Tiempo - 0.1259 segundos, Ancho de banda - 2891790.31 bytes/segundo, Error - 0
2024-11-27 03:41:15,404 - root - INFO - Cloudflare (Anycast): Tiempo - 0.1306 segundos, Ancho de banda - 2786848.62 bytes/segundo, Error - 0
2024-11-27 03:41:15,560 - root - INFO - Cloudflare (Anycast): Tiempo - 0.1421 segundos, Ancho de banda - 2560872.13 bytes/segundo, Error - 0
2024-11-27 03:41:15,715 - root - INFO - Cloudflare (Anycast): Tiempo - 0.1418 segundos, Ancho de banda - 2566240.29 bytes/segundo, Error - 0
2024-11-27 03:41:15,887 - root - INFO - Cloudflare (Anycast): Tiempo - 0.1595 segundos, Ancho de banda - 2282224.42 bytes/segundo, Error - 0
2024-11-27 03:41:16,026 - root - INFO - Cloudflare (Anycast): Tiempo - 0.1266 segundos, Ancho de banda - 2875986.03 bytes/segundo, Error - 0
2024-11-27 03:41:16,215 - root - INFO - Cloudflare (Anycast): Tiempo - 0.1675 segundos, Ancho de banda - 2173035.18 bytes/segundo, Error - 0
2024-11-27 03:41:16,387 - root - INFO - Cloudflare (Anycast): Tiempo - 0.1578 segundos, Ancho de banda - 2306028.98 bytes/segundo, Error - 0
2024-11-27 03:41:16,570 - root - INFO - Cloudflare (Anycast): Tiempo - 0.1700 segundos, Ancho de banda - 2141305.23 bytes/segundo, Error - 0
2024-11-27 03:41:16,721 - root - INFO - Cloudflare (Anycast): Tiempo - 0.1373 segundos, Ancho de banda - 2649969.49 bytes/segundo, Error - 0
2024-11-27 03:41:16,894 - root - INFO - Cloudflare (Anycast): Tiempo - 0.1627 segundos, Ancho de banda - 2237701.95 bytes/segundo, Error - 0
2024-11-27 03:41:17,073 - root - INFO - Cloudflare (Anycast): Tiempo - 0.1560 segundos, Ancho de banda - 2333823.08 bytes/segundo, Error - 0
2024-11-27 03:41:17,215 - root - INFO - Cloudflare (Anycast): Tiempo - 0.1297 segundos, Ancho de banda - 2806935.16 bytes/segundo, Error - 0
2024-11-27 03:41:17,366 - root - INFO - Cloudflare (Anycast): Tiempo - 0.1394 segundos, Ancho de banda - 2611344.45 bytes/segundo, Error - 0
2024-11-27 03:41:17,513 - root - INFO - Cloudflare (Anycast): Tiempo - 0.1375 segundos, Ancho de banda - 2646620.35 bytes/segundo, Error - 0
2024-11-27 03:41:17,661 - root - INFO - Cloudflare (Anycast): Tiempo - 0.1346 segundos, Ancho de banda - 2703271.54 bytes/segundo, Error - 0
2024-11-27 03:41:17,805 - root - INFO - Cloudflare (Anycast): Tiempo - 0.1309 segundos, Ancho de banda - 2779916.46 bytes/segundo, Error - 0
2024-11-27 03:41:17,978 - root - INFO - Cloudflare (Anycast): Tiempo - 0.1576 segundos, Ancho de banda - 2309377.90 bytes/segundo, Error - 0
2024-11-27 03:41:18,153 - root - INFO - Cloudflare (Anycast): Tiempo - 0.1620 segundos, Ancho de banda - 2247079.32 bytes/segundo, Error - 0
2024-11-27 03:41:18,293 - root - INFO - Cloudflare (Anycast): Tiempo - 0.1300 segundos, Ancho de banda - 2800252.07 bytes/segundo, Error - 0
2024-11-27 03:41:18,447 - root - INFO - Cloudflare (Anycast): Tiempo - 0.1370 segundos, Ancho de banda - 2656670.14 bytes/segundo, Error - 0
2024-11-27 03:41:18,598 - root - INFO - Cloudflare (Anycast): Tiempo - 0.1398 segundos, Ancho de banda - 2603293.28 bytes/segundo, Error - 0
2024-11-27 03:41:18,751 - root - INFO - Cloudflare (Anycast): Tiempo - 0.1390 segundos, Ancho de banda - 2618138.29 bytes/segundo, Error - 0
2024-11-27 03:41:18,913 - root - INFO - Cloudflare (Anycast): Tiempo - 0.1494 segundos, Ancho de banda - 2436163.85 bytes/segundo, Error - 0
2024-11-27 03:41:19,062 - root - INFO - Cloudflare (Anycast): Tiempo - 0.1331 segundos, Ancho de banda - 2735454.21 bytes/segundo, Error - 0
2024-11-27 03:41:19,202 - root - INFO - Cloudflare (Anycast): Tiempo - 0.1315 segundos, Ancho de banda - 2766861.96 bytes/segundo, Error - 0
2024-11-27 03:41:19,365 - root - INFO - Cloudflare (Anycast): Tiempo - 0.1473 segundos, Ancho de banda - 2470130.74 bytes/segundo, Error - 0
2024-11-27 03:41:19,518 - root - INFO - Cloudflare (Anycast): Tiempo - 0.1355 segundos, Ancho de banda - 2687060.44 bytes/segundo, Error - 0
2024-11-27 03:41:19,653 - root - INFO - Cloudflare (Anycast): Tiempo - 0.1213 segundos, Ancho de banda - 3000963.27 bytes/segundo, Error - 0
2024-11-27 03:41:19,800 - root - INFO - Cloudflare (Anycast): Tiempo - 0.1366 segundos, Ancho de banda - 2664343.74 bytes/segundo, Error - 0
2024-11-27 03:41:19,958 - root - INFO - Cloudflare (Anycast): Tiempo - 0.1456 segundos, Ancho de banda - 2499189.68 bytes/segundo, Error - 0
2024-11-27 03:41:20,115 - root - INFO - Cloudflare (Anycast): Tiempo - 0.1458 segundos, Ancho de banda - 2495949.40 bytes/segundo, Error - 0
2024-11-27 03:41:20,234 - root - INFO - Cloudflare (Anycast): Tiempo - 0.1101 segundos, Ancho de banda - 3306787.75 bytes/segundo, Error - 0
2024-11-27 03:41:20,380 - root - INFO - Cloudflare (Anycast): Tiempo - 0.1322 segundos, Ancho de banda - 2753159.69 bytes/segundo, Error - 0
2024-11-27 03:41:20,540 - root - INFO - Cloudflare (Anycast): Tiempo - 0.1428 segundos, Ancho de banda - 2549683.29 bytes/segundo, Error - 0
2024-11-27 03:41:20,697 - root - INFO - Cloudflare (Anycast): Tiempo - 0.1409 segundos, Ancho de banda - 2584001.82 bytes/segundo, Error - 0
2024-11-27 03:41:20,892 - root - INFO - Cloudflare (Anycast): Tiempo - 0.1804 segundos, Ancho de banda - 2017437.47 bytes/segundo, Error - 0
2024-11-27 03:41:21,044 - root - INFO - Cloudflare (Anycast): Tiempo - 0.1341 segundos, Ancho de banda - 2714929.79 bytes/segundo, Error - 0
2024-11-27 03:41:21,233 - root - INFO - Cloudflare (Anycast): Tiempo - 0.1749 segundos, Ancho de banda - 2080696.61 bytes/segundo, Error - 0
2024-11-27 03:41:21,388 - root - INFO - Cloudflare (Anycast): Tiempo - 0.1384 segundos, Ancho de banda - 2629774.30 bytes/segundo, Error - 0
2024-11-27 03:41:21,583 - root - INFO - Cloudflare (Anycast): Tiempo - 0.1807 segundos, Ancho de banda - 2013794.20 bytes/segundo, Error - 0
2024-11-27 03:41:21,715 - root - INFO - Cloudflare (Anycast): Tiempo - 0.1211 segundos, Ancho de banda - 3006128.06 bytes/segundo, Error - 0
2024-11-27 03:41:21,855 - root - INFO - Cloudflare (Anycast): Tiempo - 0.1280 segundos, Ancho de banda - 2843697.77 bytes/segundo, Error - 0
2024-11-27 03:41:22,005 - root - INFO - Cloudflare (Anycast): Tiempo - 0.1342 segundos, Ancho de banda - 2711915.48 bytes/segundo, Error - 0
2024-11-27 03:41:22,166 - root - INFO - Cloudflare (Anycast): Tiempo - 0.1475 segundos, Ancho de banda - 2467304.24 bytes/segundo, Error - 0
2024-11-27 03:41:22,325 - root - INFO - Cloudflare (Anycast): Tiempo - 0.1477 segundos, Ancho de banda - 2464886.10 bytes/segundo, Error - 0
2024-11-27 03:41:22,472 - root - INFO - Cloudflare (Anycast): Tiempo - 0.1341 segundos, Ancho de banda - 2713945.18 bytes/segundo, Error - 0
2024-11-27 03:41:22,611 - root - INFO - Cloudflare (Anycast): Tiempo - 0.1291 segundos, Ancho de banda - 2820032.81 bytes/segundo, Error - 0
2024-11-27 03:41:22,781 - root - INFO - Cloudflare (Anycast): Tiempo - 0.1571 segundos, Ancho de banda - 2317370.69 bytes/segundo, Error - 0
2024-11-27 03:41:22,948 - root - INFO - Cloudflare (Anycast): Tiempo - 0.1516 segundos, Ancho de banda - 2400960.35 bytes/segundo, Error - 0
2024-11-27 03:41:23,098 - root - INFO - Cloudflare (Anycast): Tiempo - 0.1391 segundos, Ancho de banda - 2617464.95 bytes/segundo, Error - 0
2024-11-27 03:41:23,287 - root - INFO - Cloudflare (Anycast): Tiempo - 0.1672 segundos, Ancho de banda - 2176840.27 bytes/segundo, Error - 0
2024-11-27 03:41:23,407 - root - INFO - Cloudflare (Anycast): Tiempo - 0.1092 segundos, Ancho de banda - 3332944.04 bytes/segundo, Error - 0
2024-11-27 03:41:23,568 - root - INFO - Cloudflare (Anycast): Tiempo - 0.1475 segundos, Ancho de banda - 2467391.97 bytes/segundo, Error - 0
2024-11-27 03:41:23,703 - root - INFO - Cloudflare (Anycast): Tiempo - 0.1230 segundos, Ancho de banda - 2959351.26 bytes/segundo, Error - 0
2024-11-27 03:41:23,845 - root - INFO - Cloudflare (Anycast): Tiempo - 0.1337 segundos, Ancho de banda - 2722264.36 bytes/segundo, Error - 0
2024-11-27 03:41:24,016 - root - INFO - Cloudflare (Anycast): Tiempo - 0.1524 segundos, Ancho de banda - 2388619.63 bytes/segundo, Error - 0
2024-11-27 03:41:24,212 - root - INFO - Cloudflare (Anycast): Tiempo - 0.1793 segundos, Ancho de banda - 2029781.85 bytes/segundo, Error - 0
2024-11-27 03:41:24,331 - root - INFO - Cloudflare (Anycast): Tiempo - 0.1096 segundos, Ancho de banda - 3321898.48 bytes/segundo, Error - 0
2024-11-27 03:41:24,457 - root - INFO - Cloudflare (Anycast): Tiempo - 0.1152 segundos, Ancho de banda - 3159757.05 bytes/segundo, Error - 0
2024-11-27 03:41:24,626 - root - INFO - Cloudflare (Anycast): Tiempo - 0.1541 segundos, Ancho de banda - 2361944.48 bytes/segundo, Error - 0
2024-11-27 03:41:24,858 - root - INFO - Cloudflare (Anycast): Tiempo - 0.2096 segundos, Ancho de banda - 1736260.17 bytes/segundo, Error - 0
2024-11-27 03:41:25,013 - root - INFO - Cloudflare (Anycast): Tiempo - 0.1335 segundos, Ancho de banda - 2726168.02 bytes/segundo, Error - 0
2024-11-27 03:41:25,172 - root - INFO - Cloudflare (Anycast): Tiempo - 0.1409 segundos, Ancho de banda - 2583109.88 bytes/segundo, Error - 0
2024-11-27 03:41:25,328 - root - INFO - Cloudflare (Anycast): Tiempo - 0.1441 segundos, Ancho de banda - 2525163.09 bytes/segundo, Error - 0
2024-11-27 03:41:25,447 - root - INFO - Cloudflare (Anycast): Tiempo - 0.1093 segundos, Ancho de banda - 3330399.16 bytes/segundo, Error - 0
2024-11-27 03:41:25,606 - root - INFO - Cloudflare (Anycast): Tiempo - 0.1457 segundos, Ancho de banda - 2498522.96 bytes/segundo, Error - 0
2024-11-27 03:41:25,763 - root - INFO - Cloudflare (Anycast): Tiempo - 0.1432 segundos, Ancho de banda - 2540898.78 bytes/segundo, Error - 0
2024-11-27 03:41:25,923 - root - INFO - Cloudflare (Anycast): Tiempo - 0.1480 segundos, Ancho de banda - 2459881.67 bytes/segundo, Error - 0
2024-11-27 03:41:26,073 - root - INFO - Cloudflare (Anycast): Tiempo - 0.1380 segundos, Ancho de banda - 2637912.87 bytes/segundo, Error - 0
2024-11-27 03:41:26,284 - root - INFO - Cloudflare (Anycast): Tiempo - 0.1977 segundos, Ancho de banda - 1840913.36 bytes/segundo, Error - 0
2024-11-27 03:41:26,436 - root - INFO - Cloudflare (Anycast): Tiempo - 0.1366 segundos, Ancho de banda - 2665008.86 bytes/segundo, Error - 0
2024-11-27 03:41:26,620 - root - INFO - Cloudflare (Anycast): Tiempo - 0.1711 segundos, Ancho de banda - 2126694.37 bytes/segundo, Error - 0
2024-11-27 03:41:26,802 - root - INFO - Cloudflare (Anycast): Tiempo - 0.1761 segundos, Ancho de banda - 2067018.82 bytes/segundo, Error - 0
2024-11-27 03:41:26,972 - root - INFO - Cloudflare (Anycast): Tiempo - 0.1554 segundos, Ancho de banda - 2342076.11 bytes/segundo, Error - 0
2024-11-27 03:41:27,144 - root - INFO - Cloudflare (Anycast): Tiempo - 0.1603 segundos, Ancho de banda - 2271098.30 bytes/segundo, Error - 0
2024-11-27 03:41:27,274 - root - INFO - Cloudflare (Anycast): Tiempo - 0.1207 segundos, Ancho de banda - 3014753.84 bytes/segundo, Error - 0
2024-11-27 03:41:27,425 - root - INFO - Cloudflare (Anycast): Tiempo - 0.1368 segundos, Ancho de banda - 2660944.28 bytes/segundo, Error - 0
2024-11-27 03:41:27,558 - root - INFO - Cloudflare (Anycast): Tiempo - 0.1213 segundos, Ancho de banda - 2999772.10 bytes/segundo, Error - 0
2024-11-27 03:41:27,776 - root - INFO - Cloudflare (Anycast): Tiempo - 0.2000 segundos, Ancho de banda - 1820086.73 bytes/segundo, Error - 0
2024-11-27 03:41:27,934 - root - INFO - Cloudflare (Anycast): Tiempo - 0.1443 segundos, Ancho de banda - 2522847.05 bytes/segundo, Error - 0
2024-11-27 03:41:28,078 - root - INFO - Cloudflare (Anycast): Tiempo - 0.1345 segundos, Ancho de banda - 2707015.27 bytes/segundo, Error - 0
2024-11-27 03:41:28,215 - root - INFO - Cloudflare (Anycast): Tiempo - 0.1256 segundos, Ancho de banda - 2897459.98 bytes/segundo, Error - 0
2024-11-27 03:41:28,376 - root - INFO - Cloudflare (Anycast): Tiempo - 0.1473 segundos, Ancho de banda - 2471746.51 bytes/segundo, Error - 0
2024-11-27 03:41:28,535 - root - INFO - Cloudflare (Anycast): Tiempo - 0.1446 segundos, Ancho de banda - 2516782.93 bytes/segundo, Error - 0
2024-11-27 03:41:28,719 - root - INFO - Cloudflare (Anycast): Tiempo - 0.1699 segundos, Ancho de banda - 2142284.83 bytes/segundo, Error - 0
2024-11-27 03:41:28,848 - root - INFO - Cloudflare (Anycast): Tiempo - 0.1160 segundos, Ancho de banda - 3138747.18 bytes/segundo, Error - 0
2024-11-27 03:41:29,002 - root - INFO - Cloudflare (Anycast): Tiempo - 0.1399 segundos, Ancho de banda - 2602214.96 bytes/segundo, Error - 0
2024-11-27 03:41:29,160 - root - INFO - Cloudflare (Anycast): Tiempo - 0.1438 segundos, Ancho de banda - 2530353.07 bytes/segundo, Error - 0
2024-11-27 03:41:29,302 - root - INFO - Cloudflare (Anycast): Tiempo - 0.1302 segundos, Ancho de banda - 2795718.75 bytes/segundo, Error - 0
2024-11-27 03:41:29,454 - root - INFO - Cloudflare (Anycast): Tiempo - 0.1395 segundos, Ancho de banda - 2608600.22 bytes/segundo, Error - 0
2024-11-27 03:41:29,454 - root - INFO - Resultados para Cloudflare (Anycast):
 - Tiempo promedio: 0.1466 segundos
 - Ancho de banda promedio: 2540021.92 bytes/segundo
 - Tasa de error: 0.00%

2024-11-27 03:41:29,692 - root - INFO - Bing (FastRoute): Tiempo - 0.2321 segundos, Ancho de banda - 218045.44 bytes/segundo, Error - 0
2024-11-27 03:41:29,964 - root - INFO - Bing (FastRoute): Tiempo - 0.2695 segundos, Ancho de banda - 186583.55 bytes/segundo, Error - 0
2024-11-27 03:41:30,227 - root - INFO - Bing (FastRoute): Tiempo - 0.2605 segundos, Ancho de banda - 199055.26 bytes/segundo, Error - 0
2024-11-27 03:41:30,447 - root - INFO - Bing (FastRoute): Tiempo - 0.2166 segundos, Ancho de banda - 238347.57 bytes/segundo, Error - 0
2024-11-27 03:41:30,678 - root - INFO - Bing (FastRoute): Tiempo - 0.2205 segundos, Ancho de banda - 234578.30 bytes/segundo, Error - 0
2024-11-27 03:41:30,914 - root - INFO - Bing (FastRoute): Tiempo - 0.2187 segundos, Ancho de banda - 231099.22 bytes/segundo, Error - 0
2024-11-27 03:41:31,153 - root - INFO - Bing (FastRoute): Tiempo - 0.2325 segundos, Ancho de banda - 218422.69 bytes/segundo, Error - 0
2024-11-27 03:41:31,377 - root - INFO - Bing (FastRoute): Tiempo - 0.2203 segundos, Ancho de banda - 228239.39 bytes/segundo, Error - 0
2024-11-27 03:41:31,609 - root - INFO - Bing (FastRoute): Tiempo - 0.2307 segundos, Ancho de banda - 218394.09 bytes/segundo, Error - 0
2024-11-27 03:41:32,370 - root - INFO - Bing (FastRoute): Tiempo - 0.7586 segundos, Ancho de banda - 66280.79 bytes/segundo, Error - 0
2024-11-27 03:41:32,620 - root - INFO - Bing (FastRoute): Tiempo - 0.2479 segundos, Ancho de banda - 204126.14 bytes/segundo, Error - 0
2024-11-27 03:41:32,847 - root - INFO - Bing (FastRoute): Tiempo - 0.2210 segundos, Ancho de banda - 227976.74 bytes/segundo, Error - 0
2024-11-27 03:41:33,085 - root - INFO - Bing (FastRoute): Tiempo - 0.2317 segundos, Ancho de banda - 216984.85 bytes/segundo, Error - 0
2024-11-27 03:41:33,317 - root - INFO - Bing (FastRoute): Tiempo - 0.2263 segundos, Ancho de banda - 222158.31 bytes/segundo, Error - 0
2024-11-27 03:41:33,576 - root - INFO - Bing (FastRoute): Tiempo - 0.2565 segundos, Ancho de banda - 197160.26 bytes/segundo, Error - 0
2024-11-27 03:41:33,920 - root - INFO - Bing (FastRoute): Tiempo - 0.2209 segundos, Ancho de banda - 234057.24 bytes/segundo, Error - 0
2024-11-27 03:41:34,148 - root - INFO - Bing (FastRoute): Tiempo - 0.2263 segundos, Ancho de banda - 222457.41 bytes/segundo, Error - 0
2024-11-27 03:41:34,906 - root - INFO - Bing (FastRoute): Tiempo - 0.7548 segundos, Ancho de banda - 69098.38 bytes/segundo, Error - 0
2024-11-27 03:41:35,535 - root - INFO - Bing (FastRoute): Tiempo - 0.6223 segundos, Ancho de banda - 81450.08 bytes/segundo, Error - 0
2024-11-27 03:41:35,887 - root - INFO - Bing (FastRoute): Tiempo - 0.2229 segundos, Ancho de banda - 227902.39 bytes/segundo, Error - 0
2024-11-27 03:41:36,122 - root - INFO - Bing (FastRoute): Tiempo - 0.2277 segundos, Ancho de banda - 222032.79 bytes/segundo, Error - 0
2024-11-27 03:41:36,352 - root - INFO - Bing (FastRoute): Tiempo - 0.2232 segundos, Ancho de banda - 231210.33 bytes/segundo, Error - 0
2024-11-27 03:41:36,587 - root - INFO - Bing (FastRoute): Tiempo - 0.2333 segundos, Ancho de banda - 220907.84 bytes/segundo, Error - 0
2024-11-27 03:41:36,813 - root - INFO - Bing (FastRoute): Tiempo - 0.2235 segundos, Ancho de banda - 224987.14 bytes/segundo, Error - 0
2024-11-27 03:41:37,162 - root - INFO - Bing (FastRoute): Tiempo - 0.2226 segundos, Ancho de banda - 232598.29 bytes/segundo, Error - 0
2024-11-27 03:41:37,389 - root - INFO - Bing (FastRoute): Tiempo - 0.2195 segundos, Ancho de banda - 236529.71 bytes/segundo, Error - 0
2024-11-27 03:41:37,642 - root - INFO - Bing (FastRoute): Tiempo - 0.2505 segundos, Ancho de banda - 202649.59 bytes/segundo, Error - 0
2024-11-27 03:41:37,957 - root - INFO - Bing (FastRoute): Tiempo - 0.2923 segundos, Ancho de banda - 176756.60 bytes/segundo, Error - 0
2024-11-27 03:41:38,186 - root - INFO - Bing (FastRoute): Tiempo - 0.2191 segundos, Ancho de banda - 231976.18 bytes/segundo, Error - 0
2024-11-27 03:41:38,418 - root - INFO - Bing (FastRoute): Tiempo - 0.2299 segundos, Ancho de banda - 225431.03 bytes/segundo, Error - 0
2024-11-27 03:41:38,637 - root - INFO - Bing (FastRoute): Tiempo - 0.2131 segundos, Ancho de banda - 235976.65 bytes/segundo, Error - 0
2024-11-27 03:41:39,366 - root - INFO - Bing (FastRoute): Tiempo - 0.7266 segundos, Ancho de banda - 69265.59 bytes/segundo, Error - 0
2024-11-27 03:41:39,593 - root - INFO - Bing (FastRoute): Tiempo - 0.2232 segundos, Ancho de banda - 231806.10 bytes/segundo, Error - 0
2024-11-27 03:41:39,818 - root - INFO - Bing (FastRoute): Tiempo - 0.2208 segundos, Ancho de banda - 233120.56 bytes/segundo, Error - 0
2024-11-27 03:41:40,049 - root - INFO - Bing (FastRoute): Tiempo - 0.2249 segundos, Ancho de banda - 224522.67 bytes/segundo, Error - 0
2024-11-27 03:41:40,278 - root - INFO - Bing (FastRoute): Tiempo - 0.2238 segundos, Ancho de banda - 227905.69 bytes/segundo, Error - 0
2024-11-27 03:41:41,145 - root - INFO - Bing (FastRoute): Tiempo - 0.8637 segundos, Ancho de banda - 58753.57 bytes/segundo, Error - 0
2024-11-27 03:41:41,389 - root - INFO - Bing (FastRoute): Tiempo - 0.2356 segundos, Ancho de banda - 213910.52 bytes/segundo, Error - 0
2024-11-27 03:41:41,740 - root - INFO - Bing (FastRoute): Tiempo - 0.3487 segundos, Ancho de banda - 144828.68 bytes/segundo, Error - 0
2024-11-27 03:41:41,981 - root - INFO - Bing (FastRoute): Tiempo - 0.2314 segundos, Ancho de banda - 226280.07 bytes/segundo, Error - 0
2024-11-27 03:41:42,236 - root - INFO - Bing (FastRoute): Tiempo - 0.2525 segundos, Ancho de banda - 199574.71 bytes/segundo, Error - 0
2024-11-27 03:41:42,573 - root - INFO - Bing (FastRoute): Tiempo - 0.2252 segundos, Ancho de banda - 224801.66 bytes/segundo, Error - 0
2024-11-27 03:41:43,173 - root - INFO - Bing (FastRoute): Tiempo - 0.5928 segundos, Ancho de banda - 85466.57 bytes/segundo, Error - 0
2024-11-27 03:41:43,449 - root - INFO - Bing (FastRoute): Tiempo - 0.2208 segundos, Ancho de banda - 228790.02 bytes/segundo, Error - 0
2024-11-27 03:41:44,456 - root - INFO - Bing (FastRoute): Tiempo - 1.0046 segundos, Ancho de banda - 51452.40 bytes/segundo, Error - 0
2024-11-27 03:41:44,761 - root - INFO - Bing (FastRoute): Tiempo - 0.2789 segundos, Ancho de banda - 180653.07 bytes/segundo, Error - 0
2024-11-27 03:41:44,980 - root - INFO - Bing (FastRoute): Tiempo - 0.2144 segundos, Ancho de banda - 235796.47 bytes/segundo, Error - 0
2024-11-27 03:41:45,283 - root - INFO - Bing (FastRoute): Tiempo - 0.3011 segundos, Ancho de banda - 167792.35 bytes/segundo, Error - 0
2024-11-27 03:41:45,524 - root - INFO - Bing (FastRoute): Tiempo - 0.2265 segundos, Ancho de banda - 228348.73 bytes/segundo, Error - 0
2024-11-27 03:41:45,752 - root - INFO - Bing (FastRoute): Tiempo - 0.2193 segundos, Ancho de banda - 236371.70 bytes/segundo, Error - 0
2024-11-27 03:41:46,053 - root - INFO - Bing (FastRoute): Tiempo - 0.2822 segundos, Ancho de banda - 179519.83 bytes/segundo, Error - 0
2024-11-27 03:41:46,291 - root - INFO - Bing (FastRoute): Tiempo - 0.2320 segundos, Ancho de banda - 223338.44 bytes/segundo, Error - 0
2024-11-27 03:41:46,591 - root - INFO - Bing (FastRoute): Tiempo - 0.2763 segundos, Ancho de banda - 183791.52 bytes/segundo, Error - 0
2024-11-27 03:41:47,241 - root - INFO - Bing (FastRoute): Tiempo - 0.6481 segundos, Ancho de banda - 79659.04 bytes/segundo, Error - 0
2024-11-27 03:41:47,498 - root - INFO - Bing (FastRoute): Tiempo - 0.2506 segundos, Ancho de banda - 200919.17 bytes/segundo, Error - 0
2024-11-27 03:41:47,717 - root - INFO - Bing (FastRoute): Tiempo - 0.2132 segundos, Ancho de banda - 239495.99 bytes/segundo, Error - 0
2024-11-27 03:41:47,948 - root - INFO - Bing (FastRoute): Tiempo - 0.2281 segundos, Ancho de banda - 220868.44 bytes/segundo, Error - 0
2024-11-27 03:41:48,204 - root - INFO - Bing (FastRoute): Tiempo - 0.2482 segundos, Ancho de banda - 204803.69 bytes/segundo, Error - 0
2024-11-27 03:41:48,501 - root - INFO - Bing (FastRoute): Tiempo - 0.2843 segundos, Ancho de banda - 177802.41 bytes/segundo, Error - 0
2024-11-27 03:41:48,730 - root - INFO - Bing (FastRoute): Tiempo - 0.2246 segundos, Ancho de banda - 229027.96 bytes/segundo, Error - 0
2024-11-27 03:41:48,971 - root - INFO - Bing (FastRoute): Tiempo - 0.2396 segundos, Ancho de banda - 215770.22 bytes/segundo, Error - 0
2024-11-27 03:41:49,268 - root - INFO - Bing (FastRoute): Tiempo - 0.2799 segundos, Ancho de banda - 179890.33 bytes/segundo, Error - 0
2024-11-27 03:41:49,610 - root - INFO - Bing (FastRoute): Tiempo - 0.2209 segundos, Ancho de banda - 230005.43 bytes/segundo, Error - 0
2024-11-27 03:41:50,262 - root - INFO - Bing (FastRoute): Tiempo - 0.6497 segundos, Ancho de banda - 79084.93 bytes/segundo, Error - 0
2024-11-27 03:41:50,569 - root - INFO - Bing (FastRoute): Tiempo - 0.2826 segundos, Ancho de banda - 178158.99 bytes/segundo, Error - 0
2024-11-27 03:41:50,878 - root - INFO - Bing (FastRoute): Tiempo - 0.3060 segundos, Ancho de banda - 165180.03 bytes/segundo, Error - 0
2024-11-27 03:41:51,101 - root - INFO - Bing (FastRoute): Tiempo - 0.2173 segundos, Ancho de banda - 232952.72 bytes/segundo, Error - 0
2024-11-27 03:41:51,321 - root - INFO - Bing (FastRoute): Tiempo - 0.2161 segundos, Ancho de banda - 238444.93 bytes/segundo, Error - 0
2024-11-27 03:41:51,548 - root - INFO - Bing (FastRoute): Tiempo - 0.2204 segundos, Ancho de banda - 230065.28 bytes/segundo, Error - 0
2024-11-27 03:41:51,899 - root - INFO - Bing (FastRoute): Tiempo - 0.2255 segundos, Ancho de banda - 224357.89 bytes/segundo, Error - 0
2024-11-27 03:41:52,138 - root - INFO - Bing (FastRoute): Tiempo - 0.2352 segundos, Ancho de banda - 214153.90 bytes/segundo, Error - 0
2024-11-27 03:41:52,361 - root - INFO - Bing (FastRoute): Tiempo - 0.2174 segundos, Ancho de banda - 232909.83 bytes/segundo, Error - 0
2024-11-27 03:41:52,595 - root - INFO - Bing (FastRoute): Tiempo - 0.2274 segundos, Ancho de banda - 222019.21 bytes/segundo, Error - 0
2024-11-27 03:41:52,885 - root - INFO - Bing (FastRoute): Tiempo - 0.2877 segundos, Ancho de banda - 175877.22 bytes/segundo, Error - 0
2024-11-27 03:41:53,752 - root - INFO - Bing (FastRoute): Tiempo - 0.8643 segundos, Ancho de banda - 58883.70 bytes/segundo, Error - 0
2024-11-27 03:41:54,051 - root - INFO - Bing (FastRoute): Tiempo - 0.2730 segundos, Ancho de banda - 190289.07 bytes/segundo, Error - 0
2024-11-27 03:41:54,684 - root - INFO - Bing (FastRoute): Tiempo - 0.6309 segundos, Ancho de banda - 82184.94 bytes/segundo, Error - 0
2024-11-27 03:41:54,905 - root - INFO - Bing (FastRoute): Tiempo - 0.2141 segundos, Ancho de banda - 236130.24 bytes/segundo, Error - 0
2024-11-27 03:41:55,147 - root - INFO - Bing (FastRoute): Tiempo - 0.2399 segundos, Ancho de banda - 214608.70 bytes/segundo, Error - 0
2024-11-27 03:41:55,498 - root - INFO - Bing (FastRoute): Tiempo - 0.3481 segundos, Ancho de banda - 145698.67 bytes/segundo, Error - 0
2024-11-27 03:41:55,716 - root - INFO - Bing (FastRoute): Tiempo - 0.2160 segundos, Ancho de banda - 232811.11 bytes/segundo, Error - 0
2024-11-27 03:41:55,945 - root - INFO - Bing (FastRoute): Tiempo - 0.2218 segundos, Ancho de banda - 226663.34 bytes/segundo, Error - 0
2024-11-27 03:41:56,195 - root - INFO - Bing (FastRoute): Tiempo - 0.2480 segundos, Ancho de banda - 208423.27 bytes/segundo, Error - 0
2024-11-27 03:41:56,487 - root - INFO - Bing (FastRoute): Tiempo - 0.2774 segundos, Ancho de banda - 182112.94 bytes/segundo, Error - 0
2024-11-27 03:41:56,740 - root - INFO - Bing (FastRoute): Tiempo - 0.2508 segundos, Ancho de banda - 207001.02 bytes/segundo, Error - 0
2024-11-27 03:41:56,968 - root - INFO - Bing (FastRoute): Tiempo - 0.2191 segundos, Ancho de banda - 231103.72 bytes/segundo, Error - 0
2024-11-27 03:41:57,199 - root - INFO - Bing (FastRoute): Tiempo - 0.2290 segundos, Ancho de banda - 225681.11 bytes/segundo, Error - 0
2024-11-27 03:41:57,426 - root - INFO - Bing (FastRoute): Tiempo - 0.2245 segundos, Ancho de banda - 229058.38 bytes/segundo, Error - 0
2024-11-27 03:41:57,658 - root - INFO - Bing (FastRoute): Tiempo - 0.2218 segundos, Ancho de banda - 226691.11 bytes/segundo, Error - 0
2024-11-27 03:41:57,882 - root - INFO - Bing (FastRoute): Tiempo - 0.2178 segundos, Ancho de banda - 230866.82 bytes/segundo, Error - 0
2024-11-27 03:41:58,170 - root - INFO - Bing (FastRoute): Tiempo - 0.2733 segundos, Ancho de banda - 188978.10 bytes/segundo, Error - 0
2024-11-27 03:41:58,630 - root - INFO - Bing (FastRoute): Tiempo - 0.2160 segundos, Ancho de banda - 235682.29 bytes/segundo, Error - 0
2024-11-27 03:41:58,873 - root - INFO - Bing (FastRoute): Tiempo - 0.2343 segundos, Ancho de banda - 216801.88 bytes/segundo, Error - 0
2024-11-27 03:41:59,175 - root - INFO - Bing (FastRoute): Tiempo - 0.2784 segundos, Ancho de banda - 180916.38 bytes/segundo, Error - 0
2024-11-27 03:41:59,408 - root - INFO - Bing (FastRoute): Tiempo - 0.2318 segundos, Ancho de banda - 224002.08 bytes/segundo, Error - 0
2024-11-27 03:41:59,636 - root - INFO - Bing (FastRoute): Tiempo - 0.2239 segundos, Ancho de banda - 224965.57 bytes/segundo, Error - 0
2024-11-27 03:41:59,928 - root - INFO - Bing (FastRoute): Tiempo - 0.2771 segundos, Ancho de banda - 188454.19 bytes/segundo, Error - 0
2024-11-27 03:42:00,168 - root - INFO - Bing (FastRoute): Tiempo - 0.2320 segundos, Ancho de banda - 217835.70 bytes/segundo, Error - 0
2024-11-27 03:42:00,406 - root - INFO - Bing (FastRoute): Tiempo - 0.2291 segundos, Ancho de banda - 222986.72 bytes/segundo, Error - 0
2024-11-27 03:42:00,641 - root - INFO - Bing (FastRoute): Tiempo - 0.2196 segundos, Ancho de banda - 233963.37 bytes/segundo, Error - 0
2024-11-27 03:42:00,901 - root - INFO - Bing (FastRoute): Tiempo - 0.2579 segundos, Ancho de banda - 195389.65 bytes/segundo, Error - 0
2024-11-27 03:42:01,132 - root - INFO - Bing (FastRoute): Tiempo - 0.2209 segundos, Ancho de banda - 229895.87 bytes/segundo, Error - 0
2024-11-27 03:42:01,483 - root - INFO - Bing (FastRoute): Tiempo - 0.3437 segundos, Ancho de banda - 150709.83 bytes/segundo, Error - 0
2024-11-27 03:42:01,713 - root - INFO - Bing (FastRoute): Tiempo - 0.2248 segundos, Ancho de banda - 223871.02 bytes/segundo, Error - 0
2024-11-27 03:42:01,951 - root - INFO - Bing (FastRoute): Tiempo - 0.2355 segundos, Ancho de banda - 215783.05 bytes/segundo, Error - 0
2024-11-27 03:42:02,190 - root - INFO - Bing (FastRoute): Tiempo - 0.2345 segundos, Ancho de banda - 220469.36 bytes/segundo, Error - 0
2024-11-27 03:42:02,432 - root - INFO - Bing (FastRoute): Tiempo - 0.2399 segundos, Ancho de banda - 210177.98 bytes/segundo, Error - 0
2024-11-27 03:42:02,651 - root - INFO - Bing (FastRoute): Tiempo - 0.2146 segundos, Ancho de banda - 234302.21 bytes/segundo, Error - 0
2024-11-27 03:42:02,896 - root - INFO - Bing (FastRoute): Tiempo - 0.2379 segundos, Ancho de banda - 213644.18 bytes/segundo, Error - 0
2024-11-27 03:42:03,131 - root - INFO - Bing (FastRoute): Tiempo - 0.2286 segundos, Ancho de banda - 219941.55 bytes/segundo, Error - 0
2024-11-27 03:42:03,355 - root - INFO - Bing (FastRoute): Tiempo - 0.2191 segundos, Ancho de banda - 236466.73 bytes/segundo, Error - 0
2024-11-27 03:42:03,582 - root - INFO - Bing (FastRoute): Tiempo - 0.2175 segundos, Ancho de banda - 232615.95 bytes/segundo, Error - 0
2024-11-27 03:42:03,814 - root - INFO - Bing (FastRoute): Tiempo - 0.2294 segundos, Ancho de banda - 220763.17 bytes/segundo, Error - 0
2024-11-27 03:42:04,056 - root - INFO - Bing (FastRoute): Tiempo - 0.2394 segundos, Ancho de banda - 212029.81 bytes/segundo, Error - 0
2024-11-27 03:42:04,288 - root - INFO - Bing (FastRoute): Tiempo - 0.2224 segundos, Ancho de banda - 227453.46 bytes/segundo, Error - 0
2024-11-27 03:42:04,580 - root - INFO - Bing (FastRoute): Tiempo - 0.2838 segundos, Ancho de banda - 177599.14 bytes/segundo, Error - 0
2024-11-27 03:42:04,815 - root - INFO - Bing (FastRoute): Tiempo - 0.2218 segundos, Ancho de banda - 228991.48 bytes/segundo, Error - 0
2024-11-27 03:42:05,080 - root - INFO - Bing (FastRoute): Tiempo - 0.2632 segundos, Ancho de banda - 192876.89 bytes/segundo, Error - 0
2024-11-27 03:42:05,304 - root - INFO - Bing (FastRoute): Tiempo - 0.2179 segundos, Ancho de banda - 230713.52 bytes/segundo, Error - 0
2024-11-27 03:42:05,544 - root - INFO - Bing (FastRoute): Tiempo - 0.2231 segundos, Ancho de banda - 231254.58 bytes/segundo, Error - 0
2024-11-27 03:42:05,771 - root - INFO - Bing (FastRoute): Tiempo - 0.2208 segundos, Ancho de banda - 234790.32 bytes/segundo, Error - 0
2024-11-27 03:42:06,060 - root - INFO - Bing (FastRoute): Tiempo - 0.2712 segundos, Ancho de banda - 192254.43 bytes/segundo, Error - 0
2024-11-27 03:42:06,283 - root - INFO - Bing (FastRoute): Tiempo - 0.2165 segundos, Ancho de banda - 232395.00 bytes/segundo, Error - 0
2024-11-27 03:42:06,513 - root - INFO - Bing (FastRoute): Tiempo - 0.2256 segundos, Ancho de banda - 224106.97 bytes/segundo, Error - 0
2024-11-27 03:42:06,769 - root - INFO - Bing (FastRoute): Tiempo - 0.2524 segundos, Ancho de banda - 199522.78 bytes/segundo, Error - 0
2024-11-27 03:42:06,998 - root - INFO - Bing (FastRoute): Tiempo - 0.2264 segundos, Ancho de banda - 229131.03 bytes/segundo, Error - 0
2024-11-27 03:42:07,228 - root - INFO - Bing (FastRoute): Tiempo - 0.2233 segundos, Ancho de banda - 227310.69 bytes/segundo, Error - 0
2024-11-27 03:42:07,450 - root - INFO - Bing (FastRoute): Tiempo - 0.2170 segundos, Ancho de banda - 236914.43 bytes/segundo, Error - 0
2024-11-27 03:42:07,681 - root - INFO - Bing (FastRoute): Tiempo - 0.2202 segundos, Ancho de banda - 234784.29 bytes/segundo, Error - 0
2024-11-27 03:42:07,917 - root - INFO - Bing (FastRoute): Tiempo - 0.2269 segundos, Ancho de banda - 227425.26 bytes/segundo, Error - 0
2024-11-27 03:42:08,152 - root - INFO - Bing (FastRoute): Tiempo - 0.2213 segundos, Ancho de banda - 227258.81 bytes/segundo, Error - 0
2024-11-27 03:42:08,385 - root - INFO - Bing (FastRoute): Tiempo - 0.2250 segundos, Ancho de banda - 231017.86 bytes/segundo, Error - 0
2024-11-27 03:42:08,623 - root - INFO - Bing (FastRoute): Tiempo - 0.2352 segundos, Ancho de banda - 216007.45 bytes/segundo, Error - 0
2024-11-27 03:42:08,975 - root - INFO - Bing (FastRoute): Tiempo - 0.2536 segundos, Ancho de banda - 199280.38 bytes/segundo, Error - 0
2024-11-27 03:42:09,205 - root - INFO - Bing (FastRoute): Tiempo - 0.2283 segundos, Ancho de banda - 227407.67 bytes/segundo, Error - 0
2024-11-27 03:42:09,438 - root - INFO - Bing (FastRoute): Tiempo - 0.2305 segundos, Ancho de banda - 219652.63 bytes/segundo, Error - 0
2024-11-27 03:42:09,661 - root - INFO - Bing (FastRoute): Tiempo - 0.2170 segundos, Ancho de banda - 231764.95 bytes/segundo, Error - 0
2024-11-27 03:42:09,891 - root - INFO - Bing (FastRoute): Tiempo - 0.2235 segundos, Ancho de banda - 233146.64 bytes/segundo, Error - 0
2024-11-27 03:42:10,604 - root - INFO - Bing (FastRoute): Tiempo - 0.3472 segundos, Ancho de banda - 145379.23 bytes/segundo, Error - 0
2024-11-27 03:42:10,831 - root - INFO - Bing (FastRoute): Tiempo - 0.2195 segundos, Ancho de banda - 229888.16 bytes/segundo, Error - 0
2024-11-27 03:42:11,872 - root - INFO - Bing (FastRoute): Tiempo - 1.0391 segundos, Ancho de banda - 48390.07 bytes/segundo, Error - 0
2024-11-27 03:42:12,166 - root - INFO - Bing (FastRoute): Tiempo - 0.2905 segundos, Ancho de banda - 178560.78 bytes/segundo, Error - 0
2024-11-27 03:42:12,394 - root - INFO - Bing (FastRoute): Tiempo - 0.2190 segundos, Ancho de banda - 231936.58 bytes/segundo, Error - 0
2024-11-27 03:42:12,633 - root - INFO - Bing (FastRoute): Tiempo - 0.2301 segundos, Ancho de banda - 219696.65 bytes/segundo, Error - 0
2024-11-27 03:42:12,858 - root - INFO - Bing (FastRoute): Tiempo - 0.2210 segundos, Ancho de banda - 227539.06 bytes/segundo, Error - 0
2024-11-27 03:42:13,272 - root - INFO - Bing (FastRoute): Tiempo - 0.4116 segundos, Ancho de banda - 123464.48 bytes/segundo, Error - 0
2024-11-27 03:42:13,501 - root - INFO - Bing (FastRoute): Tiempo - 0.2208 segundos, Ancho de banda - 229949.89 bytes/segundo, Error - 0
2024-11-27 03:42:13,738 - root - INFO - Bing (FastRoute): Tiempo - 0.2213 segundos, Ancho de banda - 227228.69 bytes/segundo, Error - 0
2024-11-27 03:42:14,208 - root - INFO - Bing (FastRoute): Tiempo - 0.2287 segundos, Ancho de banda - 220973.99 bytes/segundo, Error - 0
2024-11-27 03:42:14,442 - root - INFO - Bing (FastRoute): Tiempo - 0.2318 segundos, Ancho de banda - 219225.38 bytes/segundo, Error - 0
2024-11-27 03:42:14,677 - root - INFO - Bing (FastRoute): Tiempo - 0.2181 segundos, Ancho de banda - 238240.84 bytes/segundo, Error - 0
2024-11-27 03:42:14,955 - root - INFO - Bing (FastRoute): Tiempo - 0.2722 segundos, Ancho de banda - 185150.51 bytes/segundo, Error - 0
2024-11-27 03:42:15,249 - root - INFO - Bing (FastRoute): Tiempo - 0.2718 segundos, Ancho de banda - 185785.87 bytes/segundo, Error - 0
2024-11-27 03:42:15,484 - root - INFO - Bing (FastRoute): Tiempo - 0.2238 segundos, Ancho de banda - 225758.39 bytes/segundo, Error - 0
2024-11-27 03:42:15,730 - root - INFO - Bing (FastRoute): Tiempo - 0.2190 segundos, Ancho de banda - 230684.28 bytes/segundo, Error - 0
2024-11-27 03:42:15,961 - root - INFO - Bing (FastRoute): Tiempo - 0.2233 segundos, Ancho de banda - 225550.25 bytes/segundo, Error - 0
2024-11-27 03:42:16,203 - root - INFO - Bing (FastRoute): Tiempo - 0.2357 segundos, Ancho de banda - 219366.35 bytes/segundo, Error - 0
2024-11-27 03:42:16,430 - root - INFO - Bing (FastRoute): Tiempo - 0.2200 segundos, Ancho de banda - 235182.08 bytes/segundo, Error - 0
2024-11-27 03:42:16,673 - root - INFO - Bing (FastRoute): Tiempo - 0.2232 segundos, Ancho de banda - 758635.84 bytes/segundo, Error - 0
2024-11-27 03:42:16,922 - root - INFO - Bing (FastRoute): Tiempo - 0.2304 segundos, Ancho de banda - 218772.52 bytes/segundo, Error - 0
2024-11-27 03:42:17,156 - root - INFO - Bing (FastRoute): Tiempo - 0.2268 segundos, Ancho de banda - 226880.61 bytes/segundo, Error - 0
2024-11-27 03:42:17,401 - root - INFO - Bing (FastRoute): Tiempo - 0.2370 segundos, Ancho de banda - 218703.81 bytes/segundo, Error - 0
2024-11-27 03:42:17,639 - root - INFO - Bing (FastRoute): Tiempo - 0.2262 segundos, Ancho de banda - 225724.08 bytes/segundo, Error - 0
2024-11-27 03:42:17,872 - root - INFO - Bing (FastRoute): Tiempo - 0.2305 segundos, Ancho de banda - 219409.45 bytes/segundo, Error - 0
2024-11-27 03:42:18,092 - root - INFO - Bing (FastRoute): Tiempo - 0.2150 segundos, Ancho de banda - 242032.74 bytes/segundo, Error - 0
2024-11-27 03:42:18,316 - root - INFO - Bing (FastRoute): Tiempo - 0.2211 segundos, Ancho de banda - 233310.87 bytes/segundo, Error - 0
2024-11-27 03:42:18,534 - root - INFO - Bing (FastRoute): Tiempo - 0.2122 segundos, Ancho de banda - 239477.15 bytes/segundo, Error - 0
2024-11-27 03:42:18,767 - root - INFO - Bing (FastRoute): Tiempo - 0.2251 segundos, Ancho de banda - 223336.73 bytes/segundo, Error - 0
2024-11-27 03:42:18,990 - root - INFO - Bing (FastRoute): Tiempo - 0.2154 segundos, Ancho de banda - 233437.56 bytes/segundo, Error - 0
2024-11-27 03:42:19,427 - root - INFO - Bing (FastRoute): Tiempo - 0.2367 segundos, Ancho de banda - 214821.65 bytes/segundo, Error - 0
2024-11-27 03:42:19,669 - root - INFO - Bing (FastRoute): Tiempo - 0.2245 segundos, Ancho de banda - 226772.10 bytes/segundo, Error - 0
2024-11-27 03:42:19,944 - root - INFO - Bing (FastRoute): Tiempo - 0.2723 segundos, Ancho de banda - 184939.47 bytes/segundo, Error - 0
2024-11-27 03:42:20,173 - root - INFO - Bing (FastRoute): Tiempo - 0.2237 segundos, Ancho de banda - 225594.77 bytes/segundo, Error - 0
2024-11-27 03:42:20,394 - root - INFO - Bing (FastRoute): Tiempo - 0.2158 segundos, Ancho de banda - 240304.41 bytes/segundo, Error - 0
2024-11-27 03:42:20,625 - root - INFO - Bing (FastRoute): Tiempo - 0.2287 segundos, Ancho de banda - 219855.57 bytes/segundo, Error - 0
2024-11-27 03:42:20,848 - root - INFO - Bing (FastRoute): Tiempo - 0.2173 segundos, Ancho de banda - 232636.28 bytes/segundo, Error - 0
2024-11-27 03:42:21,078 - root - INFO - Bing (FastRoute): Tiempo - 0.2232 segundos, Ancho de banda - 230800.98 bytes/segundo, Error - 0
2024-11-27 03:42:21,320 - root - INFO - Bing (FastRoute): Tiempo - 0.2395 segundos, Ancho de banda - 210388.17 bytes/segundo, Error - 0
2024-11-27 03:42:21,678 - root - INFO - Bing (FastRoute): Tiempo - 0.2277 segundos, Ancho de banda - 221017.32 bytes/segundo, Error - 0
2024-11-27 03:42:22,429 - root - INFO - Bing (FastRoute): Tiempo - 0.6309 segundos, Ancho de banda - 81786.08 bytes/segundo, Error - 0
2024-11-27 03:42:22,662 - root - INFO - Bing (FastRoute): Tiempo - 0.2276 segundos, Ancho de banda - 222972.65 bytes/segundo, Error - 0
2024-11-27 03:42:23,379 - root - INFO - Bing (FastRoute): Tiempo - 0.6679 segundos, Ancho de banda - 76079.83 bytes/segundo, Error - 0
2024-11-27 03:42:23,601 - root - INFO - Bing (FastRoute): Tiempo - 0.2156 segundos, Ancho de banda - 234732.96 bytes/segundo, Error - 0
2024-11-27 03:42:23,828 - root - INFO - Bing (FastRoute): Tiempo - 0.2199 segundos, Ancho de banda - 228619.18 bytes/segundo, Error - 0
2024-11-27 03:42:24,052 - root - INFO - Bing (FastRoute): Tiempo - 0.2173 segundos, Ancho de banda - 238108.49 bytes/segundo, Error - 0
2024-11-27 03:42:24,282 - root - INFO - Bing (FastRoute): Tiempo - 0.2272 segundos, Ancho de banda - 222157.83 bytes/segundo, Error - 0
2024-11-27 03:42:24,501 - root - INFO - Bing (FastRoute): Tiempo - 0.2129 segundos, Ancho de banda - 237334.65 bytes/segundo, Error - 0
2024-11-27 03:42:24,726 - root - INFO - Bing (FastRoute): Tiempo - 0.2200 segundos, Ancho de banda - 230523.36 bytes/segundo, Error - 0
2024-11-27 03:42:24,962 - root - INFO - Bing (FastRoute): Tiempo - 0.2177 segundos, Ancho de banda - 230977.06 bytes/segundo, Error - 0
2024-11-27 03:42:25,281 - root - INFO - Bing (FastRoute): Tiempo - 0.2777 segundos, Ancho de banda - 181990.75 bytes/segundo, Error - 0
2024-11-27 03:42:25,513 - root - INFO - Bing (FastRoute): Tiempo - 0.2296 segundos, Ancho de banda - 219916.08 bytes/segundo, Error - 0
2024-11-27 03:42:25,818 - root - INFO - Bing (FastRoute): Tiempo - 0.2914 segundos, Ancho de banda - 173798.16 bytes/segundo, Error - 0
2024-11-27 03:42:26,039 - root - INFO - Bing (FastRoute): Tiempo - 0.2151 segundos, Ancho de banda - 235076.31 bytes/segundo, Error - 0
2024-11-27 03:42:26,273 - root - INFO - Bing (FastRoute): Tiempo - 0.2229 segundos, Ancho de banda - 228140.43 bytes/segundo, Error - 0
2024-11-27 03:42:26,497 - root - INFO - Bing (FastRoute): Tiempo - 0.2212 segundos, Ancho de banda - 229712.46 bytes/segundo, Error - 0
2024-11-27 03:42:26,719 - root - INFO - Bing (FastRoute): Tiempo - 0.2201 segundos, Ancho de banda - 228959.61 bytes/segundo, Error - 0
2024-11-27 03:42:26,947 - root - INFO - Bing (FastRoute): Tiempo - 0.2203 segundos, Ancho de banda - 233350.51 bytes/segundo, Error - 0
2024-11-27 03:42:27,174 - root - INFO - Bing (FastRoute): Tiempo - 0.2202 segundos, Ancho de banda - 229691.57 bytes/segundo, Error - 0
2024-11-27 03:42:27,416 - root - INFO - Bing (FastRoute): Tiempo - 0.2402 segundos, Ancho de banda - 209344.90 bytes/segundo, Error - 0
2024-11-27 03:42:27,636 - root - INFO - Bing (FastRoute): Tiempo - 0.2169 segundos, Ancho de banda - 239408.89 bytes/segundo, Error - 0
2024-11-27 03:42:27,636 - root - INFO - Resultados para Bing (FastRoute):
 - Tiempo promedio: 0.2729 segundos
 - Ancho de banda promedio: 209552.07 bytes/segundo
 - Tasa de error: 0.00%

