2024-11-27 03:39:17,069 - root - INFO - AWS (DNS): Tiempo - 0.2329 segundos, Ancho de banda - 1799107.82 bytes/segundo, Error - 0
2024-11-27 03:39:17,274 - root - INFO - AWS (DNS): Tiempo - 0.2002 segundos, Ancho de banda - 2092611.82 bytes/segundo, Error - 0
2024-11-27 03:39:17,484 - root - INFO - AWS (DNS): Tiempo - 0.2034 segundos, Ancho de banda - 2060125.82 bytes/segundo, Error - 0
2024-11-27 03:39:17,689 - root - INFO - AWS (DNS): Tiempo - 0.1998 segundos, Ancho de banda - 2097379.78 bytes/segundo, Error - 0
2024-11-27 03:39:17,895 - root - INFO - AWS (DNS): Tiempo - 0.2004 segundos, Ancho de banda - 2090901.26 bytes/segundo, Error - 0
2024-11-27 03:39:18,197 - root - INFO - AWS (DNS): Tiempo - 0.2024 segundos, Ancho de banda - 2069532.19 bytes/segundo, Error - 0
2024-11-27 03:39:18,401 - root - INFO - AWS (DNS): Tiempo - 0.1960 segundos, Ancho de banda - 2138087.61 bytes/segundo, Error - 0
2024-11-27 03:39:18,597 - root - INFO - AWS (DNS): Tiempo - 0.1887 segundos, Ancho de banda - 2219748.46 bytes/segundo, Error - 0
2024-11-27 03:39:18,805 - root - INFO - AWS (DNS): Tiempo - 0.2012 segundos, Ancho de banda - 2082839.43 bytes/segundo, Error - 0
2024-11-27 03:39:19,192 - root - INFO - AWS (DNS): Tiempo - 0.1924 segundos, Ancho de banda - 2177796.60 bytes/segundo, Error - 0
2024-11-27 03:39:19,394 - root - INFO - AWS (DNS): Tiempo - 0.1968 segundos, Ancho de banda - 2128820.06 bytes/segundo, Error - 0
2024-11-27 03:39:19,982 - root - INFO - AWS (DNS): Tiempo - 0.3931 segundos, Ancho de banda - 1065807.06 bytes/segundo, Error - 0
2024-11-27 03:39:20,567 - root - INFO - AWS (DNS): Tiempo - 0.3912 segundos, Ancho de banda - 1070978.86 bytes/segundo, Error - 0
2024-11-27 03:39:20,967 - root - INFO - AWS (DNS): Tiempo - 0.2018 segundos, Ancho de banda - 2075922.90 bytes/segundo, Error - 0
2024-11-27 03:39:21,172 - root - INFO - AWS (DNS): Tiempo - 0.1985 segundos, Ancho de banda - 2110774.88 bytes/segundo, Error - 0
2024-11-27 03:39:21,375 - root - INFO - AWS (DNS): Tiempo - 0.1963 segundos, Ancho de banda - 2134674.79 bytes/segundo, Error - 0
2024-11-27 03:39:21,576 - root - INFO - AWS (DNS): Tiempo - 0.1961 segundos, Ancho de banda - 2136595.43 bytes/segundo, Error - 0
2024-11-27 03:39:21,778 - root - INFO - AWS (DNS): Tiempo - 0.1968 segundos, Ancho de banda - 2128771.06 bytes/segundo, Error - 0
2024-11-27 03:39:22,167 - root - INFO - AWS (DNS): Tiempo - 0.1978 segundos, Ancho de banda - 2118303.84 bytes/segundo, Error - 0
2024-11-27 03:39:22,368 - root - INFO - AWS (DNS): Tiempo - 0.1951 segundos, Ancho de banda - 2147173.82 bytes/segundo, Error - 0
2024-11-27 03:39:22,570 - root - INFO - AWS (DNS): Tiempo - 0.1966 segundos, Ancho de banda - 2131040.24 bytes/segundo, Error - 0
2024-11-27 03:39:22,959 - root - INFO - AWS (DNS): Tiempo - 0.1948 segundos, Ancho de banda - 2151306.02 bytes/segundo, Error - 0
2024-11-27 03:39:23,169 - root - INFO - AWS (DNS): Tiempo - 0.2032 segundos, Ancho de banda - 2062338.07 bytes/segundo, Error - 0
2024-11-27 03:39:23,376 - root - INFO - AWS (DNS): Tiempo - 0.2025 segundos, Ancho de banda - 2069071.65 bytes/segundo, Error - 0
2024-11-27 03:39:23,588 - root - INFO - AWS (DNS): Tiempo - 0.2075 segundos, Ancho de banda - 2019491.84 bytes/segundo, Error - 0
2024-11-27 03:39:23,797 - root - INFO - AWS (DNS): Tiempo - 0.2027 segundos, Ancho de banda - 2067112.37 bytes/segundo, Error - 0
2024-11-27 03:39:24,004 - root - INFO - AWS (DNS): Tiempo - 0.2015 segundos, Ancho de banda - 2079593.19 bytes/segundo, Error - 0
2024-11-27 03:39:24,206 - root - INFO - AWS (DNS): Tiempo - 0.1971 segundos, Ancho de banda - 2125873.85 bytes/segundo, Error - 0
2024-11-27 03:39:24,401 - root - INFO - AWS (DNS): Tiempo - 0.1911 segundos, Ancho de banda - 2191935.84 bytes/segundo, Error - 0
2024-11-27 03:39:24,600 - root - INFO - AWS (DNS): Tiempo - 0.1943 segundos, Ancho de banda - 2156393.15 bytes/segundo, Error - 0
2024-11-27 03:39:24,810 - root - INFO - AWS (DNS): Tiempo - 0.2044 segundos, Ancho de banda - 2049570.34 bytes/segundo, Error - 0
2024-11-27 03:39:25,015 - root - INFO - AWS (DNS): Tiempo - 0.1997 segundos, Ancho de banda - 2097870.54 bytes/segundo, Error - 0
2024-11-27 03:39:25,216 - root - INFO - AWS (DNS): Tiempo - 0.1951 segundos, Ancho de banda - 2147333.87 bytes/segundo, Error - 0
2024-11-27 03:39:25,423 - root - INFO - AWS (DNS): Tiempo - 0.2021 segundos, Ancho de banda - 2072859.54 bytes/segundo, Error - 0
2024-11-27 03:39:25,630 - root - INFO - AWS (DNS): Tiempo - 0.2015 segundos, Ancho de banda - 2079347.12 bytes/segundo, Error - 0
2024-11-27 03:39:25,833 - root - INFO - AWS (DNS): Tiempo - 0.1967 segundos, Ancho de banda - 2130451.18 bytes/segundo, Error - 0
2024-11-27 03:39:26,034 - root - INFO - AWS (DNS): Tiempo - 0.1970 segundos, Ancho de banda - 2126429.51 bytes/segundo, Error - 0
2024-11-27 03:39:26,245 - root - INFO - AWS (DNS): Tiempo - 0.2037 segundos, Ancho de banda - 2056887.35 bytes/segundo, Error - 0
2024-11-27 03:39:26,829 - root - INFO - AWS (DNS): Tiempo - 0.3874 segundos, Ancho de banda - 1081348.74 bytes/segundo, Error - 0
2024-11-27 03:39:27,032 - root - INFO - AWS (DNS): Tiempo - 0.1975 segundos, Ancho de banda - 2121257.25 bytes/segundo, Error - 0
2024-11-27 03:39:27,428 - root - INFO - AWS (DNS): Tiempo - 0.2015 segundos, Ancho de banda - 2079718.71 bytes/segundo, Error - 0
2024-11-27 03:39:27,638 - root - INFO - AWS (DNS): Tiempo - 0.2022 segundos, Ancho de banda - 2072238.66 bytes/segundo, Error - 0
2024-11-27 03:39:27,842 - root - INFO - AWS (DNS): Tiempo - 0.1980 segundos, Ancho de banda - 2116155.97 bytes/segundo, Error - 0
2024-11-27 03:39:28,138 - root - INFO - AWS (DNS): Tiempo - 0.1971 segundos, Ancho de banda - 2125842.99 bytes/segundo, Error - 0
2024-11-27 03:39:28,349 - root - INFO - AWS (DNS): Tiempo - 0.2041 segundos, Ancho de banda - 2052809.78 bytes/segundo, Error - 0
2024-11-27 03:39:28,549 - root - INFO - AWS (DNS): Tiempo - 0.1934 segundos, Ancho de banda - 2166487.65 bytes/segundo, Error - 0
2024-11-27 03:39:28,754 - root - INFO - AWS (DNS): Tiempo - 0.1999 segundos, Ancho de banda - 2095821.37 bytes/segundo, Error - 0
2024-11-27 03:39:29,146 - root - INFO - AWS (DNS): Tiempo - 0.2001 segundos, Ancho de banda - 2093968.32 bytes/segundo, Error - 0
2024-11-27 03:39:29,357 - root - INFO - AWS (DNS): Tiempo - 0.2045 segundos, Ancho de banda - 2048349.53 bytes/segundo, Error - 0
2024-11-27 03:39:29,750 - root - INFO - AWS (DNS): Tiempo - 0.1976 segundos, Ancho de banda - 2119900.99 bytes/segundo, Error - 0
2024-11-27 03:39:29,951 - root - INFO - AWS (DNS): Tiempo - 0.1972 segundos, Ancho de banda - 2124992.10 bytes/segundo, Error - 0
2024-11-27 03:39:30,154 - root - INFO - AWS (DNS): Tiempo - 0.1977 segundos, Ancho de banda - 2119471.44 bytes/segundo, Error - 0
2024-11-27 03:39:30,345 - root - INFO - AWS (DNS): Tiempo - 0.1874 segundos, Ancho de banda - 2235855.32 bytes/segundo, Error - 0
2024-11-27 03:39:30,545 - root - INFO - AWS (DNS): Tiempo - 0.1955 segundos, Ancho de banda - 2142649.82 bytes/segundo, Error - 0
2024-11-27 03:39:30,752 - root - INFO - AWS (DNS): Tiempo - 0.2004 segundos, Ancho de banda - 2090490.84 bytes/segundo, Error - 0
2024-11-27 03:39:30,958 - root - INFO - AWS (DNS): Tiempo - 0.1982 segundos, Ancho de banda - 2113608.16 bytes/segundo, Error - 0
2024-11-27 03:39:31,162 - root - INFO - AWS (DNS): Tiempo - 0.1989 segundos, Ancho de banda - 2106746.24 bytes/segundo, Error - 0
2024-11-27 03:39:31,367 - root - INFO - AWS (DNS): Tiempo - 0.1997 segundos, Ancho de banda - 2098171.12 bytes/segundo, Error - 0
2024-11-27 03:39:31,568 - root - INFO - AWS (DNS): Tiempo - 0.1956 segundos, Ancho de banda - 2142446.06 bytes/segundo, Error - 0
2024-11-27 03:39:31,773 - root - INFO - AWS (DNS): Tiempo - 0.2003 segundos, Ancho de banda - 2091645.40 bytes/segundo, Error - 0
2024-11-27 03:39:32,166 - root - INFO - AWS (DNS): Tiempo - 0.1986 segundos, Ancho de banda - 2109892.93 bytes/segundo, Error - 0
2024-11-27 03:39:32,791 - root - INFO - AWS (DNS): Tiempo - 0.4313 segundos, Ancho de banda - 971431.54 bytes/segundo, Error - 0
2024-11-27 03:39:33,002 - root - INFO - AWS (DNS): Tiempo - 0.2042 segundos, Ancho de banda - 2052210.44 bytes/segundo, Error - 0
2024-11-27 03:39:33,219 - root - INFO - AWS (DNS): Tiempo - 0.2103 segundos, Ancho de banda - 1992644.09 bytes/segundo, Error - 0
2024-11-27 03:39:33,429 - root - INFO - AWS (DNS): Tiempo - 0.2033 segundos, Ancho de banda - 2060478.50 bytes/segundo, Error - 0
2024-11-27 03:39:33,630 - root - INFO - AWS (DNS): Tiempo - 0.1967 segundos, Ancho de banda - 2129485.63 bytes/segundo, Error - 0
2024-11-27 03:39:34,019 - root - INFO - AWS (DNS): Tiempo - 0.1972 segundos, Ancho de banda - 2124915.01 bytes/segundo, Error - 0
2024-11-27 03:39:34,217 - root - INFO - AWS (DNS): Tiempo - 0.1914 segundos, Ancho de banda - 2189330.60 bytes/segundo, Error - 0
2024-11-27 03:39:34,422 - root - INFO - AWS (DNS): Tiempo - 0.1996 segundos, Ancho de banda - 2099339.19 bytes/segundo, Error - 0
2024-11-27 03:39:34,628 - root - INFO - AWS (DNS): Tiempo - 0.2018 segundos, Ancho de banda - 2076661.32 bytes/segundo, Error - 0
2024-11-27 03:39:34,831 - root - INFO - AWS (DNS): Tiempo - 0.1978 segundos, Ancho de banda - 2118428.97 bytes/segundo, Error - 0
2024-11-27 03:39:35,034 - root - INFO - AWS (DNS): Tiempo - 0.1988 segundos, Ancho de banda - 2107903.66 bytes/segundo, Error - 0
2024-11-27 03:39:35,321 - root - INFO - AWS (DNS): Tiempo - 0.1878 segundos, Ancho de banda - 2231176.95 bytes/segundo, Error - 0
2024-11-27 03:39:35,525 - root - INFO - AWS (DNS): Tiempo - 0.1984 segundos, Ancho de banda - 2111355.64 bytes/segundo, Error - 0
2024-11-27 03:39:35,732 - root - INFO - AWS (DNS): Tiempo - 0.2019 segundos, Ancho de banda - 2075371.27 bytes/segundo, Error - 0
2024-11-27 03:39:35,942 - root - INFO - AWS (DNS): Tiempo - 0.2002 segundos, Ancho de banda - 2092569.46 bytes/segundo, Error - 0
2024-11-27 03:39:36,151 - root - INFO - AWS (DNS): Tiempo - 0.2036 segundos, Ancho de banda - 2057788.18 bytes/segundo, Error - 0
2024-11-27 03:39:36,358 - root - INFO - AWS (DNS): Tiempo - 0.2025 segundos, Ancho de banda - 2069276.31 bytes/segundo, Error - 0
2024-11-27 03:39:36,571 - root - INFO - AWS (DNS): Tiempo - 0.2074 segundos, Ancho de banda - 2020216.20 bytes/segundo, Error - 0
2024-11-27 03:39:36,775 - root - INFO - AWS (DNS): Tiempo - 0.1985 segundos, Ancho de banda - 2110488.42 bytes/segundo, Error - 0
2024-11-27 03:39:37,358 - root - INFO - AWS (DNS): Tiempo - 0.3904 segundos, Ancho de banda - 1073078.17 bytes/segundo, Error - 0
2024-11-27 03:39:37,565 - root - INFO - AWS (DNS): Tiempo - 0.2018 segundos, Ancho de banda - 2075758.61 bytes/segundo, Error - 0
2024-11-27 03:39:37,768 - root - INFO - AWS (DNS): Tiempo - 0.1980 segundos, Ancho de banda - 2115992.89 bytes/segundo, Error - 0
2024-11-27 03:39:37,974 - root - INFO - AWS (DNS): Tiempo - 0.1987 segundos, Ancho de banda - 2108743.45 bytes/segundo, Error - 0
2024-11-27 03:39:38,183 - root - INFO - AWS (DNS): Tiempo - 0.2035 segundos, Ancho de banda - 2058998.55 bytes/segundo, Error - 0
2024-11-27 03:39:38,396 - root - INFO - AWS (DNS): Tiempo - 0.2045 segundos, Ancho de banda - 2048531.01 bytes/segundo, Error - 0
2024-11-27 03:39:38,600 - root - INFO - AWS (DNS): Tiempo - 0.1996 segundos, Ancho de banda - 2098857.77 bytes/segundo, Error - 0
2024-11-27 03:39:38,809 - root - INFO - AWS (DNS): Tiempo - 0.2027 segundos, Ancho de banda - 2067022.41 bytes/segundo, Error - 0
2024-11-27 03:39:39,011 - root - INFO - AWS (DNS): Tiempo - 0.1960 segundos, Ancho de banda - 2137484.25 bytes/segundo, Error - 0
2024-11-27 03:39:39,212 - root - INFO - AWS (DNS): Tiempo - 0.1955 segundos, Ancho de banda - 2142668.11 bytes/segundo, Error - 0
2024-11-27 03:39:39,425 - root - INFO - AWS (DNS): Tiempo - 0.2062 segundos, Ancho de banda - 2031747.84 bytes/segundo, Error - 0
2024-11-27 03:39:39,635 - root - INFO - AWS (DNS): Tiempo - 0.2052 segundos, Ancho de banda - 2041752.31 bytes/segundo, Error - 0
2024-11-27 03:39:39,837 - root - INFO - AWS (DNS): Tiempo - 0.1965 segundos, Ancho de banda - 2131908.92 bytes/segundo, Error - 0
2024-11-27 03:39:40,050 - root - INFO - AWS (DNS): Tiempo - 0.2084 segundos, Ancho de banda - 2010602.89 bytes/segundo, Error - 0
2024-11-27 03:39:40,260 - root - INFO - AWS (DNS): Tiempo - 0.2028 segundos, Ancho de banda - 2065693.30 bytes/segundo, Error - 0
2024-11-27 03:39:40,466 - root - INFO - AWS (DNS): Tiempo - 0.1996 segundos, Ancho de banda - 2099529.82 bytes/segundo, Error - 0
2024-11-27 03:39:40,676 - root - INFO - AWS (DNS): Tiempo - 0.2048 segundos, Ancho de banda - 2045374.09 bytes/segundo, Error - 0
2024-11-27 03:39:40,877 - root - INFO - AWS (DNS): Tiempo - 0.1957 segundos, Ancho de banda - 2141057.35 bytes/segundo, Error - 0
2024-11-27 03:39:41,085 - root - INFO - AWS (DNS): Tiempo - 0.2022 segundos, Ancho de banda - 2072060.29 bytes/segundo, Error - 0
2024-11-27 03:39:41,294 - root - INFO - AWS (DNS): Tiempo - 0.2040 segundos, Ancho de banda - 2053870.26 bytes/segundo, Error - 0
2024-11-27 03:39:41,501 - root - INFO - AWS (DNS): Tiempo - 0.2015 segundos, Ancho de banda - 2079152.76 bytes/segundo, Error - 0
2024-11-27 03:39:41,709 - root - INFO - AWS (DNS): Tiempo - 0.2028 segundos, Ancho de banda - 2066227.65 bytes/segundo, Error - 0
2024-11-27 03:39:41,917 - root - INFO - AWS (DNS): Tiempo - 0.2029 segundos, Ancho de banda - 2065261.17 bytes/segundo, Error - 0
2024-11-27 03:39:42,319 - root - INFO - AWS (DNS): Tiempo - 0.2056 segundos, Ancho de banda - 2037368.28 bytes/segundo, Error - 0
2024-11-27 03:39:42,511 - root - INFO - AWS (DNS): Tiempo - 0.1878 segundos, Ancho de banda - 2230477.45 bytes/segundo, Error - 0
2024-11-27 03:39:42,710 - root - INFO - AWS (DNS): Tiempo - 0.1940 segundos, Ancho de banda - 2160037.77 bytes/segundo, Error - 0
2024-11-27 03:39:43,102 - root - INFO - AWS (DNS): Tiempo - 0.1976 segundos, Ancho de banda - 2119967.48 bytes/segundo, Error - 0
2024-11-27 03:39:43,697 - root - INFO - AWS (DNS): Tiempo - 0.3954 segundos, Ancho de banda - 1059489.73 bytes/segundo, Error - 0
2024-11-27 03:39:43,905 - root - INFO - AWS (DNS): Tiempo - 0.2015 segundos, Ancho de banda - 2079265.93 bytes/segundo, Error - 0
2024-11-27 03:39:44,494 - root - INFO - AWS (DNS): Tiempo - 0.3964 segundos, Ancho de banda - 1056844.76 bytes/segundo, Error - 0
2024-11-27 03:39:44,696 - root - INFO - AWS (DNS): Tiempo - 0.1957 segundos, Ancho de banda - 2140885.20 bytes/segundo, Error - 0
2024-11-27 03:39:44,905 - root - INFO - AWS (DNS): Tiempo - 0.2034 segundos, Ancho de banda - 2060265.91 bytes/segundo, Error - 0
2024-11-27 03:39:45,107 - root - INFO - AWS (DNS): Tiempo - 0.1957 segundos, Ancho de banda - 2141172.14 bytes/segundo, Error - 0
2024-11-27 03:39:45,302 - root - INFO - AWS (DNS): Tiempo - 0.1882 segundos, Ancho de banda - 2225697.48 bytes/segundo, Error - 0
2024-11-27 03:39:45,687 - root - INFO - AWS (DNS): Tiempo - 0.1908 segundos, Ancho de banda - 2195967.85 bytes/segundo, Error - 0
2024-11-27 03:39:45,888 - root - INFO - AWS (DNS): Tiempo - 0.1954 segundos, Ancho de banda - 2143721.49 bytes/segundo, Error - 0
2024-11-27 03:39:46,480 - root - INFO - AWS (DNS): Tiempo - 0.3958 segundos, Ancho de banda - 1058560.48 bytes/segundo, Error - 0
2024-11-27 03:39:46,682 - root - INFO - AWS (DNS): Tiempo - 0.1964 segundos, Ancho de banda - 2133423.05 bytes/segundo, Error - 0
2024-11-27 03:39:46,890 - root - INFO - AWS (DNS): Tiempo - 0.2026 segundos, Ancho de banda - 2067606.10 bytes/segundo, Error - 0
2024-11-27 03:39:47,080 - root - INFO - AWS (DNS): Tiempo - 0.1851 segundos, Ancho de banda - 2263549.50 bytes/segundo, Error - 0
2024-11-27 03:39:47,656 - root - INFO - AWS (DNS): Tiempo - 0.3818 segundos, Ancho de banda - 1097281.18 bytes/segundo, Error - 0
2024-11-27 03:39:48,249 - root - INFO - AWS (DNS): Tiempo - 0.3996 segundos, Ancho de banda - 1048337.04 bytes/segundo, Error - 0
2024-11-27 03:39:48,453 - root - INFO - AWS (DNS): Tiempo - 0.1980 segundos, Ancho de banda - 2116464.36 bytes/segundo, Error - 0
2024-11-27 03:39:48,663 - root - INFO - AWS (DNS): Tiempo - 0.2031 segundos, Ancho de banda - 2063207.35 bytes/segundo, Error - 0
2024-11-27 03:39:48,875 - root - INFO - AWS (DNS): Tiempo - 0.2060 segundos, Ancho de banda - 2033638.27 bytes/segundo, Error - 0
2024-11-27 03:39:49,068 - root - INFO - AWS (DNS): Tiempo - 0.1886 segundos, Ancho de banda - 2221738.23 bytes/segundo, Error - 0
2024-11-27 03:39:49,267 - root - INFO - AWS (DNS): Tiempo - 0.1938 segundos, Ancho de banda - 2161374.11 bytes/segundo, Error - 0
2024-11-27 03:39:49,845 - root - INFO - AWS (DNS): Tiempo - 0.3864 segundos, Ancho de banda - 1084385.54 bytes/segundo, Error - 0
2024-11-27 03:39:50,050 - root - INFO - AWS (DNS): Tiempo - 0.1982 segundos, Ancho de banda - 2113399.72 bytes/segundo, Error - 0
2024-11-27 03:39:50,486 - root - INFO - AWS (DNS): Tiempo - 0.2426 segundos, Ancho de banda - 1727150.01 bytes/segundo, Error - 0
2024-11-27 03:39:50,693 - root - INFO - AWS (DNS): Tiempo - 0.2013 segundos, Ancho de banda - 2081354.32 bytes/segundo, Error - 0
2024-11-27 03:39:51,273 - root - INFO - AWS (DNS): Tiempo - 0.3850 segundos, Ancho de banda - 1088130.31 bytes/segundo, Error - 0
2024-11-27 03:39:51,475 - root - INFO - AWS (DNS): Tiempo - 0.1969 segundos, Ancho de banda - 2127276.40 bytes/segundo, Error - 0
2024-11-27 03:39:51,681 - root - INFO - AWS (DNS): Tiempo - 0.1991 segundos, Ancho de banda - 2103833.07 bytes/segundo, Error - 0
2024-11-27 03:39:52,276 - root - INFO - AWS (DNS): Tiempo - 0.3999 segundos, Ancho de banda - 1047785.72 bytes/segundo, Error - 0
2024-11-27 03:39:52,478 - root - INFO - AWS (DNS): Tiempo - 0.1967 segundos, Ancho de banda - 2130159.36 bytes/segundo, Error - 0
2024-11-27 03:39:52,679 - root - INFO - AWS (DNS): Tiempo - 0.1959 segundos, Ancho de banda - 2138509.12 bytes/segundo, Error - 0
2024-11-27 03:39:52,886 - root - INFO - AWS (DNS): Tiempo - 0.2016 segundos, Ancho de banda - 2078555.16 bytes/segundo, Error - 0
2024-11-27 03:39:53,472 - root - INFO - AWS (DNS): Tiempo - 0.3903 segundos, Ancho de banda - 1073350.84 bytes/segundo, Error - 0
2024-11-27 03:39:53,678 - root - INFO - AWS (DNS): Tiempo - 0.2009 segundos, Ancho de banda - 2085271.49 bytes/segundo, Error - 0
2024-11-27 03:39:53,889 - root - INFO - AWS (DNS): Tiempo - 0.2048 segundos, Ancho de banda - 2045928.94 bytes/segundo, Error - 0
2024-11-27 03:39:54,095 - root - INFO - AWS (DNS): Tiempo - 0.2000 segundos, Ancho de banda - 2094866.97 bytes/segundo, Error - 0
2024-11-27 03:39:54,305 - root - INFO - AWS (DNS): Tiempo - 0.2036 segundos, Ancho de banda - 2057725.53 bytes/segundo, Error - 0
2024-11-27 03:39:54,511 - root - INFO - AWS (DNS): Tiempo - 0.1995 segundos, Ancho de banda - 2100174.69 bytes/segundo, Error - 0
2024-11-27 03:39:54,719 - root - INFO - AWS (DNS): Tiempo - 0.2011 segundos, Ancho de banda - 2083150.53 bytes/segundo, Error - 0
2024-11-27 03:39:55,318 - root - INFO - AWS (DNS): Tiempo - 0.4032 segundos, Ancho de banda - 1039132.54 bytes/segundo, Error - 0
2024-11-27 03:39:55,526 - root - INFO - AWS (DNS): Tiempo - 0.2020 segundos, Ancho de banda - 2074557.84 bytes/segundo, Error - 0
2024-11-27 03:39:55,734 - root - INFO - AWS (DNS): Tiempo - 0.2030 segundos, Ancho de banda - 2064247.08 bytes/segundo, Error - 0
2024-11-27 03:39:55,936 - root - INFO - AWS (DNS): Tiempo - 0.1967 segundos, Ancho de banda - 2130332.38 bytes/segundo, Error - 0
2024-11-27 03:39:56,147 - root - INFO - AWS (DNS): Tiempo - 0.2048 segundos, Ancho de banda - 2046212.44 bytes/segundo, Error - 0
2024-11-27 03:39:56,353 - root - INFO - AWS (DNS): Tiempo - 0.1996 segundos, Ancho de banda - 2099128.54 bytes/segundo, Error - 0
2024-11-27 03:39:56,554 - root - INFO - AWS (DNS): Tiempo - 0.1954 segundos, Ancho de banda - 2144459.22 bytes/segundo, Error - 0
2024-11-27 03:39:57,142 - root - INFO - AWS (DNS): Tiempo - 0.3910 segundos, Ancho de banda - 1071578.38 bytes/segundo, Error - 0
2024-11-27 03:39:57,831 - root - INFO - AWS (DNS): Tiempo - 0.4948 segundos, Ancho de banda - 846703.63 bytes/segundo, Error - 0
2024-11-27 03:39:58,032 - root - INFO - AWS (DNS): Tiempo - 0.1946 segundos, Ancho de banda - 2152932.24 bytes/segundo, Error - 0
2024-11-27 03:39:58,232 - root - INFO - AWS (DNS): Tiempo - 0.1942 segundos, Ancho de banda - 2157685.25 bytes/segundo, Error - 0
2024-11-27 03:39:58,817 - root - INFO - AWS (DNS): Tiempo - 0.3920 segundos, Ancho de banda - 1068770.08 bytes/segundo, Error - 0
2024-11-27 03:39:59,209 - root - INFO - AWS (DNS): Tiempo - 0.1986 segundos, Ancho de banda - 2110113.35 bytes/segundo, Error - 0
2024-11-27 03:39:59,407 - root - INFO - AWS (DNS): Tiempo - 0.1924 segundos, Ancho de banda - 2177996.34 bytes/segundo, Error - 0
2024-11-27 03:39:59,801 - root - INFO - AWS (DNS): Tiempo - 0.1995 segundos, Ancho de banda - 2100453.33 bytes/segundo, Error - 0
2024-11-27 03:40:00,005 - root - INFO - AWS (DNS): Tiempo - 0.1986 segundos, Ancho de banda - 2110118.41 bytes/segundo, Error - 0
2024-11-27 03:40:00,210 - root - INFO - AWS (DNS): Tiempo - 0.2005 segundos, Ancho de banda - 2089876.76 bytes/segundo, Error - 0
2024-11-27 03:40:00,410 - root - INFO - AWS (DNS): Tiempo - 0.1936 segundos, Ancho de banda - 2164355.63 bytes/segundo, Error - 0
2024-11-27 03:40:00,616 - root - INFO - AWS (DNS): Tiempo - 0.2006 segundos, Ancho de banda - 2088907.89 bytes/segundo, Error - 0
2024-11-27 03:40:00,817 - root - INFO - AWS (DNS): Tiempo - 0.1955 segundos, Ancho de banda - 2142728.20 bytes/segundo, Error - 0
2024-11-27 03:40:01,025 - root - INFO - AWS (DNS): Tiempo - 0.2009 segundos, Ancho de banda - 2085298.71 bytes/segundo, Error - 0
2024-11-27 03:40:01,230 - root - INFO - AWS (DNS): Tiempo - 0.1990 segundos, Ancho de banda - 2105519.46 bytes/segundo, Error - 0
2024-11-27 03:40:01,811 - root - INFO - AWS (DNS): Tiempo - 0.3900 segundos, Ancho de banda - 1074234.01 bytes/segundo, Error - 0
2024-11-27 03:40:02,017 - root - INFO - AWS (DNS): Tiempo - 0.2017 segundos, Ancho de banda - 2077248.02 bytes/segundo, Error - 0
2024-11-27 03:40:02,219 - root - INFO - AWS (DNS): Tiempo - 0.1956 segundos, Ancho de banda - 2141440.89 bytes/segundo, Error - 0
2024-11-27 03:40:02,436 - root - INFO - AWS (DNS): Tiempo - 0.2120 segundos, Ancho de banda - 1976396.01 bytes/segundo, Error - 0
2024-11-27 03:40:02,648 - root - INFO - AWS (DNS): Tiempo - 0.2069 segundos, Ancho de banda - 2024552.31 bytes/segundo, Error - 0
2024-11-27 03:40:02,945 - root - INFO - AWS (DNS): Tiempo - 0.1995 segundos, Ancho de banda - 2099753.09 bytes/segundo, Error - 0
2024-11-27 03:40:03,151 - root - INFO - AWS (DNS): Tiempo - 0.1990 segundos, Ancho de banda - 2105857.57 bytes/segundo, Error - 0
2024-11-27 03:40:03,442 - root - INFO - AWS (DNS): Tiempo - 0.1917 segundos, Ancho de banda - 2185540.33 bytes/segundo, Error - 0
2024-11-27 03:40:03,653 - root - INFO - AWS (DNS): Tiempo - 0.2060 segundos, Ancho de banda - 2033675.93 bytes/segundo, Error - 0
2024-11-27 03:40:03,863 - root - INFO - AWS (DNS): Tiempo - 0.2042 segundos, Ancho de banda - 2052248.79 bytes/segundo, Error - 0
2024-11-27 03:40:04,068 - root - INFO - AWS (DNS): Tiempo - 0.1981 segundos, Ancho de banda - 2115195.69 bytes/segundo, Error - 0
2024-11-27 03:40:04,649 - root - INFO - AWS (DNS): Tiempo - 0.3877 segundos, Ancho de banda - 1080534.22 bytes/segundo, Error - 0
2024-11-27 03:40:04,856 - root - INFO - AWS (DNS): Tiempo - 0.2016 segundos, Ancho de banda - 2078107.79 bytes/segundo, Error - 0
2024-11-27 03:40:05,055 - root - INFO - AWS (DNS): Tiempo - 0.1937 segundos, Ancho de banda - 2163082.15 bytes/segundo, Error - 0
2024-11-27 03:40:05,262 - root - INFO - AWS (DNS): Tiempo - 0.2019 segundos, Ancho de banda - 2075192.36 bytes/segundo, Error - 0
2024-11-27 03:40:05,488 - root - INFO - AWS (DNS): Tiempo - 0.2217 segundos, Ancho de banda - 1889490.15 bytes/segundo, Error - 0
2024-11-27 03:40:05,691 - root - INFO - AWS (DNS): Tiempo - 0.1979 segundos, Ancho de banda - 2117436.01 bytes/segundo, Error - 0
2024-11-27 03:40:06,080 - root - INFO - AWS (DNS): Tiempo - 0.1961 segundos, Ancho de banda - 2136655.19 bytes/segundo, Error - 0
2024-11-27 03:40:06,281 - root - INFO - AWS (DNS): Tiempo - 0.1954 segundos, Ancho de banda - 2144689.54 bytes/segundo, Error - 0
2024-11-27 03:40:06,477 - root - INFO - AWS (DNS): Tiempo - 0.1908 segundos, Ancho de banda - 2195575.51 bytes/segundo, Error - 0
2024-11-27 03:40:06,699 - root - INFO - AWS (DNS): Tiempo - 0.2177 segundos, Ancho de banda - 1924332.00 bytes/segundo, Error - 0
2024-11-27 03:40:07,279 - root - INFO - AWS (DNS): Tiempo - 0.3828 segundos, Ancho de banda - 1094544.62 bytes/segundo, Error - 0
2024-11-27 03:40:07,478 - root - INFO - AWS (DNS): Tiempo - 0.1935 segundos, Ancho de banda - 2165094.29 bytes/segundo, Error - 0
2024-11-27 03:40:07,671 - root - INFO - AWS (DNS): Tiempo - 0.1883 segundos, Ancho de banda - 2224987.32 bytes/segundo, Error - 0
2024-11-27 03:40:08,259 - root - INFO - AWS (DNS): Tiempo - 0.3909 segundos, Ancho de banda - 1071885.59 bytes/segundo, Error - 0
2024-11-27 03:40:08,455 - root - INFO - AWS (DNS): Tiempo - 0.1907 segundos, Ancho de banda - 2197044.10 bytes/segundo, Error - 0
2024-11-27 03:40:08,644 - root - INFO - AWS (DNS): Tiempo - 0.1852 segundos, Ancho de banda - 2262666.39 bytes/segundo, Error - 0
2024-11-27 03:40:08,841 - root - INFO - AWS (DNS): Tiempo - 0.1908 segundos, Ancho de banda - 2195391.73 bytes/segundo, Error - 0
2024-11-27 03:40:09,043 - root - INFO - AWS (DNS): Tiempo - 0.1956 segundos, Ancho de banda - 2142466.96 bytes/segundo, Error - 0
2024-11-27 03:40:09,242 - root - INFO - AWS (DNS): Tiempo - 0.1932 segundos, Ancho de banda - 2169044.13 bytes/segundo, Error - 0
2024-11-27 03:40:09,446 - root - INFO - AWS (DNS): Tiempo - 0.1990 segundos, Ancho de banda - 2105650.65 bytes/segundo, Error - 0
2024-11-27 03:40:10,041 - root - INFO - AWS (DNS): Tiempo - 0.4005 segundos, Ancho de banda - 1046106.59 bytes/segundo, Error - 0
2024-11-27 03:40:10,431 - root - INFO - AWS (DNS): Tiempo - 0.1959 segundos, Ancho de banda - 2139139.10 bytes/segundo, Error - 0
2024-11-27 03:40:10,432 - root - INFO - Resultados para AWS (DNS):
 - Tiempo promedio: 0.2222 segundos
 - Ancho de banda promedio: 1982934.45 bytes/segundo
 - Tasa de error: 0.00%

2024-11-27 03:40:10,576 - root - INFO - Cloudflare (Anycast): Tiempo - 0.1325 segundos, Ancho de banda - 2746070.72 bytes/segundo, Error - 0
2024-11-27 03:40:10,720 - root - INFO - Cloudflare (Anycast): Tiempo - 0.1324 segundos, Ancho de banda - 2748810.00 bytes/segundo, Error - 0
2024-11-27 03:40:10,842 - root - INFO - Cloudflare (Anycast): Tiempo - 0.1102 segundos, Ancho de banda - 3302744.33 bytes/segundo, Error - 0
2024-11-27 03:40:10,993 - root - INFO - Cloudflare (Anycast): Tiempo - 0.1407 segundos, Ancho de banda - 2587623.42 bytes/segundo, Error - 0
2024-11-27 03:40:11,143 - root - INFO - Cloudflare (Anycast): Tiempo - 0.1383 segundos, Ancho de banda - 2631328.07 bytes/segundo, Error - 0
2024-11-27 03:40:11,267 - root - INFO - Cloudflare (Anycast): Tiempo - 0.1143 segundos, Ancho de banda - 3185570.16 bytes/segundo, Error - 0
2024-11-27 03:40:11,417 - root - INFO - Cloudflare (Anycast): Tiempo - 0.1347 segundos, Ancho de banda - 2703021.00 bytes/segundo, Error - 0
2024-11-27 03:40:11,575 - root - INFO - Cloudflare (Anycast): Tiempo - 0.1465 segundos, Ancho de banda - 2484252.05 bytes/segundo, Error - 0
2024-11-27 03:40:11,716 - root - INFO - Cloudflare (Anycast): Tiempo - 0.1305 segundos, Ancho de banda - 2789647.04 bytes/segundo, Error - 0
2024-11-27 03:40:11,884 - root - INFO - Cloudflare (Anycast): Tiempo - 0.1563 segundos, Ancho de banda - 2328893.45 bytes/segundo, Error - 0
2024-11-27 03:40:12,064 - root - INFO - Cloudflare (Anycast): Tiempo - 0.1665 segundos, Ancho de banda - 2185418.60 bytes/segundo, Error - 0
2024-11-27 03:40:12,220 - root - INFO - Cloudflare (Anycast): Tiempo - 0.1439 segundos, Ancho de banda - 2528596.87 bytes/segundo, Error - 0
2024-11-27 03:40:12,364 - root - INFO - Cloudflare (Anycast): Tiempo - 0.1332 segundos, Ancho de banda - 2732886.28 bytes/segundo, Error - 0
2024-11-27 03:40:12,517 - root - INFO - Cloudflare (Anycast): Tiempo - 0.1439 segundos, Ancho de banda - 2529128.89 bytes/segundo, Error - 0
2024-11-27 03:40:12,661 - root - INFO - Cloudflare (Anycast): Tiempo - 0.1328 segundos, Ancho de banda - 2740583.91 bytes/segundo, Error - 0
2024-11-27 03:40:12,803 - root - INFO - Cloudflare (Anycast): Tiempo - 0.1305 segundos, Ancho de banda - 2788037.12 bytes/segundo, Error - 0
2024-11-27 03:40:12,949 - root - INFO - Cloudflare (Anycast): Tiempo - 0.1350 segundos, Ancho de banda - 2695608.79 bytes/segundo, Error - 0
2024-11-27 03:40:13,105 - root - INFO - Cloudflare (Anycast): Tiempo - 0.1451 segundos, Ancho de banda - 2508145.06 bytes/segundo, Error - 0
2024-11-27 03:40:13,237 - root - INFO - Cloudflare (Anycast): Tiempo - 0.1211 segundos, Ancho de banda - 3006229.80 bytes/segundo, Error - 0
2024-11-27 03:40:13,450 - root - INFO - Cloudflare (Anycast): Tiempo - 0.2005 segundos, Ancho de banda - 1815715.89 bytes/segundo, Error - 0
2024-11-27 03:40:13,634 - root - INFO - Cloudflare (Anycast): Tiempo - 0.1738 segundos, Ancho de banda - 2094746.32 bytes/segundo, Error - 0
2024-11-27 03:40:13,784 - root - INFO - Cloudflare (Anycast): Tiempo - 0.1379 segundos, Ancho de banda - 2640051.33 bytes/segundo, Error - 0
2024-11-27 03:40:13,925 - root - INFO - Cloudflare (Anycast): Tiempo - 0.1303 segundos, Ancho de banda - 2793639.09 bytes/segundo, Error - 0
2024-11-27 03:40:14,076 - root - INFO - Cloudflare (Anycast): Tiempo - 0.1399 segundos, Ancho de banda - 2601881.60 bytes/segundo, Error - 0
2024-11-27 03:40:14,217 - root - INFO - Cloudflare (Anycast): Tiempo - 0.1302 segundos, Ancho de banda - 2794651.68 bytes/segundo, Error - 0
2024-11-27 03:40:14,360 - root - INFO - Cloudflare (Anycast): Tiempo - 0.1316 segundos, Ancho de banda - 2765917.26 bytes/segundo, Error - 0
2024-11-27 03:40:14,531 - root - INFO - Cloudflare (Anycast): Tiempo - 0.1440 segundos, Ancho de banda - 2526931.06 bytes/segundo, Error - 0
2024-11-27 03:40:14,685 - root - INFO - Cloudflare (Anycast): Tiempo - 0.1414 segundos, Ancho de banda - 2574445.06 bytes/segundo, Error - 0
2024-11-27 03:40:14,837 - root - INFO - Cloudflare (Anycast): Tiempo - 0.1405 segundos, Ancho de banda - 2590095.12 bytes/segundo, Error - 0
2024-11-27 03:40:14,994 - root - INFO - Cloudflare (Anycast): Tiempo - 0.1469 segundos, Ancho de banda - 2478400.06 bytes/segundo, Error - 0
2024-11-27 03:40:15,138 - root - INFO - Cloudflare (Anycast): Tiempo - 0.1337 segundos, Ancho de banda - 2722490.70 bytes/segundo, Error - 0
2024-11-27 03:40:15,292 - root - INFO - Cloudflare (Anycast): Tiempo - 0.1410 segundos, Ancho de banda - 2582178.68 bytes/segundo, Error - 0
2024-11-27 03:40:15,418 - root - INFO - Cloudflare (Anycast): Tiempo - 0.1175 segundos, Ancho de banda - 3097108.85 bytes/segundo, Error - 0
2024-11-27 03:40:15,566 - root - INFO - Cloudflare (Anycast): Tiempo - 0.1364 segundos, Ancho de banda - 2668370.76 bytes/segundo, Error - 0
2024-11-27 03:40:15,716 - root - INFO - Cloudflare (Anycast): Tiempo - 0.1389 segundos, Ancho de banda - 2620208.99 bytes/segundo, Error - 0
2024-11-27 03:40:15,875 - root - INFO - Cloudflare (Anycast): Tiempo - 0.1429 segundos, Ancho de banda - 2546905.33 bytes/segundo, Error - 0
2024-11-27 03:40:16,010 - root - INFO - Cloudflare (Anycast): Tiempo - 0.1205 segundos, Ancho de banda - 3020678.34 bytes/segundo, Error - 0
2024-11-27 03:40:16,148 - root - INFO - Cloudflare (Anycast): Tiempo - 0.1264 segundos, Ancho de banda - 2878770.22 bytes/segundo, Error - 0
2024-11-27 03:40:16,283 - root - INFO - Cloudflare (Anycast): Tiempo - 0.1234 segundos, Ancho de banda - 2948794.79 bytes/segundo, Error - 0
2024-11-27 03:40:16,420 - root - INFO - Cloudflare (Anycast): Tiempo - 0.1272 segundos, Ancho de banda - 2860730.90 bytes/segundo, Error - 0
2024-11-27 03:40:16,573 - root - INFO - Cloudflare (Anycast): Tiempo - 0.1416 segundos, Ancho de banda - 2570011.39 bytes/segundo, Error - 0
2024-11-27 03:40:16,720 - root - INFO - Cloudflare (Anycast): Tiempo - 0.1348 segundos, Ancho de banda - 2699923.25 bytes/segundo, Error - 0
2024-11-27 03:40:16,854 - root - INFO - Cloudflare (Anycast): Tiempo - 0.1193 segundos, Ancho de banda - 3051825.26 bytes/segundo, Error - 0
2024-11-27 03:40:17,000 - root - INFO - Cloudflare (Anycast): Tiempo - 0.1355 segundos, Ancho de banda - 2686817.75 bytes/segundo, Error - 0
2024-11-27 03:40:17,153 - root - INFO - Cloudflare (Anycast): Tiempo - 0.1420 segundos, Ancho de banda - 2563447.54 bytes/segundo, Error - 0
2024-11-27 03:40:17,301 - root - INFO - Cloudflare (Anycast): Tiempo - 0.1379 segundos, Ancho de banda - 2639877.85 bytes/segundo, Error - 0
2024-11-27 03:40:17,432 - root - INFO - Cloudflare (Anycast): Tiempo - 0.1198 segundos, Ancho de banda - 3038516.63 bytes/segundo, Error - 0
2024-11-27 03:40:17,572 - root - INFO - Cloudflare (Anycast): Tiempo - 0.1291 segundos, Ancho de banda - 2818577.37 bytes/segundo, Error - 0
2024-11-27 03:40:17,696 - root - INFO - Cloudflare (Anycast): Tiempo - 0.1129 segundos, Ancho de banda - 3222588.69 bytes/segundo, Error - 0
2024-11-27 03:40:17,844 - root - INFO - Cloudflare (Anycast): Tiempo - 0.1341 segundos, Ancho de banda - 2714015.80 bytes/segundo, Error - 0
2024-11-27 03:40:17,988 - root - INFO - Cloudflare (Anycast): Tiempo - 0.1314 segundos, Ancho de banda - 2770037.64 bytes/segundo, Error - 0
2024-11-27 03:40:18,123 - root - INFO - Cloudflare (Anycast): Tiempo - 0.1235 segundos, Ancho de banda - 2946302.12 bytes/segundo, Error - 0
2024-11-27 03:40:18,252 - root - INFO - Cloudflare (Anycast): Tiempo - 0.1200 segundos, Ancho de banda - 3033125.59 bytes/segundo, Error - 0
2024-11-27 03:40:18,399 - root - INFO - Cloudflare (Anycast): Tiempo - 0.1359 segundos, Ancho de banda - 2677755.04 bytes/segundo, Error - 0
2024-11-27 03:40:18,558 - root - INFO - Cloudflare (Anycast): Tiempo - 0.1469 segundos, Ancho de banda - 2478166.71 bytes/segundo, Error - 0
2024-11-27 03:40:18,694 - root - INFO - Cloudflare (Anycast): Tiempo - 0.1257 segundos, Ancho de banda - 2895477.99 bytes/segundo, Error - 0
2024-11-27 03:40:18,842 - root - INFO - Cloudflare (Anycast): Tiempo - 0.1358 segundos, Ancho de banda - 2679842.09 bytes/segundo, Error - 0
2024-11-27 03:40:18,993 - root - INFO - Cloudflare (Anycast): Tiempo - 0.1393 segundos, Ancho de banda - 2613225.52 bytes/segundo, Error - 0
2024-11-27 03:40:19,147 - root - INFO - Cloudflare (Anycast): Tiempo - 0.1444 segundos, Ancho de banda - 2520847.37 bytes/segundo, Error - 0
2024-11-27 03:40:19,293 - root - INFO - Cloudflare (Anycast): Tiempo - 0.1346 segundos, Ancho de banda - 2704783.38 bytes/segundo, Error - 0
2024-11-27 03:40:19,430 - root - INFO - Cloudflare (Anycast): Tiempo - 0.1261 segundos, Ancho de banda - 2887252.82 bytes/segundo, Error - 0
2024-11-27 03:40:19,597 - root - INFO - Cloudflare (Anycast): Tiempo - 0.1558 segundos, Ancho de banda - 2335942.13 bytes/segundo, Error - 0
2024-11-27 03:40:19,785 - root - INFO - Cloudflare (Anycast): Tiempo - 0.1766 segundos, Ancho de banda - 2060796.72 bytes/segundo, Error - 0
2024-11-27 03:40:19,926 - root - INFO - Cloudflare (Anycast): Tiempo - 0.1291 segundos, Ancho de banda - 2819733.11 bytes/segundo, Error - 0
2024-11-27 03:40:20,075 - root - INFO - Cloudflare (Anycast): Tiempo - 0.1375 segundos, Ancho de banda - 2647064.36 bytes/segundo, Error - 0
2024-11-27 03:40:20,221 - root - INFO - Cloudflare (Anycast): Tiempo - 0.1352 segundos, Ancho de banda - 2691303.35 bytes/segundo, Error - 0
2024-11-27 03:40:20,358 - root - INFO - Cloudflare (Anycast): Tiempo - 0.1264 segundos, Ancho de banda - 2879552.14 bytes/segundo, Error - 0
2024-11-27 03:40:20,496 - root - INFO - Cloudflare (Anycast): Tiempo - 0.1272 segundos, Ancho de banda - 2861835.64 bytes/segundo, Error - 0
2024-11-27 03:40:20,638 - root - INFO - Cloudflare (Anycast): Tiempo - 0.1304 segundos, Ancho de banda - 2792172.65 bytes/segundo, Error - 0
2024-11-27 03:40:20,790 - root - INFO - Cloudflare (Anycast): Tiempo - 0.1406 segundos, Ancho de banda - 2588483.37 bytes/segundo, Error - 0
2024-11-27 03:40:20,961 - root - INFO - Cloudflare (Anycast): Tiempo - 0.1595 segundos, Ancho de banda - 2282639.08 bytes/segundo, Error - 0
2024-11-27 03:40:21,153 - root - INFO - Cloudflare (Anycast): Tiempo - 0.1795 segundos, Ancho de banda - 2028097.05 bytes/segundo, Error - 0
2024-11-27 03:40:21,278 - root - INFO - Cloudflare (Anycast): Tiempo - 0.1145 segundos, Ancho de banda - 3178453.56 bytes/segundo, Error - 0
2024-11-27 03:40:21,410 - root - INFO - Cloudflare (Anycast): Tiempo - 0.1194 segundos, Ancho de banda - 3048875.32 bytes/segundo, Error - 0
2024-11-27 03:40:21,556 - root - INFO - Cloudflare (Anycast): Tiempo - 0.1336 segundos, Ancho de banda - 2724998.27 bytes/segundo, Error - 0
2024-11-27 03:40:21,705 - root - INFO - Cloudflare (Anycast): Tiempo - 0.1351 segundos, Ancho de banda - 2694267.21 bytes/segundo, Error - 0
2024-11-27 03:40:21,853 - root - INFO - Cloudflare (Anycast): Tiempo - 0.1370 segundos, Ancho de banda - 2657066.58 bytes/segundo, Error - 0
2024-11-27 03:40:22,004 - root - INFO - Cloudflare (Anycast): Tiempo - 0.1397 segundos, Ancho de banda - 2605576.35 bytes/segundo, Error - 0
2024-11-27 03:40:22,132 - root - INFO - Cloudflare (Anycast): Tiempo - 0.1165 segundos, Ancho de banda - 3123514.28 bytes/segundo, Error - 0
2024-11-27 03:40:22,272 - root - INFO - Cloudflare (Anycast): Tiempo - 0.1296 segundos, Ancho de banda - 2809272.38 bytes/segundo, Error - 0
2024-11-27 03:40:22,409 - root - INFO - Cloudflare (Anycast): Tiempo - 0.1232 segundos, Ancho de banda - 2953587.09 bytes/segundo, Error - 0
2024-11-27 03:40:22,559 - root - INFO - Cloudflare (Anycast): Tiempo - 0.1392 segundos, Ancho de banda - 2614366.70 bytes/segundo, Error - 0
2024-11-27 03:40:22,693 - root - INFO - Cloudflare (Anycast): Tiempo - 0.1225 segundos, Ancho de banda - 2970801.41 bytes/segundo, Error - 0
2024-11-27 03:40:22,819 - root - INFO - Cloudflare (Anycast): Tiempo - 0.1170 segundos, Ancho de banda - 3111856.36 bytes/segundo, Error - 0
2024-11-27 03:40:22,953 - root - INFO - Cloudflare (Anycast): Tiempo - 0.1207 segundos, Ancho de banda - 3015374.17 bytes/segundo, Error - 0
2024-11-27 03:40:23,106 - root - INFO - Cloudflare (Anycast): Tiempo - 0.1409 segundos, Ancho de banda - 2583236.07 bytes/segundo, Error - 0
2024-11-27 03:40:23,231 - root - INFO - Cloudflare (Anycast): Tiempo - 0.1154 segundos, Ancho de banda - 3154194.67 bytes/segundo, Error - 0
2024-11-27 03:40:23,395 - root - INFO - Cloudflare (Anycast): Tiempo - 0.1538 segundos, Ancho de banda - 2366496.78 bytes/segundo, Error - 0
2024-11-27 03:40:23,515 - root - INFO - Cloudflare (Anycast): Tiempo - 0.1091 segundos, Ancho de banda - 3335564.02 bytes/segundo, Error - 0
2024-11-27 03:40:23,661 - root - INFO - Cloudflare (Anycast): Tiempo - 0.1333 segundos, Ancho de banda - 2731023.58 bytes/segundo, Error - 0
2024-11-27 03:40:23,809 - root - INFO - Cloudflare (Anycast): Tiempo - 0.1386 segundos, Ancho de banda - 2625661.92 bytes/segundo, Error - 0
2024-11-27 03:40:23,950 - root - INFO - Cloudflare (Anycast): Tiempo - 0.1301 segundos, Ancho de banda - 2796658.56 bytes/segundo, Error - 0
2024-11-27 03:40:24,081 - root - INFO - Cloudflare (Anycast): Tiempo - 0.1210 segundos, Ancho de banda - 3007461.64 bytes/segundo, Error - 0
2024-11-27 03:40:24,226 - root - INFO - Cloudflare (Anycast): Tiempo - 0.1334 segundos, Ancho de banda - 2729065.85 bytes/segundo, Error - 0
2024-11-27 03:40:24,360 - root - INFO - Cloudflare (Anycast): Tiempo - 0.1234 segundos, Ancho de banda - 2949940.11 bytes/segundo, Error - 0
2024-11-27 03:40:24,494 - root - INFO - Cloudflare (Anycast): Tiempo - 0.1230 segundos, Ancho de banda - 2959559.24 bytes/segundo, Error - 0
2024-11-27 03:40:24,640 - root - INFO - Cloudflare (Anycast): Tiempo - 0.1261 segundos, Ancho de banda - 2885626.48 bytes/segundo, Error - 0
2024-11-27 03:40:24,781 - root - INFO - Cloudflare (Anycast): Tiempo - 0.1284 segundos, Ancho de banda - 2834249.74 bytes/segundo, Error - 0
2024-11-27 03:40:24,952 - root - INFO - Cloudflare (Anycast): Tiempo - 0.1605 segundos, Ancho de banda - 2267992.65 bytes/segundo, Error - 0
2024-11-27 03:40:25,098 - root - INFO - Cloudflare (Anycast): Tiempo - 0.1352 segundos, Ancho de banda - 2692608.74 bytes/segundo, Error - 0
2024-11-27 03:40:25,256 - root - INFO - Cloudflare (Anycast): Tiempo - 0.1431 segundos, Ancho de banda - 2544205.78 bytes/segundo, Error - 0
2024-11-27 03:40:25,400 - root - INFO - Cloudflare (Anycast): Tiempo - 0.1342 segundos, Ancho de banda - 2711547.66 bytes/segundo, Error - 0
2024-11-27 03:40:25,542 - root - INFO - Cloudflare (Anycast): Tiempo - 0.1310 segundos, Ancho de banda - 2779230.84 bytes/segundo, Error - 0
2024-11-27 03:40:25,699 - root - INFO - Cloudflare (Anycast): Tiempo - 0.1450 segundos, Ancho de banda - 2509526.27 bytes/segundo, Error - 0
2024-11-27 03:40:25,858 - root - INFO - Cloudflare (Anycast): Tiempo - 0.1384 segundos, Ancho de banda - 2629306.81 bytes/segundo, Error - 0
2024-11-27 03:40:26,002 - root - INFO - Cloudflare (Anycast): Tiempo - 0.1332 segundos, Ancho de banda - 2732573.21 bytes/segundo, Error - 0
2024-11-27 03:40:26,149 - root - INFO - Cloudflare (Anycast): Tiempo - 0.1369 segundos, Ancho de banda - 2658737.11 bytes/segundo, Error - 0
2024-11-27 03:40:26,286 - root - INFO - Cloudflare (Anycast): Tiempo - 0.1258 segundos, Ancho de banda - 2892405.87 bytes/segundo, Error - 0
2024-11-27 03:40:26,425 - root - INFO - Cloudflare (Anycast): Tiempo - 0.1289 segundos, Ancho de banda - 2823665.55 bytes/segundo, Error - 0
2024-11-27 03:40:26,592 - root - INFO - Cloudflare (Anycast): Tiempo - 0.1571 segundos, Ancho de banda - 2316739.19 bytes/segundo, Error - 0
2024-11-27 03:40:26,736 - root - INFO - Cloudflare (Anycast): Tiempo - 0.1338 segundos, Ancho de banda - 2720254.32 bytes/segundo, Error - 0
2024-11-27 03:40:26,871 - root - INFO - Cloudflare (Anycast): Tiempo - 0.1212 segundos, Ancho de banda - 3002250.98 bytes/segundo, Error - 0
2024-11-27 03:40:27,007 - root - INFO - Cloudflare (Anycast): Tiempo - 0.1251 segundos, Ancho de banda - 2910487.44 bytes/segundo, Error - 0
2024-11-27 03:40:27,153 - root - INFO - Cloudflare (Anycast): Tiempo - 0.1307 segundos, Ancho de banda - 2784325.09 bytes/segundo, Error - 0
2024-11-27 03:40:27,300 - root - INFO - Cloudflare (Anycast): Tiempo - 0.1342 segundos, Ancho de banda - 2712964.37 bytes/segundo, Error - 0
2024-11-27 03:40:27,436 - root - INFO - Cloudflare (Anycast): Tiempo - 0.1245 segundos, Ancho de banda - 2923602.67 bytes/segundo, Error - 0
2024-11-27 03:40:27,579 - root - INFO - Cloudflare (Anycast): Tiempo - 0.1326 segundos, Ancho de banda - 2744032.17 bytes/segundo, Error - 0
2024-11-27 03:40:27,735 - root - INFO - Cloudflare (Anycast): Tiempo - 0.1457 segundos, Ancho de banda - 2497995.71 bytes/segundo, Error - 0
2024-11-27 03:40:27,889 - root - INFO - Cloudflare (Anycast): Tiempo - 0.1433 segundos, Ancho de banda - 2540826.69 bytes/segundo, Error - 0
2024-11-27 03:40:28,025 - root - INFO - Cloudflare (Anycast): Tiempo - 0.1248 segundos, Ancho de banda - 2916760.01 bytes/segundo, Error - 0
2024-11-27 03:40:28,181 - root - INFO - Cloudflare (Anycast): Tiempo - 0.1434 segundos, Ancho de banda - 2539026.49 bytes/segundo, Error - 0
2024-11-27 03:40:28,320 - root - INFO - Cloudflare (Anycast): Tiempo - 0.1284 segundos, Ancho de banda - 2833681.56 bytes/segundo, Error - 0
2024-11-27 03:40:28,476 - root - INFO - Cloudflare (Anycast): Tiempo - 0.1395 segundos, Ancho de banda - 2609709.81 bytes/segundo, Error - 0
2024-11-27 03:40:28,616 - root - INFO - Cloudflare (Anycast): Tiempo - 0.1278 segundos, Ancho de banda - 2847853.70 bytes/segundo, Error - 0
2024-11-27 03:40:28,771 - root - INFO - Cloudflare (Anycast): Tiempo - 0.1407 segundos, Ancho de banda - 2586869.25 bytes/segundo, Error - 0
2024-11-27 03:40:28,914 - root - INFO - Cloudflare (Anycast): Tiempo - 0.1327 segundos, Ancho de banda - 2743129.86 bytes/segundo, Error - 0
2024-11-27 03:40:29,042 - root - INFO - Cloudflare (Anycast): Tiempo - 0.1159 segundos, Ancho de banda - 3140044.89 bytes/segundo, Error - 0
2024-11-27 03:40:29,197 - root - INFO - Cloudflare (Anycast): Tiempo - 0.1437 segundos, Ancho de banda - 2532019.08 bytes/segundo, Error - 0
2024-11-27 03:40:29,340 - root - INFO - Cloudflare (Anycast): Tiempo - 0.1313 segundos, Ancho de banda - 2771480.92 bytes/segundo, Error - 0
2024-11-27 03:40:29,490 - root - INFO - Cloudflare (Anycast): Tiempo - 0.1392 segundos, Ancho de banda - 2614120.48 bytes/segundo, Error - 0
2024-11-27 03:40:29,613 - root - INFO - Cloudflare (Anycast): Tiempo - 0.1112 segundos, Ancho de banda - 3272667.57 bytes/segundo, Error - 0
2024-11-27 03:40:29,753 - root - INFO - Cloudflare (Anycast): Tiempo - 0.1284 segundos, Ancho de banda - 2833739.42 bytes/segundo, Error - 0
2024-11-27 03:40:29,893 - root - INFO - Cloudflare (Anycast): Tiempo - 0.1286 segundos, Ancho de banda - 2831190.59 bytes/segundo, Error - 0
2024-11-27 03:40:30,051 - root - INFO - Cloudflare (Anycast): Tiempo - 0.1390 segundos, Ancho de banda - 2617832.13 bytes/segundo, Error - 0
2024-11-27 03:40:30,206 - root - INFO - Cloudflare (Anycast): Tiempo - 0.1451 segundos, Ancho de banda - 2509208.66 bytes/segundo, Error - 0
2024-11-27 03:40:30,356 - root - INFO - Cloudflare (Anycast): Tiempo - 0.1396 segundos, Ancho de banda - 2607717.16 bytes/segundo, Error - 0
2024-11-27 03:40:30,492 - root - INFO - Cloudflare (Anycast): Tiempo - 0.1263 segundos, Ancho de banda - 2880704.08 bytes/segundo, Error - 0
2024-11-27 03:40:30,618 - root - INFO - Cloudflare (Anycast): Tiempo - 0.1154 segundos, Ancho de banda - 3153790.67 bytes/segundo, Error - 0
2024-11-27 03:40:30,759 - root - INFO - Cloudflare (Anycast): Tiempo - 0.1316 segundos, Ancho de banda - 2765812.02 bytes/segundo, Error - 0
2024-11-27 03:40:30,904 - root - INFO - Cloudflare (Anycast): Tiempo - 0.1323 segundos, Ancho de banda - 2751083.69 bytes/segundo, Error - 0
2024-11-27 03:40:31,035 - root - INFO - Cloudflare (Anycast): Tiempo - 0.1209 segundos, Ancho de banda - 3010112.34 bytes/segundo, Error - 0
2024-11-27 03:40:31,166 - root - INFO - Cloudflare (Anycast): Tiempo - 0.1201 segundos, Ancho de banda - 3031752.21 bytes/segundo, Error - 0
2024-11-27 03:40:31,296 - root - INFO - Cloudflare (Anycast): Tiempo - 0.1213 segundos, Ancho de banda - 3001530.84 bytes/segundo, Error - 0
2024-11-27 03:40:31,449 - root - INFO - Cloudflare (Anycast): Tiempo - 0.1402 segundos, Ancho de banda - 2595339.47 bytes/segundo, Error - 0
2024-11-27 03:40:31,570 - root - INFO - Cloudflare (Anycast): Tiempo - 0.1107 segundos, Ancho de banda - 3288387.82 bytes/segundo, Error - 0
2024-11-27 03:40:31,696 - root - INFO - Cloudflare (Anycast): Tiempo - 0.1167 segundos, Ancho de banda - 3118798.59 bytes/segundo, Error - 0
2024-11-27 03:40:31,843 - root - INFO - Cloudflare (Anycast): Tiempo - 0.1371 segundos, Ancho de banda - 2654973.29 bytes/segundo, Error - 0
2024-11-27 03:40:32,035 - root - INFO - Cloudflare (Anycast): Tiempo - 0.1745 segundos, Ancho de banda - 2085554.57 bytes/segundo, Error - 0
2024-11-27 03:40:32,170 - root - INFO - Cloudflare (Anycast): Tiempo - 0.1214 segundos, Ancho de banda - 2998718.51 bytes/segundo, Error - 0
2024-11-27 03:40:32,308 - root - INFO - Cloudflare (Anycast): Tiempo - 0.1265 segundos, Ancho de banda - 2877251.03 bytes/segundo, Error - 0
2024-11-27 03:40:32,452 - root - INFO - Cloudflare (Anycast): Tiempo - 0.1300 segundos, Ancho de banda - 2799309.81 bytes/segundo, Error - 0
2024-11-27 03:40:32,622 - root - INFO - Cloudflare (Anycast): Tiempo - 0.1566 segundos, Ancho de banda - 2324623.74 bytes/segundo, Error - 0
2024-11-27 03:40:32,780 - root - INFO - Cloudflare (Anycast): Tiempo - 0.1470 segundos, Ancho de banda - 2475482.38 bytes/segundo, Error - 0
2024-11-27 03:40:32,915 - root - INFO - Cloudflare (Anycast): Tiempo - 0.1243 segundos, Ancho de banda - 2928436.94 bytes/segundo, Error - 0
2024-11-27 03:40:33,049 - root - INFO - Cloudflare (Anycast): Tiempo - 0.1237 segundos, Ancho de banda - 2943314.20 bytes/segundo, Error - 0
2024-11-27 03:40:33,189 - root - INFO - Cloudflare (Anycast): Tiempo - 0.1293 segundos, Ancho de banda - 2815084.67 bytes/segundo, Error - 0
2024-11-27 03:40:33,368 - root - INFO - Cloudflare (Anycast): Tiempo - 0.1546 segundos, Ancho de banda - 2354031.39 bytes/segundo, Error - 0
2024-11-27 03:40:33,528 - root - INFO - Cloudflare (Anycast): Tiempo - 0.1493 segundos, Ancho de banda - 2438288.98 bytes/segundo, Error - 0
2024-11-27 03:40:33,679 - root - INFO - Cloudflare (Anycast): Tiempo - 0.1399 segundos, Ancho de banda - 2602125.52 bytes/segundo, Error - 0
2024-11-27 03:40:33,855 - root - INFO - Cloudflare (Anycast): Tiempo - 0.1647 segundos, Ancho de banda - 2209360.95 bytes/segundo, Error - 0
2024-11-27 03:40:33,988 - root - INFO - Cloudflare (Anycast): Tiempo - 0.1212 segundos, Ancho de banda - 3002676.15 bytes/segundo, Error - 0
2024-11-27 03:40:34,116 - root - INFO - Cloudflare (Anycast): Tiempo - 0.1173 segundos, Ancho de banda - 3103228.21 bytes/segundo, Error - 0
2024-11-27 03:40:34,254 - root - INFO - Cloudflare (Anycast): Tiempo - 0.1259 segundos, Ancho de banda - 2891857.97 bytes/segundo, Error - 0
2024-11-27 03:40:34,389 - root - INFO - Cloudflare (Anycast): Tiempo - 0.1244 segundos, Ancho de banda - 2925501.94 bytes/segundo, Error - 0
2024-11-27 03:40:34,547 - root - INFO - Cloudflare (Anycast): Tiempo - 0.1468 segundos, Ancho de banda - 2480167.67 bytes/segundo, Error - 0
2024-11-27 03:40:34,672 - root - INFO - Cloudflare (Anycast): Tiempo - 0.1152 segundos, Ancho de banda - 3158188.12 bytes/segundo, Error - 0
2024-11-27 03:40:34,832 - root - INFO - Cloudflare (Anycast): Tiempo - 0.1488 segundos, Ancho de banda - 2445495.37 bytes/segundo, Error - 0
2024-11-27 03:40:34,959 - root - INFO - Cloudflare (Anycast): Tiempo - 0.1156 segundos, Ancho de banda - 3149892.82 bytes/segundo, Error - 0
2024-11-27 03:40:35,115 - root - INFO - Cloudflare (Anycast): Tiempo - 0.1450 segundos, Ancho de banda - 2510273.16 bytes/segundo, Error - 0
2024-11-27 03:40:35,266 - root - INFO - Cloudflare (Anycast): Tiempo - 0.1397 segundos, Ancho de banda - 2606319.23 bytes/segundo, Error - 0
2024-11-27 03:40:35,415 - root - INFO - Cloudflare (Anycast): Tiempo - 0.1379 segundos, Ancho de banda - 2639193.29 bytes/segundo, Error - 0
2024-11-27 03:40:35,574 - root - INFO - Cloudflare (Anycast): Tiempo - 0.1478 segundos, Ancho de banda - 2462659.83 bytes/segundo, Error - 0
2024-11-27 03:40:35,710 - root - INFO - Cloudflare (Anycast): Tiempo - 0.1259 segundos, Ancho de banda - 2891167.90 bytes/segundo, Error - 0
2024-11-27 03:40:35,850 - root - INFO - Cloudflare (Anycast): Tiempo - 0.1300 segundos, Ancho de banda - 2799345.75 bytes/segundo, Error - 0
2024-11-27 03:40:35,979 - root - INFO - Cloudflare (Anycast): Tiempo - 0.1178 segundos, Ancho de banda - 3089062.15 bytes/segundo, Error - 0
2024-11-27 03:40:36,108 - root - INFO - Cloudflare (Anycast): Tiempo - 0.1178 segundos, Ancho de banda - 3088643.42 bytes/segundo, Error - 0
2024-11-27 03:40:36,245 - root - INFO - Cloudflare (Anycast): Tiempo - 0.1255 segundos, Ancho de banda - 2899531.07 bytes/segundo, Error - 0
2024-11-27 03:40:36,374 - root - INFO - Cloudflare (Anycast): Tiempo - 0.1189 segundos, Ancho de banda - 3062268.90 bytes/segundo, Error - 0
2024-11-27 03:40:36,537 - root - INFO - Cloudflare (Anycast): Tiempo - 0.1491 segundos, Ancho de banda - 2440787.84 bytes/segundo, Error - 0
2024-11-27 03:40:36,700 - root - INFO - Cloudflare (Anycast): Tiempo - 0.1491 segundos, Ancho de banda - 2441447.52 bytes/segundo, Error - 0
2024-11-27 03:40:36,850 - root - INFO - Cloudflare (Anycast): Tiempo - 0.1357 segundos, Ancho de banda - 2681748.66 bytes/segundo, Error - 0
2024-11-27 03:40:37,017 - root - INFO - Cloudflare (Anycast): Tiempo - 0.1485 segundos, Ancho de banda - 2450937.04 bytes/segundo, Error - 0
2024-11-27 03:40:37,193 - root - INFO - Cloudflare (Anycast): Tiempo - 0.1652 segundos, Ancho de banda - 2203712.76 bytes/segundo, Error - 0
2024-11-27 03:40:37,335 - root - INFO - Cloudflare (Anycast): Tiempo - 0.1320 segundos, Ancho de banda - 2757444.17 bytes/segundo, Error - 0
2024-11-27 03:40:37,479 - root - INFO - Cloudflare (Anycast): Tiempo - 0.1328 segundos, Ancho de banda - 2741356.56 bytes/segundo, Error - 0
2024-11-27 03:40:37,616 - root - INFO - Cloudflare (Anycast): Tiempo - 0.1264 segundos, Ancho de banda - 2879774.85 bytes/segundo, Error - 0
2024-11-27 03:40:37,779 - root - INFO - Cloudflare (Anycast): Tiempo - 0.1496 segundos, Ancho de banda - 2433314.32 bytes/segundo, Error - 0
2024-11-27 03:40:37,978 - root - INFO - Cloudflare (Anycast): Tiempo - 0.1885 segundos, Ancho de banda - 1931124.45 bytes/segundo, Error - 0
2024-11-27 03:40:38,109 - root - INFO - Cloudflare (Anycast): Tiempo - 0.1200 segundos, Ancho de banda - 3033143.66 bytes/segundo, Error - 0
2024-11-27 03:40:38,265 - root - INFO - Cloudflare (Anycast): Tiempo - 0.1448 segundos, Ancho de banda - 2513091.44 bytes/segundo, Error - 0
2024-11-27 03:40:38,410 - root - INFO - Cloudflare (Anycast): Tiempo - 0.1336 segundos, Ancho de banda - 2723525.24 bytes/segundo, Error - 0
2024-11-27 03:40:38,563 - root - INFO - Cloudflare (Anycast): Tiempo - 0.1427 segundos, Ancho de banda - 2550820.50 bytes/segundo, Error - 0
2024-11-27 03:40:38,733 - root - INFO - Cloudflare (Anycast): Tiempo - 0.1568 segundos, Ancho de banda - 2320560.12 bytes/segundo, Error - 0
2024-11-27 03:40:38,888 - root - INFO - Cloudflare (Anycast): Tiempo - 0.1440 segundos, Ancho de banda - 2527826.48 bytes/segundo, Error - 0
2024-11-27 03:40:39,037 - root - INFO - Cloudflare (Anycast): Tiempo - 0.1383 segundos, Ancho de banda - 2631663.73 bytes/segundo, Error - 0
2024-11-27 03:40:39,217 - root - INFO - Cloudflare (Anycast): Tiempo - 0.1620 segundos, Ancho de banda - 2246248.11 bytes/segundo, Error - 0
2024-11-27 03:40:39,364 - root - INFO - Cloudflare (Anycast): Tiempo - 0.1331 segundos, Ancho de banda - 2734908.29 bytes/segundo, Error - 0
2024-11-27 03:40:39,496 - root - INFO - Cloudflare (Anycast): Tiempo - 0.1208 segundos, Ancho de banda - 3012072.23 bytes/segundo, Error - 0
2024-11-27 03:40:39,640 - root - INFO - Cloudflare (Anycast): Tiempo - 0.1350 segundos, Ancho de banda - 2696775.43 bytes/segundo, Error - 0
2024-11-27 03:40:39,773 - root - INFO - Cloudflare (Anycast): Tiempo - 0.1228 segundos, Ancho de banda - 2962931.00 bytes/segundo, Error - 0
2024-11-27 03:40:39,774 - root - INFO - Resultados para Cloudflare (Anycast):
 - Tiempo promedio: 0.1350 segundos
 - Ancho de banda promedio: 2724694.90 bytes/segundo
 - Tasa de error: 0.00%

2024-11-27 03:40:39,905 - root - INFO - Bing (FastRoute): Tiempo - 0.1216 segundos, Ancho de banda - 438788.52 bytes/segundo, Error - 0
2024-11-27 03:40:40,028 - root - INFO - Bing (FastRoute): Tiempo - 0.1149 segundos, Ancho de banda - 452568.40 bytes/segundo, Error - 0
2024-11-27 03:40:40,149 - root - INFO - Bing (FastRoute): Tiempo - 0.1121 segundos, Ancho de banda - 472987.94 bytes/segundo, Error - 0
2024-11-27 03:40:40,302 - root - INFO - Bing (FastRoute): Tiempo - 0.1474 segundos, Ancho de banda - 359207.74 bytes/segundo, Error - 0
2024-11-27 03:40:40,431 - root - INFO - Bing (FastRoute): Tiempo - 0.1249 segundos, Ancho de banda - 417232.71 bytes/segundo, Error - 0
2024-11-27 03:40:40,561 - root - INFO - Bing (FastRoute): Tiempo - 0.1197 segundos, Ancho de banda - 434727.54 bytes/segundo, Error - 0
2024-11-27 03:40:40,679 - root - INFO - Bing (FastRoute): Tiempo - 0.1085 segundos, Ancho de banda - 477165.08 bytes/segundo, Error - 0
2024-11-27 03:40:40,805 - root - INFO - Bing (FastRoute): Tiempo - 0.1192 segundos, Ancho de banda - 447225.58 bytes/segundo, Error - 0
2024-11-27 03:40:40,936 - root - INFO - Bing (FastRoute): Tiempo - 0.1224 segundos, Ancho de banda - 434758.08 bytes/segundo, Error - 0
2024-11-27 03:40:41,059 - root - INFO - Bing (FastRoute): Tiempo - 0.1158 segundos, Ancho de banda - 450389.03 bytes/segundo, Error - 0
2024-11-27 03:40:41,177 - root - INFO - Bing (FastRoute): Tiempo - 0.1104 segundos, Ancho de banda - 470880.71 bytes/segundo, Error - 0
2024-11-27 03:40:41,299 - root - INFO - Bing (FastRoute): Tiempo - 0.1193 segundos, Ancho de banda - 436241.60 bytes/segundo, Error - 0
2024-11-27 03:40:41,413 - root - INFO - Bing (FastRoute): Tiempo - 0.1109 segundos, Ancho de banda - 469860.82 bytes/segundo, Error - 0
2024-11-27 03:40:41,545 - root - INFO - Bing (FastRoute): Tiempo - 0.1288 segundos, Ancho de banda - 404209.67 bytes/segundo, Error - 0
2024-11-27 03:40:41,787 - root - INFO - Bing (FastRoute): Tiempo - 0.2346 segundos, Ancho de banda - 223461.83 bytes/segundo, Error - 0
2024-11-27 03:40:41,913 - root - INFO - Bing (FastRoute): Tiempo - 0.1187 segundos, Ancho de banda - 448585.82 bytes/segundo, Error - 0
2024-11-27 03:40:42,045 - root - INFO - Bing (FastRoute): Tiempo - 0.1235 segundos, Ancho de banda - 421694.18 bytes/segundo, Error - 0
2024-11-27 03:40:42,167 - root - INFO - Bing (FastRoute): Tiempo - 0.1134 segundos, Ancho de banda - 459116.57 bytes/segundo, Error - 0
2024-11-27 03:40:42,300 - root - INFO - Bing (FastRoute): Tiempo - 0.1262 segundos, Ancho de banda - 415131.56 bytes/segundo, Error - 0
2024-11-27 03:40:42,427 - root - INFO - Bing (FastRoute): Tiempo - 0.1180 segundos, Ancho de banda - 442435.02 bytes/segundo, Error - 0
2024-11-27 03:40:42,552 - root - INFO - Bing (FastRoute): Tiempo - 0.1201 segundos, Ancho de banda - 431946.58 bytes/segundo, Error - 0
2024-11-27 03:40:42,676 - root - INFO - Bing (FastRoute): Tiempo - 0.1157 segundos, Ancho de banda - 448028.32 bytes/segundo, Error - 0
2024-11-27 03:40:42,800 - root - INFO - Bing (FastRoute): Tiempo - 0.1150 segundos, Ancho de banda - 449971.14 bytes/segundo, Error - 0
2024-11-27 03:40:42,920 - root - INFO - Bing (FastRoute): Tiempo - 0.1141 segundos, Ancho de banda - 456276.45 bytes/segundo, Error - 0
2024-11-27 03:40:43,069 - root - INFO - Bing (FastRoute): Tiempo - 0.1472 segundos, Ancho de banda - 353774.23 bytes/segundo, Error - 0
2024-11-27 03:40:43,203 - root - INFO - Bing (FastRoute): Tiempo - 0.1181 segundos, Ancho de banda - 440765.32 bytes/segundo, Error - 0
2024-11-27 03:40:43,335 - root - INFO - Bing (FastRoute): Tiempo - 0.1250 segundos, Ancho de banda - 418574.09 bytes/segundo, Error - 0
2024-11-27 03:40:43,468 - root - INFO - Bing (FastRoute): Tiempo - 0.1191 segundos, Ancho de banda - 435453.26 bytes/segundo, Error - 0
2024-11-27 03:40:43,587 - root - INFO - Bing (FastRoute): Tiempo - 0.1094 segundos, Ancho de banda - 475126.50 bytes/segundo, Error - 0
2024-11-27 03:40:43,707 - root - INFO - Bing (FastRoute): Tiempo - 0.1112 segundos, Ancho de banda - 471217.97 bytes/segundo, Error - 0
2024-11-27 03:40:43,837 - root - INFO - Bing (FastRoute): Tiempo - 0.1261 segundos, Ancho de banda - 419826.19 bytes/segundo, Error - 0
2024-11-27 03:40:43,961 - root - INFO - Bing (FastRoute): Tiempo - 0.1144 segundos, Ancho de banda - 455113.07 bytes/segundo, Error - 0
2024-11-27 03:40:44,081 - root - INFO - Bing (FastRoute): Tiempo - 0.1128 segundos, Ancho de banda - 459940.20 bytes/segundo, Error - 0
2024-11-27 03:40:44,201 - root - INFO - Bing (FastRoute): Tiempo - 0.1140 segundos, Ancho de banda - 454090.92 bytes/segundo, Error - 0
2024-11-27 03:40:44,316 - root - INFO - Bing (FastRoute): Tiempo - 0.1078 segundos, Ancho de banda - 484818.91 bytes/segundo, Error - 0
2024-11-27 03:40:44,440 - root - INFO - Bing (FastRoute): Tiempo - 0.1161 segundos, Ancho de banda - 453412.42 bytes/segundo, Error - 0
2024-11-27 03:40:44,568 - root - INFO - Bing (FastRoute): Tiempo - 0.1199 segundos, Ancho de banda - 435361.62 bytes/segundo, Error - 0
2024-11-27 03:40:44,692 - root - INFO - Bing (FastRoute): Tiempo - 0.1142 segundos, Ancho de banda - 456950.21 bytes/segundo, Error - 0
2024-11-27 03:40:44,816 - root - INFO - Bing (FastRoute): Tiempo - 0.1173 segundos, Ancho de banda - 446035.15 bytes/segundo, Error - 0
2024-11-27 03:40:44,954 - root - INFO - Bing (FastRoute): Tiempo - 0.1166 segundos, Ancho de banda - 456506.44 bytes/segundo, Error - 0
2024-11-27 03:40:45,077 - root - INFO - Bing (FastRoute): Tiempo - 0.1159 segundos, Ancho de banda - 451234.32 bytes/segundo, Error - 0
2024-11-27 03:40:45,200 - root - INFO - Bing (FastRoute): Tiempo - 0.1161 segundos, Ancho de banda - 456588.10 bytes/segundo, Error - 0
2024-11-27 03:40:45,322 - root - INFO - Bing (FastRoute): Tiempo - 0.1137 segundos, Ancho de banda - 458459.25 bytes/segundo, Error - 0
2024-11-27 03:40:45,444 - root - INFO - Bing (FastRoute): Tiempo - 0.1178 segundos, Ancho de banda - 451578.31 bytes/segundo, Error - 0
2024-11-27 03:40:45,572 - root - INFO - Bing (FastRoute): Tiempo - 0.1147 segundos, Ancho de banda - 455703.93 bytes/segundo, Error - 0
2024-11-27 03:40:45,711 - root - INFO - Bing (FastRoute): Tiempo - 0.1322 segundos, Ancho de banda - 392424.50 bytes/segundo, Error - 0
2024-11-27 03:40:45,838 - root - INFO - Bing (FastRoute): Tiempo - 0.1197 segundos, Ancho de banda - 442663.62 bytes/segundo, Error - 0
2024-11-27 03:40:45,967 - root - INFO - Bing (FastRoute): Tiempo - 0.1230 segundos, Ancho de banda - 423069.18 bytes/segundo, Error - 0
2024-11-27 03:40:46,090 - root - INFO - Bing (FastRoute): Tiempo - 0.1143 segundos, Ancho de banda - 458031.10 bytes/segundo, Error - 0
2024-11-27 03:40:46,209 - root - INFO - Bing (FastRoute): Tiempo - 0.1111 segundos, Ancho de banda - 476879.54 bytes/segundo, Error - 0
2024-11-27 03:40:46,333 - root - INFO - Bing (FastRoute): Tiempo - 0.1138 segundos, Ancho de banda - 458431.58 bytes/segundo, Error - 0
2024-11-27 03:40:46,455 - root - INFO - Bing (FastRoute): Tiempo - 0.1123 segundos, Ancho de banda - 463455.36 bytes/segundo, Error - 0
2024-11-27 03:40:46,574 - root - INFO - Bing (FastRoute): Tiempo - 0.1110 segundos, Ancho de banda - 473487.40 bytes/segundo, Error - 0
2024-11-27 03:40:46,693 - root - INFO - Bing (FastRoute): Tiempo - 0.1118 segundos, Ancho de banda - 477279.47 bytes/segundo, Error - 0
2024-11-27 03:40:46,817 - root - INFO - Bing (FastRoute): Tiempo - 0.1222 segundos, Ancho de banda - 426735.53 bytes/segundo, Error - 0
2024-11-27 03:40:46,947 - root - INFO - Bing (FastRoute): Tiempo - 0.1212 segundos, Ancho de banda - 429373.10 bytes/segundo, Error - 0
2024-11-27 03:40:47,089 - root - INFO - Bing (FastRoute): Tiempo - 0.1334 segundos, Ancho de banda - 389498.98 bytes/segundo, Error - 0
2024-11-27 03:40:47,216 - root - INFO - Bing (FastRoute): Tiempo - 0.1117 segundos, Ancho de banda - 464505.54 bytes/segundo, Error - 0
2024-11-27 03:40:47,333 - root - INFO - Bing (FastRoute): Tiempo - 0.1106 segundos, Ancho de banda - 470684.50 bytes/segundo, Error - 0
2024-11-27 03:40:47,454 - root - INFO - Bing (FastRoute): Tiempo - 0.1113 segundos, Ancho de banda - 469910.34 bytes/segundo, Error - 0
2024-11-27 03:40:47,588 - root - INFO - Bing (FastRoute): Tiempo - 0.1318 segundos, Ancho de banda - 395626.92 bytes/segundo, Error - 0
2024-11-27 03:40:47,710 - root - INFO - Bing (FastRoute): Tiempo - 0.1148 segundos, Ancho de banda - 463377.96 bytes/segundo, Error - 0
2024-11-27 03:40:47,832 - root - INFO - Bing (FastRoute): Tiempo - 0.1125 segundos, Ancho de banda - 471978.49 bytes/segundo, Error - 0
2024-11-27 03:40:47,970 - root - INFO - Bing (FastRoute): Tiempo - 0.1252 segundos, Ancho de banda - 415930.38 bytes/segundo, Error - 0
2024-11-27 03:40:48,100 - root - INFO - Bing (FastRoute): Tiempo - 0.1204 segundos, Ancho de banda - 433952.79 bytes/segundo, Error - 0
2024-11-27 03:40:48,221 - root - INFO - Bing (FastRoute): Tiempo - 0.1141 segundos, Ancho de banda - 460450.17 bytes/segundo, Error - 0
2024-11-27 03:40:48,349 - root - INFO - Bing (FastRoute): Tiempo - 0.1259 segundos, Ancho de banda - 411909.37 bytes/segundo, Error - 0
2024-11-27 03:40:48,472 - root - INFO - Bing (FastRoute): Tiempo - 0.1128 segundos, Ancho de banda - 463818.11 bytes/segundo, Error - 0
2024-11-27 03:40:48,592 - root - INFO - Bing (FastRoute): Tiempo - 0.1132 segundos, Ancho de banda - 461647.56 bytes/segundo, Error - 0
2024-11-27 03:40:48,709 - root - INFO - Bing (FastRoute): Tiempo - 0.1096 segundos, Ancho de banda - 475269.89 bytes/segundo, Error - 0
2024-11-27 03:40:48,826 - root - INFO - Bing (FastRoute): Tiempo - 0.1100 segundos, Ancho de banda - 474050.57 bytes/segundo, Error - 0
2024-11-27 03:40:48,944 - root - INFO - Bing (FastRoute): Tiempo - 0.1108 segundos, Ancho de banda - 469360.76 bytes/segundo, Error - 0
2024-11-27 03:40:49,077 - root - INFO - Bing (FastRoute): Tiempo - 0.1241 segundos, Ancho de banda - 417998.86 bytes/segundo, Error - 0
2024-11-27 03:40:49,196 - root - INFO - Bing (FastRoute): Tiempo - 0.1109 segundos, Ancho de banda - 469405.35 bytes/segundo, Error - 0
2024-11-27 03:40:49,315 - root - INFO - Bing (FastRoute): Tiempo - 0.1103 segundos, Ancho de banda - 484132.84 bytes/segundo, Error - 0
2024-11-27 03:40:49,453 - root - INFO - Bing (FastRoute): Tiempo - 0.1227 segundos, Ancho de banda - 424380.36 bytes/segundo, Error - 0
2024-11-27 03:40:49,581 - root - INFO - Bing (FastRoute): Tiempo - 0.1197 segundos, Ancho de banda - 444269.28 bytes/segundo, Error - 0
2024-11-27 03:40:49,709 - root - INFO - Bing (FastRoute): Tiempo - 0.1187 segundos, Ancho de banda - 445465.73 bytes/segundo, Error - 0
2024-11-27 03:40:49,832 - root - INFO - Bing (FastRoute): Tiempo - 0.1157 segundos, Ancho de banda - 448268.07 bytes/segundo, Error - 0
2024-11-27 03:40:49,963 - root - INFO - Bing (FastRoute): Tiempo - 0.1210 segundos, Ancho de banda - 430981.05 bytes/segundo, Error - 0
2024-11-27 03:40:50,088 - root - INFO - Bing (FastRoute): Tiempo - 0.1180 segundos, Ancho de banda - 440858.76 bytes/segundo, Error - 0
2024-11-27 03:40:50,206 - root - INFO - Bing (FastRoute): Tiempo - 0.1115 segundos, Ancho de banda - 466497.95 bytes/segundo, Error - 0
2024-11-27 03:40:50,330 - root - INFO - Bing (FastRoute): Tiempo - 0.1138 segundos, Ancho de banda - 461614.71 bytes/segundo, Error - 0
2024-11-27 03:40:50,449 - root - INFO - Bing (FastRoute): Tiempo - 0.1115 segundos, Ancho de banda - 468569.59 bytes/segundo, Error - 0
2024-11-27 03:40:50,576 - root - INFO - Bing (FastRoute): Tiempo - 0.1188 segundos, Ancho de banda - 448166.98 bytes/segundo, Error - 0
2024-11-27 03:40:50,700 - root - INFO - Bing (FastRoute): Tiempo - 0.1207 segundos, Ancho de banda - 430676.68 bytes/segundo, Error - 0
2024-11-27 03:40:50,845 - root - INFO - Bing (FastRoute): Tiempo - 0.1411 segundos, Ancho de banda - 377237.54 bytes/segundo, Error - 0
2024-11-27 03:40:50,964 - root - INFO - Bing (FastRoute): Tiempo - 0.1106 segundos, Ancho de banda - 468002.53 bytes/segundo, Error - 0
2024-11-27 03:40:51,090 - root - INFO - Bing (FastRoute): Tiempo - 0.1166 segundos, Ancho de banda - 454527.62 bytes/segundo, Error - 0
2024-11-27 03:40:51,212 - root - INFO - Bing (FastRoute): Tiempo - 0.1195 segundos, Ancho de banda - 435647.97 bytes/segundo, Error - 0
2024-11-27 03:40:51,328 - root - INFO - Bing (FastRoute): Tiempo - 0.1081 segundos, Ancho de banda - 492246.96 bytes/segundo, Error - 0
2024-11-27 03:40:51,445 - root - INFO - Bing (FastRoute): Tiempo - 0.1089 segundos, Ancho de banda - 488035.32 bytes/segundo, Error - 0
2024-11-27 03:40:51,565 - root - INFO - Bing (FastRoute): Tiempo - 0.1121 segundos, Ancho de banda - 467291.33 bytes/segundo, Error - 0
2024-11-27 03:40:51,684 - root - INFO - Bing (FastRoute): Tiempo - 0.1113 segundos, Ancho de banda - 469903.78 bytes/segundo, Error - 0
2024-11-27 03:40:51,803 - root - INFO - Bing (FastRoute): Tiempo - 0.1117 segundos, Ancho de banda - 469672.92 bytes/segundo, Error - 0
2024-11-27 03:40:51,921 - root - INFO - Bing (FastRoute): Tiempo - 0.1099 segundos, Ancho de banda - 479762.60 bytes/segundo, Error - 0
2024-11-27 03:40:52,055 - root - INFO - Bing (FastRoute): Tiempo - 0.1289 segundos, Ancho de banda - 402020.65 bytes/segundo, Error - 0
2024-11-27 03:40:52,188 - root - INFO - Bing (FastRoute): Tiempo - 0.1242 segundos, Ancho de banda - 420105.17 bytes/segundo, Error - 0
2024-11-27 03:40:52,311 - root - INFO - Bing (FastRoute): Tiempo - 0.1159 segundos, Ancho de banda - 451158.46 bytes/segundo, Error - 0
2024-11-27 03:40:52,449 - root - INFO - Bing (FastRoute): Tiempo - 0.1343 segundos, Ancho de banda - 390996.21 bytes/segundo, Error - 0
2024-11-27 03:40:52,567 - root - INFO - Bing (FastRoute): Tiempo - 0.1091 segundos, Ancho de banda - 474303.95 bytes/segundo, Error - 0
2024-11-27 03:40:52,697 - root - INFO - Bing (FastRoute): Tiempo - 0.1240 segundos, Ancho de banda - 418568.16 bytes/segundo, Error - 0
2024-11-27 03:40:52,821 - root - INFO - Bing (FastRoute): Tiempo - 0.1143 segundos, Ancho de banda - 455728.62 bytes/segundo, Error - 0
2024-11-27 03:40:52,942 - root - INFO - Bing (FastRoute): Tiempo - 0.1131 segundos, Ancho de banda - 472461.61 bytes/segundo, Error - 0
2024-11-27 03:40:53,064 - root - INFO - Bing (FastRoute): Tiempo - 0.1123 segundos, Ancho de banda - 461931.48 bytes/segundo, Error - 0
2024-11-27 03:40:53,185 - root - INFO - Bing (FastRoute): Tiempo - 0.1118 segundos, Ancho de banda - 475422.41 bytes/segundo, Error - 0
2024-11-27 03:40:53,308 - root - INFO - Bing (FastRoute): Tiempo - 0.1153 segundos, Ancho de banda - 451412.34 bytes/segundo, Error - 0
2024-11-27 03:40:53,435 - root - INFO - Bing (FastRoute): Tiempo - 0.1193 segundos, Ancho de banda - 444244.72 bytes/segundo, Error - 0
2024-11-27 03:40:53,560 - root - INFO - Bing (FastRoute): Tiempo - 0.1145 segundos, Ancho de banda - 454951.37 bytes/segundo, Error - 0
2024-11-27 03:40:53,698 - root - INFO - Bing (FastRoute): Tiempo - 0.1283 segundos, Ancho de banda - 412918.51 bytes/segundo, Error - 0
2024-11-27 03:40:53,828 - root - INFO - Bing (FastRoute): Tiempo - 0.1209 segundos, Ancho de banda - 441261.13 bytes/segundo, Error - 0
2024-11-27 03:40:53,951 - root - INFO - Bing (FastRoute): Tiempo - 0.1155 segundos, Ancho de banda - 451785.41 bytes/segundo, Error - 0
2024-11-27 03:40:54,079 - root - INFO - Bing (FastRoute): Tiempo - 0.1161 segundos, Ancho de banda - 446431.54 bytes/segundo, Error - 0
2024-11-27 03:40:54,205 - root - INFO - Bing (FastRoute): Tiempo - 0.1194 segundos, Ancho de banda - 435998.28 bytes/segundo, Error - 0
2024-11-27 03:40:54,338 - root - INFO - Bing (FastRoute): Tiempo - 0.1192 segundos, Ancho de banda - 435389.37 bytes/segundo, Error - 0
2024-11-27 03:40:54,465 - root - INFO - Bing (FastRoute): Tiempo - 0.1200 segundos, Ancho de banda - 437607.15 bytes/segundo, Error - 0
2024-11-27 03:40:54,588 - root - INFO - Bing (FastRoute): Tiempo - 0.1126 segundos, Ancho de banda - 476042.44 bytes/segundo, Error - 0
2024-11-27 03:40:54,712 - root - INFO - Bing (FastRoute): Tiempo - 0.1143 segundos, Ancho de banda - 458122.59 bytes/segundo, Error - 0
2024-11-27 03:40:54,832 - root - INFO - Bing (FastRoute): Tiempo - 0.1126 segundos, Ancho de banda - 459980.17 bytes/segundo, Error - 0
2024-11-27 03:40:54,952 - root - INFO - Bing (FastRoute): Tiempo - 0.1103 segundos, Ancho de banda - 475696.37 bytes/segundo, Error - 0
2024-11-27 03:40:55,081 - root - INFO - Bing (FastRoute): Tiempo - 0.1202 segundos, Ancho de banda - 431346.48 bytes/segundo, Error - 0
2024-11-27 03:40:55,212 - root - INFO - Bing (FastRoute): Tiempo - 0.1236 segundos, Ancho de banda - 422225.50 bytes/segundo, Error - 0
2024-11-27 03:40:55,340 - root - INFO - Bing (FastRoute): Tiempo - 0.1177 segundos, Ancho de banda - 449558.72 bytes/segundo, Error - 0
2024-11-27 03:40:55,462 - root - INFO - Bing (FastRoute): Tiempo - 0.1147 segundos, Ancho de banda - 454313.79 bytes/segundo, Error - 0
2024-11-27 03:40:55,583 - root - INFO - Bing (FastRoute): Tiempo - 0.1132 segundos, Ancho de banda - 462382.30 bytes/segundo, Error - 0
2024-11-27 03:40:55,696 - root - INFO - Bing (FastRoute): Tiempo - 0.1067 segundos, Ancho de banda - 485032.36 bytes/segundo, Error - 0
2024-11-27 03:40:55,833 - root - INFO - Bing (FastRoute): Tiempo - 0.1298 segundos, Ancho de banda - 400928.04 bytes/segundo, Error - 0
2024-11-27 03:40:55,954 - root - INFO - Bing (FastRoute): Tiempo - 0.1117 segundos, Ancho de banda - 463427.80 bytes/segundo, Error - 0
2024-11-27 03:40:56,075 - root - INFO - Bing (FastRoute): Tiempo - 0.1121 segundos, Ancho de banda - 473571.75 bytes/segundo, Error - 0
2024-11-27 03:40:56,195 - root - INFO - Bing (FastRoute): Tiempo - 0.1140 segundos, Ancho de banda - 454315.19 bytes/segundo, Error - 0
2024-11-27 03:40:56,320 - root - INFO - Bing (FastRoute): Tiempo - 0.1161 segundos, Ancho de banda - 448286.94 bytes/segundo, Error - 0
2024-11-27 03:40:56,450 - root - INFO - Bing (FastRoute): Tiempo - 0.1276 segundos, Ancho de banda - 405722.41 bytes/segundo, Error - 0
2024-11-27 03:40:56,574 - root - INFO - Bing (FastRoute): Tiempo - 0.1148 segundos, Ancho de banda - 450824.11 bytes/segundo, Error - 0
2024-11-27 03:40:56,705 - root - INFO - Bing (FastRoute): Tiempo - 0.1196 segundos, Ancho de banda - 436531.85 bytes/segundo, Error - 0
2024-11-27 03:40:56,840 - root - INFO - Bing (FastRoute): Tiempo - 0.1158 segundos, Ancho de banda - 458821.48 bytes/segundo, Error - 0
2024-11-27 03:40:56,967 - root - INFO - Bing (FastRoute): Tiempo - 0.1178 segundos, Ancho de banda - 457252.08 bytes/segundo, Error - 0
2024-11-27 03:40:57,098 - root - INFO - Bing (FastRoute): Tiempo - 0.1134 segundos, Ancho de banda - 461329.61 bytes/segundo, Error - 0
2024-11-27 03:40:57,216 - root - INFO - Bing (FastRoute): Tiempo - 0.1110 segundos, Ancho de banda - 467161.91 bytes/segundo, Error - 0
2024-11-27 03:40:57,334 - root - INFO - Bing (FastRoute): Tiempo - 0.1055 segundos, Ancho de banda - 493362.79 bytes/segundo, Error - 0
2024-11-27 03:40:57,452 - root - INFO - Bing (FastRoute): Tiempo - 0.1129 segundos, Ancho de banda - 461636.90 bytes/segundo, Error - 0
2024-11-27 03:40:57,572 - root - INFO - Bing (FastRoute): Tiempo - 0.1139 segundos, Ancho de banda - 458907.01 bytes/segundo, Error - 0
2024-11-27 03:40:57,688 - root - INFO - Bing (FastRoute): Tiempo - 0.1092 segundos, Ancho de banda - 478923.78 bytes/segundo, Error - 0
2024-11-27 03:40:57,808 - root - INFO - Bing (FastRoute): Tiempo - 0.1169 segundos, Ancho de banda - 447643.80 bytes/segundo, Error - 0
2024-11-27 03:40:57,933 - root - INFO - Bing (FastRoute): Tiempo - 0.1152 segundos, Ancho de banda - 454172.08 bytes/segundo, Error - 0
2024-11-27 03:40:58,072 - root - INFO - Bing (FastRoute): Tiempo - 0.1285 segundos, Ancho de banda - 414257.34 bytes/segundo, Error - 0
2024-11-27 03:40:58,211 - root - INFO - Bing (FastRoute): Tiempo - 0.1358 segundos, Ancho de banda - 381125.68 bytes/segundo, Error - 0
2024-11-27 03:40:58,329 - root - INFO - Bing (FastRoute): Tiempo - 0.1104 segundos, Ancho de banda - 472970.72 bytes/segundo, Error - 0
2024-11-27 03:40:58,449 - root - INFO - Bing (FastRoute): Tiempo - 0.1122 segundos, Ancho de banda - 464014.94 bytes/segundo, Error - 0
2024-11-27 03:40:58,571 - root - INFO - Bing (FastRoute): Tiempo - 0.1158 segundos, Ancho de banda - 449214.87 bytes/segundo, Error - 0
2024-11-27 03:40:58,691 - root - INFO - Bing (FastRoute): Tiempo - 0.1128 segundos, Ancho de banda - 469351.57 bytes/segundo, Error - 0
2024-11-27 03:40:58,810 - root - INFO - Bing (FastRoute): Tiempo - 0.1163 segundos, Ancho de banda - 445930.38 bytes/segundo, Error - 0
2024-11-27 03:40:58,944 - root - INFO - Bing (FastRoute): Tiempo - 0.1157 segundos, Ancho de banda - 450174.03 bytes/segundo, Error - 0
2024-11-27 03:40:59,066 - root - INFO - Bing (FastRoute): Tiempo - 0.1204 segundos, Ancho de banda - 434159.97 bytes/segundo, Error - 0
2024-11-27 03:40:59,189 - root - INFO - Bing (FastRoute): Tiempo - 0.1135 segundos, Ancho de banda - 456521.09 bytes/segundo, Error - 0
2024-11-27 03:40:59,313 - root - INFO - Bing (FastRoute): Tiempo - 0.1158 segundos, Ancho de banda - 458727.71 bytes/segundo, Error - 0
2024-11-27 03:40:59,429 - root - INFO - Bing (FastRoute): Tiempo - 0.1089 segundos, Ancho de banda - 475472.38 bytes/segundo, Error - 0
2024-11-27 03:40:59,554 - root - INFO - Bing (FastRoute): Tiempo - 0.1189 segundos, Ancho de banda - 435456.90 bytes/segundo, Error - 0
2024-11-27 03:40:59,678 - root - INFO - Bing (FastRoute): Tiempo - 0.1182 segundos, Ancho de banda - 449672.02 bytes/segundo, Error - 0
2024-11-27 03:40:59,801 - root - INFO - Bing (FastRoute): Tiempo - 0.1137 segundos, Ancho de banda - 456094.21 bytes/segundo, Error - 0
2024-11-27 03:40:59,940 - root - INFO - Bing (FastRoute): Tiempo - 0.1331 segundos, Ancho de banda - 393128.67 bytes/segundo, Error - 0
2024-11-27 03:41:00,064 - root - INFO - Bing (FastRoute): Tiempo - 0.1133 segundos, Ancho de banda - 466877.47 bytes/segundo, Error - 0
2024-11-27 03:41:00,185 - root - INFO - Bing (FastRoute): Tiempo - 0.1118 segundos, Ancho de banda - 475660.88 bytes/segundo, Error - 0
2024-11-27 03:41:00,319 - root - INFO - Bing (FastRoute): Tiempo - 0.1241 segundos, Ancho de banda - 423670.08 bytes/segundo, Error - 0
2024-11-27 03:41:00,438 - root - INFO - Bing (FastRoute): Tiempo - 0.1133 segundos, Ancho de banda - 457887.25 bytes/segundo, Error - 0
2024-11-27 03:41:00,578 - root - INFO - Bing (FastRoute): Tiempo - 0.1337 segundos, Ancho de banda - 387864.23 bytes/segundo, Error - 0
2024-11-27 03:41:00,701 - root - INFO - Bing (FastRoute): Tiempo - 0.1153 segundos, Ancho de banda - 449903.27 bytes/segundo, Error - 0
2024-11-27 03:41:00,825 - root - INFO - Bing (FastRoute): Tiempo - 0.1161 segundos, Ancho de banda - 452061.43 bytes/segundo, Error - 0
2024-11-27 03:41:00,952 - root - INFO - Bing (FastRoute): Tiempo - 0.1238 segundos, Ancho de banda - 422091.09 bytes/segundo, Error - 0
2024-11-27 03:41:01,083 - root - INFO - Bing (FastRoute): Tiempo - 0.1225 segundos, Ancho de banda - 426804.18 bytes/segundo, Error - 0
2024-11-27 03:41:01,209 - root - INFO - Bing (FastRoute): Tiempo - 0.1203 segundos, Ancho de banda - 430489.29 bytes/segundo, Error - 0
2024-11-27 03:41:01,328 - root - INFO - Bing (FastRoute): Tiempo - 0.1112 segundos, Ancho de banda - 468299.35 bytes/segundo, Error - 0
2024-11-27 03:41:01,453 - root - INFO - Bing (FastRoute): Tiempo - 0.1153 segundos, Ancho de banda - 463752.94 bytes/segundo, Error - 0
2024-11-27 03:41:01,580 - root - INFO - Bing (FastRoute): Tiempo - 0.1181 segundos, Ancho de banda - 440803.54 bytes/segundo, Error - 0
2024-11-27 03:41:01,699 - root - INFO - Bing (FastRoute): Tiempo - 0.1123 segundos, Ancho de banda - 461036.72 bytes/segundo, Error - 0
2024-11-27 03:41:01,828 - root - INFO - Bing (FastRoute): Tiempo - 0.1272 segundos, Ancho de banda - 409809.06 bytes/segundo, Error - 0
2024-11-27 03:41:01,954 - root - INFO - Bing (FastRoute): Tiempo - 0.1200 segundos, Ancho de banda - 447786.69 bytes/segundo, Error - 0
2024-11-27 03:41:02,085 - root - INFO - Bing (FastRoute): Tiempo - 0.1130 segundos, Ancho de banda - 459121.77 bytes/segundo, Error - 0
2024-11-27 03:41:02,200 - root - INFO - Bing (FastRoute): Tiempo - 0.1088 segundos, Ancho de banda - 475909.03 bytes/segundo, Error - 0
2024-11-27 03:41:02,342 - root - INFO - Bing (FastRoute): Tiempo - 0.1333 segundos, Ancho de banda - 391548.62 bytes/segundo, Error - 0
2024-11-27 03:41:02,472 - root - INFO - Bing (FastRoute): Tiempo - 0.1239 segundos, Ancho de banda - 418714.60 bytes/segundo, Error - 0
2024-11-27 03:41:02,602 - root - INFO - Bing (FastRoute): Tiempo - 0.1197 segundos, Ancho de banda - 435843.69 bytes/segundo, Error - 0
2024-11-27 03:41:02,726 - root - INFO - Bing (FastRoute): Tiempo - 0.1147 segundos, Ancho de banda - 451798.38 bytes/segundo, Error - 0
2024-11-27 03:41:02,844 - root - INFO - Bing (FastRoute): Tiempo - 0.1087 segundos, Ancho de banda - 478969.62 bytes/segundo, Error - 0
2024-11-27 03:41:02,980 - root - INFO - Bing (FastRoute): Tiempo - 0.1283 segundos, Ancho de banda - 406921.26 bytes/segundo, Error - 0
2024-11-27 03:41:03,102 - root - INFO - Bing (FastRoute): Tiempo - 0.1124 segundos, Ancho de banda - 461390.96 bytes/segundo, Error - 0
2024-11-27 03:41:03,229 - root - INFO - Bing (FastRoute): Tiempo - 0.1157 segundos, Ancho de banda - 461626.58 bytes/segundo, Error - 0
2024-11-27 03:41:03,351 - root - INFO - Bing (FastRoute): Tiempo - 0.1123 segundos, Ancho de banda - 461655.80 bytes/segundo, Error - 0
2024-11-27 03:41:03,496 - root - INFO - Bing (FastRoute): Tiempo - 0.1363 segundos, Ancho de banda - 382124.93 bytes/segundo, Error - 0
2024-11-27 03:41:03,627 - root - INFO - Bing (FastRoute): Tiempo - 0.1123 segundos, Ancho de banda - 474044.16 bytes/segundo, Error - 0
2024-11-27 03:41:03,751 - root - INFO - Bing (FastRoute): Tiempo - 0.1075 segundos, Ancho de banda - 484770.58 bytes/segundo, Error - 0
2024-11-27 03:41:03,873 - root - INFO - Bing (FastRoute): Tiempo - 0.1124 segundos, Ancho de banda - 471417.41 bytes/segundo, Error - 0
2024-11-27 03:41:04,016 - root - INFO - Bing (FastRoute): Tiempo - 0.1204 segundos, Ancho de banda - 431159.62 bytes/segundo, Error - 0
2024-11-27 03:41:04,134 - root - INFO - Bing (FastRoute): Tiempo - 0.1115 segundos, Ancho de banda - 466448.42 bytes/segundo, Error - 0
2024-11-27 03:41:04,263 - root - INFO - Bing (FastRoute): Tiempo - 0.1225 segundos, Ancho de banda - 432703.23 bytes/segundo, Error - 0
2024-11-27 03:41:04,386 - root - INFO - Bing (FastRoute): Tiempo - 0.1159 segundos, Ancho de banda - 446811.86 bytes/segundo, Error - 0
2024-11-27 03:41:04,517 - root - INFO - Bing (FastRoute): Tiempo - 0.1232 segundos, Ancho de banda - 421375.33 bytes/segundo, Error - 0
2024-11-27 03:41:04,642 - root - INFO - Bing (FastRoute): Tiempo - 0.1166 segundos, Ancho de banda - 448174.19 bytes/segundo, Error - 0
2024-11-27 03:41:04,763 - root - INFO - Bing (FastRoute): Tiempo - 0.1129 segundos, Ancho de banda - 459685.68 bytes/segundo, Error - 0
2024-11-27 03:41:04,883 - root - INFO - Bing (FastRoute): Tiempo - 0.1116 segundos, Ancho de banda - 469099.38 bytes/segundo, Error - 0
2024-11-27 03:41:05,010 - root - INFO - Bing (FastRoute): Tiempo - 0.1195 segundos, Ancho de banda - 435539.24 bytes/segundo, Error - 0
2024-11-27 03:41:05,010 - root - INFO - Resultados para Bing (FastRoute):
 - Tiempo promedio: 0.1180 segundos
 - Ancho de banda promedio: 446254.90 bytes/segundo
 - Tasa de error: 0.00%

