2024-11-27 03:43:27,850 - root - INFO - AWS (DNS): Tiempo - 0.3213 segundos, Ancho de banda - 1303978.23 bytes/segundo, Error - 0
2024-11-27 03:43:28,506 - root - INFO - AWS (DNS): Tiempo - 0.4299 segundos, Ancho de banda - 974550.28 bytes/segundo, Error - 0
2024-11-27 03:43:28,721 - root - INFO - AWS (DNS): Tiempo - 0.2102 segundos, Ancho de banda - 1993349.32 bytes/segundo, Error - 0
2024-11-27 03:43:28,928 - root - INFO - AWS (DNS): Tiempo - 0.2019 segundos, Ancho de banda - 2075562.47 bytes/segundo, Error - 0
2024-11-27 03:43:29,137 - root - INFO - AWS (DNS): Tiempo - 0.2042 segundos, Ancho de banda - 2051759.97 bytes/segundo, Error - 0
2024-11-27 03:43:29,349 - root - INFO - AWS (DNS): Tiempo - 0.2073 segundos, Ancho de banda - 2021485.09 bytes/segundo, Error - 0
2024-11-27 03:43:30,003 - root - INFO - AWS (DNS): Tiempo - 0.4267 segundos, Ancho de banda - 981835.79 bytes/segundo, Error - 0
2024-11-27 03:43:30,654 - root - INFO - AWS (DNS): Tiempo - 0.4248 segundos, Ancho de banda - 986219.76 bytes/segundo, Error - 0
2024-11-27 03:43:30,866 - root - INFO - AWS (DNS): Tiempo - 0.2066 segundos, Ancho de banda - 2027949.43 bytes/segundo, Error - 0
2024-11-27 03:43:31,518 - root - INFO - AWS (DNS): Tiempo - 0.4279 segundos, Ancho de banda - 979223.84 bytes/segundo, Error - 0
2024-11-27 03:43:32,182 - root - INFO - AWS (DNS): Tiempo - 0.4353 segundos, Ancho de banda - 962374.66 bytes/segundo, Error - 0
2024-11-27 03:43:32,862 - root - INFO - AWS (DNS): Tiempo - 0.4550 segundos, Ancho de banda - 920740.65 bytes/segundo, Error - 0
2024-11-27 03:43:33,517 - root - INFO - AWS (DNS): Tiempo - 0.4304 segundos, Ancho de banda - 973372.41 bytes/segundo, Error - 0
2024-11-27 03:43:33,730 - root - INFO - AWS (DNS): Tiempo - 0.2085 segundos, Ancho de banda - 2009138.57 bytes/segundo, Error - 0
2024-11-27 03:43:33,946 - root - INFO - AWS (DNS): Tiempo - 0.2117 segundos, Ancho de banda - 1978933.30 bytes/segundo, Error - 0
2024-11-27 03:43:34,152 - root - INFO - AWS (DNS): Tiempo - 0.2019 segundos, Ancho de banda - 2074741.54 bytes/segundo, Error - 0
2024-11-27 03:43:34,365 - root - INFO - AWS (DNS): Tiempo - 0.2082 segundos, Ancho de banda - 2011963.37 bytes/segundo, Error - 0
2024-11-27 03:43:35,020 - root - INFO - AWS (DNS): Tiempo - 0.4315 segundos, Ancho de banda - 971049.33 bytes/segundo, Error - 0
2024-11-27 03:43:35,678 - root - INFO - AWS (DNS): Tiempo - 0.4303 segundos, Ancho de banda - 973680.37 bytes/segundo, Error - 0
2024-11-27 03:43:35,889 - root - INFO - AWS (DNS): Tiempo - 0.2062 segundos, Ancho de banda - 2031689.12 bytes/segundo, Error - 0
2024-11-27 03:43:36,102 - root - INFO - AWS (DNS): Tiempo - 0.2086 segundos, Ancho de banda - 2008229.33 bytes/segundo, Error - 0
2024-11-27 03:43:36,308 - root - INFO - AWS (DNS): Tiempo - 0.2012 segundos, Ancho de banda - 2082123.75 bytes/segundo, Error - 0
2024-11-27 03:43:36,520 - root - INFO - AWS (DNS): Tiempo - 0.2077 segundos, Ancho de banda - 2017613.71 bytes/segundo, Error - 0
2024-11-27 03:43:37,179 - root - INFO - AWS (DNS): Tiempo - 0.4316 segundos, Ancho de banda - 970823.48 bytes/segundo, Error - 0
2024-11-27 03:43:37,836 - root - INFO - AWS (DNS): Tiempo - 0.4303 segundos, Ancho de banda - 973693.32 bytes/segundo, Error - 0
2024-11-27 03:43:38,063 - root - INFO - AWS (DNS): Tiempo - 0.2218 segundos, Ancho de banda - 1889120.46 bytes/segundo, Error - 0
2024-11-27 03:43:38,713 - root - INFO - AWS (DNS): Tiempo - 0.4257 segundos, Ancho de banda - 984229.57 bytes/segundo, Error - 0
2024-11-27 03:43:38,919 - root - INFO - AWS (DNS): Tiempo - 0.2012 segundos, Ancho de banda - 2081978.20 bytes/segundo, Error - 0
2024-11-27 03:43:39,133 - root - INFO - AWS (DNS): Tiempo - 0.2104 segundos, Ancho de banda - 1991359.24 bytes/segundo, Error - 0
2024-11-27 03:43:39,345 - root - INFO - AWS (DNS): Tiempo - 0.2064 segundos, Ancho de banda - 2029427.25 bytes/segundo, Error - 0
2024-11-27 03:43:39,583 - root - INFO - AWS (DNS): Tiempo - 0.2344 segundos, Ancho de banda - 1787148.95 bytes/segundo, Error - 0
2024-11-27 03:43:40,244 - root - INFO - AWS (DNS): Tiempo - 0.4352 segundos, Ancho de banda - 962737.41 bytes/segundo, Error - 0
2024-11-27 03:43:40,452 - root - INFO - AWS (DNS): Tiempo - 0.2039 segundos, Ancho de banda - 2054396.11 bytes/segundo, Error - 0
2024-11-27 03:43:41,109 - root - INFO - AWS (DNS): Tiempo - 0.4313 segundos, Ancho de banda - 971338.64 bytes/segundo, Error - 0
2024-11-27 03:43:41,333 - root - INFO - AWS (DNS): Tiempo - 0.2190 segundos, Ancho de banda - 1913329.98 bytes/segundo, Error - 0
2024-11-27 03:43:41,544 - root - INFO - AWS (DNS): Tiempo - 0.2069 segundos, Ancho de banda - 2025114.60 bytes/segundo, Error - 0
2024-11-27 03:43:42,201 - root - INFO - AWS (DNS): Tiempo - 0.4317 segundos, Ancho de banda - 970535.55 bytes/segundo, Error - 0
2024-11-27 03:43:42,416 - root - INFO - AWS (DNS): Tiempo - 0.2097 segundos, Ancho de banda - 1997791.02 bytes/segundo, Error - 0
2024-11-27 03:43:43,085 - root - INFO - AWS (DNS): Tiempo - 0.4421 segundos, Ancho de banda - 947685.36 bytes/segundo, Error - 0
2024-11-27 03:43:43,291 - root - INFO - AWS (DNS): Tiempo - 0.2019 segundos, Ancho de banda - 2075207.06 bytes/segundo, Error - 0
2024-11-27 03:43:43,947 - root - INFO - AWS (DNS): Tiempo - 0.4316 segundos, Ancho de banda - 970701.75 bytes/segundo, Error - 0
2024-11-27 03:43:44,160 - root - INFO - AWS (DNS): Tiempo - 0.2084 segundos, Ancho de banda - 2010136.00 bytes/segundo, Error - 0
2024-11-27 03:43:44,823 - root - INFO - AWS (DNS): Tiempo - 0.4358 segundos, Ancho de banda - 961275.97 bytes/segundo, Error - 0
2024-11-27 03:43:45,049 - root - INFO - AWS (DNS): Tiempo - 0.2217 segundos, Ancho de banda - 1889593.77 bytes/segundo, Error - 0
2024-11-27 03:43:45,267 - root - INFO - AWS (DNS): Tiempo - 0.2135 segundos, Ancho de banda - 1961999.84 bytes/segundo, Error - 0
2024-11-27 03:43:45,486 - root - INFO - AWS (DNS): Tiempo - 0.2142 segundos, Ancho de banda - 1956233.71 bytes/segundo, Error - 0
2024-11-27 03:43:46,145 - root - INFO - AWS (DNS): Tiempo - 0.4327 segundos, Ancho de banda - 968239.32 bytes/segundo, Error - 0
2024-11-27 03:43:46,359 - root - INFO - AWS (DNS): Tiempo - 0.2092 segundos, Ancho de banda - 2002645.04 bytes/segundo, Error - 0
2024-11-27 03:43:46,567 - root - INFO - AWS (DNS): Tiempo - 0.2039 segundos, Ancho de banda - 2055152.94 bytes/segundo, Error - 0
2024-11-27 03:43:47,228 - root - INFO - AWS (DNS): Tiempo - 0.4371 segundos, Ancho de banda - 958503.86 bytes/segundo, Error - 0
2024-11-27 03:43:47,438 - root - INFO - AWS (DNS): Tiempo - 0.2048 segundos, Ancho de banda - 2045462.18 bytes/segundo, Error - 0
2024-11-27 03:43:48,097 - root - INFO - AWS (DNS): Tiempo - 0.5456 segundos, Ancho de banda - 767905.51 bytes/segundo, Error - 0
2024-11-27 03:43:48,309 - root - INFO - AWS (DNS): Tiempo - 0.2068 segundos, Ancho de banda - 2026408.33 bytes/segundo, Error - 0
2024-11-27 03:43:48,521 - root - INFO - AWS (DNS): Tiempo - 0.2074 segundos, Ancho de banda - 2019930.58 bytes/segundo, Error - 0
2024-11-27 03:43:49,187 - root - INFO - AWS (DNS): Tiempo - 0.4375 segundos, Ancho de banda - 957669.13 bytes/segundo, Error - 0
2024-11-27 03:43:49,403 - root - INFO - AWS (DNS): Tiempo - 0.2120 segundos, Ancho de banda - 1975920.44 bytes/segundo, Error - 0
2024-11-27 03:43:50,060 - root - INFO - AWS (DNS): Tiempo - 0.4308 segundos, Ancho de banda - 972570.80 bytes/segundo, Error - 0
2024-11-27 03:43:50,272 - root - INFO - AWS (DNS): Tiempo - 0.2071 segundos, Ancho de banda - 2023349.47 bytes/segundo, Error - 0
2024-11-27 03:43:50,931 - root - INFO - AWS (DNS): Tiempo - 0.4323 segundos, Ancho de banda - 969069.60 bytes/segundo, Error - 0
2024-11-27 03:43:51,145 - root - INFO - AWS (DNS): Tiempo - 0.2094 segundos, Ancho de banda - 2000704.71 bytes/segundo, Error - 0
2024-11-27 03:43:51,371 - root - INFO - AWS (DNS): Tiempo - 0.2194 segundos, Ancho de banda - 1909668.41 bytes/segundo, Error - 0
2024-11-27 03:43:52,030 - root - INFO - AWS (DNS): Tiempo - 0.4347 segundos, Ancho de banda - 963910.82 bytes/segundo, Error - 0
2024-11-27 03:43:52,240 - root - INFO - AWS (DNS): Tiempo - 0.2050 segundos, Ancho de banda - 2043547.34 bytes/segundo, Error - 0
2024-11-27 03:43:52,894 - root - INFO - AWS (DNS): Tiempo - 0.4289 segundos, Ancho de banda - 976931.98 bytes/segundo, Error - 0
2024-11-27 03:43:53,546 - root - INFO - AWS (DNS): Tiempo - 0.4262 segundos, Ancho de banda - 983111.24 bytes/segundo, Error - 0
2024-11-27 03:43:53,752 - root - INFO - AWS (DNS): Tiempo - 0.2014 segundos, Ancho de banda - 2080038.73 bytes/segundo, Error - 0
2024-11-27 03:43:53,962 - root - INFO - AWS (DNS): Tiempo - 0.2054 segundos, Ancho de banda - 2040057.54 bytes/segundo, Error - 0
2024-11-27 03:43:54,178 - root - INFO - AWS (DNS): Tiempo - 0.2113 segundos, Ancho de banda - 1982413.73 bytes/segundo, Error - 0
2024-11-27 03:43:54,838 - root - INFO - AWS (DNS): Tiempo - 0.4334 segundos, Ancho de banda - 966749.97 bytes/segundo, Error - 0
2024-11-27 03:43:55,063 - root - INFO - AWS (DNS): Tiempo - 0.2201 segundos, Ancho de banda - 1903885.58 bytes/segundo, Error - 0
2024-11-27 03:43:55,722 - root - INFO - AWS (DNS): Tiempo - 0.4329 segundos, Ancho de banda - 967862.82 bytes/segundo, Error - 0
2024-11-27 03:43:55,936 - root - INFO - AWS (DNS): Tiempo - 0.2091 segundos, Ancho de banda - 2003229.48 bytes/segundo, Error - 0
2024-11-27 03:43:56,152 - root - INFO - AWS (DNS): Tiempo - 0.2113 segundos, Ancho de banda - 1982802.94 bytes/segundo, Error - 0
2024-11-27 03:43:56,803 - root - INFO - AWS (DNS): Tiempo - 0.4264 segundos, Ancho de banda - 982540.67 bytes/segundo, Error - 0
2024-11-27 03:43:57,467 - root - INFO - AWS (DNS): Tiempo - 0.4386 segundos, Ancho de banda - 955326.30 bytes/segundo, Error - 0
2024-11-27 03:43:58,122 - root - INFO - AWS (DNS): Tiempo - 0.4289 segundos, Ancho de banda - 976847.81 bytes/segundo, Error - 0
2024-11-27 03:43:58,337 - root - INFO - AWS (DNS): Tiempo - 0.2090 segundos, Ancho de banda - 2004877.31 bytes/segundo, Error - 0
2024-11-27 03:43:59,001 - root - INFO - AWS (DNS): Tiempo - 0.4383 segundos, Ancho de banda - 955977.50 bytes/segundo, Error - 0
2024-11-27 03:43:59,653 - root - INFO - AWS (DNS): Tiempo - 0.4281 segundos, Ancho de banda - 978693.20 bytes/segundo, Error - 0
2024-11-27 03:44:00,317 - root - INFO - AWS (DNS): Tiempo - 0.4385 segundos, Ancho de banda - 955504.47 bytes/segundo, Error - 0
2024-11-27 03:44:00,528 - root - INFO - AWS (DNS): Tiempo - 0.2056 segundos, Ancho de banda - 2037880.99 bytes/segundo, Error - 0
2024-11-27 03:44:01,188 - root - INFO - AWS (DNS): Tiempo - 0.4338 segundos, Ancho de banda - 965724.06 bytes/segundo, Error - 0
2024-11-27 03:44:01,849 - root - INFO - AWS (DNS): Tiempo - 0.4356 segundos, Ancho de banda - 961713.15 bytes/segundo, Error - 0
2024-11-27 03:44:02,501 - root - INFO - AWS (DNS): Tiempo - 0.4282 segundos, Ancho de banda - 978324.87 bytes/segundo, Error - 0
2024-11-27 03:44:03,159 - root - INFO - AWS (DNS): Tiempo - 0.4309 segundos, Ancho de banda - 972310.35 bytes/segundo, Error - 0
2024-11-27 03:44:03,480 - root - INFO - AWS (DNS): Tiempo - 0.2068 segundos, Ancho de banda - 2026109.27 bytes/segundo, Error - 0
2024-11-27 03:44:04,135 - root - INFO - AWS (DNS): Tiempo - 0.4312 segundos, Ancho de banda - 971584.61 bytes/segundo, Error - 0
2024-11-27 03:44:04,341 - root - INFO - AWS (DNS): Tiempo - 0.2018 segundos, Ancho de banda - 2076393.86 bytes/segundo, Error - 0
2024-11-27 03:44:04,570 - root - INFO - AWS (DNS): Tiempo - 0.2255 segundos, Ancho de banda - 1857729.85 bytes/segundo, Error - 0
2024-11-27 03:44:05,225 - root - INFO - AWS (DNS): Tiempo - 0.4300 segundos, Ancho de banda - 974403.30 bytes/segundo, Error - 0
2024-11-27 03:44:05,431 - root - INFO - AWS (DNS): Tiempo - 0.2019 segundos, Ancho de banda - 2074917.92 bytes/segundo, Error - 0
2024-11-27 03:44:06,090 - root - INFO - AWS (DNS): Tiempo - 0.4316 segundos, Ancho de banda - 970675.47 bytes/segundo, Error - 0
2024-11-27 03:44:06,746 - root - INFO - AWS (DNS): Tiempo - 0.4297 segundos, Ancho de banda - 975129.47 bytes/segundo, Error - 0
2024-11-27 03:44:06,950 - root - INFO - AWS (DNS): Tiempo - 0.1993 segundos, Ancho de banda - 2101887.89 bytes/segundo, Error - 0
2024-11-27 03:44:07,162 - root - INFO - AWS (DNS): Tiempo - 0.2076 segundos, Ancho de banda - 2018512.93 bytes/segundo, Error - 0
2024-11-27 03:44:07,815 - root - INFO - AWS (DNS): Tiempo - 0.4214 segundos, Ancho de banda - 994283.60 bytes/segundo, Error - 0
2024-11-27 03:44:08,029 - root - INFO - AWS (DNS): Tiempo - 0.2087 segundos, Ancho de banda - 2007926.43 bytes/segundo, Error - 0
2024-11-27 03:44:08,685 - root - INFO - AWS (DNS): Tiempo - 0.4308 segundos, Ancho de banda - 972433.02 bytes/segundo, Error - 0
2024-11-27 03:44:08,900 - root - INFO - AWS (DNS): Tiempo - 0.2097 segundos, Ancho de banda - 1998397.62 bytes/segundo, Error - 0
2024-11-27 03:44:09,113 - root - INFO - AWS (DNS): Tiempo - 0.2084 segundos, Ancho de banda - 2009938.27 bytes/segundo, Error - 0
2024-11-27 03:44:09,321 - root - INFO - AWS (DNS): Tiempo - 0.2036 segundos, Ancho de banda - 2057682.15 bytes/segundo, Error - 0
2024-11-27 03:44:09,976 - root - INFO - AWS (DNS): Tiempo - 0.4300 segundos, Ancho de banda - 974427.61 bytes/segundo, Error - 0
2024-11-27 03:44:10,193 - root - INFO - AWS (DNS): Tiempo - 0.2127 segundos, Ancho de banda - 1969738.88 bytes/segundo, Error - 0
2024-11-27 03:44:10,869 - root - INFO - AWS (DNS): Tiempo - 0.4295 segundos, Ancho de banda - 975493.23 bytes/segundo, Error - 0
2024-11-27 03:44:11,529 - root - INFO - AWS (DNS): Tiempo - 0.4335 segundos, Ancho de banda - 966466.05 bytes/segundo, Error - 0
2024-11-27 03:44:12,184 - root - INFO - AWS (DNS): Tiempo - 0.4296 segundos, Ancho de banda - 975142.46 bytes/segundo, Error - 0
2024-11-27 03:44:12,839 - root - INFO - AWS (DNS): Tiempo - 0.4311 segundos, Ancho de banda - 971948.42 bytes/segundo, Error - 0
2024-11-27 03:44:13,490 - root - INFO - AWS (DNS): Tiempo - 0.4264 segundos, Ancho de banda - 982486.28 bytes/segundo, Error - 0
2024-11-27 03:44:14,150 - root - INFO - AWS (DNS): Tiempo - 0.4337 segundos, Ancho de banda - 966128.11 bytes/segundo, Error - 0
2024-11-27 03:44:14,366 - root - INFO - AWS (DNS): Tiempo - 0.2110 segundos, Ancho de banda - 1985657.33 bytes/segundo, Error - 0
2024-11-27 03:44:14,582 - root - INFO - AWS (DNS): Tiempo - 0.2107 segundos, Ancho de banda - 1987995.79 bytes/segundo, Error - 0
2024-11-27 03:44:15,243 - root - INFO - AWS (DNS): Tiempo - 0.4341 segundos, Ancho de banda - 965058.47 bytes/segundo, Error - 0
2024-11-27 03:44:15,909 - root - INFO - AWS (DNS): Tiempo - 0.4402 segundos, Ancho de banda - 951832.45 bytes/segundo, Error - 0
2024-11-27 03:44:16,568 - root - INFO - AWS (DNS): Tiempo - 0.4331 segundos, Ancho de banda - 967330.57 bytes/segundo, Error - 0
2024-11-27 03:44:17,228 - root - INFO - AWS (DNS): Tiempo - 0.4344 segundos, Ancho de banda - 964445.66 bytes/segundo, Error - 0
2024-11-27 03:44:17,447 - root - INFO - AWS (DNS): Tiempo - 0.2076 segundos, Ancho de banda - 2018420.19 bytes/segundo, Error - 0
2024-11-27 03:44:17,767 - root - INFO - AWS (DNS): Tiempo - 0.2061 segundos, Ancho de banda - 2033125.34 bytes/segundo, Error - 0
2024-11-27 03:44:18,430 - root - INFO - AWS (DNS): Tiempo - 0.4387 segundos, Ancho de banda - 954982.61 bytes/segundo, Error - 0
2024-11-27 03:44:19,085 - root - INFO - AWS (DNS): Tiempo - 0.4278 segundos, Ancho de banda - 979302.97 bytes/segundo, Error - 0
2024-11-27 03:44:19,295 - root - INFO - AWS (DNS): Tiempo - 0.2052 segundos, Ancho de banda - 2041768.92 bytes/segundo, Error - 0
2024-11-27 03:44:19,948 - root - INFO - AWS (DNS): Tiempo - 0.5403 segundos, Ancho de banda - 775488.58 bytes/segundo, Error - 0
2024-11-27 03:44:20,605 - root - INFO - AWS (DNS): Tiempo - 0.5436 segundos, Ancho de banda - 770689.00 bytes/segundo, Error - 0
2024-11-27 03:44:21,263 - root - INFO - AWS (DNS): Tiempo - 0.4334 segundos, Ancho de banda - 966624.47 bytes/segundo, Error - 0
2024-11-27 03:44:21,953 - root - INFO - AWS (DNS): Tiempo - 0.4647 segundos, Ancho de banda - 901652.15 bytes/segundo, Error - 0
2024-11-27 03:44:22,613 - root - INFO - AWS (DNS): Tiempo - 0.4341 segundos, Ancho de banda - 965164.48 bytes/segundo, Error - 0
2024-11-27 03:44:23,267 - root - INFO - AWS (DNS): Tiempo - 0.4297 segundos, Ancho de banda - 975082.39 bytes/segundo, Error - 0
2024-11-27 03:44:23,923 - root - INFO - AWS (DNS): Tiempo - 0.4317 segundos, Ancho de banda - 970545.74 bytes/segundo, Error - 0
2024-11-27 03:44:24,576 - root - INFO - AWS (DNS): Tiempo - 0.4278 segundos, Ancho de banda - 979287.69 bytes/segundo, Error - 0
2024-11-27 03:44:24,788 - root - INFO - AWS (DNS): Tiempo - 0.2067 segundos, Ancho de banda - 2027411.30 bytes/segundo, Error - 0
2024-11-27 03:44:25,448 - root - INFO - AWS (DNS): Tiempo - 0.4329 segundos, Ancho de banda - 967915.06 bytes/segundo, Error - 0
2024-11-27 03:44:26,109 - root - INFO - AWS (DNS): Tiempo - 0.4362 segundos, Ancho de banda - 960384.97 bytes/segundo, Error - 0
2024-11-27 03:44:26,320 - root - INFO - AWS (DNS): Tiempo - 0.2061 segundos, Ancho de banda - 2032685.56 bytes/segundo, Error - 0
2024-11-27 03:44:26,644 - root - INFO - AWS (DNS): Tiempo - 0.2101 segundos, Ancho de banda - 1993819.74 bytes/segundo, Error - 0
2024-11-27 03:44:27,205 - root - INFO - AWS (DNS): Tiempo - 0.5575 segundos, Ancho de banda - 751505.65 bytes/segundo, Error - 0
2024-11-27 03:44:27,862 - root - INFO - AWS (DNS): Tiempo - 0.4312 segundos, Ancho de banda - 971737.73 bytes/segundo, Error - 0
2024-11-27 03:44:28,073 - root - INFO - AWS (DNS): Tiempo - 0.2054 segundos, Ancho de banda - 2039797.06 bytes/segundo, Error - 0
2024-11-27 03:44:28,728 - root - INFO - AWS (DNS): Tiempo - 0.4302 segundos, Ancho de banda - 973809.87 bytes/segundo, Error - 0
2024-11-27 03:44:29,384 - root - INFO - AWS (DNS): Tiempo - 0.4305 segundos, Ancho de banda - 973203.68 bytes/segundo, Error - 0
2024-11-27 03:44:30,039 - root - INFO - AWS (DNS): Tiempo - 0.4305 segundos, Ancho de banda - 973221.47 bytes/segundo, Error - 0
2024-11-27 03:44:30,698 - root - INFO - AWS (DNS): Tiempo - 0.4332 segundos, Ancho de banda - 967221.42 bytes/segundo, Error - 0
2024-11-27 03:44:30,907 - root - INFO - AWS (DNS): Tiempo - 0.2047 segundos, Ancho de banda - 2046762.98 bytes/segundo, Error - 0
2024-11-27 03:44:31,569 - root - INFO - AWS (DNS): Tiempo - 0.4372 segundos, Ancho de banda - 958330.31 bytes/segundo, Error - 0
2024-11-27 03:44:31,777 - root - INFO - AWS (DNS): Tiempo - 0.2034 segundos, Ancho de banda - 2059971.26 bytes/segundo, Error - 0
2024-11-27 03:44:32,435 - root - INFO - AWS (DNS): Tiempo - 0.4318 segundos, Ancho de banda - 970184.05 bytes/segundo, Error - 0
2024-11-27 03:44:33,091 - root - INFO - AWS (DNS): Tiempo - 0.4302 segundos, Ancho de banda - 973984.20 bytes/segundo, Error - 0
2024-11-27 03:44:33,750 - root - INFO - AWS (DNS): Tiempo - 0.4335 segundos, Ancho de banda - 966516.55 bytes/segundo, Error - 0
2024-11-27 03:44:33,963 - root - INFO - AWS (DNS): Tiempo - 0.2089 segundos, Ancho de banda - 2005868.23 bytes/segundo, Error - 0
2024-11-27 03:44:34,620 - root - INFO - AWS (DNS): Tiempo - 0.4317 segundos, Ancho de banda - 970510.36 bytes/segundo, Error - 0
2024-11-27 03:44:34,833 - root - INFO - AWS (DNS): Tiempo - 0.2087 segundos, Ancho de banda - 2007158.12 bytes/segundo, Error - 0
2024-11-27 03:44:35,498 - root - INFO - AWS (DNS): Tiempo - 0.4372 segundos, Ancho de banda - 958249.84 bytes/segundo, Error - 0
2024-11-27 03:44:35,711 - root - INFO - AWS (DNS): Tiempo - 0.2076 segundos, Ancho de banda - 2017875.52 bytes/segundo, Error - 0
2024-11-27 03:44:35,925 - root - INFO - AWS (DNS): Tiempo - 0.2095 segundos, Ancho de banda - 1999543.67 bytes/segundo, Error - 0
2024-11-27 03:44:36,577 - root - INFO - AWS (DNS): Tiempo - 0.4273 segundos, Ancho de banda - 980404.99 bytes/segundo, Error - 0
2024-11-27 03:44:36,779 - root - INFO - AWS (DNS): Tiempo - 0.1981 segundos, Ancho de banda - 2115447.77 bytes/segundo, Error - 0
2024-11-27 03:44:37,453 - root - INFO - AWS (DNS): Tiempo - 0.4492 segundos, Ancho de banda - 932710.93 bytes/segundo, Error - 0
2024-11-27 03:44:37,669 - root - INFO - AWS (DNS): Tiempo - 0.2077 segundos, Ancho de banda - 2017136.62 bytes/segundo, Error - 0
2024-11-27 03:44:38,316 - root - INFO - AWS (DNS): Tiempo - 0.4211 segundos, Ancho de banda - 994894.37 bytes/segundo, Error - 0
2024-11-27 03:44:38,530 - root - INFO - AWS (DNS): Tiempo - 0.2095 segundos, Ancho de banda - 2000240.13 bytes/segundo, Error - 0
2024-11-27 03:44:38,747 - root - INFO - AWS (DNS): Tiempo - 0.2113 segundos, Ancho de banda - 1982404.78 bytes/segundo, Error - 0
2024-11-27 03:44:38,953 - root - INFO - AWS (DNS): Tiempo - 0.2016 segundos, Ancho de banda - 2077731.86 bytes/segundo, Error - 0
2024-11-27 03:44:39,165 - root - INFO - AWS (DNS): Tiempo - 0.2069 segundos, Ancho de banda - 2025214.95 bytes/segundo, Error - 0
2024-11-27 03:44:39,386 - root - INFO - AWS (DNS): Tiempo - 0.2162 segundos, Ancho de banda - 1938078.29 bytes/segundo, Error - 0
2024-11-27 03:44:39,599 - root - INFO - AWS (DNS): Tiempo - 0.2077 segundos, Ancho de banda - 2017567.39 bytes/segundo, Error - 0
2024-11-27 03:44:40,255 - root - INFO - AWS (DNS): Tiempo - 0.4313 segundos, Ancho de banda - 971304.82 bytes/segundo, Error - 0
2024-11-27 03:44:40,466 - root - INFO - AWS (DNS): Tiempo - 0.2061 segundos, Ancho de banda - 2032669.10 bytes/segundo, Error - 0
2024-11-27 03:44:40,680 - root - INFO - AWS (DNS): Tiempo - 0.2081 segundos, Ancho de banda - 2013145.79 bytes/segundo, Error - 0
2024-11-27 03:44:41,339 - root - INFO - AWS (DNS): Tiempo - 0.4328 segundos, Ancho de banda - 968054.23 bytes/segundo, Error - 0
2024-11-27 03:44:41,552 - root - INFO - AWS (DNS): Tiempo - 0.2084 segundos, Ancho de banda - 2010046.33 bytes/segundo, Error - 0
2024-11-27 03:44:41,903 - root - INFO - AWS (DNS): Tiempo - 0.2385 segundos, Ancho de banda - 1756802.38 bytes/segundo, Error - 0
2024-11-27 03:44:42,120 - root - INFO - AWS (DNS): Tiempo - 0.2108 segundos, Ancho de banda - 1987613.53 bytes/segundo, Error - 0
2024-11-27 03:44:42,333 - root - INFO - AWS (DNS): Tiempo - 0.2084 segundos, Ancho de banda - 2010669.60 bytes/segundo, Error - 0
2024-11-27 03:44:42,993 - root - INFO - AWS (DNS): Tiempo - 0.4348 segundos, Ancho de banda - 963477.45 bytes/segundo, Error - 0
2024-11-27 03:44:43,658 - root - INFO - AWS (DNS): Tiempo - 0.4400 segundos, Ancho de banda - 952096.49 bytes/segundo, Error - 0
2024-11-27 03:44:43,877 - root - INFO - AWS (DNS): Tiempo - 0.2139 segundos, Ancho de banda - 1958496.80 bytes/segundo, Error - 0
2024-11-27 03:44:44,099 - root - INFO - AWS (DNS): Tiempo - 0.2128 segundos, Ancho de banda - 1969211.33 bytes/segundo, Error - 0
2024-11-27 03:44:44,755 - root - INFO - AWS (DNS): Tiempo - 0.4319 segundos, Ancho de banda - 970091.93 bytes/segundo, Error - 0
2024-11-27 03:44:44,963 - root - INFO - AWS (DNS): Tiempo - 0.2029 segundos, Ancho de banda - 2064817.08 bytes/segundo, Error - 0
2024-11-27 03:44:45,745 - root - INFO - AWS (DNS): Tiempo - 0.5565 segundos, Ancho de banda - 752812.74 bytes/segundo, Error - 0
2024-11-27 03:44:45,957 - root - INFO - AWS (DNS): Tiempo - 0.2070 segundos, Ancho de banda - 2023810.85 bytes/segundo, Error - 0
2024-11-27 03:44:46,622 - root - INFO - AWS (DNS): Tiempo - 0.4402 segundos, Ancho de banda - 951776.77 bytes/segundo, Error - 0
2024-11-27 03:44:47,277 - root - INFO - AWS (DNS): Tiempo - 0.4300 segundos, Ancho de banda - 974411.40 bytes/segundo, Error - 0
2024-11-27 03:44:47,489 - root - INFO - AWS (DNS): Tiempo - 0.2073 segundos, Ancho de banda - 2020975.95 bytes/segundo, Error - 0
2024-11-27 03:44:47,703 - root - INFO - AWS (DNS): Tiempo - 0.2093 segundos, Ancho de banda - 2001424.77 bytes/segundo, Error - 0
2024-11-27 03:44:47,915 - root - INFO - AWS (DNS): Tiempo - 0.2071 segundos, Ancho de banda - 2023191.06 bytes/segundo, Error - 0
2024-11-27 03:44:48,574 - root - INFO - AWS (DNS): Tiempo - 0.4307 segundos, Ancho de banda - 972648.86 bytes/segundo, Error - 0
2024-11-27 03:44:48,792 - root - INFO - AWS (DNS): Tiempo - 0.2131 segundos, Ancho de banda - 1965785.87 bytes/segundo, Error - 0
2024-11-27 03:44:49,446 - root - INFO - AWS (DNS): Tiempo - 0.5412 segundos, Ancho de banda - 774078.79 bytes/segundo, Error - 0
2024-11-27 03:44:50,097 - root - INFO - AWS (DNS): Tiempo - 0.4264 segundos, Ancho de banda - 982591.76 bytes/segundo, Error - 0
2024-11-27 03:44:50,755 - root - INFO - AWS (DNS): Tiempo - 0.4307 segundos, Ancho de banda - 972682.78 bytes/segundo, Error - 0
2024-11-27 03:44:50,969 - root - INFO - AWS (DNS): Tiempo - 0.2101 segundos, Ancho de banda - 1993760.93 bytes/segundo, Error - 0
2024-11-27 03:44:51,183 - root - INFO - AWS (DNS): Tiempo - 0.2089 segundos, Ancho de banda - 2005957.53 bytes/segundo, Error - 0
2024-11-27 03:44:51,844 - root - INFO - AWS (DNS): Tiempo - 0.4350 segundos, Ancho de banda - 963053.98 bytes/segundo, Error - 0
2024-11-27 03:44:52,054 - root - INFO - AWS (DNS): Tiempo - 0.2049 segundos, Ancho de banda - 2044374.68 bytes/segundo, Error - 0
2024-11-27 03:44:52,257 - root - INFO - AWS (DNS): Tiempo - 0.1986 segundos, Ancho de banda - 2109619.37 bytes/segundo, Error - 0
2024-11-27 03:44:52,471 - root - INFO - AWS (DNS): Tiempo - 0.2098 segundos, Ancho de banda - 1997284.67 bytes/segundo, Error - 0
2024-11-27 03:44:53,125 - root - INFO - AWS (DNS): Tiempo - 0.4285 segundos, Ancho de banda - 977804.45 bytes/segundo, Error - 0
2024-11-27 03:44:53,784 - root - INFO - AWS (DNS): Tiempo - 0.4334 segundos, Ancho de banda - 966629.26 bytes/segundo, Error - 0
2024-11-27 03:44:54,443 - root - INFO - AWS (DNS): Tiempo - 0.4341 segundos, Ancho de banda - 965185.15 bytes/segundo, Error - 0
2024-11-27 03:44:55,110 - root - INFO - AWS (DNS): Tiempo - 0.4433 segundos, Ancho de banda - 945164.29 bytes/segundo, Error - 0
2024-11-27 03:44:55,766 - root - INFO - AWS (DNS): Tiempo - 0.4303 segundos, Ancho de banda - 973721.91 bytes/segundo, Error - 0
2024-11-27 03:44:55,766 - root - INFO - Resultados para AWS (DNS):
 - Tiempo promedio: 0.3259 segundos
 - Ancho de banda promedio: 1473609.61 bytes/segundo
 - Tasa de error: 0.00%

2024-11-27 03:44:55,922 - root - INFO - Cloudflare (Anycast): Tiempo - 0.1439 segundos, Ancho de banda - 2528510.45 bytes/segundo, Error - 0
2024-11-27 03:44:56,053 - root - INFO - Cloudflare (Anycast): Tiempo - 0.1155 segundos, Ancho de banda - 3150092.19 bytes/segundo, Error - 0
2024-11-27 03:44:56,238 - root - INFO - Cloudflare (Anycast): Tiempo - 0.1730 segundos, Ancho de banda - 2103497.69 bytes/segundo, Error - 0
2024-11-27 03:44:56,369 - root - INFO - Cloudflare (Anycast): Tiempo - 0.1194 segundos, Ancho de banda - 3047417.66 bytes/segundo, Error - 0
2024-11-27 03:44:56,504 - root - INFO - Cloudflare (Anycast): Tiempo - 0.1237 segundos, Ancho de banda - 2943083.25 bytes/segundo, Error - 0
2024-11-27 03:44:56,682 - root - INFO - Cloudflare (Anycast): Tiempo - 0.1620 segundos, Ancho de banda - 2246818.50 bytes/segundo, Error - 0
2024-11-27 03:44:56,820 - root - INFO - Cloudflare (Anycast): Tiempo - 0.1255 segundos, Ancho de banda - 2900948.28 bytes/segundo, Error - 0
2024-11-27 03:44:56,946 - root - INFO - Cloudflare (Anycast): Tiempo - 0.1141 segundos, Ancho de banda - 3189295.26 bytes/segundo, Error - 0
2024-11-27 03:44:57,093 - root - INFO - Cloudflare (Anycast): Tiempo - 0.1366 segundos, Ancho de banda - 2664094.65 bytes/segundo, Error - 0
2024-11-27 03:44:57,246 - root - INFO - Cloudflare (Anycast): Tiempo - 0.1409 segundos, Ancho de banda - 2582875.52 bytes/segundo, Error - 0
2024-11-27 03:44:57,378 - root - INFO - Cloudflare (Anycast): Tiempo - 0.1183 segundos, Ancho de banda - 3077296.89 bytes/segundo, Error - 0
2024-11-27 03:44:57,527 - root - INFO - Cloudflare (Anycast): Tiempo - 0.1356 segundos, Ancho de banda - 2683821.88 bytes/segundo, Error - 0
2024-11-27 03:44:57,692 - root - INFO - Cloudflare (Anycast): Tiempo - 0.1535 segundos, Ancho de banda - 2370921.56 bytes/segundo, Error - 0
2024-11-27 03:44:57,829 - root - INFO - Cloudflare (Anycast): Tiempo - 0.1251 segundos, Ancho de banda - 2909601.20 bytes/segundo, Error - 0
2024-11-27 03:44:57,974 - root - INFO - Cloudflare (Anycast): Tiempo - 0.1314 segundos, Ancho de banda - 2769660.44 bytes/segundo, Error - 0
2024-11-27 03:44:58,107 - root - INFO - Cloudflare (Anycast): Tiempo - 0.1205 segundos, Ancho de banda - 3019778.74 bytes/segundo, Error - 0
2024-11-27 03:44:58,295 - root - INFO - Cloudflare (Anycast): Tiempo - 0.1739 segundos, Ancho de banda - 2093318.73 bytes/segundo, Error - 0
2024-11-27 03:44:58,495 - root - INFO - Cloudflare (Anycast): Tiempo - 0.1897 segundos, Ancho de banda - 1918558.49 bytes/segundo, Error - 0
2024-11-27 03:44:58,634 - root - INFO - Cloudflare (Anycast): Tiempo - 0.1250 segundos, Ancho de banda - 2912748.90 bytes/segundo, Error - 0
2024-11-27 03:44:58,788 - root - INFO - Cloudflare (Anycast): Tiempo - 0.1409 segundos, Ancho de banda - 2582373.07 bytes/segundo, Error - 0
2024-11-27 03:44:58,956 - root - INFO - Cloudflare (Anycast): Tiempo - 0.1535 segundos, Ancho de banda - 2371138.83 bytes/segundo, Error - 0
2024-11-27 03:44:59,086 - root - INFO - Cloudflare (Anycast): Tiempo - 0.1189 segundos, Ancho de banda - 3060816.97 bytes/segundo, Error - 0
2024-11-27 03:44:59,255 - root - INFO - Cloudflare (Anycast): Tiempo - 0.1562 segundos, Ancho de banda - 2330360.97 bytes/segundo, Error - 0
2024-11-27 03:44:59,411 - root - INFO - Cloudflare (Anycast): Tiempo - 0.1455 segundos, Ancho de banda - 2501443.30 bytes/segundo, Error - 0
2024-11-27 03:44:59,545 - root - INFO - Cloudflare (Anycast): Tiempo - 0.1203 segundos, Ancho de banda - 3026045.92 bytes/segundo, Error - 0
2024-11-27 03:44:59,686 - root - INFO - Cloudflare (Anycast): Tiempo - 0.1301 segundos, Ancho de banda - 2797478.55 bytes/segundo, Error - 0
2024-11-27 03:44:59,823 - root - INFO - Cloudflare (Anycast): Tiempo - 0.1198 segundos, Ancho de banda - 3038035.78 bytes/segundo, Error - 0
2024-11-27 03:44:59,962 - root - INFO - Cloudflare (Anycast): Tiempo - 0.1236 segundos, Ancho de banda - 2944610.31 bytes/segundo, Error - 0
2024-11-27 03:45:00,103 - root - INFO - Cloudflare (Anycast): Tiempo - 0.1309 segundos, Ancho de banda - 2780541.73 bytes/segundo, Error - 0
2024-11-27 03:45:00,226 - root - INFO - Cloudflare (Anycast): Tiempo - 0.1136 segundos, Ancho de banda - 3204054.97 bytes/segundo, Error - 0
2024-11-27 03:45:00,403 - root - INFO - Cloudflare (Anycast): Tiempo - 0.1671 segundos, Ancho de banda - 2177669.59 bytes/segundo, Error - 0
2024-11-27 03:45:00,551 - root - INFO - Cloudflare (Anycast): Tiempo - 0.1339 segundos, Ancho de banda - 2718785.59 bytes/segundo, Error - 0
2024-11-27 03:45:00,722 - root - INFO - Cloudflare (Anycast): Tiempo - 0.1535 segundos, Ancho de banda - 2371149.88 bytes/segundo, Error - 0
2024-11-27 03:45:00,894 - root - INFO - Cloudflare (Anycast): Tiempo - 0.1612 segundos, Ancho de banda - 2257820.99 bytes/segundo, Error - 0
2024-11-27 03:45:01,072 - root - INFO - Cloudflare (Anycast): Tiempo - 0.1656 segundos, Ancho de banda - 2197430.09 bytes/segundo, Error - 0
2024-11-27 03:45:01,243 - root - INFO - Cloudflare (Anycast): Tiempo - 0.1549 segundos, Ancho de banda - 2349979.64 bytes/segundo, Error - 0
2024-11-27 03:45:01,432 - root - INFO - Cloudflare (Anycast): Tiempo - 0.1764 segundos, Ancho de banda - 2063766.13 bytes/segundo, Error - 0
2024-11-27 03:45:01,583 - root - INFO - Cloudflare (Anycast): Tiempo - 0.1391 segundos, Ancho de banda - 2617233.39 bytes/segundo, Error - 0
2024-11-27 03:45:01,789 - root - INFO - Cloudflare (Anycast): Tiempo - 0.1949 segundos, Ancho de banda - 1867006.53 bytes/segundo, Error - 0
2024-11-27 03:45:01,997 - root - INFO - Cloudflare (Anycast): Tiempo - 0.1947 segundos, Ancho de banda - 1869427.69 bytes/segundo, Error - 0
2024-11-27 03:45:02,175 - root - INFO - Cloudflare (Anycast): Tiempo - 0.1622 segundos, Ancho de banda - 2244562.21 bytes/segundo, Error - 0
2024-11-27 03:45:02,311 - root - INFO - Cloudflare (Anycast): Tiempo - 0.1253 segundos, Ancho de banda - 2905851.72 bytes/segundo, Error - 0
2024-11-27 03:45:02,552 - root - INFO - Cloudflare (Anycast): Tiempo - 0.2178 segundos, Ancho de banda - 1671357.06 bytes/segundo, Error - 0
2024-11-27 03:45:02,706 - root - INFO - Cloudflare (Anycast): Tiempo - 0.1422 segundos, Ancho de banda - 2559534.08 bytes/segundo, Error - 0
2024-11-27 03:45:02,862 - root - INFO - Cloudflare (Anycast): Tiempo - 0.1431 segundos, Ancho de banda - 2543275.01 bytes/segundo, Error - 0
2024-11-27 03:45:03,003 - root - INFO - Cloudflare (Anycast): Tiempo - 0.1242 segundos, Ancho de banda - 2931294.96 bytes/segundo, Error - 0
2024-11-27 03:45:03,179 - root - INFO - Cloudflare (Anycast): Tiempo - 0.1638 segundos, Ancho de banda - 2222702.28 bytes/segundo, Error - 0
2024-11-27 03:45:03,386 - root - INFO - Cloudflare (Anycast): Tiempo - 0.1938 segundos, Ancho de banda - 1878331.56 bytes/segundo, Error - 0
2024-11-27 03:45:03,556 - root - INFO - Cloudflare (Anycast): Tiempo - 0.1604 segundos, Ancho de banda - 2269201.58 bytes/segundo, Error - 0
2024-11-27 03:45:03,738 - root - INFO - Cloudflare (Anycast): Tiempo - 0.1695 segundos, Ancho de banda - 2146966.92 bytes/segundo, Error - 0
2024-11-27 03:45:03,925 - root - INFO - Cloudflare (Anycast): Tiempo - 0.1691 segundos, Ancho de banda - 2152871.00 bytes/segundo, Error - 0
2024-11-27 03:45:04,048 - root - INFO - Cloudflare (Anycast): Tiempo - 0.1090 segundos, Ancho de banda - 3338547.29 bytes/segundo, Error - 0
2024-11-27 03:45:04,218 - root - INFO - Cloudflare (Anycast): Tiempo - 0.1559 segundos, Ancho de banda - 2333905.87 bytes/segundo, Error - 0
2024-11-27 03:45:04,363 - root - INFO - Cloudflare (Anycast): Tiempo - 0.1308 segundos, Ancho de banda - 2782072.04 bytes/segundo, Error - 0
2024-11-27 03:45:04,507 - root - INFO - Cloudflare (Anycast): Tiempo - 0.1321 segundos, Ancho de banda - 2755104.82 bytes/segundo, Error - 0
2024-11-27 03:45:04,666 - root - INFO - Cloudflare (Anycast): Tiempo - 0.1422 segundos, Ancho de banda - 2559143.62 bytes/segundo, Error - 0
2024-11-27 03:45:04,812 - root - INFO - Cloudflare (Anycast): Tiempo - 0.1338 segundos, Ancho de banda - 2720161.41 bytes/segundo, Error - 0
2024-11-27 03:45:04,966 - root - INFO - Cloudflare (Anycast): Tiempo - 0.1408 segundos, Ancho de banda - 2584152.19 bytes/segundo, Error - 0
2024-11-27 03:45:05,117 - root - INFO - Cloudflare (Anycast): Tiempo - 0.1378 segundos, Ancho de banda - 2640684.49 bytes/segundo, Error - 0
2024-11-27 03:45:05,242 - root - INFO - Cloudflare (Anycast): Tiempo - 0.1081 segundos, Ancho de banda - 3365744.71 bytes/segundo, Error - 0
2024-11-27 03:45:05,435 - root - INFO - Cloudflare (Anycast): Tiempo - 0.1770 segundos, Ancho de banda - 2056745.49 bytes/segundo, Error - 0
2024-11-27 03:45:05,574 - root - INFO - Cloudflare (Anycast): Tiempo - 0.1216 segundos, Ancho de banda - 2992630.81 bytes/segundo, Error - 0
2024-11-27 03:45:05,721 - root - INFO - Cloudflare (Anycast): Tiempo - 0.1292 segundos, Ancho de banda - 2816835.36 bytes/segundo, Error - 0
2024-11-27 03:45:05,848 - root - INFO - Cloudflare (Anycast): Tiempo - 0.1155 segundos, Ancho de banda - 3151002.47 bytes/segundo, Error - 0
2024-11-27 03:45:05,994 - root - INFO - Cloudflare (Anycast): Tiempo - 0.1301 segundos, Ancho de banda - 2797411.90 bytes/segundo, Error - 0
2024-11-27 03:45:06,181 - root - INFO - Cloudflare (Anycast): Tiempo - 0.1745 segundos, Ancho de banda - 2085292.35 bytes/segundo, Error - 0
2024-11-27 03:45:06,323 - root - INFO - Cloudflare (Anycast): Tiempo - 0.1305 segundos, Ancho de banda - 2789672.46 bytes/segundo, Error - 0
2024-11-27 03:45:06,477 - root - INFO - Cloudflare (Anycast): Tiempo - 0.1425 segundos, Ancho de banda - 2555036.05 bytes/segundo, Error - 0
2024-11-27 03:45:06,655 - root - INFO - Cloudflare (Anycast): Tiempo - 0.1665 segundos, Ancho de banda - 2185616.72 bytes/segundo, Error - 0
2024-11-27 03:45:06,800 - root - INFO - Cloudflare (Anycast): Tiempo - 0.1333 segundos, Ancho de banda - 2730099.80 bytes/segundo, Error - 0
2024-11-27 03:45:06,940 - root - INFO - Cloudflare (Anycast): Tiempo - 0.1252 segundos, Ancho de banda - 2906266.63 bytes/segundo, Error - 0
2024-11-27 03:45:07,108 - root - INFO - Cloudflare (Anycast): Tiempo - 0.1577 segundos, Ancho de banda - 2308292.56 bytes/segundo, Error - 0
2024-11-27 03:45:07,268 - root - INFO - Cloudflare (Anycast): Tiempo - 0.1420 segundos, Ancho de banda - 2563742.24 bytes/segundo, Error - 0
2024-11-27 03:45:07,446 - root - INFO - Cloudflare (Anycast): Tiempo - 0.1614 segundos, Ancho de banda - 2255772.53 bytes/segundo, Error - 0
2024-11-27 03:45:07,603 - root - INFO - Cloudflare (Anycast): Tiempo - 0.1426 segundos, Ancho de banda - 2551913.90 bytes/segundo, Error - 0
2024-11-27 03:45:07,749 - root - INFO - Cloudflare (Anycast): Tiempo - 0.1342 segundos, Ancho de banda - 2712336.86 bytes/segundo, Error - 0
2024-11-27 03:45:07,887 - root - INFO - Cloudflare (Anycast): Tiempo - 0.1262 segundos, Ancho de banda - 2883371.10 bytes/segundo, Error - 0
2024-11-27 03:45:08,026 - root - INFO - Cloudflare (Anycast): Tiempo - 0.1271 segundos, Ancho de banda - 2863344.72 bytes/segundo, Error - 0
2024-11-27 03:45:08,174 - root - INFO - Cloudflare (Anycast): Tiempo - 0.1307 segundos, Ancho de banda - 2784548.42 bytes/segundo, Error - 0
2024-11-27 03:45:08,314 - root - INFO - Cloudflare (Anycast): Tiempo - 0.1287 segundos, Ancho de banda - 2829045.09 bytes/segundo, Error - 0
2024-11-27 03:45:08,481 - root - INFO - Cloudflare (Anycast): Tiempo - 0.1558 segundos, Ancho de banda - 2335809.24 bytes/segundo, Error - 0
2024-11-27 03:45:08,664 - root - INFO - Cloudflare (Anycast): Tiempo - 0.1713 segundos, Ancho de banda - 2124989.32 bytes/segundo, Error - 0
2024-11-27 03:45:08,799 - root - INFO - Cloudflare (Anycast): Tiempo - 0.1231 segundos, Ancho de banda - 2955733.39 bytes/segundo, Error - 0
2024-11-27 03:45:08,942 - root - INFO - Cloudflare (Anycast): Tiempo - 0.1293 segundos, Ancho de banda - 2814628.14 bytes/segundo, Error - 0
2024-11-27 03:45:09,098 - root - INFO - Cloudflare (Anycast): Tiempo - 0.1425 segundos, Ancho de banda - 2553348.03 bytes/segundo, Error - 0
2024-11-27 03:45:09,223 - root - INFO - Cloudflare (Anycast): Tiempo - 0.1086 segundos, Ancho de banda - 3351947.31 bytes/segundo, Error - 0
2024-11-27 03:45:09,387 - root - INFO - Cloudflare (Anycast): Tiempo - 0.1520 segundos, Ancho de banda - 2395306.71 bytes/segundo, Error - 0
2024-11-27 03:45:09,555 - root - INFO - Cloudflare (Anycast): Tiempo - 0.1480 segundos, Ancho de banda - 2459478.60 bytes/segundo, Error - 0
2024-11-27 03:45:09,766 - root - INFO - Cloudflare (Anycast): Tiempo - 0.1987 segundos, Ancho de banda - 1831952.50 bytes/segundo, Error - 0
2024-11-27 03:45:09,967 - root - INFO - Cloudflare (Anycast): Tiempo - 0.1742 segundos, Ancho de banda - 2089101.98 bytes/segundo, Error - 0
2024-11-27 03:45:10,132 - root - INFO - Cloudflare (Anycast): Tiempo - 0.1506 segundos, Ancho de banda - 2417584.77 bytes/segundo, Error - 0
2024-11-27 03:45:10,287 - root - INFO - Cloudflare (Anycast): Tiempo - 0.1413 segundos, Ancho de banda - 2575003.00 bytes/segundo, Error - 0
2024-11-27 03:45:10,434 - root - INFO - Cloudflare (Anycast): Tiempo - 0.1312 segundos, Ancho de banda - 2773177.30 bytes/segundo, Error - 0
2024-11-27 03:45:10,571 - root - INFO - Cloudflare (Anycast): Tiempo - 0.1246 segundos, Ancho de banda - 2920298.85 bytes/segundo, Error - 0
2024-11-27 03:45:10,752 - root - INFO - Cloudflare (Anycast): Tiempo - 0.1694 segundos, Ancho de banda - 2148133.05 bytes/segundo, Error - 0
2024-11-27 03:45:10,918 - root - INFO - Cloudflare (Anycast): Tiempo - 0.1484 segundos, Ancho de banda - 2452981.59 bytes/segundo, Error - 0
2024-11-27 03:45:11,077 - root - INFO - Cloudflare (Anycast): Tiempo - 0.1471 segundos, Ancho de banda - 2474584.43 bytes/segundo, Error - 0
2024-11-27 03:45:11,203 - root - INFO - Cloudflare (Anycast): Tiempo - 0.1128 segundos, Ancho de banda - 3227540.48 bytes/segundo, Error - 0
2024-11-27 03:45:11,357 - root - INFO - Cloudflare (Anycast): Tiempo - 0.1415 segundos, Ancho de banda - 2572698.71 bytes/segundo, Error - 0
2024-11-27 03:45:11,531 - root - INFO - Cloudflare (Anycast): Tiempo - 0.1626 segundos, Ancho de banda - 2239090.68 bytes/segundo, Error - 0
2024-11-27 03:45:11,693 - root - INFO - Cloudflare (Anycast): Tiempo - 0.1453 segundos, Ancho de banda - 2504755.40 bytes/segundo, Error - 0
2024-11-27 03:45:11,858 - root - INFO - Cloudflare (Anycast): Tiempo - 0.1533 segundos, Ancho de banda - 2374439.60 bytes/segundo, Error - 0
2024-11-27 03:45:11,983 - root - INFO - Cloudflare (Anycast): Tiempo - 0.1132 segundos, Ancho de banda - 3216266.36 bytes/segundo, Error - 0
2024-11-27 03:45:12,118 - root - INFO - Cloudflare (Anycast): Tiempo - 0.1236 segundos, Ancho de banda - 2945093.17 bytes/segundo, Error - 0
2024-11-27 03:45:12,262 - root - INFO - Cloudflare (Anycast): Tiempo - 0.1312 segundos, Ancho de banda - 2774941.61 bytes/segundo, Error - 0
2024-11-27 03:45:12,418 - root - INFO - Cloudflare (Anycast): Tiempo - 0.1437 segundos, Ancho de banda - 2532079.45 bytes/segundo, Error - 0
2024-11-27 03:45:12,619 - root - INFO - Cloudflare (Anycast): Tiempo - 0.1827 segundos, Ancho de banda - 1992574.29 bytes/segundo, Error - 0
2024-11-27 03:45:12,797 - root - INFO - Cloudflare (Anycast): Tiempo - 0.1660 segundos, Ancho de banda - 2191996.80 bytes/segundo, Error - 0
2024-11-27 03:45:12,936 - root - INFO - Cloudflare (Anycast): Tiempo - 0.1268 segundos, Ancho de banda - 2870678.19 bytes/segundo, Error - 0
2024-11-27 03:45:13,069 - root - INFO - Cloudflare (Anycast): Tiempo - 0.1195 segundos, Ancho de banda - 3045994.83 bytes/segundo, Error - 0
2024-11-27 03:45:13,207 - root - INFO - Cloudflare (Anycast): Tiempo - 0.1238 segundos, Ancho de banda - 2939156.50 bytes/segundo, Error - 0
2024-11-27 03:45:13,354 - root - INFO - Cloudflare (Anycast): Tiempo - 0.1351 segundos, Ancho de banda - 2694736.96 bytes/segundo, Error - 0
2024-11-27 03:45:13,489 - root - INFO - Cloudflare (Anycast): Tiempo - 0.1243 segundos, Ancho de banda - 2928146.38 bytes/segundo, Error - 0
2024-11-27 03:45:13,644 - root - INFO - Cloudflare (Anycast): Tiempo - 0.1417 segundos, Ancho de banda - 2569113.81 bytes/segundo, Error - 0
2024-11-27 03:45:13,794 - root - INFO - Cloudflare (Anycast): Tiempo - 0.1372 segundos, Ancho de banda - 2653080.04 bytes/segundo, Error - 0
2024-11-27 03:45:13,953 - root - INFO - Cloudflare (Anycast): Tiempo - 0.1457 segundos, Ancho de banda - 2498810.55 bytes/segundo, Error - 0
2024-11-27 03:45:14,121 - root - INFO - Cloudflare (Anycast): Tiempo - 0.1574 segundos, Ancho de banda - 2311949.14 bytes/segundo, Error - 0
2024-11-27 03:45:14,274 - root - INFO - Cloudflare (Anycast): Tiempo - 0.1410 segundos, Ancho de banda - 2580875.61 bytes/segundo, Error - 0
2024-11-27 03:45:14,444 - root - INFO - Cloudflare (Anycast): Tiempo - 0.1590 segundos, Ancho de banda - 2288746.57 bytes/segundo, Error - 0
2024-11-27 03:45:14,609 - root - INFO - Cloudflare (Anycast): Tiempo - 0.1482 segundos, Ancho de banda - 2455518.60 bytes/segundo, Error - 0
2024-11-27 03:45:14,756 - root - INFO - Cloudflare (Anycast): Tiempo - 0.1346 segundos, Ancho de banda - 2703225.82 bytes/segundo, Error - 0
2024-11-27 03:45:14,893 - root - INFO - Cloudflare (Anycast): Tiempo - 0.1250 segundos, Ancho de banda - 2911354.63 bytes/segundo, Error - 0
2024-11-27 03:45:15,082 - root - INFO - Cloudflare (Anycast): Tiempo - 0.1758 segundos, Ancho de banda - 2069888.64 bytes/segundo, Error - 0
2024-11-27 03:45:15,212 - root - INFO - Cloudflare (Anycast): Tiempo - 0.1176 segundos, Ancho de banda - 3095121.99 bytes/segundo, Error - 0
2024-11-27 03:45:15,345 - root - INFO - Cloudflare (Anycast): Tiempo - 0.1222 segundos, Ancho de banda - 2979180.92 bytes/segundo, Error - 0
2024-11-27 03:45:15,488 - root - INFO - Cloudflare (Anycast): Tiempo - 0.1316 segundos, Ancho de banda - 2766603.65 bytes/segundo, Error - 0
2024-11-27 03:45:15,620 - root - INFO - Cloudflare (Anycast): Tiempo - 0.1171 segundos, Ancho de banda - 3107926.02 bytes/segundo, Error - 0
2024-11-27 03:45:15,766 - root - INFO - Cloudflare (Anycast): Tiempo - 0.1305 segundos, Ancho de banda - 2789264.69 bytes/segundo, Error - 0
2024-11-27 03:45:15,925 - root - INFO - Cloudflare (Anycast): Tiempo - 0.1503 segundos, Ancho de banda - 2421361.82 bytes/segundo, Error - 0
2024-11-27 03:45:16,060 - root - INFO - Cloudflare (Anycast): Tiempo - 0.1235 segundos, Ancho de banda - 2948232.77 bytes/segundo, Error - 0
2024-11-27 03:45:16,245 - root - INFO - Cloudflare (Anycast): Tiempo - 0.1609 segundos, Ancho de banda - 2262763.91 bytes/segundo, Error - 0
2024-11-27 03:45:16,381 - root - INFO - Cloudflare (Anycast): Tiempo - 0.1250 segundos, Ancho de banda - 2911421.26 bytes/segundo, Error - 0
2024-11-27 03:45:16,584 - root - INFO - Cloudflare (Anycast): Tiempo - 0.1918 segundos, Ancho de banda - 1897346.04 bytes/segundo, Error - 0
2024-11-27 03:45:16,760 - root - INFO - Cloudflare (Anycast): Tiempo - 0.1591 segundos, Ancho de banda - 2287577.06 bytes/segundo, Error - 0
2024-11-27 03:45:16,939 - root - INFO - Cloudflare (Anycast): Tiempo - 0.1650 segundos, Ancho de banda - 2206245.91 bytes/segundo, Error - 0
2024-11-27 03:45:17,067 - root - INFO - Cloudflare (Anycast): Tiempo - 0.1167 segundos, Ancho de banda - 3119777.71 bytes/segundo, Error - 0
2024-11-27 03:45:17,231 - root - INFO - Cloudflare (Anycast): Tiempo - 0.1476 segundos, Ancho de banda - 2466193.37 bytes/segundo, Error - 0
2024-11-27 03:45:17,366 - root - INFO - Cloudflare (Anycast): Tiempo - 0.1218 segundos, Ancho de banda - 2989038.94 bytes/segundo, Error - 0
2024-11-27 03:45:17,500 - root - INFO - Cloudflare (Anycast): Tiempo - 0.1209 segundos, Ancho de banda - 3009438.40 bytes/segundo, Error - 0
2024-11-27 03:45:17,621 - root - INFO - Cloudflare (Anycast): Tiempo - 0.1083 segundos, Ancho de banda - 3360721.08 bytes/segundo, Error - 0
2024-11-27 03:45:17,804 - root - INFO - Cloudflare (Anycast): Tiempo - 0.1730 segundos, Ancho de banda - 2103868.75 bytes/segundo, Error - 0
2024-11-27 03:45:17,941 - root - INFO - Cloudflare (Anycast): Tiempo - 0.1256 segundos, Ancho de banda - 2897221.07 bytes/segundo, Error - 0
2024-11-27 03:45:18,104 - root - INFO - Cloudflare (Anycast): Tiempo - 0.1458 segundos, Ancho de banda - 2496269.05 bytes/segundo, Error - 0
2024-11-27 03:45:18,270 - root - INFO - Cloudflare (Anycast): Tiempo - 0.1566 segundos, Ancho de banda - 2324318.59 bytes/segundo, Error - 0
2024-11-27 03:45:18,428 - root - INFO - Cloudflare (Anycast): Tiempo - 0.1457 segundos, Ancho de banda - 2497792.51 bytes/segundo, Error - 0
2024-11-27 03:45:18,558 - root - INFO - Cloudflare (Anycast): Tiempo - 0.1145 segundos, Ancho de banda - 3179140.11 bytes/segundo, Error - 0
2024-11-27 03:45:18,749 - root - INFO - Cloudflare (Anycast): Tiempo - 0.1408 segundos, Ancho de banda - 2584856.65 bytes/segundo, Error - 0
2024-11-27 03:45:18,933 - root - INFO - Cloudflare (Anycast): Tiempo - 0.1715 segundos, Ancho de banda - 2122271.50 bytes/segundo, Error - 0
2024-11-27 03:45:19,088 - root - INFO - Cloudflare (Anycast): Tiempo - 0.1433 segundos, Ancho de banda - 2540113.89 bytes/segundo, Error - 0
2024-11-27 03:45:19,251 - root - INFO - Cloudflare (Anycast): Tiempo - 0.1476 segundos, Ancho de banda - 2465500.34 bytes/segundo, Error - 0
2024-11-27 03:45:19,422 - root - INFO - Cloudflare (Anycast): Tiempo - 0.1596 segundos, Ancho de banda - 2280605.49 bytes/segundo, Error - 0
2024-11-27 03:45:19,589 - root - INFO - Cloudflare (Anycast): Tiempo - 0.1486 segundos, Ancho de banda - 2448504.33 bytes/segundo, Error - 0
2024-11-27 03:45:19,732 - root - INFO - Cloudflare (Anycast): Tiempo - 0.1299 segundos, Ancho de banda - 2801889.02 bytes/segundo, Error - 0
2024-11-27 03:45:19,926 - root - INFO - Cloudflare (Anycast): Tiempo - 0.1825 segundos, Ancho de banda - 1994714.42 bytes/segundo, Error - 0
2024-11-27 03:45:20,060 - root - INFO - Cloudflare (Anycast): Tiempo - 0.1228 segundos, Ancho de banda - 2963720.99 bytes/segundo, Error - 0
2024-11-27 03:45:20,241 - root - INFO - Cloudflare (Anycast): Tiempo - 0.1703 segundos, Ancho de banda - 2136974.04 bytes/segundo, Error - 0
2024-11-27 03:45:20,359 - root - INFO - Cloudflare (Anycast): Tiempo - 0.1070 segundos, Ancho de banda - 3401122.92 bytes/segundo, Error - 0
2024-11-27 03:45:20,519 - root - INFO - Cloudflare (Anycast): Tiempo - 0.1484 segundos, Ancho de banda - 2453001.30 bytes/segundo, Error - 0
2024-11-27 03:45:20,675 - root - INFO - Cloudflare (Anycast): Tiempo - 0.1446 segundos, Ancho de banda - 2516464.86 bytes/segundo, Error - 0
2024-11-27 03:45:20,808 - root - INFO - Cloudflare (Anycast): Tiempo - 0.1224 segundos, Ancho de banda - 2972903.53 bytes/segundo, Error - 0
2024-11-27 03:45:20,942 - root - INFO - Cloudflare (Anycast): Tiempo - 0.1206 segundos, Ancho de banda - 3019169.57 bytes/segundo, Error - 0
2024-11-27 03:45:21,063 - root - INFO - Cloudflare (Anycast): Tiempo - 0.1101 segundos, Ancho de banda - 3306664.07 bytes/segundo, Error - 0
2024-11-27 03:45:21,190 - root - INFO - Cloudflare (Anycast): Tiempo - 0.1159 segundos, Ancho de banda - 3141535.34 bytes/segundo, Error - 0
2024-11-27 03:45:21,316 - root - INFO - Cloudflare (Anycast): Tiempo - 0.1154 segundos, Ancho de banda - 3153085.08 bytes/segundo, Error - 0
2024-11-27 03:45:21,523 - root - INFO - Cloudflare (Anycast): Tiempo - 0.1958 segundos, Ancho de banda - 1858815.83 bytes/segundo, Error - 0
2024-11-27 03:45:21,691 - root - INFO - Cloudflare (Anycast): Tiempo - 0.1553 segundos, Ancho de banda - 2344274.34 bytes/segundo, Error - 0
2024-11-27 03:45:21,826 - root - INFO - Cloudflare (Anycast): Tiempo - 0.1216 segundos, Ancho de banda - 2992484.15 bytes/segundo, Error - 0
2024-11-27 03:45:21,965 - root - INFO - Cloudflare (Anycast): Tiempo - 0.1268 segundos, Ancho de banda - 2869399.41 bytes/segundo, Error - 0
2024-11-27 03:45:22,105 - root - INFO - Cloudflare (Anycast): Tiempo - 0.1288 segundos, Ancho de banda - 2826483.74 bytes/segundo, Error - 0
2024-11-27 03:45:22,287 - root - INFO - Cloudflare (Anycast): Tiempo - 0.1669 segundos, Ancho de banda - 2180546.82 bytes/segundo, Error - 0
2024-11-27 03:45:22,419 - root - INFO - Cloudflare (Anycast): Tiempo - 0.1186 segundos, Ancho de banda - 3069531.56 bytes/segundo, Error - 0
2024-11-27 03:45:22,553 - root - INFO - Cloudflare (Anycast): Tiempo - 0.1214 segundos, Ancho de banda - 2997148.97 bytes/segundo, Error - 0
2024-11-27 03:45:22,715 - root - INFO - Cloudflare (Anycast): Tiempo - 0.1509 segundos, Ancho de banda - 2412492.02 bytes/segundo, Error - 0
2024-11-27 03:45:22,888 - root - INFO - Cloudflare (Anycast): Tiempo - 0.1613 segundos, Ancho de banda - 2255915.87 bytes/segundo, Error - 0
2024-11-27 03:45:23,005 - root - INFO - Cloudflare (Anycast): Tiempo - 0.1076 segundos, Ancho de banda - 3383108.90 bytes/segundo, Error - 0
2024-11-27 03:45:23,154 - root - INFO - Cloudflare (Anycast): Tiempo - 0.1324 segundos, Ancho de banda - 2749210.46 bytes/segundo, Error - 0
2024-11-27 03:45:23,315 - root - INFO - Cloudflare (Anycast): Tiempo - 0.1494 segundos, Ancho de banda - 2435904.48 bytes/segundo, Error - 0
2024-11-27 03:45:23,443 - root - INFO - Cloudflare (Anycast): Tiempo - 0.1170 segundos, Ancho de banda - 3110858.30 bytes/segundo, Error - 0
2024-11-27 03:45:23,585 - root - INFO - Cloudflare (Anycast): Tiempo - 0.1309 segundos, Ancho de banda - 2779908.82 bytes/segundo, Error - 0
2024-11-27 03:45:23,745 - root - INFO - Cloudflare (Anycast): Tiempo - 0.1474 segundos, Ancho de banda - 2470056.01 bytes/segundo, Error - 0
2024-11-27 03:45:23,903 - root - INFO - Cloudflare (Anycast): Tiempo - 0.1456 segundos, Ancho de banda - 2499203.27 bytes/segundo, Error - 0
2024-11-27 03:45:24,030 - root - INFO - Cloudflare (Anycast): Tiempo - 0.1141 segundos, Ancho de banda - 3189068.74 bytes/segundo, Error - 0
2024-11-27 03:45:24,200 - root - INFO - Cloudflare (Anycast): Tiempo - 0.1524 segundos, Ancho de banda - 2388519.63 bytes/segundo, Error - 0
2024-11-27 03:45:24,335 - root - INFO - Cloudflare (Anycast): Tiempo - 0.1221 segundos, Ancho de banda - 2980210.34 bytes/segundo, Error - 0
2024-11-27 03:45:24,474 - root - INFO - Cloudflare (Anycast): Tiempo - 0.1268 segundos, Ancho de banda - 2871272.11 bytes/segundo, Error - 0
2024-11-27 03:45:24,599 - root - INFO - Cloudflare (Anycast): Tiempo - 0.1154 segundos, Ancho de banda - 3155222.62 bytes/segundo, Error - 0
2024-11-27 03:45:24,735 - root - INFO - Cloudflare (Anycast): Tiempo - 0.1245 segundos, Ancho de banda - 2923408.18 bytes/segundo, Error - 0
2024-11-27 03:45:24,884 - root - INFO - Cloudflare (Anycast): Tiempo - 0.1369 segundos, Ancho de banda - 2657911.71 bytes/segundo, Error - 0
2024-11-27 03:45:25,019 - root - INFO - Cloudflare (Anycast): Tiempo - 0.1253 segundos, Ancho de banda - 2904541.42 bytes/segundo, Error - 0
2024-11-27 03:45:25,206 - root - INFO - Cloudflare (Anycast): Tiempo - 0.1715 segundos, Ancho de banda - 2121767.11 bytes/segundo, Error - 0
2024-11-27 03:45:25,333 - root - INFO - Cloudflare (Anycast): Tiempo - 0.1159 segundos, Ancho de banda - 3140727.45 bytes/segundo, Error - 0
2024-11-27 03:45:25,527 - root - INFO - Cloudflare (Anycast): Tiempo - 0.1804 segundos, Ancho de banda - 2017925.27 bytes/segundo, Error - 0
2024-11-27 03:45:25,672 - root - INFO - Cloudflare (Anycast): Tiempo - 0.1311 segundos, Ancho de banda - 2776172.91 bytes/segundo, Error - 0
2024-11-27 03:45:25,824 - root - INFO - Cloudflare (Anycast): Tiempo - 0.1372 segundos, Ancho de banda - 2652503.82 bytes/segundo, Error - 0
2024-11-27 03:45:25,970 - root - INFO - Cloudflare (Anycast): Tiempo - 0.1358 segundos, Ancho de banda - 2681083.37 bytes/segundo, Error - 0
2024-11-27 03:45:26,136 - root - INFO - Cloudflare (Anycast): Tiempo - 0.1496 segundos, Ancho de banda - 2433306.97 bytes/segundo, Error - 0
2024-11-27 03:45:26,293 - root - INFO - Cloudflare (Anycast): Tiempo - 0.1480 segundos, Ancho de banda - 2459470.68 bytes/segundo, Error - 0
2024-11-27 03:45:26,454 - root - INFO - Cloudflare (Anycast): Tiempo - 0.1471 segundos, Ancho de banda - 2473870.63 bytes/segundo, Error - 0
2024-11-27 03:45:26,592 - root - INFO - Cloudflare (Anycast): Tiempo - 0.1275 segundos, Ancho de banda - 2854206.38 bytes/segundo, Error - 0
2024-11-27 03:45:26,775 - root - INFO - Cloudflare (Anycast): Tiempo - 0.1645 segundos, Ancho de banda - 2212516.27 bytes/segundo, Error - 0
2024-11-27 03:45:26,775 - root - INFO - Resultados para Cloudflare (Anycast):
 - Tiempo promedio: 0.1417 segundos
 - Ancho de banda promedio: 2624898.68 bytes/segundo
 - Tasa de error: 0.00%

2024-11-27 03:45:27,044 - root - INFO - Bing (FastRoute): Tiempo - 0.2592 segundos, Ancho de banda - 200024.55 bytes/segundo, Error - 0
2024-11-27 03:45:27,258 - root - INFO - Bing (FastRoute): Tiempo - 0.2061 segundos, Ancho de banda - 252394.34 bytes/segundo, Error - 0
2024-11-27 03:45:27,472 - root - INFO - Bing (FastRoute): Tiempo - 0.2086 segundos, Ancho de banda - 249621.29 bytes/segundo, Error - 0
2024-11-27 03:45:27,691 - root - INFO - Bing (FastRoute): Tiempo - 0.2095 segundos, Ancho de banda - 248405.94 bytes/segundo, Error - 0
2024-11-27 03:45:27,923 - root - INFO - Bing (FastRoute): Tiempo - 0.2189 segundos, Ancho de banda - 237637.06 bytes/segundo, Error - 0
2024-11-27 03:45:28,147 - root - INFO - Bing (FastRoute): Tiempo - 0.2150 segundos, Ancho de banda - 243170.37 bytes/segundo, Error - 0
2024-11-27 03:45:28,392 - root - INFO - Bing (FastRoute): Tiempo - 0.2121 segundos, Ancho de banda - 250305.22 bytes/segundo, Error - 0
2024-11-27 03:45:28,622 - root - INFO - Bing (FastRoute): Tiempo - 0.2142 segundos, Ancho de banda - 247127.40 bytes/segundo, Error - 0
2024-11-27 03:45:28,848 - root - INFO - Bing (FastRoute): Tiempo - 0.2112 segundos, Ancho de banda - 246181.04 bytes/segundo, Error - 0
2024-11-27 03:45:29,074 - root - INFO - Bing (FastRoute): Tiempo - 0.2081 segundos, Ancho de banda - 254380.51 bytes/segundo, Error - 0
2024-11-27 03:45:29,307 - root - INFO - Bing (FastRoute): Tiempo - 0.2112 segundos, Ancho de banda - 246202.81 bytes/segundo, Error - 0
2024-11-27 03:45:29,525 - root - INFO - Bing (FastRoute): Tiempo - 0.2078 segundos, Ancho de banda - 250761.37 bytes/segundo, Error - 0
2024-11-27 03:45:29,756 - root - INFO - Bing (FastRoute): Tiempo - 0.2084 segundos, Ancho de banda - 248836.36 bytes/segundo, Error - 0
2024-11-27 03:45:29,987 - root - INFO - Bing (FastRoute): Tiempo - 0.2099 segundos, Ancho de banda - 248963.66 bytes/segundo, Error - 0
2024-11-27 03:45:30,201 - root - INFO - Bing (FastRoute): Tiempo - 0.2062 segundos, Ancho de banda - 256644.38 bytes/segundo, Error - 0
2024-11-27 03:45:30,420 - root - INFO - Bing (FastRoute): Tiempo - 0.2088 segundos, Ancho de banda - 250377.34 bytes/segundo, Error - 0
2024-11-27 03:45:30,633 - root - INFO - Bing (FastRoute): Tiempo - 0.2014 segundos, Ancho de banda - 256917.05 bytes/segundo, Error - 0
2024-11-27 03:45:30,845 - root - INFO - Bing (FastRoute): Tiempo - 0.2046 segundos, Ancho de banda - 254600.36 bytes/segundo, Error - 0
2024-11-27 03:45:31,069 - root - INFO - Bing (FastRoute): Tiempo - 0.2098 segundos, Ancho de banda - 253161.66 bytes/segundo, Error - 0
2024-11-27 03:45:31,291 - root - INFO - Bing (FastRoute): Tiempo - 0.2135 segundos, Ancho de banda - 249088.98 bytes/segundo, Error - 0
2024-11-27 03:45:31,516 - root - INFO - Bing (FastRoute): Tiempo - 0.2072 segundos, Ancho de banda - 253140.62 bytes/segundo, Error - 0
2024-11-27 03:45:31,738 - root - INFO - Bing (FastRoute): Tiempo - 0.2088 segundos, Ancho de banda - 254215.34 bytes/segundo, Error - 0
2024-11-27 03:45:31,967 - root - INFO - Bing (FastRoute): Tiempo - 0.2091 segundos, Ancho de banda - 253331.78 bytes/segundo, Error - 0
2024-11-27 03:45:32,310 - root - INFO - Bing (FastRoute): Tiempo - 0.2102 segundos, Ancho de banda - 247795.28 bytes/segundo, Error - 0
2024-11-27 03:45:32,530 - root - INFO - Bing (FastRoute): Tiempo - 0.2085 segundos, Ancho de banda - 248731.67 bytes/segundo, Error - 0
2024-11-27 03:45:32,773 - root - INFO - Bing (FastRoute): Tiempo - 0.2326 segundos, Ancho de banda - 222982.10 bytes/segundo, Error - 0
2024-11-27 03:45:33,020 - root - INFO - Bing (FastRoute): Tiempo - 0.2423 segundos, Ancho de banda - 216698.14 bytes/segundo, Error - 0
2024-11-27 03:45:33,266 - root - INFO - Bing (FastRoute): Tiempo - 0.2437 segundos, Ancho de banda - 212676.03 bytes/segundo, Error - 0
2024-11-27 03:45:33,491 - root - INFO - Bing (FastRoute): Tiempo - 0.2172 segundos, Ancho de banda - 238557.73 bytes/segundo, Error - 0
2024-11-27 03:45:33,705 - root - INFO - Bing (FastRoute): Tiempo - 0.2043 segundos, Ancho de banda - 260038.05 bytes/segundo, Error - 0
2024-11-27 03:45:33,933 - root - INFO - Bing (FastRoute): Tiempo - 0.2092 segundos, Ancho de banda - 247278.73 bytes/segundo, Error - 0
2024-11-27 03:45:34,147 - root - INFO - Bing (FastRoute): Tiempo - 0.2035 segundos, Ancho de banda - 260843.30 bytes/segundo, Error - 0
2024-11-27 03:45:34,372 - root - INFO - Bing (FastRoute): Tiempo - 0.2077 segundos, Ancho de banda - 255626.10 bytes/segundo, Error - 0
2024-11-27 03:45:34,709 - root - INFO - Bing (FastRoute): Tiempo - 0.2082 segundos, Ancho de banda - 256782.16 bytes/segundo, Error - 0
2024-11-27 03:45:34,930 - root - INFO - Bing (FastRoute): Tiempo - 0.2084 segundos, Ancho de banda - 250156.14 bytes/segundo, Error - 0
2024-11-27 03:45:35,175 - root - INFO - Bing (FastRoute): Tiempo - 0.2379 segundos, Ancho de banda - 220216.88 bytes/segundo, Error - 0
2024-11-27 03:45:35,394 - root - INFO - Bing (FastRoute): Tiempo - 0.2175 segundos, Ancho de banda - 239181.58 bytes/segundo, Error - 0
2024-11-27 03:45:35,612 - root - INFO - Bing (FastRoute): Tiempo - 0.2064 segundos, Ancho de banda - 251199.23 bytes/segundo, Error - 0
2024-11-27 03:45:35,825 - root - INFO - Bing (FastRoute): Tiempo - 0.2052 segundos, Ancho de banda - 252678.48 bytes/segundo, Error - 0
2024-11-27 03:45:36,047 - root - INFO - Bing (FastRoute): Tiempo - 0.2156 segundos, Ancho de banda - 241842.26 bytes/segundo, Error - 0
2024-11-27 03:45:36,278 - root - INFO - Bing (FastRoute): Tiempo - 0.2106 segundos, Ancho de banda - 246959.50 bytes/segundo, Error - 0
2024-11-27 03:45:36,492 - root - INFO - Bing (FastRoute): Tiempo - 0.2055 segundos, Ancho de banda - 257796.52 bytes/segundo, Error - 0
2024-11-27 03:45:36,710 - root - INFO - Bing (FastRoute): Tiempo - 0.2076 segundos, Ancho de banda - 249590.95 bytes/segundo, Error - 0
2024-11-27 03:45:36,931 - root - INFO - Bing (FastRoute): Tiempo - 0.2107 segundos, Ancho de banda - 252187.98 bytes/segundo, Error - 0
2024-11-27 03:45:37,143 - root - INFO - Bing (FastRoute): Tiempo - 0.2016 segundos, Ancho de banda - 257928.66 bytes/segundo, Error - 0
2024-11-27 03:45:37,367 - root - INFO - Bing (FastRoute): Tiempo - 0.2134 segundos, Ancho de banda - 245016.75 bytes/segundo, Error - 0
2024-11-27 03:45:37,597 - root - INFO - Bing (FastRoute): Tiempo - 0.2192 segundos, Ancho de banda - 239354.50 bytes/segundo, Error - 0
2024-11-27 03:45:37,838 - root - INFO - Bing (FastRoute): Tiempo - 0.2344 segundos, Ancho de banda - 225771.23 bytes/segundo, Error - 0
2024-11-27 03:45:38,048 - root - INFO - Bing (FastRoute): Tiempo - 0.2040 segundos, Ancho de banda - 256133.22 bytes/segundo, Error - 0
2024-11-27 03:45:38,284 - root - INFO - Bing (FastRoute): Tiempo - 0.2187 segundos, Ancho de banda - 237156.35 bytes/segundo, Error - 0
2024-11-27 03:45:38,497 - root - INFO - Bing (FastRoute): Tiempo - 0.2051 segundos, Ancho de banda - 252931.58 bytes/segundo, Error - 0
2024-11-27 03:45:38,720 - root - INFO - Bing (FastRoute): Tiempo - 0.2122 segundos, Ancho de banda - 244461.14 bytes/segundo, Error - 0
2024-11-27 03:45:38,975 - root - INFO - Bing (FastRoute): Tiempo - 0.2531 segundos, Ancho de banda - 210092.56 bytes/segundo, Error - 0
2024-11-27 03:45:39,191 - root - INFO - Bing (FastRoute): Tiempo - 0.2070 segundos, Ancho de banda - 251884.67 bytes/segundo, Error - 0
2024-11-27 03:45:39,434 - root - INFO - Bing (FastRoute): Tiempo - 0.2342 segundos, Ancho de banda - 221512.87 bytes/segundo, Error - 0
2024-11-27 03:45:39,656 - root - INFO - Bing (FastRoute): Tiempo - 0.2046 segundos, Ancho de banda - 254062.34 bytes/segundo, Error - 0
2024-11-27 03:45:39,882 - root - INFO - Bing (FastRoute): Tiempo - 0.2097 segundos, Ancho de banda - 247141.73 bytes/segundo, Error - 0
2024-11-27 03:45:40,098 - root - INFO - Bing (FastRoute): Tiempo - 0.2053 segundos, Ancho de banda - 258962.86 bytes/segundo, Error - 0
2024-11-27 03:45:40,315 - root - INFO - Bing (FastRoute): Tiempo - 0.2105 segundos, Ancho de banda - 247985.88 bytes/segundo, Error - 0
2024-11-27 03:45:40,564 - root - INFO - Bing (FastRoute): Tiempo - 0.2470 segundos, Ancho de banda - 210929.76 bytes/segundo, Error - 0
2024-11-27 03:45:40,796 - root - INFO - Bing (FastRoute): Tiempo - 0.2177 segundos, Ancho de banda - 244035.76 bytes/segundo, Error - 0
2024-11-27 03:45:41,011 - root - INFO - Bing (FastRoute): Tiempo - 0.2068 segundos, Ancho de banda - 251971.95 bytes/segundo, Error - 0
2024-11-27 03:45:41,310 - root - INFO - Bing (FastRoute): Tiempo - 0.2838 segundos, Ancho de banda - 182818.97 bytes/segundo, Error - 0
2024-11-27 03:45:41,537 - root - INFO - Bing (FastRoute): Tiempo - 0.2185 segundos, Ancho de banda - 237286.75 bytes/segundo, Error - 0
2024-11-27 03:45:41,752 - root - INFO - Bing (FastRoute): Tiempo - 0.2065 segundos, Ancho de banda - 253149.05 bytes/segundo, Error - 0
2024-11-27 03:45:41,967 - root - INFO - Bing (FastRoute): Tiempo - 0.2105 segundos, Ancho de banda - 249087.88 bytes/segundo, Error - 0
2024-11-27 03:45:42,197 - root - INFO - Bing (FastRoute): Tiempo - 0.2131 segundos, Ancho de banda - 244632.49 bytes/segundo, Error - 0
2024-11-27 03:45:42,413 - root - INFO - Bing (FastRoute): Tiempo - 0.2076 segundos, Ancho de banda - 250721.82 bytes/segundo, Error - 0
2024-11-27 03:45:42,657 - root - INFO - Bing (FastRoute): Tiempo - 0.2258 segundos, Ancho de banda - 234531.60 bytes/segundo, Error - 0
2024-11-27 03:45:42,867 - root - INFO - Bing (FastRoute): Tiempo - 0.2018 segundos, Ancho de banda - 256401.61 bytes/segundo, Error - 0
2024-11-27 03:45:43,086 - root - INFO - Bing (FastRoute): Tiempo - 0.2107 segundos, Ancho de banda - 252427.73 bytes/segundo, Error - 0
2024-11-27 03:45:43,311 - root - INFO - Bing (FastRoute): Tiempo - 0.2142 segundos, Ancho de banda - 245922.69 bytes/segundo, Error - 0
2024-11-27 03:45:43,530 - root - INFO - Bing (FastRoute): Tiempo - 0.2099 segundos, Ancho de banda - 248435.49 bytes/segundo, Error - 0
2024-11-27 03:45:43,744 - root - INFO - Bing (FastRoute): Tiempo - 0.2070 segundos, Ancho de banda - 251307.34 bytes/segundo, Error - 0
2024-11-27 03:45:43,960 - root - INFO - Bing (FastRoute): Tiempo - 0.2136 segundos, Ancho de banda - 242751.02 bytes/segundo, Error - 0
2024-11-27 03:45:44,188 - root - INFO - Bing (FastRoute): Tiempo - 0.2177 segundos, Ancho de banda - 237644.48 bytes/segundo, Error - 0
2024-11-27 03:45:44,405 - root - INFO - Bing (FastRoute): Tiempo - 0.2075 segundos, Ancho de banda - 250882.00 bytes/segundo, Error - 0
2024-11-27 03:45:44,628 - root - INFO - Bing (FastRoute): Tiempo - 0.2066 segundos, Ancho de banda - 251737.23 bytes/segundo, Error - 0
2024-11-27 03:45:44,847 - root - INFO - Bing (FastRoute): Tiempo - 0.2078 segundos, Ancho de banda - 256667.25 bytes/segundo, Error - 0
2024-11-27 03:45:45,095 - root - INFO - Bing (FastRoute): Tiempo - 0.2148 segundos, Ancho de banda - 247021.79 bytes/segundo, Error - 0
2024-11-27 03:45:45,337 - root - INFO - Bing (FastRoute): Tiempo - 0.2272 segundos, Ancho de banda - 227954.70 bytes/segundo, Error - 0
2024-11-27 03:45:45,577 - root - INFO - Bing (FastRoute): Tiempo - 0.2086 segundos, Ancho de banda - 249506.26 bytes/segundo, Error - 0
2024-11-27 03:45:45,800 - root - INFO - Bing (FastRoute): Tiempo - 0.2083 segundos, Ancho de banda - 251060.90 bytes/segundo, Error - 0
2024-11-27 03:45:46,028 - root - INFO - Bing (FastRoute): Tiempo - 0.2089 segundos, Ancho de banda - 248118.14 bytes/segundo, Error - 0
2024-11-27 03:45:46,247 - root - INFO - Bing (FastRoute): Tiempo - 0.2098 segundos, Ancho de banda - 253616.04 bytes/segundo, Error - 0
2024-11-27 03:45:46,504 - root - INFO - Bing (FastRoute): Tiempo - 0.2422 segundos, Ancho de banda - 214639.33 bytes/segundo, Error - 0
2024-11-27 03:45:46,741 - root - INFO - Bing (FastRoute): Tiempo - 0.2300 segundos, Ancho de banda - 225323.46 bytes/segundo, Error - 0
2024-11-27 03:45:46,962 - root - INFO - Bing (FastRoute): Tiempo - 0.2139 segundos, Ancho de banda - 248357.90 bytes/segundo, Error - 0
2024-11-27 03:45:47,182 - root - INFO - Bing (FastRoute): Tiempo - 0.2080 segundos, Ancho de banda - 250796.96 bytes/segundo, Error - 0
2024-11-27 03:45:47,413 - root - INFO - Bing (FastRoute): Tiempo - 0.2099 segundos, Ancho de banda - 250496.89 bytes/segundo, Error - 0
2024-11-27 03:45:47,629 - root - INFO - Bing (FastRoute): Tiempo - 0.2098 segundos, Ancho de banda - 246669.08 bytes/segundo, Error - 0
2024-11-27 03:45:47,855 - root - INFO - Bing (FastRoute): Tiempo - 0.2160 segundos, Ancho de banda - 241454.62 bytes/segundo, Error - 0
2024-11-27 03:45:48,097 - root - INFO - Bing (FastRoute): Tiempo - 0.2305 segundos, Ancho de banda - 226746.10 bytes/segundo, Error - 0
2024-11-27 03:45:48,309 - root - INFO - Bing (FastRoute): Tiempo - 0.2040 segundos, Ancho de banda - 255184.12 bytes/segundo, Error - 0
2024-11-27 03:45:48,557 - root - INFO - Bing (FastRoute): Tiempo - 0.2452 segundos, Ancho de banda - 212930.26 bytes/segundo, Error - 0
2024-11-27 03:45:48,770 - root - INFO - Bing (FastRoute): Tiempo - 0.2041 segundos, Ancho de banda - 255020.37 bytes/segundo, Error - 0
2024-11-27 03:45:48,996 - root - INFO - Bing (FastRoute): Tiempo - 0.2180 segundos, Ancho de banda - 237908.25 bytes/segundo, Error - 0
2024-11-27 03:45:49,213 - root - INFO - Bing (FastRoute): Tiempo - 0.2048 segundos, Ancho de banda - 253060.99 bytes/segundo, Error - 0
2024-11-27 03:45:49,442 - root - INFO - Bing (FastRoute): Tiempo - 0.2182 segundos, Ancho de banda - 244964.08 bytes/segundo, Error - 0
2024-11-27 03:45:49,673 - root - INFO - Bing (FastRoute): Tiempo - 0.2026 segundos, Ancho de banda - 256832.91 bytes/segundo, Error - 0
2024-11-27 03:45:49,894 - root - INFO - Bing (FastRoute): Tiempo - 0.2127 segundos, Ancho de banda - 244622.96 bytes/segundo, Error - 0
2024-11-27 03:45:50,111 - root - INFO - Bing (FastRoute): Tiempo - 0.2150 segundos, Ancho de banda - 243945.99 bytes/segundo, Error - 0
2024-11-27 03:45:50,328 - root - INFO - Bing (FastRoute): Tiempo - 0.2075 segundos, Ancho de banda - 251281.78 bytes/segundo, Error - 0
2024-11-27 03:45:50,553 - root - INFO - Bing (FastRoute): Tiempo - 0.2118 segundos, Ancho de banda - 250755.93 bytes/segundo, Error - 0
2024-11-27 03:45:50,770 - root - INFO - Bing (FastRoute): Tiempo - 0.2073 segundos, Ancho de banda - 251424.48 bytes/segundo, Error - 0
2024-11-27 03:45:50,998 - root - INFO - Bing (FastRoute): Tiempo - 0.2169 segundos, Ancho de banda - 239238.86 bytes/segundo, Error - 0
2024-11-27 03:45:51,215 - root - INFO - Bing (FastRoute): Tiempo - 0.2081 segundos, Ancho de banda - 254262.85 bytes/segundo, Error - 0
2024-11-27 03:45:51,432 - root - INFO - Bing (FastRoute): Tiempo - 0.2083 segundos, Ancho de banda - 250233.00 bytes/segundo, Error - 0
2024-11-27 03:45:51,647 - root - INFO - Bing (FastRoute): Tiempo - 0.2047 segundos, Ancho de banda - 259581.43 bytes/segundo, Error - 0
2024-11-27 03:45:51,946 - root - INFO - Bing (FastRoute): Tiempo - 0.2960 segundos, Ancho de banda - 176592.21 bytes/segundo, Error - 0
2024-11-27 03:45:52,162 - root - INFO - Bing (FastRoute): Tiempo - 0.2075 segundos, Ancho de banda - 250814.43 bytes/segundo, Error - 0
2024-11-27 03:45:52,381 - root - INFO - Bing (FastRoute): Tiempo - 0.2069 segundos, Ancho de banda - 251438.08 bytes/segundo, Error - 0
2024-11-27 03:45:52,606 - root - INFO - Bing (FastRoute): Tiempo - 0.2227 segundos, Ancho de banda - 232389.07 bytes/segundo, Error - 0
2024-11-27 03:45:52,819 - root - INFO - Bing (FastRoute): Tiempo - 0.2075 segundos, Ancho de banda - 259197.94 bytes/segundo, Error - 0
2024-11-27 03:45:53,044 - root - INFO - Bing (FastRoute): Tiempo - 0.2216 segundos, Ancho de banda - 235727.69 bytes/segundo, Error - 0
2024-11-27 03:45:53,258 - root - INFO - Bing (FastRoute): Tiempo - 0.2044 segundos, Ancho de banda - 255818.21 bytes/segundo, Error - 0
2024-11-27 03:45:53,710 - root - INFO - Bing (FastRoute): Tiempo - 0.2161 segundos, Ancho de banda - 241516.61 bytes/segundo, Error - 0
2024-11-27 03:45:53,935 - root - INFO - Bing (FastRoute): Tiempo - 0.2185 segundos, Ancho de banda - 239042.26 bytes/segundo, Error - 0
2024-11-27 03:45:54,388 - root - INFO - Bing (FastRoute): Tiempo - 0.2053 segundos, Ancho de banda - 253474.54 bytes/segundo, Error - 0
2024-11-27 03:45:54,602 - root - INFO - Bing (FastRoute): Tiempo - 0.2053 segundos, Ancho de banda - 258693.25 bytes/segundo, Error - 0
2024-11-27 03:45:54,826 - root - INFO - Bing (FastRoute): Tiempo - 0.2017 segundos, Ancho de banda - 256478.58 bytes/segundo, Error - 0
2024-11-27 03:45:55,048 - root - INFO - Bing (FastRoute): Tiempo - 0.2136 segundos, Ancho de banda - 247853.39 bytes/segundo, Error - 0
2024-11-27 03:45:55,272 - root - INFO - Bing (FastRoute): Tiempo - 0.2161 segundos, Ancho de banda - 239401.25 bytes/segundo, Error - 0
2024-11-27 03:45:55,490 - root - INFO - Bing (FastRoute): Tiempo - 0.2087 segundos, Ancho de banda - 249366.73 bytes/segundo, Error - 0
2024-11-27 03:45:55,706 - root - INFO - Bing (FastRoute): Tiempo - 0.2145 segundos, Ancho de banda - 242341.09 bytes/segundo, Error - 0
2024-11-27 03:45:55,931 - root - INFO - Bing (FastRoute): Tiempo - 0.2062 segundos, Ancho de banda - 256674.09 bytes/segundo, Error - 0
2024-11-27 03:45:56,161 - root - INFO - Bing (FastRoute): Tiempo - 0.2086 segundos, Ancho de banda - 248602.66 bytes/segundo, Error - 0
2024-11-27 03:45:56,376 - root - INFO - Bing (FastRoute): Tiempo - 0.2047 segundos, Ancho de banda - 252709.64 bytes/segundo, Error - 0
2024-11-27 03:45:56,593 - root - INFO - Bing (FastRoute): Tiempo - 0.2080 segundos, Ancho de banda - 250267.05 bytes/segundo, Error - 0
2024-11-27 03:45:56,814 - root - INFO - Bing (FastRoute): Tiempo - 0.2087 segundos, Ancho de banda - 249391.49 bytes/segundo, Error - 0
2024-11-27 03:45:57,029 - root - INFO - Bing (FastRoute): Tiempo - 0.2058 segundos, Ancho de banda - 257432.96 bytes/segundo, Error - 0
2024-11-27 03:45:57,242 - root - INFO - Bing (FastRoute): Tiempo - 0.2110 segundos, Ancho de banda - 245756.48 bytes/segundo, Error - 0
2024-11-27 03:45:57,468 - root - INFO - Bing (FastRoute): Tiempo - 0.2236 segundos, Ancho de banda - 233236.54 bytes/segundo, Error - 0
2024-11-27 03:45:57,681 - root - INFO - Bing (FastRoute): Tiempo - 0.2041 segundos, Ancho de banda - 254957.90 bytes/segundo, Error - 0
2024-11-27 03:45:57,902 - root - INFO - Bing (FastRoute): Tiempo - 0.2160 segundos, Ancho de banda - 240414.93 bytes/segundo, Error - 0
2024-11-27 03:45:58,116 - root - INFO - Bing (FastRoute): Tiempo - 0.2086 segundos, Ancho de banda - 253684.42 bytes/segundo, Error - 0
2024-11-27 03:45:58,346 - root - INFO - Bing (FastRoute): Tiempo - 0.2205 segundos, Ancho de banda - 241093.91 bytes/segundo, Error - 0
2024-11-27 03:45:58,568 - root - INFO - Bing (FastRoute): Tiempo - 0.2131 segundos, Ancho de banda - 245471.46 bytes/segundo, Error - 0
2024-11-27 03:45:58,792 - root - INFO - Bing (FastRoute): Tiempo - 0.2099 segundos, Ancho de banda - 246954.97 bytes/segundo, Error - 0
2024-11-27 03:45:59,012 - root - INFO - Bing (FastRoute): Tiempo - 0.2086 segundos, Ancho de banda - 255183.04 bytes/segundo, Error - 0
2024-11-27 03:45:59,228 - root - INFO - Bing (FastRoute): Tiempo - 0.2138 segundos, Ancho de banda - 243557.34 bytes/segundo, Error - 0
2024-11-27 03:45:59,470 - root - INFO - Bing (FastRoute): Tiempo - 0.2338 segundos, Ancho de banda - 226883.07 bytes/segundo, Error - 0
2024-11-27 03:45:59,699 - root - INFO - Bing (FastRoute): Tiempo - 0.2165 segundos, Ancho de banda - 239409.48 bytes/segundo, Error - 0
2024-11-27 03:45:59,922 - root - INFO - Bing (FastRoute): Tiempo - 0.2120 segundos, Ancho de banda - 244064.09 bytes/segundo, Error - 0
2024-11-27 03:46:00,151 - root - INFO - Bing (FastRoute): Tiempo - 0.2232 segundos, Ancho de banda - 234592.45 bytes/segundo, Error - 0
2024-11-27 03:46:00,375 - root - INFO - Bing (FastRoute): Tiempo - 0.2131 segundos, Ancho de banda - 244243.75 bytes/segundo, Error - 0
2024-11-27 03:46:00,602 - root - INFO - Bing (FastRoute): Tiempo - 0.2080 segundos, Ancho de banda - 255087.35 bytes/segundo, Error - 0
2024-11-27 03:46:00,844 - root - INFO - Bing (FastRoute): Tiempo - 0.2275 segundos, Ancho de banda - 228565.81 bytes/segundo, Error - 0
2024-11-27 03:46:01,064 - root - INFO - Bing (FastRoute): Tiempo - 0.2077 segundos, Ancho de banda - 250397.73 bytes/segundo, Error - 0
2024-11-27 03:46:01,282 - root - INFO - Bing (FastRoute): Tiempo - 0.2083 segundos, Ancho de banda - 254976.26 bytes/segundo, Error - 0
2024-11-27 03:46:01,543 - root - INFO - Bing (FastRoute): Tiempo - 0.2509 segundos, Ancho de banda - 206228.30 bytes/segundo, Error - 0
2024-11-27 03:46:01,764 - root - INFO - Bing (FastRoute): Tiempo - 0.2076 segundos, Ancho de banda - 257248.82 bytes/segundo, Error - 0
2024-11-27 03:46:02,107 - root - INFO - Bing (FastRoute): Tiempo - 0.2120 segundos, Ancho de banda - 245462.04 bytes/segundo, Error - 0
2024-11-27 03:46:02,328 - root - INFO - Bing (FastRoute): Tiempo - 0.2116 segundos, Ancho de banda - 246575.85 bytes/segundo, Error - 0
2024-11-27 03:46:02,552 - root - INFO - Bing (FastRoute): Tiempo - 0.2223 segundos, Ancho de banda - 232756.22 bytes/segundo, Error - 0
2024-11-27 03:46:03,249 - root - INFO - Bing (FastRoute): Tiempo - 0.5776 segundos, Ancho de banda - 90257.56 bytes/segundo, Error - 0
2024-11-27 03:46:03,481 - root - INFO - Bing (FastRoute): Tiempo - 0.2250 segundos, Ancho de banda - 231354.70 bytes/segundo, Error - 0
2024-11-27 03:46:03,715 - root - INFO - Bing (FastRoute): Tiempo - 0.2232 segundos, Ancho de banda - 234445.83 bytes/segundo, Error - 0
2024-11-27 03:46:03,934 - root - INFO - Bing (FastRoute): Tiempo - 0.2087 segundos, Ancho de banda - 248573.36 bytes/segundo, Error - 0
2024-11-27 03:46:04,147 - root - INFO - Bing (FastRoute): Tiempo - 0.2038 segundos, Ancho de banda - 253892.87 bytes/segundo, Error - 0
2024-11-27 03:46:04,378 - root - INFO - Bing (FastRoute): Tiempo - 0.2154 segundos, Ancho de banda - 240241.93 bytes/segundo, Error - 0
2024-11-27 03:46:04,604 - root - INFO - Bing (FastRoute): Tiempo - 0.2237 segundos, Ancho de banda - 233440.04 bytes/segundo, Error - 0
2024-11-27 03:46:04,849 - root - INFO - Bing (FastRoute): Tiempo - 0.2208 segundos, Ancho de banda - 234298.45 bytes/segundo, Error - 0
2024-11-27 03:46:05,097 - root - INFO - Bing (FastRoute): Tiempo - 0.2267 segundos, Ancho de banda - 235013.55 bytes/segundo, Error - 0
2024-11-27 03:46:05,326 - root - INFO - Bing (FastRoute): Tiempo - 0.2224 segundos, Ancho de banda - 233162.30 bytes/segundo, Error - 0
2024-11-27 03:46:05,579 - root - INFO - Bing (FastRoute): Tiempo - 0.2427 segundos, Ancho de banda - 214952.63 bytes/segundo, Error - 0
2024-11-27 03:46:05,813 - root - INFO - Bing (FastRoute): Tiempo - 0.2095 segundos, Ancho de banda - 248317.90 bytes/segundo, Error - 0
2024-11-27 03:46:06,029 - root - INFO - Bing (FastRoute): Tiempo - 0.2028 segundos, Ancho de banda - 256533.26 bytes/segundo, Error - 0
2024-11-27 03:46:06,247 - root - INFO - Bing (FastRoute): Tiempo - 0.2054 segundos, Ancho de banda - 251908.21 bytes/segundo, Error - 0
2024-11-27 03:46:06,466 - root - INFO - Bing (FastRoute): Tiempo - 0.2097 segundos, Ancho de banda - 252668.40 bytes/segundo, Error - 0
2024-11-27 03:46:06,679 - root - INFO - Bing (FastRoute): Tiempo - 0.2043 segundos, Ancho de banda - 253231.00 bytes/segundo, Error - 0
2024-11-27 03:46:06,909 - root - INFO - Bing (FastRoute): Tiempo - 0.2277 segundos, Ancho de banda - 229177.12 bytes/segundo, Error - 0
2024-11-27 03:46:07,127 - root - INFO - Bing (FastRoute): Tiempo - 0.2086 segundos, Ancho de banda - 250166.24 bytes/segundo, Error - 0
2024-11-27 03:46:07,341 - root - INFO - Bing (FastRoute): Tiempo - 0.2068 segundos, Ancho de banda - 250873.35 bytes/segundo, Error - 0
2024-11-27 03:46:07,603 - root - INFO - Bing (FastRoute): Tiempo - 0.2590 segundos, Ancho de banda - 200771.41 bytes/segundo, Error - 0
2024-11-27 03:46:07,827 - root - INFO - Bing (FastRoute): Tiempo - 0.2085 segundos, Ancho de banda - 250076.08 bytes/segundo, Error - 0
2024-11-27 03:46:08,056 - root - INFO - Bing (FastRoute): Tiempo - 0.2264 segundos, Ancho de banda - 229673.27 bytes/segundo, Error - 0
2024-11-27 03:46:08,276 - root - INFO - Bing (FastRoute): Tiempo - 0.2092 segundos, Ancho de banda - 256113.70 bytes/segundo, Error - 0
2024-11-27 03:46:08,490 - root - INFO - Bing (FastRoute): Tiempo - 0.2056 segundos, Ancho de banda - 252346.60 bytes/segundo, Error - 0
2024-11-27 03:46:08,711 - root - INFO - Bing (FastRoute): Tiempo - 0.2186 segundos, Ancho de banda - 236637.46 bytes/segundo, Error - 0
2024-11-27 03:46:08,931 - root - INFO - Bing (FastRoute): Tiempo - 0.2163 segundos, Ancho de banda - 242818.03 bytes/segundo, Error - 0
2024-11-27 03:46:09,148 - root - INFO - Bing (FastRoute): Tiempo - 0.2149 segundos, Ancho de banda - 241250.04 bytes/segundo, Error - 0
2024-11-27 03:46:09,368 - root - INFO - Bing (FastRoute): Tiempo - 0.2064 segundos, Ancho de banda - 256411.89 bytes/segundo, Error - 0
2024-11-27 03:46:09,589 - root - INFO - Bing (FastRoute): Tiempo - 0.2177 segundos, Ancho de banda - 245104.54 bytes/segundo, Error - 0
2024-11-27 03:46:09,806 - root - INFO - Bing (FastRoute): Tiempo - 0.2059 segundos, Ancho de banda - 257443.36 bytes/segundo, Error - 0
2024-11-27 03:46:10,027 - root - INFO - Bing (FastRoute): Tiempo - 0.2057 segundos, Ancho de banda - 257312.29 bytes/segundo, Error - 0
2024-11-27 03:46:10,244 - root - INFO - Bing (FastRoute): Tiempo - 0.2082 segundos, Ancho de banda - 248472.13 bytes/segundo, Error - 0
2024-11-27 03:46:10,484 - root - INFO - Bing (FastRoute): Tiempo - 0.2230 segundos, Ancho de banda - 232255.33 bytes/segundo, Error - 0
2024-11-27 03:46:10,731 - root - INFO - Bing (FastRoute): Tiempo - 0.2053 segundos, Ancho de banda - 252657.65 bytes/segundo, Error - 0
2024-11-27 03:46:10,946 - root - INFO - Bing (FastRoute): Tiempo - 0.2060 segundos, Ancho de banda - 257013.22 bytes/segundo, Error - 0
2024-11-27 03:46:11,169 - root - INFO - Bing (FastRoute): Tiempo - 0.2148 segundos, Ancho de banda - 242541.35 bytes/segundo, Error - 0
2024-11-27 03:46:11,414 - root - INFO - Bing (FastRoute): Tiempo - 0.2183 segundos, Ancho de banda - 237551.73 bytes/segundo, Error - 0
2024-11-27 03:46:11,631 - root - INFO - Bing (FastRoute): Tiempo - 0.2056 segundos, Ancho de banda - 253203.67 bytes/segundo, Error - 0
2024-11-27 03:46:11,847 - root - INFO - Bing (FastRoute): Tiempo - 0.2073 segundos, Ancho de banda - 251246.12 bytes/segundo, Error - 0
2024-11-27 03:46:12,074 - root - INFO - Bing (FastRoute): Tiempo - 0.2074 segundos, Ancho de banda - 253196.66 bytes/segundo, Error - 0
2024-11-27 03:46:12,314 - root - INFO - Bing (FastRoute): Tiempo - 0.2213 segundos, Ancho de banda - 237052.25 bytes/segundo, Error - 0
2024-11-27 03:46:12,527 - root - INFO - Bing (FastRoute): Tiempo - 0.2050 segundos, Ancho de banda - 253750.36 bytes/segundo, Error - 0
2024-11-27 03:46:12,750 - root - INFO - Bing (FastRoute): Tiempo - 0.2147 segundos, Ancho de banda - 241120.06 bytes/segundo, Error - 0
2024-11-27 03:46:12,990 - root - INFO - Bing (FastRoute): Tiempo - 0.2370 segundos, Ancho de banda - 219829.71 bytes/segundo, Error - 0
2024-11-27 03:46:13,207 - root - INFO - Bing (FastRoute): Tiempo - 0.2094 segundos, Ancho de banda - 247333.20 bytes/segundo, Error - 0
2024-11-27 03:46:13,207 - root - INFO - Resultados para Bing (FastRoute):
 - Tiempo promedio: 0.2166 segundos
 - Ancho de banda promedio: 243548.87 bytes/segundo
 - Tasa de error: 0.00%

